#
# There is insufficient memory for the Java Runtime Environment to continue.
# Native memory allocation (mmap) failed to map 264241152 bytes for Failed to commit area from 0x0000000704a00000 to 0x0000000714600000 of length 264241152.
# Possible reasons:
#   The system is out of physical RAM or swap space
#   The process is running with CompressedOops enabled, and the Java Heap may be blocking the growth of the native heap
# Possible solutions:
#   Reduce memory load on the system
#   Increase physical memory or swap space
#   Check if swap backing store is full
#   Decrease Java heap size (-Xmx/-Xms)
#   Decrease number of Java threads
#   Decrease Java thread stack sizes (-Xss)
#   Set larger code cache with -XX:ReservedCodeCacheSize=
# This output file may be truncated or incomplete.
#
#  Out of Memory Error (./src/hotspot/os/windows/os_windows.cpp:3511), pid=21404, tid=31496
#
# JRE version:  (11.0.11+9) (build )
# Java VM: OpenJDK 64-Bit Server VM (11.0.11+9-b1504.13, mixed mode, sharing, tiered, compressed oops, g1 gc, windows-amd64)
# No core dump will be written. Minidumps are not enabled by default on client versions of Windows
#

---------------  S U M M A R Y ------------

Command Line: git4idea.http.GitAskPassApp Username for 'https://gitlab.cassavafintech.com': 

Host: Intel(R) Core(TM) i5-9400H CPU @ 2.50GHz, 8 cores, 15G,  Windows 10 , 64 bit Build 18362 (10.0.18362.1500)
Time: Tue Oct 26 04:47:50 2021 South Africa Standard Time elapsed time: 0.032954 seconds (0d 0h 0m 0s)

---------------  T H R E A D  ---------------

Current thread (0x000001b718641800):  JavaThread "Unknown thread" [_thread_in_vm, id=31496, stack(0x000000b067300000,0x000000b067400000)]

Stack: [0x000000b067300000,0x000000b067400000]
Native frames: (J=compiled Java code, j=interpreted, Vv=VM code, C=native code)
V  [jvm.dll+0x5f5d5a]
V  [jvm.dll+0x7798b5]
V  [jvm.dll+0x77aecd]
V  [jvm.dll+0x77b583]
V  [jvm.dll+0x244978]
V  [jvm.dll+0x5f3174]
V  [jvm.dll+0x5e7d55]
V  [jvm.dll+0x30068b]
V  [jvm.dll+0x3005fa]
V  [jvm.dll+0x3004d2]
V  [jvm.dll+0x3053c6]
V  [jvm.dll+0x34e0a3]
V  [jvm.dll+0x34e7a6]
V  [jvm.dll+0x34e1a3]
V  [jvm.dll+0x2db0c8]
V  [jvm.dll+0x2dc267]
V  [jvm.dll+0x758057]
V  [jvm.dll+0x75984c]
V  [jvm.dll+0x35b659]
V  [jvm.dll+0x73b67e]
V  [jvm.dll+0x3c39f3]
V  [jvm.dll+0x3c5dd1]
C  [jli.dll+0x5373]
C  [ucrtbase.dll+0x210b2]
C  [KERNEL32.DLL+0x17c24]
C  [ntdll.dll+0x6d721]


---------------  P R O C E S S  ---------------

Threads class SMR info:
_java_thread_list=0x000001b7185374a0, length=0, elements={
}

Java Threads: ( => current thread )

Other Threads:
  0x000001b71865a800 GCTaskThread "GC Thread#0" [stack: 0x000000b067400000,0x000000b067500000] [id=10340]
  0x000001b7186b8000 ConcurrentGCThread "G1 Main Marker" [stack: 0x000000b067500000,0x000000b067600000] [id=33112]
  0x000001b7186b9000 ConcurrentGCThread "G1 Conc#0" [stack: 0x000000b067600000,0x000000b067700000] [id=22508]

[error occurred during error reporting (printing all threads), id 0xc0000005, EXCEPTION_ACCESS_VIOLATION (0xc0000005) at pc=0x00007fffccccb8f7]

VM state:not at safepoint (not fully initialized)

VM Mutex/Monitor currently owned by a thread:  ([mutex/lock_event])
[0x000001b718641450] Heap_lock - owner thread: 0x000001b718641800

Heap address: 0x0000000704a00000, size: 4022 MB, Compressed Oops mode: Non-zero based: 0x0000000704a00000
Narrow klass base: 0x0000000000000000, Narrow klass shift: 0

GC Heap History (0 events):
No events

Deoptimization events (0 events):
No events

Classes redefined (0 events):
No events

Internal exceptions (0 events):
No events

Events (1 events):
Event: 0.016 Loaded shared library C:\Program Files\JetBrains\IntelliJ IDEA Community Edition 2021.2\jbr\bin\zip.dll


Dynamic libraries:
0x00007ff69c750000 - 0x00007ff69c75a000 	C:\Program Files\JetBrains\IntelliJ IDEA Community Edition 2021.2\jbr\bin\java.exe
0x00007ff85d600000 - 0x00007ff85d7f0000 	C:\Windows\SYSTEM32\ntdll.dll
0x00007ff81ac00000 - 0x00007ff81ac15000 	C:\Program Files\Avast Software\Avast\aswhook.dll
0x00007ff85be00000 - 0x00007ff85beb2000 	C:\Windows\System32\KERNEL32.DLL
0x00007ff85b260000 - 0x00007ff85b505000 	C:\Windows\System32\KERNELBASE.dll
0x00007ff85b5b0000 - 0x00007ff85b6aa000 	C:\Windows\System32\ucrtbase.dll
0x00007ff818e50000 - 0x00007ff818e69000 	C:\Program Files\JetBrains\IntelliJ IDEA Community Edition 2021.2\jbr\bin\jli.dll
0x00007ff818b50000 - 0x00007ff818b67000 	C:\Program Files\JetBrains\IntelliJ IDEA Community Edition 2021.2\jbr\bin\VCRUNTIME140.dll
0x00007ff85b6b0000 - 0x00007ff85b844000 	C:\Windows\System32\USER32.dll
0x00007ff85a8c0000 - 0x00007ff85a8e1000 	C:\Windows\System32\win32u.dll
0x00007ff845220000 - 0x00007ff8454a4000 	C:\Windows\WinSxS\amd64_microsoft.windows.common-controls_6595b64144ccf1df_6.0.18362.1556_none_9e7e372fe45e41d5\COMCTL32.dll
0x00007ff85c8f0000 - 0x00007ff85c916000 	C:\Windows\System32\GDI32.dll
0x00007ff85cb10000 - 0x00007ff85cbae000 	C:\Windows\System32\msvcrt.dll
0x00007ff85a620000 - 0x00007ff85a7b8000 	C:\Windows\System32\gdi32full.dll
0x00007ff85bac0000 - 0x00007ff85bdf6000 	C:\Windows\System32\combase.dll
0x00007ff85b510000 - 0x00007ff85b5ae000 	C:\Windows\System32\msvcp_win.dll
0x00007ff85c750000 - 0x00007ff85c86f000 	C:\Windows\System32\RPCRT4.dll
0x00007ff85b070000 - 0x00007ff85b0f1000 	C:\Windows\System32\bcryptPrimitives.dll
0x00007ff85ccf0000 - 0x00007ff85cd1e000 	C:\Windows\System32\IMM32.DLL
0x00007ff813060000 - 0x00007ff8130fd000 	C:\Program Files\JetBrains\IntelliJ IDEA Community Edition 2021.2\jbr\bin\msvcp140.dll
0x00007fffcc9e0000 - 0x00007fffcd52a000 	C:\Program Files\JetBrains\IntelliJ IDEA Community Edition 2021.2\jbr\bin\server\jvm.dll
0x00007ff85b850000 - 0x00007ff85b8f3000 	C:\Windows\System32\ADVAPI32.dll
0x00007ff85bf20000 - 0x00007ff85bfb7000 	C:\Windows\System32\sechost.dll
0x00007ff85c040000 - 0x00007ff85c048000 	C:\Windows\System32\PSAPI.DLL
0x00007ff843050000 - 0x00007ff843059000 	C:\Windows\SYSTEM32\WSOCK32.dll
0x00007ff852230000 - 0x00007ff852254000 	C:\Windows\SYSTEM32\WINMM.dll
0x00007ff84e850000 - 0x00007ff84e85a000 	C:\Windows\SYSTEM32\VERSION.dll
0x00007ff85d0e0000 - 0x00007ff85d14f000 	C:\Windows\System32\WS2_32.dll
0x00007ff852200000 - 0x00007ff85222d000 	C:\Windows\SYSTEM32\winmmbase.dll
0x00007ff85a870000 - 0x00007ff85a8ba000 	C:\Windows\System32\cfgmgr32.dll
0x00007ff85a4c0000 - 0x00007ff85a4d1000 	C:\Windows\System32\kernel.appcore.dll
0x00007ff80ab50000 - 0x00007ff80ab61000 	C:\Program Files\JetBrains\IntelliJ IDEA Community Edition 2021.2\jbr\bin\verify.dll
0x00007ff858c80000 - 0x00007ff858e74000 	C:\Windows\SYSTEM32\DBGHELP.DLL
0x00007ff84cfa0000 - 0x00007ff84cfca000 	C:\Windows\SYSTEM32\dbgcore.DLL
0x00007ff80ab20000 - 0x00007ff80ab49000 	C:\Program Files\JetBrains\IntelliJ IDEA Community Edition 2021.2\jbr\bin\java.dll
0x00007ff81f780000 - 0x00007ff81f78b000 	C:\Program Files\JetBrains\IntelliJ IDEA Community Edition 2021.2\jbr\bin\jimage.dll
0x00007ff80ab00000 - 0x00007ff80ab18000 	C:\Program Files\JetBrains\IntelliJ IDEA Community Edition 2021.2\jbr\bin\zip.dll

dbghelp: loaded successfully - version: 4.0.5 - missing functions: none
symbol engine: initialized successfully - sym options: 0x614 - pdb path: .;C:\Program Files\JetBrains\IntelliJ IDEA Community Edition 2021.2\jbr\bin;C:\Windows\SYSTEM32;C:\Program Files\Avast Software\Avast;C:\Windows\WinSxS\amd64_microsoft.windows.common-controls_6595b64144ccf1df_6.0.18362.1556_none_9e7e372fe45e41d5;C:\Program Files\JetBrains\IntelliJ IDEA Community Edition 2021.2\jbr\bin\server

VM Arguments:
java_command: git4idea.http.GitAskPassApp Username for 'https://gitlab.cassavafintech.com': 
java_class_path (initial): C:/Program Files/JetBrains/IntelliJ IDEA Community Edition 2021.2/plugins/git4idea/lib/git4idea-rt.jar;C:/Program Files/JetBrains/IntelliJ IDEA Community Edition 2021.2/lib/3rd-party.jar
Launcher Type: SUN_STANDARD

[Global flags]
     intx CICompilerCount                          = 4                                         {product} {ergonomic}
     uint ConcGCThreads                            = 2                                         {product} {ergonomic}
     uint G1ConcRefinementThreads                  = 8                                         {product} {ergonomic}
   size_t G1HeapRegionSize                         = 1048576                                   {product} {ergonomic}
    uintx GCDrainStackTargetSize                   = 64                                        {product} {ergonomic}
   size_t InitialHeapSize                          = 264241152                                 {product} {ergonomic}
   size_t MarkStackSize                            = 4194304                                   {product} {ergonomic}
   size_t MaxHeapSize                              = 4217372672                                {product} {ergonomic}
   size_t MinHeapDeltaBytes                        = 1048576                                   {product} {ergonomic}
    uintx NonNMethodCodeHeapSize                   = 5836300                                {pd product} {ergonomic}
    uintx NonProfiledCodeHeapSize                  = 122910970                              {pd product} {ergonomic}
    uintx ProfiledCodeHeapSize                     = 122910970                              {pd product} {ergonomic}
    uintx ReservedCodeCacheSize                    = 251658240                              {pd product} {ergonomic}
     bool SegmentedCodeCache                       = true                                      {product} {ergonomic}
     bool UseCompressedClassPointers               = true                                 {lp64_product} {ergonomic}
     bool UseCompressedOops                        = true                                 {lp64_product} {ergonomic}
     bool UseG1GC                                  = true                                      {product} {ergonomic}
     bool UseLargePagesIndividualAllocation        = false                                  {pd product} {ergonomic}

Logging:
Log output configuration:
 #0: stdout all=warning uptime,level,tags
 #1: stderr all=off uptime,level,tags

Environment Variables:
JAVA_HOME=C:\Program Files\Java\jdk1.8.0_271
PATH=C:\Program Files\Git\mingw64\libexec\git-core;C:\Program Files\Git\mingw64\libexec\git-core;C:\Program Files\Git\mingw64\bin;C:\Program Files\Git\usr\bin;C:\Users\Kudzai Macheyo\bin;C:\Program Files (x86)\Common Files\Oracle\Java\javapath;C:\Windows\system32;C:\Windows;C:\Windows\System32\Wbem;C:\Windows\System32\WindowsPowerShell\v1.0;C:\Windows\System32\OpenSSH;C:\Program Files\Java\jdk1.8.0_271;C:\Program Files\Maven\apache-maven-3.6.3;C:\Program Files\Maven\apache-maven-3.6.3\bin;%M2%;C:\Program Files\Java\jdk1.8.0_271\bin;C:\Program Files\Git\cmd;C:\Program Files\nodejs;C:\Users\Kudzai Macheyo\AppData\Local\Microsoft\WindowsApps;C:\Program Files\JetBrains\IntelliJ IDEA Community Edition 2021.2\bin;C:\Users\Kudzai Macheyo\AppData\Local\Google\Cloud SDK\google-cloud-sdk\bin;C:\Users\Kudzai Macheyo\AppData\Roaming\npm
USERNAME=Kudzai Macheyo
DISPLAY=:0.0
LC_ALL=en_US.UTF-8
OS=Windows_NT
PROCESSOR_IDENTIFIER=Intel64 Family 6 Model 158 Stepping 13, GenuineIntel



---------------  S Y S T E M  ---------------

OS: Windows 10 , 64 bit Build 18362 (10.0.18362.1500)
OS uptime: 6 days 2:39 hours

CPU:total 8 (initial active 8) (4 cores per cpu, 2 threads per core) family 6 model 158 stepping 13 microcode 0xde, cmov, cx8, fxsr, mmx, sse, sse2, sse3, ssse3, sse4.1, sse4.2, popcnt, avx, avx2, aes, clmul, erms, 3dnowpref, lzcnt, ht, tsc, tscinvbit, bmi1, bmi2, adx, fma

Memory: 4k page, system-wide physical 16086M (2358M free)
TotalPageFile size 28117M (AvailPageFile size 225M)
current process WorkingSet (physical memory assigned to process): 10M, peak: 10M
current process commit charge ("private bytes"): 60M, peak: 312M

vm_info: OpenJDK 64-Bit Server VM (11.0.11+9-b1504.13) for windows-amd64 JRE (11.0.11+9-b1504.13), built on Jul 18 2021 03:17:44 by "" with MS VC++ 14.0 (VS2015)

END.
