#
# There is insufficient memory for the Java Runtime Environment to continue.
# Native memory allocation (malloc) failed to allocate 861456 bytes for Chunk::new
# Possible reasons:
#   The system is out of physical RAM or swap space
#   The process is running with CompressedOops enabled, and the Java Heap may be blocking the growth of the native heap
# Possible solutions:
#   Reduce memory load on the system
#   Increase physical memory or swap space
#   Check if swap backing store is full
#   Decrease Java heap size (-Xmx/-Xms)
#   Decrease number of Java threads
#   Decrease Java thread stack sizes (-Xss)
#   Set larger code cache with -XX:ReservedCodeCacheSize=
#   JVM is running with Unscaled Compressed Oops mode in which the Java heap is
#     placed in the first 4GB address space. The Java Heap base address is the
#     maximum limit for the native heap growth. Please use -XX:HeapBaseMinAddress
#     to set the Java Heap base and to place the Java Heap above 4GB virtual address.
# This output file may be truncated or incomplete.
#
#  Out of Memory Error (allocation.cpp:389), pid=23556, tid=0x0000000000004c94
#
# JRE version: Java(TM) SE Runtime Environment (8.0_271-b09) (build 1.8.0_271-b09)
# Java VM: Java HotSpot(TM) 64-Bit Server VM (25.271-b09 mixed mode windows-amd64 compressed oops)
# Failed to write core dump. Minidumps are not enabled by default on client versions of Windows
#

---------------  T H R E A D  ---------------

Current thread (0x0000011dce31b000):  JavaThread "C2 CompilerThread1" daemon [_thread_in_native, id=19604, stack(0x0000001676a00000,0x0000001676b00000)]

Stack: [0x0000001676a00000,0x0000001676b00000]
Native frames: (J=compiled Java code, j=interpreted, Vv=VM code, C=native code)
V  [jvm.dll+0x33f6c9]
V  [jvm.dll+0x286122]
V  [jvm.dll+0x286dcd]
V  [jvm.dll+0x27d805]
V  [jvm.dll+0xe574c]
V  [jvm.dll+0xe5f4c]
V  [jvm.dll+0x480043]
V  [jvm.dll+0x447c30]
V  [jvm.dll+0x450c25]
V  [jvm.dll+0x44ffe5]
V  [jvm.dll+0x43aef7]
V  [jvm.dll+0xbc3eb]
V  [jvm.dll+0xbaa4b]
V  [jvm.dll+0x24e7c2]
V  [jvm.dll+0x2a2dcc]
C  [ucrtbase.dll+0x210b2]
C  [KERNEL32.DLL+0x17c24]
C  [ntdll.dll+0x6d721]


Current CompileTask:
C2:  32954 9313   !   4       org.apache.maven.model.ModelBase::clone (397 bytes)


---------------  P R O C E S S  ---------------

Java Threads: ( => current thread )
  0x0000011dd1b07800 JavaThread "Thread-5" [_thread_in_native, id=5236, stack(0x0000001677900000,0x0000001677a00000)]
  0x0000011dd1b08000 JavaThread "Thread-4" [_thread_in_native, id=29248, stack(0x0000001677800000,0x0000001677900000)]
  0x0000011dd1167000 JavaThread "Thread-3" [_thread_blocked, id=28836, stack(0x0000001677700000,0x0000001677800000)]
  0x0000011dd1164800 JavaThread "ThreadedStreamConsumer" daemon [_thread_blocked, id=17972, stack(0x0000001677600000,0x0000001677700000)]
  0x0000011dd1166000 JavaThread "ping-timer-10s" daemon [_thread_blocked, id=30368, stack(0x0000001677500000,0x0000001677600000)]
  0x0000011dd1165800 JavaThread "timeout-check-timer" daemon [_thread_blocked, id=32496, stack(0x0000001677400000,0x0000001677500000)]
  0x0000011dd1169000 JavaThread "resolver-5" daemon [_thread_blocked, id=12088, stack(0x0000001677300000,0x0000001677400000)]
  0x0000011dd1167800 JavaThread "resolver-4" daemon [_thread_blocked, id=27116, stack(0x0000001677200000,0x0000001677300000)]
  0x0000011dd1163000 JavaThread "resolver-3" daemon [_thread_blocked, id=29424, stack(0x0000001677100000,0x0000001677200000)]
  0x0000011dd18ff000 JavaThread "resolver-2" daemon [_thread_blocked, id=28188, stack(0x0000001677000000,0x0000001677100000)]
  0x0000011dd121f800 JavaThread "resolver-1" daemon [_thread_blocked, id=14012, stack(0x0000001676f00000,0x0000001677000000)]
  0x0000011dcf700800 JavaThread "Service Thread" daemon [_thread_blocked, id=2896, stack(0x0000001676d00000,0x0000001676e00000)]
  0x0000011dce327800 JavaThread "C1 CompilerThread3" daemon [_thread_blocked, id=10672, stack(0x0000001676c00000,0x0000001676d00000)]
  0x0000011dce31c800 JavaThread "C2 CompilerThread2" daemon [_thread_in_native, id=12276, stack(0x0000001676b00000,0x0000001676c00000)]
=>0x0000011dce31b000 JavaThread "C2 CompilerThread1" daemon [_thread_in_native, id=19604, stack(0x0000001676a00000,0x0000001676b00000)]
  0x0000011dce319000 JavaThread "C2 CompilerThread0" daemon [_thread_blocked, id=988, stack(0x0000001676900000,0x0000001676a00000)]
  0x0000011dce317000 JavaThread "Attach Listener" daemon [_thread_blocked, id=32748, stack(0x0000001676800000,0x0000001676900000)]
  0x0000011dce316000 JavaThread "Signal Dispatcher" daemon [_thread_blocked, id=26292, stack(0x0000001676700000,0x0000001676800000)]
  0x0000011dcd6eb800 JavaThread "Finalizer" daemon [_thread_blocked, id=31468, stack(0x0000001676600000,0x0000001676700000)]
  0x0000011dce2d9800 JavaThread "Reference Handler" daemon [_thread_blocked, id=21908, stack(0x0000001676500000,0x0000001676600000)]
  0x0000011dbad36800 JavaThread "main" [_thread_in_native, id=29528, stack(0x0000001675b00000,0x0000001675c00000)]

Other Threads:
  0x0000011dce2b6000 VMThread [stack: 0x0000001676400000,0x0000001676500000] [id=31156]
  0x0000011dce38e800 WatcherThread [stack: 0x0000001676e00000,0x0000001676f00000] [id=26228]

VM state:not at safepoint (normal execution)

VM Mutex/Monitor currently owned by a thread: None

heap address: 0x00000000e0000000, size: 512 MB, Compressed Oops mode: 32-bit
Narrow klass base: 0x0000000000000000, Narrow klass shift: 3
Compressed class space size: 1073741824 Address: 0x0000000100000000

Heap:
 PSYoungGen      total 128000K, used 116243K [0x00000000f5580000, 0x0000000100000000, 0x0000000100000000)
  eden space 94720K, 87% used [0x00000000f5580000,0x00000000fa6ae7e8,0x00000000fb200000)
  from space 33280K, 99% used [0x00000000fb200000,0x00000000fd256518,0x00000000fd280000)
  to   space 43008K, 0% used [0x00000000fd600000,0x00000000fd600000,0x0000000100000000)
 ParOldGen       total 228352K, used 66898K [0x00000000e0000000, 0x00000000edf00000, 0x00000000f5580000)
  object space 228352K, 29% used [0x00000000e0000000,0x00000000e4154988,0x00000000edf00000)
 Metaspace       used 42366K, capacity 43276K, committed 43568K, reserved 1087488K
  class space    used 4859K, capacity 5139K, committed 5168K, reserved 1048576K

Card table byte_map: [0x0000011dcbb20000,0x0000011dcbc30000] byte_map_base: 0x0000011dcb420000

Marking Bits: (ParMarkBitMap*) 0x0000000072b97fe0
 Begin Bits: [0x0000011dcbce0000, 0x0000011dcc4e0000)
 End Bits:   [0x0000011dcc4e0000, 0x0000011dccce0000)

Polling page: 0x0000011dbc730000

CodeCache: size=245760Kb used=28473Kb max_used=29883Kb free=217286Kb
 bounds [0x0000011dbc760000, 0x0000011dbe4b0000, 0x0000011dcb760000]
 total_blobs=7843 nmethods=7341 adapters=413
 compilation: enabled

Compilation events (10 events):
Event: 32.257 Thread 0x0000011dce319000 nmethod 9382 0x0000011dbd5878d0 code [0x0000011dbd587a60, 0x0000011dbd588b58]
Event: 32.257 Thread 0x0000011dce319000 9375   !   4       java.util.zip.Deflater::finished (19 bytes)
Event: 32.260 Thread 0x0000011dce319000 nmethod 9375 0x0000011dbe28b4d0 code [0x0000011dbe28b620, 0x0000011dbe28b858]
Event: 32.260 Thread 0x0000011dce319000 9380       4       java.util.zip.Deflater::ensureOpen (47 bytes)
Event: 32.261 Thread 0x0000011dce319000 nmethod 9380 0x0000011dbda74690 code [0x0000011dbda747c0, 0x0000011dbda74858]
Event: 32.261 Thread 0x0000011dce319000 9377       4       java.util.zip.DeflaterOutputStream::deflate (36 bytes)
Event: 32.267 Thread 0x0000011dce319000 nmethod 9377 0x0000011dbdfac110 code [0x0000011dbdfac280, 0x0000011dbdfac758]
Event: 32.267 Thread 0x0000011dce319000 9357       4       java.lang.StringBuilder::append (8 bytes)
Event: 32.268 Thread 0x0000011dce319000 nmethod 9357 0x0000011dbdabfb90 code [0x0000011dbdabfce0, 0x0000011dbdabfd68]
Event: 32.920 Thread 0x0000011dce327800 9392       1       sun.nio.cs.SingleByte$Decoder::decode (11 bytes)

GC Heap History (10 events):
Event: 21.644 GC heap before
{Heap before GC invocations=17 (full 2):
 PSYoungGen      total 153600K, used 149834K [0x00000000f5580000, 0x0000000100000000, 0x0000000100000000)
  eden space 133632K, 100% used [0x00000000f5580000,0x00000000fd800000,0x00000000fd800000)
  from space 19968K, 81% used [0x00000000fec80000,0x00000000ffc52870,0x0000000100000000)
  to   space 20480K, 0% used [0x00000000fd800000,0x00000000fd800000,0x00000000fec00000)
 ParOldGen       total 228352K, used 37449K [0x00000000e0000000, 0x00000000edf00000, 0x00000000f5580000)
  object space 228352K, 16% used [0x00000000e0000000,0x00000000e24926e0,0x00000000edf00000)
 Metaspace       used 37514K, capacity 38312K, committed 38448K, reserved 1083392K
  class space    used 4397K, capacity 4641K, committed 4656K, reserved 1048576K
Event: 21.670 GC heap after
Heap after GC invocations=17 (full 2):
 PSYoungGen      total 154112K, used 20479K [0x00000000f5580000, 0x0000000100000000, 0x0000000100000000)
  eden space 133632K, 0% used [0x00000000f5580000,0x00000000f5580000,0x00000000fd800000)
  from space 20480K, 99% used [0x00000000fd800000,0x00000000febffdc0,0x00000000fec00000)
  to   space 20480K, 0% used [0x00000000fec00000,0x00000000fec00000,0x0000000100000000)
 ParOldGen       total 228352K, used 50390K [0x00000000e0000000, 0x00000000edf00000, 0x00000000f5580000)
  object space 228352K, 22% used [0x00000000e0000000,0x00000000e3135bc0,0x00000000edf00000)
 Metaspace       used 37514K, capacity 38312K, committed 38448K, reserved 1083392K
  class space    used 4397K, capacity 4641K, committed 4656K, reserved 1048576K
}
Event: 23.356 GC heap before
{Heap before GC invocations=18 (full 2):
 PSYoungGen      total 154112K, used 154111K [0x00000000f5580000, 0x0000000100000000, 0x0000000100000000)
  eden space 133632K, 100% used [0x00000000f5580000,0x00000000fd800000,0x00000000fd800000)
  from space 20480K, 99% used [0x00000000fd800000,0x00000000febffdc0,0x00000000fec00000)
  to   space 20480K, 0% used [0x00000000fec00000,0x00000000fec00000,0x0000000100000000)
 ParOldGen       total 228352K, used 50390K [0x00000000e0000000, 0x00000000edf00000, 0x00000000f5580000)
  object space 228352K, 22% used [0x00000000e0000000,0x00000000e3135bc0,0x00000000edf00000)
 Metaspace       used 37536K, capacity 38312K, committed 38448K, reserved 1083392K
  class space    used 4397K, capacity 4641K, committed 4656K, reserved 1048576K
Event: 23.389 GC heap after
Heap after GC invocations=18 (full 2):
 PSYoungGen      total 131584K, used 20465K [0x00000000f5580000, 0x0000000100000000, 0x0000000100000000)
  eden space 111104K, 0% used [0x00000000f5580000,0x00000000f5580000,0x00000000fc200000)
  from space 20480K, 99% used [0x00000000fec00000,0x00000000ffffc4f8,0x0000000100000000)
  to   space 31744K, 0% used [0x00000000fc200000,0x00000000fc200000,0x00000000fe100000)
 ParOldGen       total 228352K, used 59367K [0x00000000e0000000, 0x00000000edf00000, 0x00000000f5580000)
  object space 228352K, 25% used [0x00000000e0000000,0x00000000e39f9e58,0x00000000edf00000)
 Metaspace       used 37536K, capacity 38312K, committed 38448K, reserved 1083392K
  class space    used 4397K, capacity 4641K, committed 4656K, reserved 1048576K
}
Event: 25.846 GC heap before
{Heap before GC invocations=19 (full 2):
 PSYoungGen      total 131584K, used 131569K [0x00000000f5580000, 0x0000000100000000, 0x0000000100000000)
  eden space 111104K, 100% used [0x00000000f5580000,0x00000000fc200000,0x00000000fc200000)
  from space 20480K, 99% used [0x00000000fec00000,0x00000000ffffc4f8,0x0000000100000000)
  to   space 31744K, 0% used [0x00000000fc200000,0x00000000fc200000,0x00000000fe100000)
 ParOldGen       total 228352K, used 59367K [0x00000000e0000000, 0x00000000edf00000, 0x00000000f5580000)
  object space 228352K, 25% used [0x00000000e0000000,0x00000000e39f9e58,0x00000000edf00000)
 Metaspace       used 38847K, capacity 39624K, committed 39856K, reserved 1085440K
  class space    used 4510K, capacity 4737K, committed 4784K, reserved 1048576K
Event: 25.878 GC heap after
Heap after GC invocations=19 (full 2):
 PSYoungGen      total 142848K, used 31288K [0x00000000f5580000, 0x0000000100000000, 0x0000000100000000)
  eden space 111104K, 0% used [0x00000000f5580000,0x00000000f5580000,0x00000000fc200000)
  from space 31744K, 98% used [0x00000000fc200000,0x00000000fe08e018,0x00000000fe100000)
  to   space 31744K, 0% used [0x00000000fe100000,0x00000000fe100000,0x0000000100000000)
 ParOldGen       total 228352K, used 59375K [0x00000000e0000000, 0x00000000edf00000, 0x00000000f5580000)
  object space 228352K, 26% used [0x00000000e0000000,0x00000000e39fbe58,0x00000000edf00000)
 Metaspace       used 38847K, capacity 39624K, committed 39856K, reserved 1085440K
  class space    used 4510K, capacity 4737K, committed 4784K, reserved 1048576K
}
Event: 28.146 GC heap before
{Heap before GC invocations=20 (full 2):
 PSYoungGen      total 142848K, used 142392K [0x00000000f5580000, 0x0000000100000000, 0x0000000100000000)
  eden space 111104K, 100% used [0x00000000f5580000,0x00000000fc200000,0x00000000fc200000)
  from space 31744K, 98% used [0x00000000fc200000,0x00000000fe08e018,0x00000000fe100000)
  to   space 31744K, 0% used [0x00000000fe100000,0x00000000fe100000,0x0000000100000000)
 ParOldGen       total 228352K, used 59375K [0x00000000e0000000, 0x00000000edf00000, 0x00000000f5580000)
  object space 228352K, 26% used [0x00000000e0000000,0x00000000e39fbe58,0x00000000edf00000)
 Metaspace       used 39557K, capacity 40296K, committed 40368K, reserved 1085440K
  class space    used 4545K, capacity 4769K, committed 4784K, reserved 1048576K
Event: 28.188 GC heap after
Heap after GC invocations=20 (full 2):
 PSYoungGen      total 126464K, used 31724K [0x00000000f5580000, 0x0000000100000000, 0x0000000100000000)
  eden space 94720K, 0% used [0x00000000f5580000,0x00000000f5580000,0x00000000fb200000)
  from space 31744K, 99% used [0x00000000fe100000,0x00000000ffffb2d8,0x0000000100000000)
  to   space 39936K, 0% used [0x00000000fb200000,0x00000000fb200000,0x00000000fd900000)
 ParOldGen       total 228352K, used 62175K [0x00000000e0000000, 0x00000000edf00000, 0x00000000f5580000)
  object space 228352K, 27% used [0x00000000e0000000,0x00000000e3cb7c08,0x00000000edf00000)
 Metaspace       used 39557K, capacity 40296K, committed 40368K, reserved 1085440K
  class space    used 4545K, capacity 4769K, committed 4784K, reserved 1048576K
}
Event: 30.389 GC heap before
{Heap before GC invocations=21 (full 2):
 PSYoungGen      total 126464K, used 126444K [0x00000000f5580000, 0x0000000100000000, 0x0000000100000000)
  eden space 94720K, 100% used [0x00000000f5580000,0x00000000fb200000,0x00000000fb200000)
  from space 31744K, 99% used [0x00000000fe100000,0x00000000ffffb2d8,0x0000000100000000)
  to   space 39936K, 0% used [0x00000000fb200000,0x00000000fb200000,0x00000000fd900000)
 ParOldGen       total 228352K, used 62175K [0x00000000e0000000, 0x00000000edf00000, 0x00000000f5580000)
  object space 228352K, 27% used [0x00000000e0000000,0x00000000e3cb7c08,0x00000000edf00000)
 Metaspace       used 40022K, capacity 40882K, committed 41008K, reserved 1085440K
  class space    used 4613K, capacity 4878K, committed 4912K, reserved 1048576K
Event: 30.429 GC heap after
Heap after GC invocations=21 (full 2):
 PSYoungGen      total 128000K, used 33113K [0x00000000f5580000, 0x0000000100000000, 0x0000000100000000)
  eden space 94720K, 0% used [0x00000000f5580000,0x00000000f5580000,0x00000000fb200000)
  from space 33280K, 99% used [0x00000000fb200000,0x00000000fd256518,0x00000000fd280000)
  to   space 43008K, 0% used [0x00000000fd600000,0x00000000fd600000,0x0000000100000000)
 ParOldGen       total 228352K, used 66898K [0x00000000e0000000, 0x00000000edf00000, 0x00000000f5580000)
  object space 228352K, 29% used [0x00000000e0000000,0x00000000e4154988,0x00000000edf00000)
 Metaspace       used 40022K, capacity 40882K, committed 41008K, reserved 1085440K
  class space    used 4613K, capacity 4878K, committed 4912K, reserved 1048576K
}

Deoptimization events (10 events):
Event: 31.175 Thread 0x0000011dbad36800 Uncommon trap: reason=class_check action=maybe_recompile pc=0x0000011dbc8af714 method=java.lang.Throwable.<init>(Ljava/lang/String;Ljava/lang/Throwable;)V @ 24
Event: 31.175 Thread 0x0000011dbad36800 Uncommon trap: reason=class_check action=maybe_recompile pc=0x0000011dbc8af714 method=java.lang.Throwable.<init>(Ljava/lang/String;Ljava/lang/Throwable;)V @ 24
Event: 31.208 Thread 0x0000011dbad36800 Uncommon trap: reason=class_check action=maybe_recompile pc=0x0000011dbcc2ad70 method=com.google.inject.internal.MoreTypes.getRawType(Ljava/lang/reflect/Type;)Ljava/lang/Class; @ 13
Event: 31.215 Thread 0x0000011dd1165800 Uncommon trap: reason=unstable_if action=reinterpret pc=0x0000011dbd873dd0 method=java.lang.Long.numberOfTrailingZeros(J)I @ 44
Event: 32.017 Thread 0x0000011dbad36800 Uncommon trap: reason=unstable_if action=reinterpret pc=0x0000011dbd1b49c0 method=java.util.concurrent.ConcurrentHashMap.putVal(Ljava/lang/Object;Ljava/lang/Object;Z)Ljava/lang/Object; @ 206
Event: 32.019 Thread 0x0000011dbad36800 Uncommon trap: reason=bimorphic action=maybe_recompile pc=0x0000011dbc8f6694 method=java.nio.charset.CharsetEncoder.encode(Ljava/nio/CharBuffer;Ljava/nio/ByteBuffer;Z)Ljava/nio/charset/CoderResult; @ 57
Event: 32.020 Thread 0x0000011dbad36800 Uncommon trap: reason=bimorphic action=maybe_recompile pc=0x0000011dbc8f6694 method=java.nio.charset.CharsetEncoder.encode(Ljava/nio/CharBuffer;Ljava/nio/ByteBuffer;Z)Ljava/nio/charset/CoderResult; @ 57
Event: 32.021 Thread 0x0000011dbad36800 Uncommon trap: reason=bimorphic action=maybe_recompile pc=0x0000011dbc8f6694 method=java.nio.charset.CharsetEncoder.encode(Ljava/nio/CharBuffer;Ljava/nio/ByteBuffer;Z)Ljava/nio/charset/CoderResult; @ 57
Event: 32.023 Thread 0x0000011dbad36800 Uncommon trap: reason=bimorphic action=maybe_recompile pc=0x0000011dbc8f6694 method=java.nio.charset.CharsetEncoder.encode(Ljava/nio/CharBuffer;Ljava/nio/ByteBuffer;Z)Ljava/nio/charset/CoderResult; @ 57
Event: 32.109 Thread 0x0000011dbad36800 Uncommon trap: reason=bimorphic action=maybe_recompile pc=0x0000011dbd4f1ee4 method=java.util.Collections$UnmodifiableMap$UnmodifiableEntrySet$1.<init>(Ljava/util/Collections$UnmodifiableMap$UnmodifiableEntrySet;)V @ 17

Classes redefined (0 events):
No events

Internal exceptions (10 events):
Event: 15.055 Thread 0x0000011dbad36800 Implicit null exception at 0x0000011dbce11431 to 0x0000011dbce11839
Event: 15.063 Thread 0x0000011dbad36800 Implicit null exception at 0x0000011dbcdf3f55 to 0x0000011dbcdf414d
Event: 16.382 Thread 0x0000011dbad36800 Implicit null exception at 0x0000011dbd0ffa8c to 0x0000011dbd0ffbc9
Event: 18.736 Thread 0x0000011dbad36800 Implicit null exception at 0x0000011dbd825f90 to 0x0000011dbd826081
Event: 22.085 Thread 0x0000011dbad36800 Implicit null exception at 0x0000011dbce463b1 to 0x0000011dbce46f29
Event: 25.192 Thread 0x0000011dbad36800 Implicit null exception at 0x0000011dbe006aba to 0x0000011dbe00779d
Event: 25.260 Thread 0x0000011dbad36800 Implicit null exception at 0x0000011dbe011a31 to 0x0000011dbe012ad1
Event: 28.926 Thread 0x0000011dbad36800 Exception <a 'java/io/FileNotFoundException'> (0x00000000f92936a0) thrown at [C:\jenkins\workspace\8-2-build-windows-amd64-cygwin\jdk8u271\605\hotspot\src\share\vm\prims\jni.cpp, line 710]
Event: 28.927 Thread 0x0000011dbad36800 Exception <a 'java/io/FileNotFoundException'> (0x00000000f92951a0) thrown at [C:\jenkins\workspace\8-2-build-windows-amd64-cygwin\jdk8u271\605\hotspot\src\share\vm\prims\jni.cpp, line 710]
Event: 31.221 Thread 0x0000011dbad36800 Exception <a 'java/lang/NoSuchMethodError': org.apache.maven.execution.MavenExecutionRequest.getFailureBehavior()Ljava/lang/String;> (0x00000000f83a5938) thrown at [C:\jenkins\workspace\8-2-build-windows-amd64-cygwin\jdk8u271\605\hotspot\src\share\vm\inte

Events (10 events):
Event: 32.918 loading class org/apache/maven/plugin/surefire/booterclient/output/ForkClient$OperationalData
Event: 32.918 loading class org/apache/maven/plugin/surefire/booterclient/output/ForkClient$OperationalData done
Event: 32.918 loading class org/apache/maven/plugin/surefire/booterclient/output/ForkClient$OperationalData
Event: 32.918 loading class org/apache/maven/plugin/surefire/booterclient/output/ForkClient$OperationalData done
Event: 32.918 loading class org/apache/maven/plugin/surefire/booterclient/output/ForkClient$OperationalData
Event: 32.918 loading class org/apache/maven/plugin/surefire/booterclient/output/ForkClient$OperationalData done
Event: 32.919 Executing VM operation: RevokeBias
Event: 32.919 Executing VM operation: RevokeBias done
Event: 32.920 Thread 0x0000011dd1b08000 Uncommon trap: trap_request=0xffffff65 fr.pc=0x0000011dbd26d568
Event: 32.920 Executing VM operation: RevokeBias


Dynamic libraries:
0x00007ff7cb140000 - 0x00007ff7cb187000 	C:\Program Files\Java\jdk1.8.0_271\bin\java.exe
0x00007ffff3280000 - 0x00007ffff3470000 	C:\Windows\SYSTEM32\ntdll.dll
0x00007fffad2f0000 - 0x00007fffad305000 	C:\Program Files\Avast Software\Avast\aswhook.dll
0x00007ffff2db0000 - 0x00007ffff2e62000 	C:\Windows\System32\KERNEL32.DLL
0x00007ffff0c90000 - 0x00007ffff0f35000 	C:\Windows\System32\KERNELBASE.dll
0x00007ffff2740000 - 0x00007ffff27e3000 	C:\Windows\System32\ADVAPI32.dll
0x00007ffff2e70000 - 0x00007ffff2f0e000 	C:\Windows\System32\msvcrt.dll
0x00007ffff1580000 - 0x00007ffff1617000 	C:\Windows\System32\sechost.dll
0x00007ffff1f30000 - 0x00007ffff204f000 	C:\Windows\System32\RPCRT4.dll
0x00007ffff1340000 - 0x00007ffff14d4000 	C:\Windows\System32\USER32.dll
0x00007ffff0c60000 - 0x00007ffff0c81000 	C:\Windows\System32\win32u.dll
0x00007ffff1940000 - 0x00007ffff1966000 	C:\Windows\System32\GDI32.dll
0x00007ffff1190000 - 0x00007ffff1328000 	C:\Windows\System32\gdi32full.dll
0x00007ffff09c0000 - 0x00007ffff0a5e000 	C:\Windows\System32\msvcp_win.dll
0x00007ffff0b60000 - 0x00007ffff0c5a000 	C:\Windows\System32\ucrtbase.dll
0x00007fffdab10000 - 0x00007fffdad94000 	C:\Windows\WinSxS\amd64_microsoft.windows.common-controls_6595b64144ccf1df_6.0.18362.1556_none_9e7e372fe45e41d5\COMCTL32.dll
0x00007ffff1970000 - 0x00007ffff1ca6000 	C:\Windows\System32\combase.dll
0x00007ffff1100000 - 0x00007ffff1181000 	C:\Windows\System32\bcryptPrimitives.dll
0x00007ffff1dc0000 - 0x00007ffff1dee000 	C:\Windows\System32\IMM32.DLL
0x00007fffd1730000 - 0x00007fffd1745000 	C:\Program Files\Java\jdk1.8.0_271\jre\bin\vcruntime140.dll
0x00007fffaa8e0000 - 0x00007fffaa97b000 	C:\Program Files\Java\jdk1.8.0_271\jre\bin\msvcp140.dll
0x00000000723a0000 - 0x0000000072c0f000 	C:\Program Files\Java\jdk1.8.0_271\jre\bin\server\jvm.dll
0x00007ffff27f0000 - 0x00007ffff27f8000 	C:\Windows\System32\PSAPI.DLL
0x00007fffd5100000 - 0x00007fffd5109000 	C:\Windows\SYSTEM32\WSOCK32.dll
0x00007fffe8db0000 - 0x00007fffe8dd4000 	C:\Windows\SYSTEM32\WINMM.dll
0x00007fffe2ff0000 - 0x00007fffe2ffa000 	C:\Windows\SYSTEM32\VERSION.dll
0x00007ffff2c70000 - 0x00007ffff2cdf000 	C:\Windows\System32\WS2_32.dll
0x00007fffe8d80000 - 0x00007fffe8dad000 	C:\Windows\SYSTEM32\winmmbase.dll
0x00007ffff0a60000 - 0x00007ffff0aaa000 	C:\Windows\System32\cfgmgr32.dll
0x00007ffff01b0000 - 0x00007ffff01c1000 	C:\Windows\System32\kernel.appcore.dll
0x00007fffd8c60000 - 0x00007fffd8c70000 	C:\Program Files\Java\jdk1.8.0_271\jre\bin\verify.dll
0x00007fffd0690000 - 0x00007fffd06bb000 	C:\Program Files\Java\jdk1.8.0_271\jre\bin\java.dll
0x00007fffcfdf0000 - 0x00007fffcfe08000 	C:\Program Files\Java\jdk1.8.0_271\jre\bin\zip.dll
0x00007ffff2050000 - 0x00007ffff2737000 	C:\Windows\System32\SHELL32.dll
0x00007ffff30b0000 - 0x00007ffff3158000 	C:\Windows\System32\shcore.dll
0x00007ffff0240000 - 0x00007ffff09bb000 	C:\Windows\System32\windows.storage.dll
0x00007ffff0190000 - 0x00007ffff01ae000 	C:\Windows\System32\profapi.dll
0x00007ffff0140000 - 0x00007ffff018a000 	C:\Windows\System32\powrprof.dll
0x00007ffff0130000 - 0x00007ffff0140000 	C:\Windows\System32\UMPDC.dll
0x00007ffff3160000 - 0x00007ffff31b2000 	C:\Windows\System32\shlwapi.dll
0x00007ffff0220000 - 0x00007ffff0237000 	C:\Windows\System32\cryptsp.dll
0x00007fffd8e80000 - 0x00007fffd8e8a000 	C:\Program Files\Maven\apache-maven-3.6.3\lib\jansi-native\windows64\jansi.dll
0x00007fffcfcf0000 - 0x00007fffcfd0c000 	C:\Program Files\Java\jdk1.8.0_271\jre\bin\net.dll
0x00007fffef970000 - 0x00007fffef9d7000 	C:\Windows\system32\mswsock.dll
0x00007fffcfac0000 - 0x00007fffcfad3000 	C:\Program Files\Java\jdk1.8.0_271\jre\bin\nio.dll
0x00007fffd4e80000 - 0x00007fffd4e8d000 	C:\Program Files\Java\jdk1.8.0_271\jre\bin\management.dll
0x00007fffcf7e0000 - 0x00007fffcf7f6000 	C:\Windows\system32\napinsp.dll
0x00007fffcf7c0000 - 0x00007fffcf7da000 	C:\Windows\system32\pnrpnsp.dll
0x00007fffef6c0000 - 0x00007fffef78b000 	C:\Windows\SYSTEM32\DNSAPI.dll
0x00007ffff1930000 - 0x00007ffff1938000 	C:\Windows\System32\NSI.dll
0x00007fffef680000 - 0x00007fffef6ba000 	C:\Windows\SYSTEM32\IPHLPAPI.DLL
0x00007fffcf7b0000 - 0x00007fffcf7be000 	C:\Windows\System32\winrnr.dll
0x00007fffe88a0000 - 0x00007fffe88bc000 	C:\Windows\system32\NLAapi.dll
0x00007fffe7d50000 - 0x00007fffe7d65000 	C:\Windows\system32\wshbth.dll
0x00007fffe5d00000 - 0x00007fffe5d0a000 	C:\Windows\System32\rasadhlp.dll
0x00007fffdf410000 - 0x00007fffdf487000 	C:\Windows\System32\fwpuclnt.dll
0x00007ffff01f0000 - 0x00007ffff0216000 	C:\Windows\System32\bcrypt.dll
0x00007fffef4f0000 - 0x00007fffef523000 	C:\Windows\system32\rsaenh.dll
0x00007ffff0050000 - 0x00007ffff0075000 	C:\Windows\SYSTEM32\USERENV.dll
0x00007fffefb40000 - 0x00007fffefb4c000 	C:\Windows\SYSTEM32\CRYPTBASE.dll
0x00007fffdfec0000 - 0x00007fffdfed6000 	C:\Windows\SYSTEM32\dhcpcsvc6.DLL
0x00007fffe46e0000 - 0x00007fffe46fc000 	C:\Windows\SYSTEM32\dhcpcsvc.DLL
0x00007fffee910000 - 0x00007fffeeb04000 	C:\Windows\SYSTEM32\dbghelp.dll

VM Arguments:
jvm_args: -Xms256m -Xmx512m -Dclassworlds.conf=C:\Program Files\Maven\apache-maven-3.6.3\bin\..\bin\m2.conf -Dmaven.home=C:\Program Files\Maven\apache-maven-3.6.3\bin\.. -Dlibrary.jansi.path=C:\Program Files\Maven\apache-maven-3.6.3\bin\..\lib\jansi-native -Dmaven.multiModuleProjectDirectory=C:\Users\Kudzai Macheyo\IdeaProjects\ecocash-chatbot-core 
java_command: org.codehaus.plexus.classworlds.launcher.Launcher clean install
java_class_path (initial): C:\Program Files\Maven\apache-maven-3.6.3\bin\..\boot\plexus-classworlds-2.6.0.jar
Launcher Type: SUN_STANDARD

Environment Variables:
JAVA_HOME=C:\Program Files\Java\jdk1.8.0_271
PATH=C:\Program Files (x86)\Common Files\Oracle\Java\javapath;C:\Windows\system32;C:\Windows;C:\Windows\System32\Wbem;C:\Windows\System32\WindowsPowerShell\v1.0\;C:\Windows\System32\OpenSSH\;C:\Program Files\Java\jdk1.8.0_271;C:\Program Files\Maven\apache-maven-3.6.3;C:\Program Files\Maven\apache-maven-3.6.3\bin;%M2%;C:\Program Files\Java\jdk1.8.0_271\bin;C:\Program Files\Git\cmd;C:\Program Files\nodejs\;C:\Users\Kudzai Macheyo\AppData\Local\Microsoft\WindowsApps;C:\Program Files\JetBrains\IntelliJ IDEA Community Edition 2021.2\bin;;C:\Users\Kudzai Macheyo\AppData\Local\Google\Cloud SDK\google-cloud-sdk\bin;C:\Users\Kudzai Macheyo\AppData\Roaming\npm
USERNAME=Kudzai Macheyo
OS=Windows_NT
PROCESSOR_IDENTIFIER=Intel64 Family 6 Model 158 Stepping 13, GenuineIntel



---------------  S Y S T E M  ---------------

OS: Windows 10.0 , 64 bit Build 18362 (10.0.18362.1500)

CPU:total 8 (initial active 8) (4 cores per cpu, 2 threads per core) family 6 model 158 stepping 13, cmov, cx8, fxsr, mmx, sse, sse2, sse3, ssse3, sse4.1, sse4.2, popcnt, avx, avx2, aes, clmul, erms, 3dnowpref, lzcnt, ht, tsc, tscinvbit, bmi1, bmi2, adx

Memory: 4k page, physical 16472776k(2092784k free), swap 28792192k(5160k free)

vm_info: Java HotSpot(TM) 64-Bit Server VM (25.271-b09) for windows-amd64 JRE (1.8.0_271-b09), built on Sep 16 2020 19:14:59 by "" with MS VC++ 15.9 (VS2017)

time: Fri Oct 15 04:18:59 2021
timezone: South Africa Standard Time
elapsed time: 32.965319 seconds (0d 0h 0m 32s)

