#
# There is insufficient memory for the Java Runtime Environment to continue.
# Native memory allocation (malloc) failed to allocate 472496 bytes for Chunk::new
# Possible reasons:
#   The system is out of physical RAM or swap space
#   The process is running with CompressedOops enabled, and the Java Heap may be blocking the growth of the native heap
# Possible solutions:
#   Reduce memory load on the system
#   Increase physical memory or swap space
#   Check if swap backing store is full
#   Decrease Java heap size (-Xmx/-Xms)
#   Decrease number of Java threads
#   Decrease Java thread stack sizes (-Xss)
#   Set larger code cache with -XX:ReservedCodeCacheSize=
#   JVM is running with Zero Based Compressed Oops mode in which the Java heap is
#     placed in the first 32GB address space. The Java Heap base address is the
#     maximum limit for the native heap growth. Please use -XX:HeapBaseMinAddress
#     to set the Java Heap base and to place the Java Heap above 32GB virtual address.
# This output file may be truncated or incomplete.
#
#  Out of Memory Error (allocation.cpp:389), pid=24472, tid=0x0000000000003a48
#
# JRE version: Java(TM) SE Runtime Environment (8.0_271-b09) (build 1.8.0_271-b09)
# Java VM: Java HotSpot(TM) 64-Bit Server VM (25.271-b09 mixed mode windows-amd64 compressed oops)
# Failed to write core dump. Minidumps are not enabled by default on client versions of Windows
#

---------------  T H R E A D  ---------------

Current thread (0x0000022f4e358000):  JavaThread "C2 CompilerThread1" daemon [_thread_in_native, id=14920, stack(0x000000b2e5600000,0x000000b2e5700000)]

Stack: [0x000000b2e5600000,0x000000b2e5700000]
Native frames: (J=compiled Java code, j=interpreted, Vv=VM code, C=native code)
V  [jvm.dll+0x33f6c9]
V  [jvm.dll+0x286122]
V  [jvm.dll+0x286dcd]
V  [jvm.dll+0x27d805]
V  [jvm.dll+0xe574c]
V  [jvm.dll+0xe5f4c]
V  [jvm.dll+0x462b72]
V  [jvm.dll+0x49df9d]
V  [jvm.dll+0x45251f]
V  [jvm.dll+0x44feb4]
V  [jvm.dll+0x43aef7]
V  [jvm.dll+0xbc3eb]
V  [jvm.dll+0xbaa4b]
V  [jvm.dll+0x24e7c2]
V  [jvm.dll+0x2a2dcc]
C  [ucrtbase.dll+0x210b2]
C  [KERNEL32.DLL+0x17c24]
C  [ntdll.dll+0x6d721]


Current CompileTask:
C2:  11662 3215       4       org.springframework.core.ResolvableType::as (86 bytes)


---------------  P R O C E S S  ---------------

Java Threads: ( => current thread )
  0x0000022f4f870000 JavaThread "surefire-forkedjvm-ping-30s" daemon [_thread_in_native, id=26068, stack(0x000000b2e5c00000,0x000000b2e5d00000)]
  0x0000022f4f84b800 JavaThread "surefire-forkedjvm-command-thread" daemon [_thread_in_native, id=20544, stack(0x000000b2e5b00000,0x000000b2e5c00000)]
  0x0000022f4f718800 JavaThread "Service Thread" daemon [_thread_blocked, id=8900, stack(0x000000b2e5900000,0x000000b2e5a00000)]
  0x0000022f4e36b800 JavaThread "C1 CompilerThread3" daemon [_thread_blocked, id=11016, stack(0x000000b2e5800000,0x000000b2e5900000)]
  0x0000022f4e364800 JavaThread "C2 CompilerThread2" daemon [_thread_in_native, id=28512, stack(0x000000b2e5700000,0x000000b2e5800000)]
=>0x0000022f4e358000 JavaThread "C2 CompilerThread1" daemon [_thread_in_native, id=14920, stack(0x000000b2e5600000,0x000000b2e5700000)]
  0x0000022f4e353000 JavaThread "C2 CompilerThread0" daemon [_thread_blocked, id=24192, stack(0x000000b2e5500000,0x000000b2e5600000)]
  0x0000022f4e351800 JavaThread "Attach Listener" daemon [_thread_blocked, id=456, stack(0x000000b2e5400000,0x000000b2e5500000)]
  0x0000022f4e350800 JavaThread "Signal Dispatcher" daemon [_thread_blocked, id=28112, stack(0x000000b2e5300000,0x000000b2e5400000)]
  0x0000022f4d73d800 JavaThread "Finalizer" daemon [_thread_blocked, id=31988, stack(0x000000b2e5200000,0x000000b2e5300000)]
  0x0000022f4d737000 JavaThread "Reference Handler" daemon [_thread_blocked, id=2744, stack(0x000000b2e5100000,0x000000b2e5200000)]
  0x0000022f32e56800 JavaThread "main" [_thread_in_Java, id=13116, stack(0x000000b2e4700000,0x000000b2e4800000)]

Other Threads:
  0x0000022f4e303800 VMThread [stack: 0x000000b2e5000000,0x000000b2e5100000] [id=19908]
  0x0000022f4e3dd800 WatcherThread [stack: 0x000000b2e5a00000,0x000000b2e5b00000] [id=19128]

VM state:not at safepoint (normal execution)

VM Mutex/Monitor currently owned by a thread: None

heap address: 0x00000006c4a00000, size: 4022 MB, Compressed Oops mode: Zero based, Oop shift amount: 3
Narrow klass base: 0x0000000000000000, Narrow klass shift: 3
Compressed class space size: 1073741824 Address: 0x00000007c0000000

Heap:
 PSYoungGen      total 121856K, used 101893K [0x000000076c380000, 0x0000000774580000, 0x00000007c0000000)
  eden space 111104K, 86% used [0x000000076c380000,0x000000077211d430,0x0000000773000000)
  from space 10752K, 56% used [0x0000000773a00000,0x0000000773fe42d8,0x0000000774480000)
  to   space 10240K, 0% used [0x0000000773000000,0x0000000773000000,0x0000000773a00000)
 ParOldGen       total 89600K, used 6441K [0x00000006c4a00000, 0x00000006ca180000, 0x000000076c380000)
  object space 89600K, 7% used [0x00000006c4a00000,0x00000006c504a6d8,0x00000006ca180000)
 Metaspace       used 32430K, capacity 34449K, committed 34560K, reserved 1079296K
  class space    used 4344K, capacity 4758K, committed 4864K, reserved 1048576K

Card table byte_map: [0x0000022f43b40000,0x0000022f44320000] byte_map_base: 0x0000022f4051b000

Marking Bits: (ParMarkBitMap*) 0x000000006e147fe0
 Begin Bits: [0x0000022f44860000, 0x0000022f48738000)
 End Bits:   [0x0000022f48738000, 0x0000022f4c610000)

Polling page: 0x0000022f34750000

CodeCache: size=245760Kb used=10419Kb max_used=10419Kb free=235340Kb
 bounds [0x0000022f34780000, 0x0000022f351c0000, 0x0000022f43780000]
 total_blobs=3349 nmethods=2953 adapters=307
 compilation: enabled

Compilation events (10 events):
Event: 11.521 Thread 0x0000022f4e36b800 nmethod 3223 0x0000022f34b85350 code [0x0000022f34b85560, 0x0000022f34b85fd0]
Event: 11.521 Thread 0x0000022f4e36b800 3224       3       org.springframework.core.SerializableTypeWrapper$MethodParameterTypeProvider::<init> (59 bytes)
Event: 11.522 Thread 0x0000022f4e36b800 nmethod 3224 0x0000022f34c52bd0 code [0x0000022f34c52dc0, 0x0000022f34c538a0]
Event: 11.522 Thread 0x0000022f4e36b800 3225   !   3       org.springframework.beans.factory.support.DefaultListableBeanFactory::doGetBeanNamesForType (511 bytes)
Event: 11.527 Thread 0x0000022f4e36b800 nmethod 3225 0x0000022f351b3790 code [0x0000022f351b3ec0, 0x0000022f351ba260]
Event: 11.535 Thread 0x0000022f4e36b800 3226   !   3       org.springframework.util.ReflectionUtils::doWithMethods (193 bytes)
Event: 11.539 Thread 0x0000022f4e36b800 nmethod 3226 0x0000022f349a8490 code [0x0000022f349a8780, 0x0000022f349a9e10]
Event: 11.554 Thread 0x0000022f4e364800 3227       4       java.util.HashMap::computeIfAbsent (309 bytes)
Event: 11.560 Thread 0x0000022f4e36b800 3228       3       org.springframework.core.annotation.AnnotationsScanner::processMethod (116 bytes)
Event: 11.564 Thread 0x0000022f4e36b800 nmethod 3228 0x0000022f34956810 code [0x0000022f34956a80, 0x0000022f34957b30]

GC Heap History (10 events):
Event: 3.982 GC heap before
{Heap before GC invocations=3 (full 0):
 PSYoungGen      total 75264K, used 26943K [0x000000076c380000, 0x0000000771780000, 0x00000007c0000000)
  eden space 64512K, 28% used [0x000000076c380000,0x000000076d5a3ce8,0x0000000770280000)
  from space 10752K, 77% used [0x0000000770d00000,0x000000077152c2c8,0x0000000771780000)
  to   space 10752K, 0% used [0x0000000770280000,0x0000000770280000,0x0000000770d00000)
 ParOldGen       total 172032K, used 88K [0x00000006c4a00000, 0x00000006cf200000, 0x000000076c380000)
  object space 172032K, 0% used [0x00000006c4a00000,0x00000006c4a16010,0x00000006cf200000)
 Metaspace       used 19871K, capacity 21229K, committed 21296K, reserved 1067008K
  class space    used 2608K, capacity 2877K, committed 2944K, reserved 1048576K
Event: 3.987 GC heap after
Heap after GC invocations=3 (full 0):
 PSYoungGen      total 75264K, used 6609K [0x000000076c380000, 0x0000000771780000, 0x00000007c0000000)
  eden space 64512K, 0% used [0x000000076c380000,0x000000076c380000,0x0000000770280000)
  from space 10752K, 61% used [0x0000000770280000,0x00000007708f4650,0x0000000770d00000)
  to   space 10752K, 0% used [0x0000000770d00000,0x0000000770d00000,0x0000000771780000)
 ParOldGen       total 172032K, used 96K [0x00000006c4a00000, 0x00000006cf200000, 0x000000076c380000)
  object space 172032K, 0% used [0x00000006c4a00000,0x00000006c4a18010,0x00000006cf200000)
 Metaspace       used 19871K, capacity 21229K, committed 21296K, reserved 1067008K
  class space    used 2608K, capacity 2877K, committed 2944K, reserved 1048576K
}
Event: 3.987 GC heap before
{Heap before GC invocations=4 (full 1):
 PSYoungGen      total 75264K, used 6609K [0x000000076c380000, 0x0000000771780000, 0x00000007c0000000)
  eden space 64512K, 0% used [0x000000076c380000,0x000000076c380000,0x0000000770280000)
  from space 10752K, 61% used [0x0000000770280000,0x00000007708f4650,0x0000000770d00000)
  to   space 10752K, 0% used [0x0000000770d00000,0x0000000770d00000,0x0000000771780000)
 ParOldGen       total 172032K, used 96K [0x00000006c4a00000, 0x00000006cf200000, 0x000000076c380000)
  object space 172032K, 0% used [0x00000006c4a00000,0x00000006c4a18010,0x00000006cf200000)
 Metaspace       used 19871K, capacity 21229K, committed 21296K, reserved 1067008K
  class space    used 2608K, capacity 2877K, committed 2944K, reserved 1048576K
Event: 4.011 GC heap after
Heap after GC invocations=4 (full 1):
 PSYoungGen      total 75264K, used 0K [0x000000076c380000, 0x0000000771780000, 0x00000007c0000000)
  eden space 64512K, 0% used [0x000000076c380000,0x000000076c380000,0x0000000770280000)
  from space 10752K, 0% used [0x0000000770280000,0x0000000770280000,0x0000000770d00000)
  to   space 10752K, 0% used [0x0000000770d00000,0x0000000770d00000,0x0000000771780000)
 ParOldGen       total 89600K, used 6425K [0x00000006c4a00000, 0x00000006ca180000, 0x000000076c380000)
  object space 89600K, 7% used [0x00000006c4a00000,0x00000006c50466d8,0x00000006ca180000)
 Metaspace       used 19871K, capacity 21229K, committed 21296K, reserved 1067008K
  class space    used 2608K, capacity 2877K, committed 2944K, reserved 1048576K
}
Event: 4.926 GC heap before
{Heap before GC invocations=5 (full 1):
 PSYoungGen      total 75264K, used 64512K [0x000000076c380000, 0x0000000771780000, 0x00000007c0000000)
  eden space 64512K, 100% used [0x000000076c380000,0x0000000770280000,0x0000000770280000)
  from space 10752K, 0% used [0x0000000770280000,0x0000000770280000,0x0000000770d00000)
  to   space 10752K, 0% used [0x0000000770d00000,0x0000000770d00000,0x0000000771780000)
 ParOldGen       total 89600K, used 6425K [0x00000006c4a00000, 0x00000006ca180000, 0x000000076c380000)
  object space 89600K, 7% used [0x00000006c4a00000,0x00000006c50466d8,0x00000006ca180000)
 Metaspace       used 22749K, capacity 24265K, committed 24448K, reserved 1071104K
  class space    used 3119K, capacity 3426K, committed 3456K, reserved 1048576K
Event: 4.950 GC heap after
Heap after GC invocations=5 (full 1):
 PSYoungGen      total 75264K, used 4291K [0x000000076c380000, 0x0000000774680000, 0x00000007c0000000)
  eden space 64512K, 0% used [0x000000076c380000,0x000000076c380000,0x0000000770280000)
  from space 10752K, 39% used [0x0000000770d00000,0x0000000771130db8,0x0000000771780000)
  to   space 10752K, 0% used [0x0000000770280000,0x0000000770280000,0x0000000770d00000)
 ParOldGen       total 89600K, used 6425K [0x00000006c4a00000, 0x00000006ca180000, 0x000000076c380000)
  object space 89600K, 7% used [0x00000006c4a00000,0x00000006c50466d8,0x00000006ca180000)
 Metaspace       used 22749K, capacity 24265K, committed 24448K, reserved 1071104K
  class space    used 3119K, capacity 3426K, committed 3456K, reserved 1048576K
}
Event: 8.387 GC heap before
{Heap before GC invocations=6 (full 1):
 PSYoungGen      total 75264K, used 68803K [0x000000076c380000, 0x0000000774680000, 0x00000007c0000000)
  eden space 64512K, 100% used [0x000000076c380000,0x0000000770280000,0x0000000770280000)
  from space 10752K, 39% used [0x0000000770d00000,0x0000000771130db8,0x0000000771780000)
  to   space 10752K, 0% used [0x0000000770280000,0x0000000770280000,0x0000000770d00000)
 ParOldGen       total 89600K, used 6425K [0x00000006c4a00000, 0x00000006ca180000, 0x000000076c380000)
  object space 89600K, 7% used [0x00000006c4a00000,0x00000006c50466d8,0x00000006ca180000)
 Metaspace       used 27519K, capacity 29127K, committed 29440K, reserved 1075200K
  class space    used 3674K, capacity 3993K, committed 4096K, reserved 1048576K
Event: 8.405 GC heap after
Heap after GC invocations=6 (full 1):
 PSYoungGen      total 75264K, used 8709K [0x000000076c380000, 0x0000000774480000, 0x00000007c0000000)
  eden space 64512K, 0% used [0x000000076c380000,0x000000076c380000,0x0000000770280000)
  from space 10752K, 80% used [0x0000000770280000,0x0000000770b01408,0x0000000770d00000)
  to   space 10752K, 0% used [0x0000000773a00000,0x0000000773a00000,0x0000000774480000)
 ParOldGen       total 89600K, used 6433K [0x00000006c4a00000, 0x00000006ca180000, 0x000000076c380000)
  object space 89600K, 7% used [0x00000006c4a00000,0x00000006c50486d8,0x00000006ca180000)
 Metaspace       used 27519K, capacity 29127K, committed 29440K, reserved 1075200K
  class space    used 3674K, capacity 3993K, committed 4096K, reserved 1048576K
}
Event: 8.745 GC heap before
{Heap before GC invocations=7 (full 1):
 PSYoungGen      total 75264K, used 73221K [0x000000076c380000, 0x0000000774480000, 0x00000007c0000000)
  eden space 64512K, 100% used [0x000000076c380000,0x0000000770280000,0x0000000770280000)
  from space 10752K, 80% used [0x0000000770280000,0x0000000770b01408,0x0000000770d00000)
  to   space 10752K, 0% used [0x0000000773a00000,0x0000000773a00000,0x0000000774480000)
 ParOldGen       total 89600K, used 6433K [0x00000006c4a00000, 0x00000006ca180000, 0x000000076c380000)
  object space 89600K, 7% used [0x00000006c4a00000,0x00000006c50486d8,0x00000006ca180000)
 Metaspace       used 28825K, capacity 30497K, committed 30592K, reserved 1075200K
  class space    used 3833K, capacity 4180K, committed 4224K, reserved 1048576K
Event: 8.754 GC heap after
Heap after GC invocations=7 (full 1):
 PSYoungGen      total 121856K, used 6032K [0x000000076c380000, 0x0000000774580000, 0x00000007c0000000)
  eden space 111104K, 0% used [0x000000076c380000,0x000000076c380000,0x0000000773000000)
  from space 10752K, 56% used [0x0000000773a00000,0x0000000773fe42d8,0x0000000774480000)
  to   space 10240K, 0% used [0x0000000773000000,0x0000000773000000,0x0000000773a00000)
 ParOldGen       total 89600K, used 6441K [0x00000006c4a00000, 0x00000006ca180000, 0x000000076c380000)
  object space 89600K, 7% used [0x00000006c4a00000,0x00000006c504a6d8,0x00000006ca180000)
 Metaspace       used 28825K, capacity 30497K, committed 30592K, reserved 1075200K
  class space    used 3833K, capacity 4180K, committed 4224K, reserved 1048576K
}

Deoptimization events (10 events):
Event: 9.313 Thread 0x0000022f32e56800 Uncommon trap: reason=bimorphic action=maybe_recompile pc=0x0000022f351552b8 method=org.springframework.core.ResolvableType.resolveType()Lorg/springframework/core/ResolvableType; @ 117
Event: 9.317 Thread 0x0000022f32e56800 Uncommon trap: reason=class_check action=maybe_recompile pc=0x0000022f34f5cdb8 method=org.springframework.util.ConcurrentReferenceHashMap$Segment.findInChain(Lorg/springframework/util/ConcurrentReferenceHashMap$Reference;Ljava/lang/Object;I)Lorg/springfra
Event: 9.320 Thread 0x0000022f32e56800 Uncommon trap: reason=class_check action=maybe_recompile pc=0x0000022f34f5cdb8 method=org.springframework.util.ConcurrentReferenceHashMap$Segment.findInChain(Lorg/springframework/util/ConcurrentReferenceHashMap$Reference;Ljava/lang/Object;I)Lorg/springfra
Event: 9.324 Thread 0x0000022f32e56800 Uncommon trap: reason=class_check action=maybe_recompile pc=0x0000022f34f5f644 method=org.springframework.util.ConcurrentReferenceHashMap$Segment.findInChain(Lorg/springframework/util/ConcurrentReferenceHashMap$Reference;Ljava/lang/Object;I)Lorg/springfra
Event: 9.326 Thread 0x0000022f32e56800 Uncommon trap: reason=class_check action=maybe_recompile pc=0x0000022f34f4ba9c method=org.springframework.util.ConcurrentReferenceHashMap$Segment.findInChain(Lorg/springframework/util/ConcurrentReferenceHashMap$Reference;Ljava/lang/Object;I)Lorg/springfra
Event: 10.440 Thread 0x0000022f32e56800 Uncommon trap: reason=unstable_if action=reinterpret pc=0x0000022f348ef1f8 method=org.springframework.beans.factory.support.RootBeanDefinition.getTargetType()Ljava/lang/Class; @ 18
Event: 10.440 Thread 0x0000022f32e56800 Uncommon trap: reason=unstable_if action=reinterpret pc=0x0000022f35128e98 method=org.springframework.beans.factory.support.RootBeanDefinition.getTargetType()Ljava/lang/Class; @ 18
Event: 10.635 Thread 0x0000022f32e56800 Uncommon trap: reason=unstable_if action=reinterpret pc=0x0000022f35113af8 method=org.springframework.beans.factory.support.RootBeanDefinition.getTargetType()Ljava/lang/Class; @ 18
Event: 10.775 Thread 0x0000022f32e56800 Uncommon trap: reason=unstable_if action=reinterpret pc=0x0000022f35136094 method=org.springframework.core.ResolvableType$1.isAssignableFrom(Ljava/lang/Class;)Z @ 15
Event: 10.899 Thread 0x0000022f32e56800 Uncommon trap: reason=unstable_if action=reinterpret pc=0x0000022f34c0cc78 method=org.springframework.beans.factory.support.RootBeanDefinition.getTargetType()Ljava/lang/Class; @ 18

Classes redefined (0 events):
No events

Internal exceptions (10 events):
Event: 4.143 Thread 0x0000022f32e56800 Exception <a 'java/lang/ClassNotFoundException': org/springframework/beans/factory/AwareCustomizer> (0x000000076de73258) thrown at [C:\jenkins\workspace\8-2-build-windows-amd64-cygwin\jdk8u271\605\hotspot\src\share\vm\classfile\systemDictionary.cpp, line 
Event: 4.144 Thread 0x0000022f32e56800 Exception <a 'java/lang/ClassNotFoundException': org/springframework/context/EnvironmentAwareCustomizer> (0x000000076de93510) thrown at [C:\jenkins\workspace\8-2-build-windows-amd64-cygwin\jdk8u271\605\hotspot\src\share\vm\classfile\systemDictionary.cpp, 
Event: 4.144 Thread 0x0000022f32e56800 Exception <a 'java/lang/ClassNotFoundException': org/springframework/beans/factory/AwareCustomizer> (0x000000076deb27a8) thrown at [C:\jenkins\workspace\8-2-build-windows-amd64-cygwin\jdk8u271\605\hotspot\src\share\vm\classfile\systemDictionary.cpp, line 
Event: 6.432 Thread 0x0000022f4fbad800 Exception <a 'java/lang/IncompatibleClassChangeError': Found class java.lang.Object, but interface was expected> (0x000000076ecc82c8) thrown at [C:\jenkins\workspace\8-2-build-windows-amd64-cygwin\jdk8u271\605\hotspot\src\share\vm\interpreter\linkResolver
Event: 8.562 Thread 0x0000022f32e56800 Exception <a 'java/lang/IncompatibleClassChangeError': Found class java.lang.Object, but interface was expected> (0x000000076f06ca28) thrown at [C:\jenkins\workspace\8-2-build-windows-amd64-cygwin\jdk8u271\605\hotspot\src\share\vm\interpreter\linkResolver
Event: 8.581 Thread 0x0000022f32e56800 Exception <a 'java/lang/NoSuchMethodError': java.lang.Object.lambda$getAllAnnotationAttributes$0(Lorg/springframework/util/MultiValueMap;)Lorg/springframework/util/MultiValueMap;> (0x000000076f377948) thrown at [C:\jenkins\workspace\8-2-build-windows-amd6
Event: 8.581 Thread 0x0000022f32e56800 Exception <a 'java/lang/NoSuchMethodError': java.lang.Object.lambda$identity$2(Ljava/lang/Object;)Ljava/lang/Object;> (0x000000076f37b3c8) thrown at [C:\jenkins\workspace\8-2-build-windows-amd64-cygwin\jdk8u271\605\hotspot\src\share\vm\interpreter\linkRes
Event: 8.786 Thread 0x0000022f32e56800 Exception <a 'java/io/FileNotFoundException'> (0x000000076c4f4ac0) thrown at [C:\jenkins\workspace\8-2-build-windows-amd64-cygwin\jdk8u271\605\hotspot\src\share\vm\prims\jni.cpp, line 710]
Event: 9.186 Thread 0x0000022f32e56800 Exception <a 'java/lang/NoSuchMethodError': java.lang.Object.lambda$getRequiredAttribute$0(Ljava/lang/String;)Ljava/lang/IllegalArgumentException;> (0x000000076ff70c10) thrown at [C:\jenkins\workspace\8-2-build-windows-amd64-cygwin\jdk8u271\605\hotspot\sr
Event: 9.453 Thread 0x0000022f32e56800 Exception <a 'java/lang/NoSuchMethodError': java.lang.Object.lambda$and$5([Ljava/lang/Object;)Ljava/util/stream/Stream;> (0x0000000770f590e8) thrown at [C:\jenkins\workspace\8-2-build-windows-amd64-cygwin\jdk8u271\605\hotspot\src\share\vm\interpreter\link

Events (10 events):
Event: 11.550 loading class org/springframework/boot/autoconfigure/transaction/PlatformTransactionManagerCustomizer
Event: 11.550 loading class org/springframework/boot/autoconfigure/transaction/PlatformTransactionManagerCustomizer done
Event: 11.556 loading class org/springframework/transaction/support/TransactionTemplate
Event: 11.556 loading class org/springframework/transaction/support/TransactionTemplate done
Event: 11.574 loading class org/springframework/boot/autoconfigure/transaction/TransactionAutoConfiguration
Event: 11.574 loading class org/springframework/boot/autoconfigure/transaction/TransactionAutoConfiguration done
Event: 11.582 loading class org/springframework/transaction/ReactiveTransactionManager
Event: 11.582 loading class org/springframework/transaction/ReactiveTransactionManager done
Event: 11.589 loading class org/springframework/transaction/reactive/TransactionalOperator
Event: 11.589 loading class org/springframework/transaction/reactive/TransactionalOperator done


Dynamic libraries:
0x00007ff733d50000 - 0x00007ff733d97000 	C:\Program Files\Java\jdk1.8.0_271\jre\bin\java.exe
0x00007ff85d600000 - 0x00007ff85d7f0000 	C:\Windows\SYSTEM32\ntdll.dll
0x00007ff81ac00000 - 0x00007ff81ac15000 	C:\Program Files\Avast Software\Avast\aswhook.dll
0x00007ff85be00000 - 0x00007ff85beb2000 	C:\Windows\System32\KERNEL32.DLL
0x00007ff85b260000 - 0x00007ff85b505000 	C:\Windows\System32\KERNELBASE.dll
0x00007ff85b850000 - 0x00007ff85b8f3000 	C:\Windows\System32\ADVAPI32.dll
0x00007ff85cb10000 - 0x00007ff85cbae000 	C:\Windows\System32\msvcrt.dll
0x00007ff85bf20000 - 0x00007ff85bfb7000 	C:\Windows\System32\sechost.dll
0x00007ff85c750000 - 0x00007ff85c86f000 	C:\Windows\System32\RPCRT4.dll
0x00007ff85b6b0000 - 0x00007ff85b844000 	C:\Windows\System32\USER32.dll
0x00007ff85a8c0000 - 0x00007ff85a8e1000 	C:\Windows\System32\win32u.dll
0x00007ff85c8f0000 - 0x00007ff85c916000 	C:\Windows\System32\GDI32.dll
0x00007ff85a620000 - 0x00007ff85a7b8000 	C:\Windows\System32\gdi32full.dll
0x00007ff85b510000 - 0x00007ff85b5ae000 	C:\Windows\System32\msvcp_win.dll
0x00007ff85b5b0000 - 0x00007ff85b6aa000 	C:\Windows\System32\ucrtbase.dll
0x00007ff845220000 - 0x00007ff8454a4000 	C:\Windows\WinSxS\amd64_microsoft.windows.common-controls_6595b64144ccf1df_6.0.18362.1556_none_9e7e372fe45e41d5\COMCTL32.dll
0x00007ff85bac0000 - 0x00007ff85bdf6000 	C:\Windows\System32\combase.dll
0x00007ff85b070000 - 0x00007ff85b0f1000 	C:\Windows\System32\bcryptPrimitives.dll
0x00007ff85ccf0000 - 0x00007ff85cd1e000 	C:\Windows\System32\IMM32.DLL
0x00007ff851520000 - 0x00007ff851535000 	C:\Program Files\Java\jdk1.8.0_271\jre\bin\vcruntime140.dll
0x00007ff815140000 - 0x00007ff8151db000 	C:\Program Files\Java\jdk1.8.0_271\jre\bin\msvcp140.dll
0x000000006d950000 - 0x000000006e1bf000 	C:\Program Files\Java\jdk1.8.0_271\jre\bin\server\jvm.dll
0x00007ff85c040000 - 0x00007ff85c048000 	C:\Windows\System32\PSAPI.DLL
0x00007ff843050000 - 0x00007ff843059000 	C:\Windows\SYSTEM32\WSOCK32.dll
0x00007ff85d0e0000 - 0x00007ff85d14f000 	C:\Windows\System32\WS2_32.dll
0x00007ff852230000 - 0x00007ff852254000 	C:\Windows\SYSTEM32\WINMM.dll
0x00007ff84e850000 - 0x00007ff84e85a000 	C:\Windows\SYSTEM32\VERSION.dll
0x00007ff852200000 - 0x00007ff85222d000 	C:\Windows\SYSTEM32\WINMMBASE.dll
0x00007ff85a870000 - 0x00007ff85a8ba000 	C:\Windows\System32\cfgmgr32.dll
0x00007ff85a4c0000 - 0x00007ff85a4d1000 	C:\Windows\System32\kernel.appcore.dll
0x00007ff852060000 - 0x00007ff852070000 	C:\Program Files\Java\jdk1.8.0_271\jre\bin\verify.dll
0x00007ff844900000 - 0x00007ff84492b000 	C:\Program Files\Java\jdk1.8.0_271\jre\bin\java.dll
0x00007ff850580000 - 0x00007ff850598000 	C:\Program Files\Java\jdk1.8.0_271\jre\bin\zip.dll
0x00007ff85c060000 - 0x00007ff85c747000 	C:\Windows\System32\SHELL32.dll
0x00007ff85d010000 - 0x00007ff85d0b8000 	C:\Windows\System32\shcore.dll
0x00007ff85a8f0000 - 0x00007ff85b06b000 	C:\Windows\System32\windows.storage.dll
0x00007ff85a500000 - 0x00007ff85a51e000 	C:\Windows\System32\profapi.dll
0x00007ff85a520000 - 0x00007ff85a56a000 	C:\Windows\System32\powrprof.dll
0x00007ff85a4b0000 - 0x00007ff85a4c0000 	C:\Windows\System32\UMPDC.dll
0x00007ff85ba60000 - 0x00007ff85bab2000 	C:\Windows\System32\shlwapi.dll
0x00007ff85a850000 - 0x00007ff85a867000 	C:\Windows\System32\cryptsp.dll
0x00007ff84bcc0000 - 0x00007ff84bccd000 	C:\Program Files\Java\jdk1.8.0_271\jre\bin\management.dll
0x00007ff8488a0000 - 0x00007ff8488bc000 	C:\Program Files\Java\jdk1.8.0_271\jre\bin\net.dll
0x00007ff859cf0000 - 0x00007ff859d57000 	C:\Windows\system32\mswsock.dll
0x00007ff8446b0000 - 0x00007ff8446c3000 	C:\Program Files\Java\jdk1.8.0_271\jre\bin\nio.dll
0x00007ff839990000 - 0x00007ff8399a6000 	C:\Windows\system32\napinsp.dll
0x00007ff839970000 - 0x00007ff83998a000 	C:\Windows\system32\pnrpnsp.dll
0x00007ff859a40000 - 0x00007ff859b0b000 	C:\Windows\SYSTEM32\DNSAPI.dll
0x00007ff85cf30000 - 0x00007ff85cf38000 	C:\Windows\System32\NSI.dll
0x00007ff859a00000 - 0x00007ff859a3a000 	C:\Windows\SYSTEM32\IPHLPAPI.DLL
0x00007ff839960000 - 0x00007ff83996e000 	C:\Windows\System32\winrnr.dll
0x00007ff853080000 - 0x00007ff85309c000 	C:\Windows\system32\NLAapi.dll
0x00007ff852260000 - 0x00007ff852275000 	C:\Windows\system32\wshbth.dll
0x00007ff84f690000 - 0x00007ff84f69a000 	C:\Windows\System32\rasadhlp.dll
0x00007ff84b8c0000 - 0x00007ff84b937000 	C:\Windows\System32\fwpuclnt.dll
0x00007ff85a7c0000 - 0x00007ff85a7e6000 	C:\Windows\System32\bcrypt.dll
0x00007ff858c80000 - 0x00007ff858e74000 	C:\Windows\SYSTEM32\dbghelp.dll

VM Arguments:
java_command: C:\Users\KUDZAI~1\AppData\Local\Temp\surefire3359654331978379362\surefirebooter2448693929474745981.jar C:\Users\Kudzai Macheyo\AppData\Local\Temp\surefire3359654331978379362 2021-10-25T15-18-31_438-jvmRun1 surefire5957721700493428792tmp surefire_08663869538372295694tmp
java_class_path (initial): C:\Users\KUDZAI~1\AppData\Local\Temp\surefire3359654331978379362\surefirebooter2448693929474745981.jar
Launcher Type: SUN_STANDARD

Environment Variables:
JAVA_HOME=C:\Program Files\Java\jdk1.8.0_271
PATH=C:\Program Files (x86)\Common Files\Oracle\Java\javapath;C:\Windows\system32;C:\Windows;C:\Windows\System32\Wbem;C:\Windows\System32\WindowsPowerShell\v1.0\;C:\Windows\System32\OpenSSH\;C:\Program Files\Java\jdk1.8.0_271;C:\Program Files\Maven\apache-maven-3.6.3;C:\Program Files\Maven\apache-maven-3.6.3\bin;%M2%;C:\Program Files\Java\jdk1.8.0_271\bin;C:\Program Files\Git\cmd;C:\Program Files\nodejs\;C:\Users\Kudzai Macheyo\AppData\Local\Microsoft\WindowsApps;C:\Program Files\JetBrains\IntelliJ IDEA Community Edition 2021.2\bin;;C:\Users\Kudzai Macheyo\AppData\Local\Google\Cloud SDK\google-cloud-sdk\bin;C:\Users\Kudzai Macheyo\AppData\Roaming\npm
USERNAME=Kudzai Macheyo
OS=Windows_NT
PROCESSOR_IDENTIFIER=Intel64 Family 6 Model 158 Stepping 13, GenuineIntel



---------------  S Y S T E M  ---------------

OS: Windows 10.0 , 64 bit Build 18362 (10.0.18362.1500)

CPU:total 8 (initial active 8) (4 cores per cpu, 2 threads per core) family 6 model 158 stepping 13, cmov, cx8, fxsr, mmx, sse, sse2, sse3, ssse3, sse4.1, sse4.2, popcnt, avx, avx2, aes, clmul, erms, 3dnowpref, lzcnt, ht, tsc, tscinvbit, bmi1, bmi2, adx

Memory: 4k page, physical 16472776k(1139284k free), swap 28792192k(5220k free)

vm_info: Java HotSpot(TM) 64-Bit Server VM (25.271-b09) for windows-amd64 JRE (1.8.0_271-b09), built on Sep 16 2020 19:14:59 by "" with MS VC++ 15.9 (VS2017)

time: Mon Oct 25 15:18:44 2021
timezone: South Africa Standard Time
elapsed time: 11.683558 seconds (0d 0h 0m 11s)

