#
# There is insufficient memory for the Java Runtime Environment to continue.
# Native memory allocation (malloc) failed to allocate 1091536 bytes for Chunk::new
# Possible reasons:
#   The system is out of physical RAM or swap space
#   The process is running with CompressedOops enabled, and the Java Heap may be blocking the growth of the native heap
# Possible solutions:
#   Reduce memory load on the system
#   Increase physical memory or swap space
#   Check if swap backing store is full
#   Decrease Java heap size (-Xmx/-Xms)
#   Decrease number of Java threads
#   Decrease Java thread stack sizes (-Xss)
#   Set larger code cache with -XX:ReservedCodeCacheSize=
#   JVM is running with Zero Based Compressed Oops mode in which the Java heap is
#     placed in the first 32GB address space. The Java Heap base address is the
#     maximum limit for the native heap growth. Please use -XX:HeapBaseMinAddress
#     to set the Java Heap base and to place the Java Heap above 32GB virtual address.
# This output file may be truncated or incomplete.
#
#  Out of Memory Error (allocation.cpp:389), pid=20912, tid=0x000000000000309c
#
# JRE version: Java(TM) SE Runtime Environment (8.0_271-b09) (build 1.8.0_271-b09)
# Java VM: Java HotSpot(TM) 64-Bit Server VM (25.271-b09 mixed mode windows-amd64 compressed oops)
# Failed to write core dump. Minidumps are not enabled by default on client versions of Windows
#

---------------  T H R E A D  ---------------

Current thread (0x00000206ca3d9000):  JavaThread "C2 CompilerThread0" daemon [_thread_in_native, id=12444, stack(0x00000020b1b00000,0x00000020b1c00000)]

Stack: [0x00000020b1b00000,0x00000020b1c00000]
Native frames: (J=compiled Java code, j=interpreted, Vv=VM code, C=native code)
V  [jvm.dll+0x33f6c9]
V  [jvm.dll+0x286122]
V  [jvm.dll+0x286dcd]
V  [jvm.dll+0x27d805]
V  [jvm.dll+0xe574c]
V  [jvm.dll+0xe5f4c]
V  [jvm.dll+0x480043]
V  [jvm.dll+0x447c30]
V  [jvm.dll+0x450c25]
V  [jvm.dll+0x44ffe5]
V  [jvm.dll+0x43aef7]
V  [jvm.dll+0xbc3eb]
V  [jvm.dll+0xbaa4b]
V  [jvm.dll+0x24e7c2]
V  [jvm.dll+0x2a2dcc]
C  [ucrtbase.dll+0x210b2]
C  [KERNEL32.DLL+0x17c24]
C  [ntdll.dll+0x6d721]


Current CompileTask:
C2:  45660 8505       4       org.springframework.core.ResolvableType::equals (157 bytes)


---------------  P R O C E S S  ---------------

Java Threads: ( => current thread )
  0x00000206ccfe1800 JavaThread "HikariPool-1 housekeeper" daemon [_thread_blocked, id=24896, stack(0x00000020b2500000,0x00000020b2600000)]
  0x00000206ccfe1000 JavaThread "mysql-cj-abandoned-connection-cleanup" daemon [_thread_blocked, id=19600, stack(0x00000020b2300000,0x00000020b2400000)]
  0x00000206cb8f3000 JavaThread "surefire-forkedjvm-ping-30s" daemon [_thread_in_native, id=21528, stack(0x00000020b2200000,0x00000020b2300000)]
  0x00000206cb8b7000 JavaThread "surefire-forkedjvm-command-thread" daemon [_thread_in_native, id=16224, stack(0x00000020b2100000,0x00000020b2200000)]
  0x00000206cb788800 JavaThread "Service Thread" daemon [_thread_blocked, id=21796, stack(0x00000020b1f00000,0x00000020b2000000)]
  0x00000206ca3ed800 JavaThread "C1 CompilerThread3" daemon [_thread_blocked, id=29312, stack(0x00000020b1e00000,0x00000020b1f00000)]
  0x00000206ca3e6800 JavaThread "C2 CompilerThread2" daemon [_thread_in_native, id=13820, stack(0x00000020b1d00000,0x00000020b1e00000)]
  0x00000206ca3db000 JavaThread "C2 CompilerThread1" daemon [_thread_in_native, id=9308, stack(0x00000020b1c00000,0x00000020b1d00000)]
=>0x00000206ca3d9000 JavaThread "C2 CompilerThread0" daemon [_thread_in_native, id=12444, stack(0x00000020b1b00000,0x00000020b1c00000)]
  0x00000206ca3d2800 JavaThread "Attach Listener" daemon [_thread_blocked, id=2136, stack(0x00000020b1a00000,0x00000020b1b00000)]
  0x00000206ca3d1800 JavaThread "Signal Dispatcher" daemon [_thread_blocked, id=26552, stack(0x00000020b1900000,0x00000020b1a00000)]
  0x00000206c97be000 JavaThread "Finalizer" daemon [_thread_blocked, id=2852, stack(0x00000020b1800000,0x00000020b1900000)]
  0x00000206ca3aa000 JavaThread "Reference Handler" daemon [_thread_blocked, id=8904, stack(0x00000020b1700000,0x00000020b1800000)]
  0x00000206aef87800 JavaThread "main" [_thread_in_vm, id=27076, stack(0x00000020b0d00000,0x00000020b0e00000)]

Other Threads:
  0x00000206ca384000 VMThread [stack: 0x00000020b1600000,0x00000020b1700000] [id=18944]
  0x00000206ca45b800 WatcherThread [stack: 0x00000020b2000000,0x00000020b2100000] [id=24504]

VM state:not at safepoint (normal execution)

VM Mutex/Monitor currently owned by a thread: None

heap address: 0x00000006c4a00000, size: 4022 MB, Compressed Oops mode: Zero based, Oop shift amount: 3
Narrow klass base: 0x0000000000000000, Narrow klass shift: 3
Compressed class space size: 1073741824 Address: 0x00000007c0000000

Heap:
 PSYoungGen      total 350720K, used 285223K [0x000000076c380000, 0x0000000787080000, 0x00000007c0000000)
  eden space 330752K, 80% used [0x000000076c380000,0x000000077c68f5b8,0x0000000780680000)
  from space 19968K, 99% used [0x0000000781d80000,0x00000007830fa978,0x0000000783100000)
  to   space 23552K, 0% used [0x0000000780680000,0x0000000780680000,0x0000000781d80000)
 ParOldGen       total 211968K, used 32313K [0x00000006c4a00000, 0x00000006d1900000, 0x000000076c380000)
  object space 211968K, 15% used [0x00000006c4a00000,0x00000006c698e608,0x00000006d1900000)
 Metaspace       used 78030K, capacity 82610K, committed 82688K, reserved 1120256K
  class space    used 10987K, capacity 11744K, committed 11776K, reserved 1048576K

Card table byte_map: [0x00000206bfc10000,0x00000206c03f0000] byte_map_base: 0x00000206bc5eb000

Marking Bits: (ParMarkBitMap*) 0x0000000058287fe0
 Begin Bits: [0x00000206c0930000, 0x00000206c4808000)
 End Bits:   [0x00000206c4808000, 0x00000206c86e0000)

Polling page: 0x00000206aef10000

CodeCache: size=245760Kb used=27425Kb max_used=28040Kb free=218334Kb
 bounds [0x00000206b0850000, 0x00000206b23e0000, 0x00000206bf850000]
 total_blobs=7930 nmethods=7345 adapters=496
 compilation: enabled

Compilation events (10 events):
Event: 45.633 Thread 0x00000206ca3ed800 8575       2       org.springframework.data.jpa.repository.support.CrudMethodMetadataPostProcessor$CrudMethodMetadataPopulatingMethodInterceptor::lambda$new$0 (16 bytes)
Event: 45.633 Thread 0x00000206ca3ed800 nmethod 8575 0x00000206b10f5c50 code [0x00000206b10f5dc0, 0x00000206b10f5f30]
Event: 45.633 Thread 0x00000206ca3ed800 8576       2       org.springframework.data.repository.core.support.DefaultRepositoryInformation$$Lambda$1233/2097702021::get$Lambda (9 bytes)
Event: 45.633 Thread 0x00000206ca3ed800 nmethod 8576 0x00000206b1b8e590 code [0x00000206b1b8e6e0, 0x00000206b1b8e878]
Event: 45.634 Thread 0x00000206ca3ed800 8577       2       org.springframework.data.util.AnnotationDetectionMethodCallback::doWith (91 bytes)
Event: 45.635 Thread 0x00000206ca3ed800 nmethod 8577 0x00000206b13e0c50 code [0x00000206b13e0e40, 0x00000206b13e1680]
Event: 45.636 Thread 0x00000206ca3ed800 8578       2       org.springframework.data.util.Pair::of (10 bytes)
Event: 45.636 Thread 0x00000206ca3ed800 nmethod 8578 0x00000206b14a8e10 code [0x00000206b14a8fa0, 0x00000206b14a92e0]
Event: 45.636 Thread 0x00000206ca3ed800 8579       2       org.springframework.data.util.Pair::<init> (27 bytes)
Event: 45.637 Thread 0x00000206ca3ed800 nmethod 8579 0x00000206b0d33e50 code [0x00000206b0d33fe0, 0x00000206b0d342e0]

GC Heap History (10 events):
Event: 13.015 GC heap before
{Heap before GC invocations=9 (full 2):
 PSYoungGen      total 202240K, used 7544K [0x000000076c380000, 0x0000000782100000, 0x00000007c0000000)
  eden space 188928K, 0% used [0x000000076c380000,0x000000076c380000,0x0000000777c00000)
  from space 13312K, 56% used [0x0000000777c00000,0x000000077835e000,0x0000000778900000)
  to   space 12800K, 0% used [0x0000000781480000,0x0000000781480000,0x0000000782100000)
 ParOldGen       total 92672K, used 7357K [0x00000006c4a00000, 0x00000006ca480000, 0x000000076c380000)
  object space 92672K, 7% used [0x00000006c4a00000,0x00000006c512f708,0x00000006ca480000)
 Metaspace       used 33474K, capacity 35478K, committed 35496K, reserved 1079296K
  class space    used 4474K, capacity 4862K, committed 4864K, reserved 1048576K
Event: 13.258 GC heap after
Heap after GC invocations=9 (full 2):
 PSYoungGen      total 202240K, used 0K [0x000000076c380000, 0x0000000782100000, 0x00000007c0000000)
  eden space 188928K, 0% used [0x000000076c380000,0x000000076c380000,0x0000000777c00000)
  from space 13312K, 0% used [0x0000000777c00000,0x0000000777c00000,0x0000000778900000)
  to   space 12800K, 0% used [0x0000000781480000,0x0000000781480000,0x0000000782100000)
 ParOldGen       total 144896K, used 12765K [0x00000006c4a00000, 0x00000006cd780000, 0x000000076c380000)
  object space 144896K, 8% used [0x00000006c4a00000,0x00000006c5677410,0x00000006cd780000)
 Metaspace       used 33474K, capacity 35478K, committed 35496K, reserved 1079296K
  class space    used 4474K, capacity 4862K, committed 4864K, reserved 1048576K
}
Event: 20.544 GC heap before
{Heap before GC invocations=10 (full 2):
 PSYoungGen      total 202240K, used 188928K [0x000000076c380000, 0x0000000782100000, 0x00000007c0000000)
  eden space 188928K, 100% used [0x000000076c380000,0x0000000777c00000,0x0000000777c00000)
  from space 13312K, 0% used [0x0000000777c00000,0x0000000777c00000,0x0000000778900000)
  to   space 12800K, 0% used [0x0000000781480000,0x0000000781480000,0x0000000782100000)
 ParOldGen       total 144896K, used 12765K [0x00000006c4a00000, 0x00000006cd780000, 0x000000076c380000)
  object space 144896K, 8% used [0x00000006c4a00000,0x00000006c5677410,0x00000006cd780000)
 Metaspace       used 49611K, capacity 52194K, committed 52608K, reserved 1095680K
  class space    used 6775K, capacity 7244K, committed 7296K, reserved 1048576K
Event: 20.557 GC heap after
Heap after GC invocations=10 (full 2):
 PSYoungGen      total 279040K, used 12792K [0x000000076c380000, 0x0000000782100000, 0x00000007c0000000)
  eden space 266240K, 0% used [0x000000076c380000,0x000000076c380000,0x000000077c780000)
  from space 12800K, 99% used [0x0000000781480000,0x00000007820fe358,0x0000000782100000)
  to   space 16896K, 0% used [0x0000000780000000,0x0000000780000000,0x0000000781080000)
 ParOldGen       total 144896K, used 19182K [0x00000006c4a00000, 0x00000006cd780000, 0x000000076c380000)
  object space 144896K, 13% used [0x00000006c4a00000,0x00000006c5cbbac0,0x00000006cd780000)
 Metaspace       used 49611K, capacity 52194K, committed 52608K, reserved 1095680K
  class space    used 6775K, capacity 7244K, committed 7296K, reserved 1048576K
}
Event: 22.149 GC heap before
{Heap before GC invocations=11 (full 2):
 PSYoungGen      total 279040K, used 115330K [0x000000076c380000, 0x0000000782100000, 0x00000007c0000000)
  eden space 266240K, 38% used [0x000000076c380000,0x00000007727a25b0,0x000000077c780000)
  from space 12800K, 99% used [0x0000000781480000,0x00000007820fe358,0x0000000782100000)
  to   space 16896K, 0% used [0x0000000780000000,0x0000000780000000,0x0000000781080000)
 ParOldGen       total 144896K, used 19182K [0x00000006c4a00000, 0x00000006cd780000, 0x000000076c380000)
  object space 144896K, 13% used [0x00000006c4a00000,0x00000006c5cbbac0,0x00000006cd780000)
 Metaspace       used 56312K, capacity 58954K, committed 59136K, reserved 1099776K
  class space    used 7957K, capacity 8440K, committed 8448K, reserved 1048576K
Event: 22.178 GC heap after
Heap after GC invocations=11 (full 2):
 PSYoungGen      total 340992K, used 16866K [0x000000076c380000, 0x0000000783100000, 0x00000007c0000000)
  eden space 324096K, 0% used [0x000000076c380000,0x000000076c380000,0x0000000780000000)
  from space 16896K, 99% used [0x0000000780000000,0x00000007810789e8,0x0000000781080000)
  to   space 19968K, 0% used [0x0000000781d80000,0x0000000781d80000,0x0000000783100000)
 ParOldGen       total 144896K, used 20782K [0x00000006c4a00000, 0x00000006cd780000, 0x000000076c380000)
  object space 144896K, 14% used [0x00000006c4a00000,0x00000006c5e4bb38,0x00000006cd780000)
 Metaspace       used 56312K, capacity 58954K, committed 59136K, reserved 1099776K
  class space    used 7957K, capacity 8440K, committed 8448K, reserved 1048576K
}
Event: 22.178 GC heap before
{Heap before GC invocations=12 (full 3):
 PSYoungGen      total 340992K, used 16866K [0x000000076c380000, 0x0000000783100000, 0x00000007c0000000)
  eden space 324096K, 0% used [0x000000076c380000,0x000000076c380000,0x0000000780000000)
  from space 16896K, 99% used [0x0000000780000000,0x00000007810789e8,0x0000000781080000)
  to   space 19968K, 0% used [0x0000000781d80000,0x0000000781d80000,0x0000000783100000)
 ParOldGen       total 144896K, used 20782K [0x00000006c4a00000, 0x00000006cd780000, 0x000000076c380000)
  object space 144896K, 14% used [0x00000006c4a00000,0x00000006c5e4bb38,0x00000006cd780000)
 Metaspace       used 56312K, capacity 58954K, committed 59136K, reserved 1099776K
  class space    used 7957K, capacity 8440K, committed 8448K, reserved 1048576K
Event: 22.404 GC heap after
Heap after GC invocations=12 (full 3):
 PSYoungGen      total 340992K, used 0K [0x000000076c380000, 0x0000000783100000, 0x00000007c0000000)
  eden space 324096K, 0% used [0x000000076c380000,0x000000076c380000,0x0000000780000000)
  from space 16896K, 0% used [0x0000000780000000,0x0000000780000000,0x0000000781080000)
  to   space 19968K, 0% used [0x0000000781d80000,0x0000000781d80000,0x0000000783100000)
 ParOldGen       total 211968K, used 29501K [0x00000006c4a00000, 0x00000006d1900000, 0x000000076c380000)
  object space 211968K, 13% used [0x00000006c4a00000,0x00000006c66cf7e8,0x00000006d1900000)
 Metaspace       used 56312K, capacity 58954K, committed 59136K, reserved 1099776K
  class space    used 7957K, capacity 8440K, committed 8448K, reserved 1048576K
}
Event: 36.895 GC heap before
{Heap before GC invocations=13 (full 3):
 PSYoungGen      total 340992K, used 324096K [0x000000076c380000, 0x0000000783100000, 0x00000007c0000000)
  eden space 324096K, 100% used [0x000000076c380000,0x0000000780000000,0x0000000780000000)
  from space 16896K, 0% used [0x0000000780000000,0x0000000780000000,0x0000000781080000)
  to   space 19968K, 0% used [0x0000000781d80000,0x0000000781d80000,0x0000000783100000)
 ParOldGen       total 211968K, used 29501K [0x00000006c4a00000, 0x00000006d1900000, 0x000000076c380000)
  object space 211968K, 13% used [0x00000006c4a00000,0x00000006c66cf7e8,0x00000006d1900000)
 Metaspace       used 69437K, capacity 72544K, committed 72576K, reserved 1112064K
  class space    used 9812K, capacity 10363K, committed 10368K, reserved 1048576K
Event: 36.928 GC heap after
Heap after GC invocations=13 (full 3):
 PSYoungGen      total 350720K, used 19946K [0x000000076c380000, 0x0000000787080000, 0x00000007c0000000)
  eden space 330752K, 0% used [0x000000076c380000,0x000000076c380000,0x0000000780680000)
  from space 19968K, 99% used [0x0000000781d80000,0x00000007830fa978,0x0000000783100000)
  to   space 23552K, 0% used [0x0000000780680000,0x0000000780680000,0x0000000781d80000)
 ParOldGen       total 211968K, used 32313K [0x00000006c4a00000, 0x00000006d1900000, 0x000000076c380000)
  object space 211968K, 15% used [0x00000006c4a00000,0x00000006c698e608,0x00000006d1900000)
 Metaspace       used 69437K, capacity 72544K, committed 72576K, reserved 1112064K
  class space    used 9812K, capacity 10363K, committed 10368K, reserved 1048576K
}

Deoptimization events (10 events):
Event: 44.209 Thread 0x00000206aef87800 Uncommon trap: reason=unstable_if action=reinterpret pc=0x00000206b15ee368 method=java.util.regex.Matcher.match(II)Z @ 30
Event: 44.228 Thread 0x00000206aef87800 Uncommon trap: reason=predicate action=maybe_recompile pc=0x00000206b0ea5aec method=java.util.StringTokenizer.skipDelimiters(I)I @ 17
Event: 44.228 Thread 0x00000206aef87800 Uncommon trap: reason=unstable_if action=reinterpret pc=0x00000206b0ca4d4c method=java.util.StringTokenizer.scanToken(I)I @ 96
Event: 44.228 Thread 0x00000206aef87800 Uncommon trap: reason=predicate action=maybe_recompile pc=0x00000206b0efb54c method=java.util.StringTokenizer.skipDelimiters(I)I @ 17
Event: 44.228 Thread 0x00000206aef87800 Uncommon trap: reason=unstable_if action=reinterpret pc=0x00000206b0eae32c method=java.util.StringTokenizer.scanToken(I)I @ 96
Event: 44.277 Thread 0x00000206aef87800 Uncommon trap: reason=class_check action=maybe_recompile pc=0x00000206b1aceb90 method=java.util.Hashtable.get(Ljava/lang/Object;)Ljava/lang/Object; @ 6
Event: 44.282 Thread 0x00000206aef87800 Uncommon trap: reason=class_check action=maybe_recompile pc=0x00000206b1aceb90 method=java.util.Hashtable.get(Ljava/lang/Object;)Ljava/lang/Object; @ 6
Event: 44.282 Thread 0x00000206aef87800 Uncommon trap: reason=class_check action=maybe_recompile pc=0x00000206b1aceb90 method=java.util.Hashtable.get(Ljava/lang/Object;)Ljava/lang/Object; @ 6
Event: 44.282 Thread 0x00000206aef87800 Uncommon trap: reason=class_check action=maybe_recompile pc=0x00000206b1aceb90 method=java.util.Hashtable.get(Ljava/lang/Object;)Ljava/lang/Object; @ 6
Event: 44.286 Thread 0x00000206aef87800 Uncommon trap: reason=unstable_if action=reinterpret pc=0x00000206b1185b94 method=java.util.regex.Pattern$Curly.match0(Ljava/util/regex/Matcher;IILjava/lang/CharSequence;)Z @ 5

Classes redefined (0 events):
No events

Internal exceptions (10 events):
Event: 45.535 Thread 0x00000206aef87800 Exception <a 'java/lang/reflect/InvocationTargetException'> (0x000000077b68fe30) thrown at [C:\jenkins\workspace\8-2-build-windows-amd64-cygwin\jdk8u271\605\hotspot\src\share\vm\runtime\reflection.cpp, line 1092]
Event: 45.538 Thread 0x00000206aef87800 Exception <a 'java/lang/reflect/InvocationTargetException'> (0x000000077b6a3570) thrown at [C:\jenkins\workspace\8-2-build-windows-amd64-cygwin\jdk8u271\605\hotspot\src\share\vm\runtime\reflection.cpp, line 1092]
Event: 45.539 Thread 0x00000206aef87800 Exception <a 'java/lang/reflect/InvocationTargetException'> (0x000000077b6b1e20) thrown at [C:\jenkins\workspace\8-2-build-windows-amd64-cygwin\jdk8u271\605\hotspot\src\share\vm\runtime\reflection.cpp, line 1092]
Event: 45.599 Thread 0x00000206aef87800 Exception <a 'java/lang/reflect/InvocationTargetException'> (0x000000077bcdcdf0) thrown at [C:\jenkins\workspace\8-2-build-windows-amd64-cygwin\jdk8u271\605\hotspot\src\share\vm\runtime\reflection.cpp, line 1092]
Event: 45.600 Thread 0x00000206aef87800 Exception <a 'java/lang/reflect/InvocationTargetException'> (0x000000077bcebd28) thrown at [C:\jenkins\workspace\8-2-build-windows-amd64-cygwin\jdk8u271\605\hotspot\src\share\vm\runtime\reflection.cpp, line 1092]
Event: 45.623 Thread 0x00000206aef87800 Exception <a 'java/lang/ClassNotFoundException': java/lang/ObjectCustomizer> (0x000000077bdbd1f8) thrown at [C:\jenkins\workspace\8-2-build-windows-amd64-cygwin\jdk8u271\605\hotspot\src\share\vm\classfile\systemDictionary.cpp, line 212]
Event: 45.624 Thread 0x00000206aef87800 Exception <a 'java/lang/ClassNotFoundException': zw/co/cassavasmartech/ecocashchatbotcore/model/AbstractAuditingEntityCustomizer> (0x000000077bdeb800) thrown at [C:\jenkins\workspace\8-2-build-windows-amd64-cygwin\jdk8u271\605\hotspot\src\share\vm\classfi
Event: 45.625 Thread 0x00000206aef87800 Exception <a 'java/lang/ClassNotFoundException': zw/co/cassavasmartech/ecocashchatbotcore/model/BaseEntityCustomizer> (0x000000077be1f800) thrown at [C:\jenkins\workspace\8-2-build-windows-amd64-cygwin\jdk8u271\605\hotspot\src\share\vm\classfile\systemDic
Event: 45.625 Thread 0x00000206aef87800 Exception <a 'java/lang/ClassNotFoundException': zw/co/cassavasmartech/ecocashchatbotcore/model/PartnerCustomizer> (0x000000077be4cef0) thrown at [C:\jenkins\workspace\8-2-build-windows-amd64-cygwin\jdk8u271\605\hotspot\src\share\vm\classfile\systemDictio
Event: 45.635 Thread 0x00000206aef87800 Exception <a 'java/lang/reflect/InvocationTargetException'> (0x000000077bfc1208) thrown at [C:\jenkins\workspace\8-2-build-windows-amd64-cygwin\jdk8u271\605\hotspot\src\share\vm\runtime\reflection.cpp, line 1092]

Events (10 events):
Event: 45.625 loading class zw/co/cassavasmartech/ecocashchatbotcore/model/BaseEntityCustomizer
Event: 45.625 loading class zw/co/cassavasmartech/ecocashchatbotcore/model/BaseEntityCustomizer done
Event: 45.625 loading class zw/co/cassavasmartech/ecocashchatbotcore/model/PartnerCustomizer
Event: 45.625 loading class zw/co/cassavasmartech/ecocashchatbotcore/model/PartnerCustomizer done
Event: 45.625 loading class zw/co/cassavasmartech/ecocashchatbotcore/model/PartnerCustomizer
Event: 45.625 loading class zw/co/cassavasmartech/ecocashchatbotcore/model/PartnerCustomizer done
Event: 45.625 loading class zw/co/cassavasmartech/ecocashchatbotcore/model/PartnerCustomizer
Event: 45.625 loading class zw/co/cassavasmartech/ecocashchatbotcore/model/PartnerCustomizer done
Event: 45.631 loading class zw/co/cassavasmartech/ecocashchatbotcore/security/partner/package-info
Event: 45.631 loading class zw/co/cassavasmartech/ecocashchatbotcore/security/partner/package-info done


Dynamic libraries:
0x00007ff78ada0000 - 0x00007ff78ade7000 	C:\Program Files\Java\jdk1.8.0_271\jre\bin\java.exe
0x00007ffd4cc20000 - 0x00007ffd4ce10000 	C:\Windows\SYSTEM32\ntdll.dll
0x00007ffd4b320000 - 0x00007ffd4b3d2000 	C:\Windows\System32\KERNEL32.DLL
0x00007ffd49c90000 - 0x00007ffd49f35000 	C:\Windows\System32\KERNELBASE.dll
0x00007ffd4ca00000 - 0x00007ffd4caa3000 	C:\Windows\System32\ADVAPI32.dll
0x00007ffd4c750000 - 0x00007ffd4c7ee000 	C:\Windows\System32\msvcrt.dll
0x00007ffd4af20000 - 0x00007ffd4afb7000 	C:\Windows\System32\sechost.dll
0x00007ffd4aff0000 - 0x00007ffd4b10f000 	C:\Windows\System32\RPCRT4.dll
0x00007ffd4c520000 - 0x00007ffd4c6b4000 	C:\Windows\System32\USER32.dll
0x00007ffd4aad0000 - 0x00007ffd4aaf1000 	C:\Windows\System32\win32u.dll
0x00007ffd4c4f0000 - 0x00007ffd4c516000 	C:\Windows\System32\GDI32.dll
0x00007ffd4ab00000 - 0x00007ffd4ac98000 	C:\Windows\System32\gdi32full.dll
0x00007ffd49f40000 - 0x00007ffd49fde000 	C:\Windows\System32\msvcp_win.dll
0x00007ffd49b90000 - 0x00007ffd49c8a000 	C:\Windows\System32\ucrtbase.dll
0x00007ffd2f910000 - 0x00007ffd2fb94000 	C:\Windows\WinSxS\amd64_microsoft.windows.common-controls_6595b64144ccf1df_6.0.18362.1556_none_9e7e372fe45e41d5\COMCTL32.dll
0x00007ffd4b9f0000 - 0x00007ffd4bd26000 	C:\Windows\System32\combase.dll
0x00007ffd4aa40000 - 0x00007ffd4aac1000 	C:\Windows\System32\bcryptPrimitives.dll
0x00007ffd4afc0000 - 0x00007ffd4afee000 	C:\Windows\System32\IMM32.DLL
0x00007ffd426b0000 - 0x00007ffd426c5000 	C:\Program Files\Java\jdk1.8.0_271\jre\bin\vcruntime140.dll
0x00007ffd2d770000 - 0x00007ffd2d80b000 	C:\Program Files\Java\jdk1.8.0_271\jre\bin\msvcp140.dll
0x0000000057a90000 - 0x00000000582ff000 	C:\Program Files\Java\jdk1.8.0_271\jre\bin\server\jvm.dll
0x00007ffd4c740000 - 0x00007ffd4c748000 	C:\Windows\System32\PSAPI.DLL
0x00007ffd2fbb0000 - 0x00007ffd2fbb9000 	C:\Windows\SYSTEM32\WSOCK32.dll
0x00007ffd3dee0000 - 0x00007ffd3deea000 	C:\Windows\SYSTEM32\VERSION.dll
0x00007ffd42790000 - 0x00007ffd427b4000 	C:\Windows\SYSTEM32\WINMM.dll
0x00007ffd4b2b0000 - 0x00007ffd4b31f000 	C:\Windows\System32\WS2_32.dll
0x00007ffd42760000 - 0x00007ffd4278d000 	C:\Windows\SYSTEM32\winmmbase.dll
0x00007ffd49fe0000 - 0x00007ffd4a02a000 	C:\Windows\System32\cfgmgr32.dll
0x00007ffd49b20000 - 0x00007ffd49b31000 	C:\Windows\System32\kernel.appcore.dll
0x00007ffd42800000 - 0x00007ffd42810000 	C:\Program Files\Java\jdk1.8.0_271\jre\bin\verify.dll
0x00007ffd3ec80000 - 0x00007ffd3ecab000 	C:\Program Files\Java\jdk1.8.0_271\jre\bin\java.dll
0x00007ffd42660000 - 0x00007ffd42678000 	C:\Program Files\Java\jdk1.8.0_271\jre\bin\zip.dll
0x00007ffd4be00000 - 0x00007ffd4c4e7000 	C:\Windows\System32\SHELL32.dll
0x00007ffd4bd50000 - 0x00007ffd4bdf8000 	C:\Windows\System32\shcore.dll
0x00007ffd4a210000 - 0x00007ffd4a98b000 	C:\Windows\System32\windows.storage.dll
0x00007ffd49b00000 - 0x00007ffd49b1e000 	C:\Windows\System32\profapi.dll
0x00007ffd49b40000 - 0x00007ffd49b8a000 	C:\Windows\System32\powrprof.dll
0x00007ffd49ad0000 - 0x00007ffd49ae0000 	C:\Windows\System32\UMPDC.dll
0x00007ffd4aec0000 - 0x00007ffd4af12000 	C:\Windows\System32\shlwapi.dll
0x00007ffd4a190000 - 0x00007ffd4a1a7000 	C:\Windows\System32\cryptsp.dll
0x00007ffd427d0000 - 0x00007ffd427dd000 	C:\Program Files\Java\jdk1.8.0_271\jre\bin\management.dll
0x00007ffd3ec60000 - 0x00007ffd3ec7c000 	C:\Program Files\Java\jdk1.8.0_271\jre\bin\net.dll
0x00007ffd492c0000 - 0x00007ffd49327000 	C:\Windows\system32\mswsock.dll
0x00007ffd3dcd0000 - 0x00007ffd3dce3000 	C:\Program Files\Java\jdk1.8.0_271\jre\bin\nio.dll
0x00007ffd28ca0000 - 0x00007ffd28cb6000 	C:\Windows\system32\napinsp.dll
0x00007ffd28c80000 - 0x00007ffd28c9a000 	C:\Windows\system32\pnrpnsp.dll
0x00007ffd49020000 - 0x00007ffd490eb000 	C:\Windows\SYSTEM32\DNSAPI.dll
0x00007ffd4bd30000 - 0x00007ffd4bd38000 	C:\Windows\System32\NSI.dll
0x00007ffd48fe0000 - 0x00007ffd4901a000 	C:\Windows\SYSTEM32\IPHLPAPI.DLL
0x00007ffd28c70000 - 0x00007ffd28c7e000 	C:\Windows\System32\winrnr.dll
0x00007ffd424f0000 - 0x00007ffd4250c000 	C:\Windows\system32\NLAapi.dll
0x00007ffd417b0000 - 0x00007ffd417c5000 	C:\Windows\system32\wshbth.dll
0x00007ffd3edc0000 - 0x00007ffd3edca000 	C:\Windows\System32\rasadhlp.dll
0x00007ffd3c9a0000 - 0x00007ffd3ca17000 	C:\Windows\System32\fwpuclnt.dll
0x00007ffd4aca0000 - 0x00007ffd4acc6000 	C:\Windows\System32\bcrypt.dll
0x00007ffd48e50000 - 0x00007ffd48e83000 	C:\Windows\system32\rsaenh.dll
0x00007ffd499f0000 - 0x00007ffd49a15000 	C:\Windows\SYSTEM32\USERENV.dll
0x00007ffd49440000 - 0x00007ffd4944c000 	C:\Windows\SYSTEM32\CRYPTBASE.dll
0x00007ffd3d220000 - 0x00007ffd3d236000 	C:\Windows\SYSTEM32\dhcpcsvc6.DLL
0x00007ffd3d200000 - 0x00007ffd3d21c000 	C:\Windows\SYSTEM32\dhcpcsvc.DLL
0x00007ffd3d070000 - 0x00007ffd3d094000 	C:\Program Files\Java\jdk1.8.0_271\jre\bin\sunec.dll
0x00007ffd48260000 - 0x00007ffd48454000 	C:\Windows\SYSTEM32\dbghelp.dll

VM Arguments:
java_command: C:\Users\KUDZAI~1\AppData\Local\Temp\surefire1833583305764013978\surefirebooter464940828165633415.jar C:\Users\Kudzai Macheyo\AppData\Local\Temp\surefire1833583305764013978 2021-12-02T11-55-13_772-jvmRun1 surefire4153164898099263859tmp surefire_02184302570844347811tmp
java_class_path (initial): C:\Users\KUDZAI~1\AppData\Local\Temp\surefire1833583305764013978\surefirebooter464940828165633415.jar
Launcher Type: SUN_STANDARD

Environment Variables:
JAVA_HOME=C:\Program Files\Java\jdk1.8.0_271
PATH=C:\Program Files (x86)\Common Files\Oracle\Java\javapath;C:\Windows\system32;C:\Windows;C:\Windows\System32\Wbem;C:\Windows\System32\WindowsPowerShell\v1.0\;C:\Windows\System32\OpenSSH\;C:\Program Files\Java\jdk1.8.0_271;C:\Program Files\Maven\apache-maven-3.6.3;C:\Program Files\Maven\apache-maven-3.6.3\bin;%M2%;C:\Program Files\Java\jdk1.8.0_271\bin;C:\Program Files\Git\cmd;C:\Program Files\nodejs\;C:\ProgramData\chocolatey\bin;C:\tools\dart-sdk;C:\Users\Kudzai Macheyo\Downloads\flutter_windows_2.5.3-stable\flutter\bin;C:\Users\Kudzai Macheyo\AppData\Local\Microsoft\WindowsApps;C:\Program Files\JetBrains\IntelliJ IDEA Community Edition 2021.2\bin;;C:\Users\Kudzai Macheyo\AppData\Local\Google\Cloud SDK\google-cloud-sdk\bin;C:\Users\Kudzai Macheyo\AppData\Roaming\npm;C:\tools\dart-sdk\bin;C:\Users\Kudzai Macheyo\AppData\Roaming\Pub\Cache\bin;
USERNAME=Kudzai Macheyo
OS=Windows_NT
PROCESSOR_IDENTIFIER=Intel64 Family 6 Model 158 Stepping 13, GenuineIntel



---------------  S Y S T E M  ---------------

OS: Windows 10.0 , 64 bit Build 18362 (10.0.18362.1500)

CPU:total 8 (initial active 8) (4 cores per cpu, 2 threads per core) family 6 model 158 stepping 13, cmov, cx8, fxsr, mmx, sse, sse2, sse3, ssse3, sse4.1, sse4.2, popcnt, avx, avx2, aes, clmul, erms, 3dnowpref, lzcnt, ht, tsc, tscinvbit, bmi1, bmi2, adx

Memory: 4k page, physical 16472776k(1249904k free), swap 28762784k(5536k free)

vm_info: Java HotSpot(TM) 64-Bit Server VM (25.271-b09) for windows-amd64 JRE (1.8.0_271-b09), built on Sep 16 2020 19:14:59 by "" with MS VC++ 15.9 (VS2017)

time: Thu Dec  2 11:56:00 2021
timezone: South Africa Standard Time
elapsed time: 45.665464 seconds (0d 0h 0m 45s)

