#
# There is insufficient memory for the Java Runtime Environment to continue.
# Native memory allocation (malloc) failed to allocate 1569024 bytes for Chunk::new
# Possible reasons:
#   The system is out of physical RAM or swap space
#   The process is running with CompressedOops enabled, and the Java Heap may be blocking the growth of the native heap
# Possible solutions:
#   Reduce memory load on the system
#   Increase physical memory or swap space
#   Check if swap backing store is full
#   Decrease Java heap size (-Xmx/-Xms)
#   Decrease number of Java threads
#   Decrease Java thread stack sizes (-Xss)
#   Set larger code cache with -XX:ReservedCodeCacheSize=
#   JVM is running with Zero Based Compressed Oops mode in which the Java heap is
#     placed in the first 32GB address space. The Java Heap base address is the
#     maximum limit for the native heap growth. Please use -XX:HeapBaseMinAddress
#     to set the Java Heap base and to place the Java Heap above 32GB virtual address.
# This output file may be truncated or incomplete.
#
#  Out of Memory Error (allocation.cpp:389), pid=19912, tid=0x0000000000006aec
#
# JRE version: Java(TM) SE Runtime Environment (8.0_271-b09) (build 1.8.0_271-b09)
# Java VM: Java HotSpot(TM) 64-Bit Server VM (25.271-b09 mixed mode windows-amd64 compressed oops)
# Failed to write core dump. Minidumps are not enabled by default on client versions of Windows
#

---------------  T H R E A D  ---------------

Current thread (0x0000021a79dcd000):  JavaThread "C2 CompilerThread1" daemon [_thread_in_native, id=27372, stack(0x000000ec17e00000,0x000000ec17f00000)]

Stack: [0x000000ec17e00000,0x000000ec17f00000]
Native frames: (J=compiled Java code, j=interpreted, Vv=VM code, C=native code)
V  [jvm.dll+0x33f6c9]
V  [jvm.dll+0x286122]
V  [jvm.dll+0x286dcd]
V  [jvm.dll+0x27d805]
V  [jvm.dll+0xe574c]
V  [jvm.dll+0xe5f4c]
V  [jvm.dll+0x480095]
V  [jvm.dll+0x447c30]
V  [jvm.dll+0x450c25]
V  [jvm.dll+0x44ffe5]
V  [jvm.dll+0x43aef7]
V  [jvm.dll+0xbc3eb]
V  [jvm.dll+0xbaa4b]
V  [jvm.dll+0x24e7c2]
V  [jvm.dll+0x2a2dcc]
C  [ucrtbase.dll+0x210b2]
C  [KERNEL32.DLL+0x17c24]
C  [ntdll.dll+0x6d721]


Current CompileTask:
C2:  28985 7587   !   4       org.springframework.util.ReflectionUtils::doWithMethods (193 bytes)


---------------  P R O C E S S  ---------------

Java Threads: ( => current thread )
  0x0000021a7e3b2800 JavaThread "HikariPool-1 housekeeper" daemon [_thread_blocked, id=32204, stack(0x000000ec18600000,0x000000ec18700000)]
  0x0000021a7f372000 JavaThread "mysql-cj-abandoned-connection-cleanup" daemon [_thread_blocked, id=26372, stack(0x000000ec18300000,0x000000ec18400000)]
  0x0000021a7b2f0000 JavaThread "surefire-forkedjvm-ping-30s" daemon [_thread_blocked, id=5080, stack(0x000000ec18400000,0x000000ec18500000)]
  0x0000021a7b170800 JavaThread "Service Thread" daemon [_thread_blocked, id=13328, stack(0x000000ec18100000,0x000000ec18200000)]
  0x0000021a79dd8800 JavaThread "C1 CompilerThread3" daemon [_thread_blocked, id=28360, stack(0x000000ec18000000,0x000000ec18100000)]
  0x0000021a79dd5000 JavaThread "C2 CompilerThread2" daemon [_thread_in_native, id=14572, stack(0x000000ec17f00000,0x000000ec18000000)]
=>0x0000021a79dcd000 JavaThread "C2 CompilerThread1" daemon [_thread_in_native, id=27372, stack(0x000000ec17e00000,0x000000ec17f00000)]
  0x0000021a79dc8000 JavaThread "C2 CompilerThread0" daemon [_thread_in_native, id=31636, stack(0x000000ec17d00000,0x000000ec17e00000)]
  0x0000021a79dc5800 JavaThread "Attach Listener" daemon [_thread_blocked, id=25756, stack(0x000000ec17c00000,0x000000ec17d00000)]
  0x0000021a79dc4800 JavaThread "Signal Dispatcher" daemon [_thread_blocked, id=30860, stack(0x000000ec17b00000,0x000000ec17c00000)]
  0x0000021a7918b000 JavaThread "Finalizer" daemon [_thread_blocked, id=2192, stack(0x000000ec17a00000,0x000000ec17b00000)]
  0x0000021a79d9a000 JavaThread "Reference Handler" daemon [_thread_blocked, id=30908, stack(0x000000ec17900000,0x000000ec17a00000)]
  0x0000021a5e816000 JavaThread "main" [_thread_in_vm, id=11892, stack(0x000000ec16f00000,0x000000ec17000000)]

Other Threads:
  0x0000021a79d76000 VMThread [stack: 0x000000ec17800000,0x000000ec17900000] [id=12896]
  0x0000021a79e48800 WatcherThread [stack: 0x000000ec18200000,0x000000ec18300000] [id=12852]

VM state:not at safepoint (normal execution)

VM Mutex/Monitor currently owned by a thread: None

heap address: 0x00000006c4a00000, size: 4022 MB, Compressed Oops mode: Zero based, Oop shift amount: 3
Narrow klass base: 0x0000000000000000, Narrow klass shift: 3
Compressed class space size: 1073741824 Address: 0x00000007c0000000

Heap:
 PSYoungGen      total 535040K, used 161167K [0x000000076c380000, 0x000000078f100000, 0x00000007c0000000)
  eden space 515072K, 27% used [0x000000076c380000,0x0000000774d640d0,0x000000078ba80000)
  from space 19968K, 99% used [0x000000078dd80000,0x000000078f0ffb88,0x000000078f100000)
  to   space 24064K, 0% used [0x000000078c200000,0x000000078c200000,0x000000078d980000)
 ParOldGen       total 129024K, used 33318K [0x00000006c4a00000, 0x00000006cc800000, 0x000000076c380000)
  object space 129024K, 25% used [0x00000006c4a00000,0x00000006c6a89938,0x00000006cc800000)
 Metaspace       used 73062K, capacity 77006K, committed 77184K, reserved 1116160K
  class space    used 10365K, capacity 11020K, committed 11136K, reserved 1048576K

Card table byte_map: [0x0000021a6f5e0000,0x0000021a6fdc0000] byte_map_base: 0x0000021a6bfbb000

Marking Bits: (ParMarkBitMap*) 0x0000000072b97fe0
 Begin Bits: [0x0000021a70300000, 0x0000021a741d8000)
 End Bits:   [0x0000021a741d8000, 0x0000021a780b0000)

Polling page: 0x0000021a5e980000

CodeCache: size=245760Kb used=25224Kb max_used=25483Kb free=220535Kb
 bounds [0x0000021a60220000, 0x0000021a61b70000, 0x0000021a6f220000]
 total_blobs=7562 nmethods=6985 adapters=488
 compilation: enabled

Compilation events (10 events):
Event: 28.224 Thread 0x0000021a79dd8800 7977       2       org.springframework.asm.MethodVisitor::visitParameterAnnotation (20 bytes)
Event: 28.225 Thread 0x0000021a79dd8800 nmethod 7977 0x0000021a6110f8d0 code [0x0000021a6110fa40, 0x0000021a6110fbf0]
Event: 28.317 Thread 0x0000021a79dd8800 7979       2       org.springframework.core.BridgeMethodResolver$$Lambda$647/1610155589::doWith (11 bytes)
Event: 28.318 Thread 0x0000021a79dd8800 nmethod 7979 0x0000021a6110f550 code [0x0000021a6110f6c0, 0x0000021a6110f850]
Event: 28.328 Thread 0x0000021a79dd8800 7980       2       java.beans.MethodRef::get (91 bytes)
Event: 28.330 Thread 0x0000021a79dd8800 nmethod 7980 0x0000021a6110eb50 code [0x0000021a6110ed00, 0x0000021a6110f1f0]
Event: 28.636 Thread 0x0000021a79dd5000 nmethod 7745 0x0000021a61b469d0 code [0x0000021a61b47a40, 0x0000021a61b524f8]
Event: 28.636 Thread 0x0000021a79dd5000 7909       4       java.lang.Class::privateGetMethodRecursive (130 bytes)
Event: 28.732 Thread 0x0000021a79dd8800 7982       2       org.springframework.core.convert.converter.GenericConverter$ConvertiblePair::equals (55 bytes)
Event: 28.733 Thread 0x0000021a79dd8800 nmethod 7982 0x0000021a6110e6d0 code [0x0000021a6110e840, 0x0000021a6110ea78]

GC Heap History (10 events):
Event: 10.638 GC heap before
{Heap before GC invocations=9 (full 2):
 PSYoungGen      total 193024K, used 6802K [0x000000076c380000, 0x0000000782f80000, 0x00000007c0000000)
  eden space 179712K, 0% used [0x000000076c380000,0x000000076c380000,0x0000000777300000)
  from space 13312K, 51% used [0x0000000777300000,0x00000007779a4ba0,0x0000000778000000)
  to   space 12800K, 0% used [0x0000000782300000,0x0000000782300000,0x0000000782f80000)
 ParOldGen       total 90624K, used 7410K [0x00000006c4a00000, 0x00000006ca280000, 0x000000076c380000)
  object space 90624K, 8% used [0x00000006c4a00000,0x00000006c513caf8,0x00000006ca280000)
 Metaspace       used 33375K, capacity 35390K, committed 35496K, reserved 1079296K
  class space    used 4471K, capacity 4856K, committed 4864K, reserved 1048576K
Event: 10.664 GC heap after
Heap after GC invocations=9 (full 2):
 PSYoungGen      total 193024K, used 0K [0x000000076c380000, 0x0000000782f80000, 0x00000007c0000000)
  eden space 179712K, 0% used [0x000000076c380000,0x000000076c380000,0x0000000777300000)
  from space 13312K, 0% used [0x0000000777300000,0x0000000777300000,0x0000000778000000)
  to   space 12800K, 0% used [0x0000000782300000,0x0000000782300000,0x0000000782f80000)
 ParOldGen       total 101376K, used 11936K [0x00000006c4a00000, 0x00000006cad00000, 0x000000076c380000)
  object space 101376K, 11% used [0x00000006c4a00000,0x00000006c55a80f8,0x00000006cad00000)
 Metaspace       used 33375K, capacity 35390K, committed 35496K, reserved 1079296K
  class space    used 4471K, capacity 4856K, committed 4864K, reserved 1048576K
}
Event: 14.121 GC heap before
{Heap before GC invocations=10 (full 2):
 PSYoungGen      total 193024K, used 179712K [0x000000076c380000, 0x0000000782f80000, 0x00000007c0000000)
  eden space 179712K, 100% used [0x000000076c380000,0x0000000777300000,0x0000000777300000)
  from space 13312K, 0% used [0x0000000777300000,0x0000000777300000,0x0000000778000000)
  to   space 12800K, 0% used [0x0000000782300000,0x0000000782300000,0x0000000782f80000)
 ParOldGen       total 101376K, used 11936K [0x00000006c4a00000, 0x00000006cad00000, 0x000000076c380000)
  object space 101376K, 11% used [0x00000006c4a00000,0x00000006c55a80f8,0x00000006cad00000)
 Metaspace       used 49178K, capacity 51696K, committed 52096K, reserved 1093632K
  class space    used 6743K, capacity 7207K, committed 7296K, reserved 1048576K
Event: 14.134 GC heap after
Heap after GC invocations=10 (full 2):
 PSYoungGen      total 355840K, used 12779K [0x000000076c380000, 0x0000000783780000, 0x00000007c0000000)
  eden space 343040K, 0% used [0x000000076c380000,0x000000076c380000,0x0000000781280000)
  from space 12800K, 99% used [0x0000000782300000,0x0000000782f7ae78,0x0000000782f80000)
  to   space 16896K, 0% used [0x0000000781280000,0x0000000781280000,0x0000000782300000)
 ParOldGen       total 101376K, used 17910K [0x00000006c4a00000, 0x00000006cad00000, 0x000000076c380000)
  object space 101376K, 17% used [0x00000006c4a00000,0x00000006c5b7da68,0x00000006cad00000)
 Metaspace       used 49178K, capacity 51696K, committed 52096K, reserved 1093632K
  class space    used 6743K, capacity 7207K, committed 7296K, reserved 1048576K
}
Event: 17.580 GC heap before
{Heap before GC invocations=11 (full 2):
 PSYoungGen      total 355840K, used 123450K [0x000000076c380000, 0x0000000783780000, 0x00000007c0000000)
  eden space 343040K, 32% used [0x000000076c380000,0x0000000772f93a28,0x0000000781280000)
  from space 12800K, 99% used [0x0000000782300000,0x0000000782f7ae78,0x0000000782f80000)
  to   space 16896K, 0% used [0x0000000781280000,0x0000000781280000,0x0000000782300000)
 ParOldGen       total 101376K, used 17910K [0x00000006c4a00000, 0x00000006cad00000, 0x000000076c380000)
  object space 101376K, 17% used [0x00000006c4a00000,0x00000006c5b7da68,0x00000006cad00000)
 Metaspace       used 56223K, capacity 58900K, committed 59136K, reserved 1099776K
  class space    used 7970K, capacity 8439K, committed 8448K, reserved 1048576K
Event: 17.592 GC heap after
Heap after GC invocations=11 (full 2):
 PSYoungGen      total 359936K, used 16884K [0x000000076c380000, 0x000000078f100000, 0x00000007c0000000)
  eden space 343040K, 0% used [0x000000076c380000,0x000000076c380000,0x0000000781280000)
  from space 16896K, 99% used [0x0000000781280000,0x00000007822fd2e0,0x0000000782300000)
  to   space 19968K, 0% used [0x000000078dd80000,0x000000078dd80000,0x000000078f100000)
 ParOldGen       total 101376K, used 19659K [0x00000006c4a00000, 0x00000006cad00000, 0x000000076c380000)
  object space 101376K, 19% used [0x00000006c4a00000,0x00000006c5d32d68,0x00000006cad00000)
 Metaspace       used 56223K, capacity 58900K, committed 59136K, reserved 1099776K
  class space    used 7970K, capacity 8439K, committed 8448K, reserved 1048576K
}
Event: 17.592 GC heap before
{Heap before GC invocations=12 (full 3):
 PSYoungGen      total 359936K, used 16884K [0x000000076c380000, 0x000000078f100000, 0x00000007c0000000)
  eden space 343040K, 0% used [0x000000076c380000,0x000000076c380000,0x0000000781280000)
  from space 16896K, 99% used [0x0000000781280000,0x00000007822fd2e0,0x0000000782300000)
  to   space 19968K, 0% used [0x000000078dd80000,0x000000078dd80000,0x000000078f100000)
 ParOldGen       total 101376K, used 19659K [0x00000006c4a00000, 0x00000006cad00000, 0x000000076c380000)
  object space 101376K, 19% used [0x00000006c4a00000,0x00000006c5d32d68,0x00000006cad00000)
 Metaspace       used 56223K, capacity 58900K, committed 59136K, reserved 1099776K
  class space    used 7970K, capacity 8439K, committed 8448K, reserved 1048576K
Event: 17.702 GC heap after
Heap after GC invocations=12 (full 3):
 PSYoungGen      total 359936K, used 0K [0x000000076c380000, 0x000000078f100000, 0x00000007c0000000)
  eden space 343040K, 0% used [0x000000076c380000,0x000000076c380000,0x0000000781280000)
  from space 16896K, 0% used [0x0000000781280000,0x0000000781280000,0x0000000782300000)
  to   space 19968K, 0% used [0x000000078dd80000,0x000000078dd80000,0x000000078f100000)
 ParOldGen       total 129024K, used 29406K [0x00000006c4a00000, 0x00000006cc800000, 0x000000076c380000)
  object space 129024K, 22% used [0x00000006c4a00000,0x00000006c66b7988,0x00000006cc800000)
 Metaspace       used 56223K, capacity 58900K, committed 59136K, reserved 1099776K
  class space    used 7970K, capacity 8439K, committed 8448K, reserved 1048576K
}
Event: 25.406 GC heap before
{Heap before GC invocations=13 (full 3):
 PSYoungGen      total 359936K, used 343040K [0x000000076c380000, 0x000000078f100000, 0x00000007c0000000)
  eden space 343040K, 100% used [0x000000076c380000,0x0000000781280000,0x0000000781280000)
  from space 16896K, 0% used [0x0000000781280000,0x0000000781280000,0x0000000782300000)
  to   space 19968K, 0% used [0x000000078dd80000,0x000000078dd80000,0x000000078f100000)
 ParOldGen       total 129024K, used 29406K [0x00000006c4a00000, 0x00000006cc800000, 0x000000076c380000)
  object space 129024K, 22% used [0x00000006c4a00000,0x00000006c66b7988,0x00000006cc800000)
 Metaspace       used 69806K, capacity 73302K, committed 73600K, reserved 1112064K
  class space    used 9916K, capacity 10534K, committed 10624K, reserved 1048576K
Event: 25.525 GC heap after
Heap after GC invocations=13 (full 3):
 PSYoungGen      total 535040K, used 19966K [0x000000076c380000, 0x000000078f100000, 0x00000007c0000000)
  eden space 515072K, 0% used [0x000000076c380000,0x000000076c380000,0x000000078ba80000)
  from space 19968K, 99% used [0x000000078dd80000,0x000000078f0ffb88,0x000000078f100000)
  to   space 24064K, 0% used [0x000000078c200000,0x000000078c200000,0x000000078d980000)
 ParOldGen       total 129024K, used 33318K [0x00000006c4a00000, 0x00000006cc800000, 0x000000076c380000)
  object space 129024K, 25% used [0x00000006c4a00000,0x00000006c6a89938,0x00000006cc800000)
 Metaspace       used 69806K, capacity 73302K, committed 73600K, reserved 1112064K
  class space    used 9916K, capacity 10534K, committed 10624K, reserved 1048576K
}

Deoptimization events (10 events):
Event: 27.162 Thread 0x0000021a5e816000 Uncommon trap: reason=null_check action=make_not_entrant pc=0x0000021a618a4100 method=java.lang.Class.privateGetMethodRecursive(Ljava/lang/String;[Ljava/lang/Class;ZLjava/lang/Class$MethodArray;)Ljava/lang/reflect/Method; @ 35
Event: 27.162 Thread 0x0000021a5e816000 Uncommon trap: reason=null_check action=make_not_entrant pc=0x0000021a60ca727c method=java.lang.Class.privateGetMethodRecursive(Ljava/lang/String;[Ljava/lang/Class;ZLjava/lang/Class$MethodArray;)Ljava/lang/reflect/Method; @ 35
Event: 27.162 Thread 0x0000021a5e816000 Uncommon trap: reason=null_check action=make_not_entrant pc=0x0000021a613ac7c8 method=java.lang.Class.privateGetDeclaredConstructors(Z)[Ljava/lang/reflect/Constructor; @ 35
Event: 27.163 Thread 0x0000021a5e816000 Uncommon trap: reason=null_check action=make_not_entrant pc=0x0000021a60bde2b0 method=org.springframework.util.ClassUtils.isAssignable(Ljava/lang/Class;Ljava/lang/Class;)Z @ 14
Event: 27.863 Thread 0x0000021a5e816000 Uncommon trap: reason=class_check action=maybe_recompile pc=0x0000021a61a31560 method=java.lang.reflect.Array.newInstance(Ljava/lang/Class;I)Ljava/lang/Object; @ 2
Event: 27.957 Thread 0x0000021a5e816000 Uncommon trap: reason=unstable_if action=reinterpret pc=0x0000021a61853140 method=org.springframework.core.annotation.AnnotationsScanner.processClassInheritedAnnotations(Ljava/lang/Object;Ljava/lang/Class;Lorg/springframework/core/annotation/MergedAnnotat
Event: 28.091 Thread 0x0000021a5e816000 Uncommon trap: reason=unstable_if action=reinterpret pc=0x0000021a609b51ec method=org.springframework.core.annotation.TypeMappedAnnotations$MergedAnnotationFinder.doWithAnnotations(Ljava/lang/Object;ILjava/lang/Object;[Ljava/lang/annotation/Annotation;)Lo
Event: 28.150 Thread 0x0000021a5e816000 Uncommon trap: reason=unstable_if action=reinterpret pc=0x0000021a61a4a1a8 method=org.springframework.core.annotation.AnnotationUtils.isCandidateClass(Ljava/lang/Class;Ljava/lang/String;)Z @ 15
Event: 28.155 Thread 0x0000021a5e816000 Uncommon trap: reason=unstable_if action=reinterpret pc=0x0000021a60904bdc method=org.springframework.asm.ClassReader.readUtf(II[C)Ljava/lang/String; @ 41
Event: 28.327 Thread 0x0000021a5e816000 Uncommon trap: reason=unstable_if action=reinterpret pc=0x0000021a61abf3a4 method=sun.reflect.misc.ReflectUtil.isNonPublicProxyClass(Ljava/lang/Class;)Z @ 33

Classes redefined (0 events):
No events

Internal exceptions (10 events):
Event: 28.383 Thread 0x0000021a5e816000 Exception <a 'java/lang/ClassNotFoundException': org/springframework/context/ApplicationContextAwareCustomizer> (0x000000077410e090) thrown at [C:\jenkins\workspace\8-2-build-windows-amd64-cygwin\jdk8u271\605\hotspot\src\share\vm\classfile\systemDictionar
Event: 28.388 Thread 0x0000021a5e816000 Exception <a 'java/lang/ClassNotFoundException': org/springframework/beans/factory/AwareCustomizer> (0x000000077412d858) thrown at [C:\jenkins\workspace\8-2-build-windows-amd64-cygwin\jdk8u271\605\hotspot\src\share\vm\classfile\systemDictionary.cpp, line 
Event: 28.391 Thread 0x0000021a5e816000 Exception <a 'java/lang/ClassNotFoundException': org/springframework/beans/factory/FactoryBeanCustomizer> (0x000000077414e3f8) thrown at [C:\jenkins\workspace\8-2-build-windows-amd64-cygwin\jdk8u271\605\hotspot\src\share\vm\classfile\systemDictionary.cpp,
Event: 28.393 Thread 0x0000021a5e816000 Exception <a 'java/lang/ClassNotFoundException': org/springframework/beans/factory/BeanClassLoaderAwareCustomizer> (0x0000000774175c10) thrown at [C:\jenkins\workspace\8-2-build-windows-amd64-cygwin\jdk8u271\605\hotspot\src\share\vm\classfile\systemDictio
Event: 28.395 Thread 0x0000021a5e816000 Exception <a 'java/lang/ClassNotFoundException': org/springframework/beans/factory/AwareCustomizer> (0x0000000774194e90) thrown at [C:\jenkins\workspace\8-2-build-windows-amd64-cygwin\jdk8u271\605\hotspot\src\share\vm\classfile\systemDictionary.cpp, line 
Event: 28.397 Thread 0x0000021a5e816000 Exception <a 'java/lang/ClassNotFoundException': org/springframework/beans/factory/BeanFactoryAwareCustomizer> (0x00000007741b79c0) thrown at [C:\jenkins\workspace\8-2-build-windows-amd64-cygwin\jdk8u271\605\hotspot\src\share\vm\classfile\systemDictionary
Event: 28.399 Thread 0x0000021a5e816000 Exception <a 'java/lang/ClassNotFoundException': org/springframework/beans/factory/AwareCustomizer> (0x00000007741d71a0) thrown at [C:\jenkins\workspace\8-2-build-windows-amd64-cygwin\jdk8u271\605\hotspot\src\share\vm\classfile\systemDictionary.cpp, line 
Event: 28.401 Thread 0x0000021a5e816000 Exception <a 'java/lang/ClassNotFoundException': org/springframework/beans/factory/InitializingBeanCustomizer> (0x00000007741f9cd0) thrown at [C:\jenkins\workspace\8-2-build-windows-amd64-cygwin\jdk8u271\605\hotspot\src\share\vm\classfile\systemDictionary
Event: 28.404 Thread 0x0000021a5e816000 Exception <a 'java/lang/ClassNotFoundException': org/springframework/beans/factory/DisposableBeanCustomizer> (0x000000077421b880) thrown at [C:\jenkins\workspace\8-2-build-windows-amd64-cygwin\jdk8u271\605\hotspot\src\share\vm\classfile\systemDictionary.c
Event: 28.427 Thread 0x0000021a5e816000 Exception <a 'java/lang/NoSuchMethodError': java.lang.Object.lambda$static$0(Ljava/lang/Object;)Lorg/springframework/expression/EvaluationContext;> (0x00000007742636f8) thrown at [C:\jenkins\workspace\8-2-build-windows-amd64-cygwin\jdk8u271\605\hotspot\sr

Events (10 events):
Event: 28.707 loading class org/springframework/data/repository/util/QueryExecutionConverters$NullableWrapperToFutureConverter
Event: 28.707 loading class org/springframework/data/repository/util/QueryExecutionConverters$NullableWrapperToFutureConverter done
Event: 28.710 loading class org/springframework/scheduling/annotation/AsyncResult
Event: 28.710 loading class org/springframework/scheduling/annotation/AsyncResult done
Event: 28.713 loading class org/springframework/util/concurrent/DelegatingCompletableFuture
Event: 28.713 loading class org/springframework/util/concurrent/DelegatingCompletableFuture done
Event: 28.724 loading class org/springframework/data/repository/util/QueryExecutionConverters$IterableToStreamableConverter
Event: 28.724 loading class org/springframework/data/repository/util/QueryExecutionConverters$IterableToStreamableConverter done
Event: 28.733 loading class org/springframework/data/repository/core/support/RepositoryFactorySupport$QueryCollectingQueryCreationListener
Event: 28.733 loading class org/springframework/data/repository/core/support/RepositoryFactorySupport$QueryCollectingQueryCreationListener done


Dynamic libraries:
0x00007ff62de60000 - 0x00007ff62dea7000 	C:\Program Files\Java\jdk1.8.0_271\jre\bin\java.exe
0x00007ffff3280000 - 0x00007ffff3470000 	C:\Windows\SYSTEM32\ntdll.dll
0x00007fffad2f0000 - 0x00007fffad305000 	C:\Program Files\Avast Software\Avast\aswhook.dll
0x00007ffff2db0000 - 0x00007ffff2e62000 	C:\Windows\System32\KERNEL32.DLL
0x00007ffff0c90000 - 0x00007ffff0f35000 	C:\Windows\System32\KERNELBASE.dll
0x00007ffff2740000 - 0x00007ffff27e3000 	C:\Windows\System32\ADVAPI32.dll
0x00007ffff2e70000 - 0x00007ffff2f0e000 	C:\Windows\System32\msvcrt.dll
0x00007ffff1580000 - 0x00007ffff1617000 	C:\Windows\System32\sechost.dll
0x00007ffff1f30000 - 0x00007ffff204f000 	C:\Windows\System32\RPCRT4.dll
0x00007ffff1340000 - 0x00007ffff14d4000 	C:\Windows\System32\USER32.dll
0x00007ffff0c60000 - 0x00007ffff0c81000 	C:\Windows\System32\win32u.dll
0x00007ffff1940000 - 0x00007ffff1966000 	C:\Windows\System32\GDI32.dll
0x00007ffff1190000 - 0x00007ffff1328000 	C:\Windows\System32\gdi32full.dll
0x00007ffff09c0000 - 0x00007ffff0a5e000 	C:\Windows\System32\msvcp_win.dll
0x00007ffff0b60000 - 0x00007ffff0c5a000 	C:\Windows\System32\ucrtbase.dll
0x00007fffdab10000 - 0x00007fffdad94000 	C:\Windows\WinSxS\amd64_microsoft.windows.common-controls_6595b64144ccf1df_6.0.18362.1556_none_9e7e372fe45e41d5\COMCTL32.dll
0x00007ffff1970000 - 0x00007ffff1ca6000 	C:\Windows\System32\combase.dll
0x00007ffff1100000 - 0x00007ffff1181000 	C:\Windows\System32\bcryptPrimitives.dll
0x00007ffff1dc0000 - 0x00007ffff1dee000 	C:\Windows\System32\IMM32.DLL
0x00007fffd1730000 - 0x00007fffd1745000 	C:\Program Files\Java\jdk1.8.0_271\jre\bin\vcruntime140.dll
0x00007fffaa8e0000 - 0x00007fffaa97b000 	C:\Program Files\Java\jdk1.8.0_271\jre\bin\msvcp140.dll
0x00000000723a0000 - 0x0000000072c0f000 	C:\Program Files\Java\jdk1.8.0_271\jre\bin\server\jvm.dll
0x00007ffff27f0000 - 0x00007ffff27f8000 	C:\Windows\System32\PSAPI.DLL
0x00007fffe2ff0000 - 0x00007fffe2ffa000 	C:\Windows\SYSTEM32\VERSION.dll
0x00007fffe8db0000 - 0x00007fffe8dd4000 	C:\Windows\SYSTEM32\WINMM.dll
0x00007fffd5100000 - 0x00007fffd5109000 	C:\Windows\SYSTEM32\WSOCK32.dll
0x00007ffff2c70000 - 0x00007ffff2cdf000 	C:\Windows\System32\WS2_32.dll
0x00007fffe8d80000 - 0x00007fffe8dad000 	C:\Windows\SYSTEM32\WINMMBASE.dll
0x00007ffff0a60000 - 0x00007ffff0aaa000 	C:\Windows\System32\cfgmgr32.dll
0x00007ffff01b0000 - 0x00007ffff01c1000 	C:\Windows\System32\kernel.appcore.dll
0x00007fffd8c60000 - 0x00007fffd8c70000 	C:\Program Files\Java\jdk1.8.0_271\jre\bin\verify.dll
0x00007fffd0690000 - 0x00007fffd06bb000 	C:\Program Files\Java\jdk1.8.0_271\jre\bin\java.dll
0x00007fffcfdf0000 - 0x00007fffcfe08000 	C:\Program Files\Java\jdk1.8.0_271\jre\bin\zip.dll
0x00007ffff2050000 - 0x00007ffff2737000 	C:\Windows\System32\SHELL32.dll
0x00007ffff30b0000 - 0x00007ffff3158000 	C:\Windows\System32\shcore.dll
0x00007ffff0240000 - 0x00007ffff09bb000 	C:\Windows\System32\windows.storage.dll
0x00007ffff0190000 - 0x00007ffff01ae000 	C:\Windows\System32\profapi.dll
0x00007ffff0140000 - 0x00007ffff018a000 	C:\Windows\System32\powrprof.dll
0x00007ffff0130000 - 0x00007ffff0140000 	C:\Windows\System32\UMPDC.dll
0x00007ffff3160000 - 0x00007ffff31b2000 	C:\Windows\System32\shlwapi.dll
0x00007ffff0220000 - 0x00007ffff0237000 	C:\Windows\System32\cryptsp.dll
0x00007fffd4e80000 - 0x00007fffd4e8d000 	C:\Program Files\Java\jdk1.8.0_271\jre\bin\management.dll
0x00007fffcfcf0000 - 0x00007fffcfd0c000 	C:\Program Files\Java\jdk1.8.0_271\jre\bin\net.dll
0x00007fffef970000 - 0x00007fffef9d7000 	C:\Windows\system32\mswsock.dll
0x00007fffcfac0000 - 0x00007fffcfad3000 	C:\Program Files\Java\jdk1.8.0_271\jre\bin\nio.dll
0x00007fffcf7e0000 - 0x00007fffcf7f6000 	C:\Windows\system32\napinsp.dll
0x00007fffcf7c0000 - 0x00007fffcf7da000 	C:\Windows\system32\pnrpnsp.dll
0x00007fffef6c0000 - 0x00007fffef78b000 	C:\Windows\SYSTEM32\DNSAPI.dll
0x00007ffff1930000 - 0x00007ffff1938000 	C:\Windows\System32\NSI.dll
0x00007fffef680000 - 0x00007fffef6ba000 	C:\Windows\SYSTEM32\IPHLPAPI.DLL
0x00007fffcf7b0000 - 0x00007fffcf7be000 	C:\Windows\System32\winrnr.dll
0x00007fffe88a0000 - 0x00007fffe88bc000 	C:\Windows\system32\NLAapi.dll
0x00007fffe7d50000 - 0x00007fffe7d65000 	C:\Windows\system32\wshbth.dll
0x00007fffe5d00000 - 0x00007fffe5d0a000 	C:\Windows\System32\rasadhlp.dll
0x00007fffdf410000 - 0x00007fffdf487000 	C:\Windows\System32\fwpuclnt.dll
0x00007ffff01f0000 - 0x00007ffff0216000 	C:\Windows\System32\bcrypt.dll
0x00007fffef4f0000 - 0x00007fffef523000 	C:\Windows\system32\rsaenh.dll
0x00007ffff0050000 - 0x00007ffff0075000 	C:\Windows\SYSTEM32\USERENV.dll
0x00007fffefb40000 - 0x00007fffefb4c000 	C:\Windows\SYSTEM32\CRYPTBASE.dll
0x00007fffdfec0000 - 0x00007fffdfed6000 	C:\Windows\SYSTEM32\dhcpcsvc6.DLL
0x00007fffe46e0000 - 0x00007fffe46fc000 	C:\Windows\SYSTEM32\dhcpcsvc.DLL
0x00007fffcfa50000 - 0x00007fffcfa74000 	C:\Program Files\Java\jdk1.8.0_271\jre\bin\sunec.dll
0x00007fffee910000 - 0x00007fffeeb04000 	C:\Windows\SYSTEM32\dbghelp.dll

VM Arguments:
java_command: C:\Users\KUDZAI~1\AppData\Local\Temp\surefire7724037405997011844\surefirebooter3358473844894223725.jar C:\Users\Kudzai Macheyo\AppData\Local\Temp\surefire7724037405997011844 2021-10-15T04-18-57_258-jvmRun1 surefire8775074594188773662tmp surefire_03430580114621665489tmp
java_class_path (initial): C:\Users\KUDZAI~1\AppData\Local\Temp\surefire7724037405997011844\surefirebooter3358473844894223725.jar
Launcher Type: SUN_STANDARD

Environment Variables:
JAVA_HOME=C:\Program Files\Java\jdk1.8.0_271
PATH=C:\Program Files (x86)\Common Files\Oracle\Java\javapath;C:\Windows\system32;C:\Windows;C:\Windows\System32\Wbem;C:\Windows\System32\WindowsPowerShell\v1.0\;C:\Windows\System32\OpenSSH\;C:\Program Files\Java\jdk1.8.0_271;C:\Program Files\Maven\apache-maven-3.6.3;C:\Program Files\Maven\apache-maven-3.6.3\bin;%M2%;C:\Program Files\Java\jdk1.8.0_271\bin;C:\Program Files\Git\cmd;C:\Program Files\nodejs\;C:\Users\Kudzai Macheyo\AppData\Local\Microsoft\WindowsApps;C:\Program Files\JetBrains\IntelliJ IDEA Community Edition 2021.2\bin;;C:\Users\Kudzai Macheyo\AppData\Local\Google\Cloud SDK\google-cloud-sdk\bin;C:\Users\Kudzai Macheyo\AppData\Roaming\npm
USERNAME=Kudzai Macheyo
OS=Windows_NT
PROCESSOR_IDENTIFIER=Intel64 Family 6 Model 158 Stepping 13, GenuineIntel



---------------  S Y S T E M  ---------------

OS: Windows 10.0 , 64 bit Build 18362 (10.0.18362.1500)

CPU:total 8 (initial active 8) (4 cores per cpu, 2 threads per core) family 6 model 158 stepping 13, cmov, cx8, fxsr, mmx, sse, sse2, sse3, ssse3, sse4.1, sse4.2, popcnt, avx, avx2, aes, clmul, erms, 3dnowpref, lzcnt, ht, tsc, tscinvbit, bmi1, bmi2, adx

Memory: 4k page, physical 16472776k(1756420k free), swap 28792192k(5328k free)

vm_info: Java HotSpot(TM) 64-Bit Server VM (25.271-b09) for windows-amd64 JRE (1.8.0_271-b09), built on Sep 16 2020 19:14:59 by "" with MS VC++ 15.9 (VS2017)

time: Fri Oct 15 04:19:27 2021
timezone: South Africa Standard Time
elapsed time: 28.990335 seconds (0d 0h 0m 28s)

