.19:01:20.017 INFO  o.s.b.t.c.SpringBootTestContextBootstrapper - Neither @ContextConfiguration nor @ContextHierarchy found for test class [zw.co.cassavasmartech.ecocashchatbotcore.EcocashChatbotCoreApplicationTests], using SpringBootContextLoader 
.19:01:20.020 INFO  o.s.t.c.s.AbstractContextLoader - Could not detect default resource locations for test class [zw.co.cassavasmartech.ecocashchatbotcore.EcocashChatbotCoreApplicationTests]: no resource found for suffixes {-context.xml, Context.groovy}. 
.19:01:20.023 INFO  o.s.t.c.s.AnnotationConfigContextLoaderUtils - Could not detect default configuration classes for test class [zw.co.cassavasmartech.ecocashchatbotcore.EcocashChatbotCoreApplicationTests]: EcocashChatbotCoreApplicationTests does not declare any static, non-private, non-final, nested classes annotated with @Configuration. 
.19:01:20.253 INFO  o.s.b.t.c.SpringBootTestContextBootstrapper - Found @SpringBootConfiguration zw.co.cassavasmartech.ecocashchatbotcore.EcocashChatbotCoreApplication for test class zw.co.cassavasmartech.ecocashchatbotcore.EcocashChatbotCoreApplicationTests 
.19:01:20.938 INFO  o.s.b.t.c.SpringBootTestContextBootstrapper - Loaded default TestExecutionListener class names from location [META-INF/spring.factories]: [org.springframework.boot.test.mock.mockito.MockitoTestExecutionListener, org.springframework.boot.test.mock.mockito.ResetMocksTestExecutionListener, org.springframework.boot.test.autoconfigure.restdocs.RestDocsTestExecutionListener, org.springframework.boot.test.autoconfigure.web.client.MockRestServiceServerResetTestExecutionListener, org.springframework.boot.test.autoconfigure.web.servlet.MockMvcPrintOnlyOnFailureTestExecutionListener, org.springframework.boot.test.autoconfigure.web.servlet.WebDriverTestExecutionListener, org.springframework.boot.test.autoconfigure.webservices.client.MockWebServiceServerTestExecutionListener, org.springframework.test.context.web.ServletTestExecutionListener, org.springframework.test.context.support.DirtiesContextBeforeModesTestExecutionListener, org.springframework.test.context.event.ApplicationEventsTestExecutionListener, org.springframework.test.context.support.DependencyInjectionTestExecutionListener, org.springframework.test.context.support.DirtiesContextTestExecutionListener, org.springframework.test.context.transaction.TransactionalTestExecutionListener, org.springframework.test.context.jdbc.SqlScriptsTestExecutionListener, org.springframework.test.context.event.EventPublishingTestExecutionListener, org.springframework.security.test.context.support.WithSecurityContextTestExecutionListener, org.springframework.security.test.context.support.ReactorContextTestExecutionListener] 
.19:01:21.099 INFO  o.s.b.t.c.SpringBootTestContextBootstrapper - Using TestExecutionListeners: [org.springframework.test.context.web.ServletTestExecutionListener@791d1f8b, org.springframework.test.context.support.DirtiesContextBeforeModesTestExecutionListener@2415fc55, org.springframework.test.context.event.ApplicationEventsTestExecutionListener@14f232c4, org.springframework.boot.test.mock.mockito.MockitoTestExecutionListener@13bc8645, org.springframework.boot.test.autoconfigure.SpringBootDependencyInjectionTestExecutionListener@24c22fe, org.springframework.test.context.support.DirtiesContextTestExecutionListener@93081b6, org.springframework.test.context.transaction.TransactionalTestExecutionListener@cd1e646, org.springframework.test.context.jdbc.SqlScriptsTestExecutionListener@7ba8c737, org.springframework.test.context.event.EventPublishingTestExecutionListener@1890516e, org.springframework.security.test.context.support.WithSecurityContextTestExecutionListener@15a04efb, org.springframework.security.test.context.support.ReactorContextTestExecutionListener@16c069df, org.springframework.boot.test.mock.mockito.ResetMocksTestExecutionListener@2bec854f, org.springframework.boot.test.autoconfigure.restdocs.RestDocsTestExecutionListener@31edaa7d, org.springframework.boot.test.autoconfigure.web.client.MockRestServiceServerResetTestExecutionListener@26adfd2d, org.springframework.boot.test.autoconfigure.web.servlet.MockMvcPrintOnlyOnFailureTestExecutionListener@3336e6b6, org.springframework.boot.test.autoconfigure.web.servlet.WebDriverTestExecutionListener@7c3fdb62, org.springframework.boot.test.autoconfigure.webservices.client.MockWebServiceServerTestExecutionListener@205d38da] 
.19:01:21.588 INFO  z.c.c.e.EcocashChatbotCoreApplicationTests - Starting EcocashChatbotCoreApplicationTests using Java 1.8.0_271 on LAPTOP-1JQH6S1S with PID 24288 (started by Kudzai Macheyo in C:\Users\Kudzai Macheyo\IdeaProjects\ecocash-chatbot-core) 
.19:01:21.588 INFO  z.c.c.e.EcocashChatbotCoreApplicationTests - The following profiles are active: dev 
.19:01:21.595 INFO  o.h.validator.internal.util.Version - HV000001: Hibernate Validator 6.2.0.Final 
.19:01:24.472 INFO  o.s.d.r.c.RepositoryConfigurationDelegate - Multiple Spring Data modules found, entering strict repository configuration mode! 
.19:01:24.475 INFO  o.s.d.r.c.RepositoryConfigurationDelegate - Bootstrapping Spring Data JPA repositories in DEFERRED mode. 
.19:01:24.713 INFO  o.s.d.r.c.RepositoryConfigurationDelegate - Finished Spring Data repository scanning in 221 ms. Found 9 JPA repository interfaces. 
.19:01:26.058 INFO  o.s.c.s.PostProcessorRegistrationDelegate$BeanPostProcessorChecker - Bean 'org.springframework.security.access.expression.method.DefaultMethodSecurityExpressionHandler@5ba26eb0' of type [org.springframework.security.access.expression.method.DefaultMethodSecurityExpressionHandler] is not eligible for getting processed by all BeanPostProcessors (for example: not eligible for auto-proxying) 
.19:01:26.081 INFO  o.s.c.s.PostProcessorRegistrationDelegate$BeanPostProcessorChecker - Bean 'methodSecurityMetadataSource' of type [org.springframework.security.access.method.DelegatingMethodSecurityMetadataSource] is not eligible for getting processed by all BeanPostProcessors (for example: not eligible for auto-proxying) 
.19:01:27.317 INFO  org.hibernate.Version - HHH000412: Hibernate ORM core version 5.4.32.Final 
.19:01:27.465 INFO  o.h.annotations.common.Version - HCANN000001: Hibernate Commons Annotations {5.1.2.Final} 
.19:01:27.926 INFO  com.zaxxer.hikari.HikariDataSource - HikariPool-1 - Starting... 
.19:01:28.533 INFO  com.zaxxer.hikari.HikariDataSource - HikariPool-1 - Start completed. 
.19:01:28.582 INFO  org.hibernate.dialect.Dialect - HHH000400: Using dialect: org.hibernate.dialect.MySQL55Dialect 
.19:01:28.648 INFO  o.h.e.b.internal.EnversServiceImpl - Envers integration enabled? : true 
.19:01:36.067 INFO  o.h.e.t.j.p.i.JtaPlatformInitiator - HHH000490: Using JtaPlatform implementation: [org.hibernate.engine.transaction.jta.platform.internal.NoJtaPlatform] 
.19:01:36.098 INFO  o.s.o.j.LocalContainerEntityManagerFactoryBean - Initialized JPA EntityManagerFactory for persistence unit 'default' 
.19:01:36.268 WARN  o.s.b.a.o.j.JpaBaseConfiguration$JpaWebConfiguration - spring.jpa.open-in-view is enabled by default. Therefore, database queries may be performed during view rendering. Explicitly configure spring.jpa.open-in-view to disable this warning 
.19:01:36.519 INFO  o.s.s.l.DefaultSpringSecurityContextSource -  URL 'ldap://192.168.101.47:389', root DN is '' 
.19:01:36.961 WARN  o.s.w.c.s.GenericWebApplicationContext - Exception encountered during context initialization - cancelling refresh attempt: org.springframework.beans.factory.UnsatisfiedDependencyException: Error creating bean with name 'customerController': Unsatisfied dependency expressed through field 'customerService'; nested exception is org.springframework.beans.factory.UnsatisfiedDependencyException: Error creating bean with name 'customerServiceImpl': Unsatisfied dependency expressed through field 'statementService'; nested exception is org.springframework.beans.factory.UnsatisfiedDependencyException: Error creating bean with name 'statementServiceImpl' defined in file [C:\Users\Kudzai Macheyo\IdeaProjects\ecocash-chatbot-core\target\classes\zw\co\cassavasmartech\ecocashchatbotcore\statementservice\StatementServiceImpl.class]: Unsatisfied dependency expressed through constructor parameter 1; nested exception is org.springframework.beans.factory.UnsatisfiedDependencyException: Error creating bean with name 'tokenServiceImpl': Unsatisfied dependency expressed through field 'statementServiceConfigurationProperties'; nested exception is org.springframework.boot.context.properties.ConfigurationPropertiesBindException: Error creating bean with name 'statementServiceConfigurationProperties': Could not bind properties to 'StatementServiceConfigurationProperties' : prefix=ecocash.chatbot.core.statement.service.config, ignoreInvalidFields=false, ignoreUnknownFields=true; nested exception is org.springframework.boot.context.properties.bind.BindException: Failed to bind properties under 'ecocash.chatbot.core.statement.service.config' to zw.co.cassavasmartech.ecocashchatbotcore.statementservice.StatementServiceConfigurationProperties$$EnhancerBySpringCGLIB$$869221e5 
.19:01:36.962 INFO  o.s.o.j.LocalContainerEntityManagerFactoryBean - Closing JPA EntityManagerFactory for persistence unit 'default' 
.19:01:36.965 INFO  com.zaxxer.hikari.HikariDataSource - HikariPool-1 - Shutdown initiated... 
.19:01:36.982 INFO  com.zaxxer.hikari.HikariDataSource - HikariPool-1 - Shutdown completed. 
.19:01:37.037 ERROR o.s.b.d.LoggingFailureAnalysisReporter - 

***************************
APPLICATION FAILED TO START
***************************

Description:

Binding to target org.springframework.boot.context.properties.bind.BindException: Failed to bind properties under 'ecocash.chatbot.core.statement.service.config' to zw.co.cassavasmartech.ecocashchatbotcore.statementservice.StatementServiceConfigurationProperties$$EnhancerBySpringCGLIB$$869221e5 failed:

    Property: ecocash.chatbot.core.statement.service.config.merchantMsisdn
    Value: null
    Reason: must not be empty


Action:

Update your application's configuration
 
.19:01:37.043 ERROR o.s.test.context.TestContextManager - Caught exception while allowing TestExecutionListener [org.springframework.test.context.web.ServletTestExecutionListener@791d1f8b] to prepare test instance [zw.co.cassavasmartech.ecocashchatbotcore.EcocashChatbotCoreApplicationTests@1958524b] 
java.lang.IllegalStateException: Failed to load ApplicationContext
	at org.springframework.test.context.cache.DefaultCacheAwareContextLoaderDelegate.loadContext(DefaultCacheAwareContextLoaderDelegate.java:132)
	at org.springframework.test.context.support.DefaultTestContext.getApplicationContext(DefaultTestContext.java:124)
	at org.springframework.test.context.web.ServletTestExecutionListener.setUpRequestContextIfNecessary(ServletTestExecutionListener.java:190)
	at org.springframework.test.context.web.ServletTestExecutionListener.prepareTestInstance(ServletTestExecutionListener.java:132)
	at org.springframework.test.context.TestContextManager.prepareTestInstance(TestContextManager.java:244)
	at org.springframework.test.context.junit.jupiter.SpringExtension.postProcessTestInstance(SpringExtension.java:138)
	at org.junit.jupiter.engine.descriptor.ClassBasedTestDescriptor.lambda$invokeTestInstancePostProcessors$6(ClassBasedTestDescriptor.java:350)
	at org.junit.jupiter.engine.descriptor.ClassBasedTestDescriptor.executeAndMaskThrowable(ClassBasedTestDescriptor.java:355)
	at org.junit.jupiter.engine.descriptor.ClassBasedTestDescriptor.lambda$invokeTestInstancePostProcessors$7(ClassBasedTestDescriptor.java:350)
	at java.util.stream.ReferencePipeline$3$1.accept(ReferencePipeline.java:193)
	at java.util.stream.ReferencePipeline$2$1.accept(ReferencePipeline.java:175)
	at java.util.ArrayList$ArrayListSpliterator.forEachRemaining(ArrayList.java:1384)
	at java.util.stream.AbstractPipeline.copyInto(AbstractPipeline.java:482)
	at java.util.stream.AbstractPipeline.wrapAndCopyInto(AbstractPipeline.java:472)
	at java.util.stream.StreamSpliterators$WrappingSpliterator.forEachRemaining(StreamSpliterators.java:312)
	at java.util.stream.Streams$ConcatSpliterator.forEachRemaining(Streams.java:743)
	at java.util.stream.Streams$ConcatSpliterator.forEachRemaining(Streams.java:742)
	at java.util.stream.ReferencePipeline$Head.forEach(ReferencePipeline.java:580)
	at org.junit.jupiter.engine.descriptor.ClassBasedTestDescriptor.invokeTestInstancePostProcessors(ClassBasedTestDescriptor.java:349)
	at org.junit.jupiter.engine.descriptor.ClassBasedTestDescriptor.lambda$instantiateAndPostProcessTestInstance$4(ClassBasedTestDescriptor.java:270)
	at org.junit.platform.engine.support.hierarchical.ThrowableCollector.execute(ThrowableCollector.java:73)
	at org.junit.jupiter.engine.descriptor.ClassBasedTestDescriptor.instantiateAndPostProcessTestInstance(ClassBasedTestDescriptor.java:269)
	at org.junit.jupiter.engine.descriptor.ClassBasedTestDescriptor.lambda$testInstancesProvider$2(ClassBasedTestDescriptor.java:259)
	at java.util.Optional.orElseGet(Optional.java:267)
	at org.junit.jupiter.engine.descriptor.ClassBasedTestDescriptor.lambda$testInstancesProvider$3(ClassBasedTestDescriptor.java:258)
	at org.junit.jupiter.engine.execution.TestInstancesProvider.getTestInstances(TestInstancesProvider.java:31)
	at org.junit.jupiter.engine.descriptor.TestMethodTestDescriptor.lambda$prepare$0(TestMethodTestDescriptor.java:101)
	at org.junit.platform.engine.support.hierarchical.ThrowableCollector.execute(ThrowableCollector.java:73)
	at org.junit.jupiter.engine.descriptor.TestMethodTestDescriptor.prepare(TestMethodTestDescriptor.java:100)
	at org.junit.jupiter.engine.descriptor.TestMethodTestDescriptor.prepare(TestMethodTestDescriptor.java:65)
	at org.junit.platform.engine.support.hierarchical.NodeTestTask.lambda$prepare$1(NodeTestTask.java:111)
	at org.junit.platform.engine.support.hierarchical.ThrowableCollector.execute(ThrowableCollector.java:73)
	at org.junit.platform.engine.support.hierarchical.NodeTestTask.prepare(NodeTestTask.java:111)
	at org.junit.platform.engine.support.hierarchical.NodeTestTask.execute(NodeTestTask.java:79)
	at java.util.ArrayList.forEach(ArrayList.java:1259)
	at org.junit.platform.engine.support.hierarchical.SameThreadHierarchicalTestExecutorService.invokeAll(SameThreadHierarchicalTestExecutorService.java:38)
	at org.junit.platform.engine.support.hierarchical.NodeTestTask.lambda$executeRecursively$5(NodeTestTask.java:143)
	at org.junit.platform.engine.support.hierarchical.ThrowableCollector.execute(ThrowableCollector.java:73)
	at org.junit.platform.engine.support.hierarchical.NodeTestTask.lambda$executeRecursively$7(NodeTestTask.java:129)
	at org.junit.platform.engine.support.hierarchical.Node.around(Node.java:137)
	at org.junit.platform.engine.support.hierarchical.NodeTestTask.lambda$executeRecursively$8(NodeTestTask.java:127)
	at org.junit.platform.engine.support.hierarchical.ThrowableCollector.execute(ThrowableCollector.java:73)
	at org.junit.platform.engine.support.hierarchical.NodeTestTask.executeRecursively(NodeTestTask.java:126)
	at org.junit.platform.engine.support.hierarchical.NodeTestTask.execute(NodeTestTask.java:84)
	at java.util.ArrayList.forEach(ArrayList.java:1259)
	at org.junit.platform.engine.support.hierarchical.SameThreadHierarchicalTestExecutorService.invokeAll(SameThreadHierarchicalTestExecutorService.java:38)
	at org.junit.platform.engine.support.hierarchical.NodeTestTask.lambda$executeRecursively$5(NodeTestTask.java:143)
	at org.junit.platform.engine.support.hierarchical.ThrowableCollector.execute(ThrowableCollector.java:73)
	at org.junit.platform.engine.support.hierarchical.NodeTestTask.lambda$executeRecursively$7(NodeTestTask.java:129)
	at org.junit.platform.engine.support.hierarchical.Node.around(Node.java:137)
	at org.junit.platform.engine.support.hierarchical.NodeTestTask.lambda$executeRecursively$8(NodeTestTask.java:127)
	at org.junit.platform.engine.support.hierarchical.ThrowableCollector.execute(ThrowableCollector.java:73)
	at org.junit.platform.engine.support.hierarchical.NodeTestTask.executeRecursively(NodeTestTask.java:126)
	at org.junit.platform.engine.support.hierarchical.NodeTestTask.execute(NodeTestTask.java:84)
	at org.junit.platform.engine.support.hierarchical.SameThreadHierarchicalTestExecutorService.submit(SameThreadHierarchicalTestExecutorService.java:32)
	at org.junit.platform.engine.support.hierarchical.HierarchicalTestExecutor.execute(HierarchicalTestExecutor.java:57)
	at org.junit.platform.engine.support.hierarchical.HierarchicalTestEngine.execute(HierarchicalTestEngine.java:51)
	at org.junit.platform.launcher.core.DefaultLauncher.execute(DefaultLauncher.java:220)
	at org.junit.platform.launcher.core.DefaultLauncher.lambda$execute$6(DefaultLauncher.java:188)
	at org.junit.platform.launcher.core.DefaultLauncher.withInterceptedStreams(DefaultLauncher.java:202)
	at org.junit.platform.launcher.core.DefaultLauncher.execute(DefaultLauncher.java:181)
	at org.junit.platform.launcher.core.DefaultLauncher.execute(DefaultLauncher.java:128)
	at org.apache.maven.surefire.junitplatform.JUnitPlatformProvider.invokeAllTests(JUnitPlatformProvider.java:150)
	at org.apache.maven.surefire.junitplatform.JUnitPlatformProvider.invoke(JUnitPlatformProvider.java:124)
	at org.apache.maven.surefire.booter.ForkedBooter.invokeProviderInSameClassLoader(ForkedBooter.java:384)
	at org.apache.maven.surefire.booter.ForkedBooter.runSuitesInProcess(ForkedBooter.java:345)
	at org.apache.maven.surefire.booter.ForkedBooter.execute(ForkedBooter.java:126)
	at org.apache.maven.surefire.booter.ForkedBooter.main(ForkedBooter.java:418)
Caused by: org.springframework.beans.factory.UnsatisfiedDependencyException: Error creating bean with name 'customerController': Unsatisfied dependency expressed through field 'customerService'; nested exception is org.springframework.beans.factory.UnsatisfiedDependencyException: Error creating bean with name 'customerServiceImpl': Unsatisfied dependency expressed through field 'statementService'; nested exception is org.springframework.beans.factory.UnsatisfiedDependencyException: Error creating bean with name 'statementServiceImpl' defined in file [C:\Users\Kudzai Macheyo\IdeaProjects\ecocash-chatbot-core\target\classes\zw\co\cassavasmartech\ecocashchatbotcore\statementservice\StatementServiceImpl.class]: Unsatisfied dependency expressed through constructor parameter 1; nested exception is org.springframework.beans.factory.UnsatisfiedDependencyException: Error creating bean with name 'tokenServiceImpl': Unsatisfied dependency expressed through field 'statementServiceConfigurationProperties'; nested exception is org.springframework.boot.context.properties.ConfigurationPropertiesBindException: Error creating bean with name 'statementServiceConfigurationProperties': Could not bind properties to 'StatementServiceConfigurationProperties' : prefix=ecocash.chatbot.core.statement.service.config, ignoreInvalidFields=false, ignoreUnknownFields=true; nested exception is org.springframework.boot.context.properties.bind.BindException: Failed to bind properties under 'ecocash.chatbot.core.statement.service.config' to zw.co.cassavasmartech.ecocashchatbotcore.statementservice.StatementServiceConfigurationProperties$$EnhancerBySpringCGLIB$$869221e5
	at org.springframework.beans.factory.annotation.AutowiredAnnotationBeanPostProcessor$AutowiredFieldElement.resolveFieldValue(AutowiredAnnotationBeanPostProcessor.java:660)
	at org.springframework.beans.factory.annotation.AutowiredAnnotationBeanPostProcessor$AutowiredFieldElement.inject(AutowiredAnnotationBeanPostProcessor.java:640)
	at org.springframework.beans.factory.annotation.InjectionMetadata.inject(InjectionMetadata.java:119)
	at org.springframework.beans.factory.annotation.AutowiredAnnotationBeanPostProcessor.postProcessProperties(AutowiredAnnotationBeanPostProcessor.java:399)
	at org.springframework.beans.factory.support.AbstractAutowireCapableBeanFactory.populateBean(AbstractAutowireCapableBeanFactory.java:1413)
	at org.springframework.beans.factory.support.AbstractAutowireCapableBeanFactory.doCreateBean(AbstractAutowireCapableBeanFactory.java:601)
	at org.springframework.beans.factory.support.AbstractAutowireCapableBeanFactory.createBean(AbstractAutowireCapableBeanFactory.java:524)
	at org.springframework.beans.factory.support.AbstractBeanFactory.lambda$doGetBean$0(AbstractBeanFactory.java:335)
	at org.springframework.beans.factory.support.DefaultSingletonBeanRegistry.getSingleton(DefaultSingletonBeanRegistry.java:234)
	at org.springframework.beans.factory.support.AbstractBeanFactory.doGetBean(AbstractBeanFactory.java:333)
	at org.springframework.beans.factory.support.AbstractBeanFactory.getBean(AbstractBeanFactory.java:208)
	at org.springframework.beans.factory.support.DefaultListableBeanFactory.preInstantiateSingletons(DefaultListableBeanFactory.java:944)
	at org.springframework.context.support.AbstractApplicationContext.finishBeanFactoryInitialization(AbstractApplicationContext.java:918)
	at org.springframework.context.support.AbstractApplicationContext.refresh(AbstractApplicationContext.java:583)
	at org.springframework.boot.SpringApplication.refresh(SpringApplication.java:754)
	at org.springframework.boot.SpringApplication.refreshContext(SpringApplication.java:434)
	at org.springframework.boot.SpringApplication.run(SpringApplication.java:338)
	at org.springframework.boot.test.context.SpringBootContextLoader.loadContext(SpringBootContextLoader.java:123)
	at org.springframework.test.context.cache.DefaultCacheAwareContextLoaderDelegate.loadContextInternal(DefaultCacheAwareContextLoaderDelegate.java:99)
	at org.springframework.test.context.cache.DefaultCacheAwareContextLoaderDelegate.loadContext(DefaultCacheAwareContextLoaderDelegate.java:124)
	... 67 common frames omitted
Caused by: org.springframework.beans.factory.UnsatisfiedDependencyException: Error creating bean with name 'customerServiceImpl': Unsatisfied dependency expressed through field 'statementService'; nested exception is org.springframework.beans.factory.UnsatisfiedDependencyException: Error creating bean with name 'statementServiceImpl' defined in file [C:\Users\Kudzai Macheyo\IdeaProjects\ecocash-chatbot-core\target\classes\zw\co\cassavasmartech\ecocashchatbotcore\statementservice\StatementServiceImpl.class]: Unsatisfied dependency expressed through constructor parameter 1; nested exception is org.springframework.beans.factory.UnsatisfiedDependencyException: Error creating bean with name 'tokenServiceImpl': Unsatisfied dependency expressed through field 'statementServiceConfigurationProperties'; nested exception is org.springframework.boot.context.properties.ConfigurationPropertiesBindException: Error creating bean with name 'statementServiceConfigurationProperties': Could not bind properties to 'StatementServiceConfigurationProperties' : prefix=ecocash.chatbot.core.statement.service.config, ignoreInvalidFields=false, ignoreUnknownFields=true; nested exception is org.springframework.boot.context.properties.bind.BindException: Failed to bind properties under 'ecocash.chatbot.core.statement.service.config' to zw.co.cassavasmartech.ecocashchatbotcore.statementservice.StatementServiceConfigurationProperties$$EnhancerBySpringCGLIB$$869221e5
	at org.springframework.beans.factory.annotation.AutowiredAnnotationBeanPostProcessor$AutowiredFieldElement.resolveFieldValue(AutowiredAnnotationBeanPostProcessor.java:660)
	at org.springframework.beans.factory.annotation.AutowiredAnnotationBeanPostProcessor$AutowiredFieldElement.inject(AutowiredAnnotationBeanPostProcessor.java:640)
	at org.springframework.beans.factory.annotation.InjectionMetadata.inject(InjectionMetadata.java:119)
	at org.springframework.beans.factory.annotation.AutowiredAnnotationBeanPostProcessor.postProcessProperties(AutowiredAnnotationBeanPostProcessor.java:399)
	at org.springframework.beans.factory.support.AbstractAutowireCapableBeanFactory.populateBean(AbstractAutowireCapableBeanFactory.java:1413)
	at org.springframework.beans.factory.support.AbstractAutowireCapableBeanFactory.doCreateBean(AbstractAutowireCapableBeanFactory.java:601)
	at org.springframework.beans.factory.support.AbstractAutowireCapableBeanFactory.createBean(AbstractAutowireCapableBeanFactory.java:524)
	at org.springframework.beans.factory.support.AbstractBeanFactory.lambda$doGetBean$0(AbstractBeanFactory.java:335)
	at org.springframework.beans.factory.support.DefaultSingletonBeanRegistry.getSingleton(DefaultSingletonBeanRegistry.java:234)
	at org.springframework.beans.factory.support.AbstractBeanFactory.doGetBean(AbstractBeanFactory.java:333)
	at org.springframework.beans.factory.support.AbstractBeanFactory.getBean(AbstractBeanFactory.java:208)
	at org.springframework.beans.factory.config.DependencyDescriptor.resolveCandidate(DependencyDescriptor.java:276)
	at org.springframework.beans.factory.support.DefaultListableBeanFactory.doResolveDependency(DefaultListableBeanFactory.java:1380)
	at org.springframework.beans.factory.support.DefaultListableBeanFactory.resolveDependency(DefaultListableBeanFactory.java:1300)
	at org.springframework.beans.factory.annotation.AutowiredAnnotationBeanPostProcessor$AutowiredFieldElement.resolveFieldValue(AutowiredAnnotationBeanPostProcessor.java:657)
	... 86 common frames omitted
Caused by: org.springframework.beans.factory.UnsatisfiedDependencyException: Error creating bean with name 'statementServiceImpl' defined in file [C:\Users\Kudzai Macheyo\IdeaProjects\ecocash-chatbot-core\target\classes\zw\co\cassavasmartech\ecocashchatbotcore\statementservice\StatementServiceImpl.class]: Unsatisfied dependency expressed through constructor parameter 1; nested exception is org.springframework.beans.factory.UnsatisfiedDependencyException: Error creating bean with name 'tokenServiceImpl': Unsatisfied dependency expressed through field 'statementServiceConfigurationProperties'; nested exception is org.springframework.boot.context.properties.ConfigurationPropertiesBindException: Error creating bean with name 'statementServiceConfigurationProperties': Could not bind properties to 'StatementServiceConfigurationProperties' : prefix=ecocash.chatbot.core.statement.service.config, ignoreInvalidFields=false, ignoreUnknownFields=true; nested exception is org.springframework.boot.context.properties.bind.BindException: Failed to bind properties under 'ecocash.chatbot.core.statement.service.config' to zw.co.cassavasmartech.ecocashchatbotcore.statementservice.StatementServiceConfigurationProperties$$EnhancerBySpringCGLIB$$869221e5
	at org.springframework.beans.factory.support.ConstructorResolver.createArgumentArray(ConstructorResolver.java:800)
	at org.springframework.beans.factory.support.ConstructorResolver.autowireConstructor(ConstructorResolver.java:229)
	at org.springframework.beans.factory.support.AbstractAutowireCapableBeanFactory.autowireConstructor(AbstractAutowireCapableBeanFactory.java:1354)
	at org.springframework.beans.factory.support.AbstractAutowireCapableBeanFactory.createBeanInstance(AbstractAutowireCapableBeanFactory.java:1204)
	at org.springframework.beans.factory.support.AbstractAutowireCapableBeanFactory.doCreateBean(AbstractAutowireCapableBeanFactory.java:564)
	at org.springframework.beans.factory.support.AbstractAutowireCapableBeanFactory.createBean(AbstractAutowireCapableBeanFactory.java:524)
	at org.springframework.beans.factory.support.AbstractBeanFactory.lambda$doGetBean$0(AbstractBeanFactory.java:335)
	at org.springframework.beans.factory.support.DefaultSingletonBeanRegistry.getSingleton(DefaultSingletonBeanRegistry.java:234)
	at org.springframework.beans.factory.support.AbstractBeanFactory.doGetBean(AbstractBeanFactory.java:333)
	at org.springframework.beans.factory.support.AbstractBeanFactory.getBean(AbstractBeanFactory.java:208)
	at org.springframework.beans.factory.config.DependencyDescriptor.resolveCandidate(DependencyDescriptor.java:276)
	at org.springframework.beans.factory.support.DefaultListableBeanFactory.doResolveDependency(DefaultListableBeanFactory.java:1380)
	at org.springframework.beans.factory.support.DefaultListableBeanFactory.resolveDependency(DefaultListableBeanFactory.java:1300)
	at org.springframework.beans.factory.annotation.AutowiredAnnotationBeanPostProcessor$AutowiredFieldElement.resolveFieldValue(AutowiredAnnotationBeanPostProcessor.java:657)
	... 100 common frames omitted
Caused by: org.springframework.beans.factory.UnsatisfiedDependencyException: Error creating bean with name 'tokenServiceImpl': Unsatisfied dependency expressed through field 'statementServiceConfigurationProperties'; nested exception is org.springframework.boot.context.properties.ConfigurationPropertiesBindException: Error creating bean with name 'statementServiceConfigurationProperties': Could not bind properties to 'StatementServiceConfigurationProperties' : prefix=ecocash.chatbot.core.statement.service.config, ignoreInvalidFields=false, ignoreUnknownFields=true; nested exception is org.springframework.boot.context.properties.bind.BindException: Failed to bind properties under 'ecocash.chatbot.core.statement.service.config' to zw.co.cassavasmartech.ecocashchatbotcore.statementservice.StatementServiceConfigurationProperties$$EnhancerBySpringCGLIB$$869221e5
	at org.springframework.beans.factory.annotation.AutowiredAnnotationBeanPostProcessor$AutowiredFieldElement.resolveFieldValue(AutowiredAnnotationBeanPostProcessor.java:660)
	at org.springframework.beans.factory.annotation.AutowiredAnnotationBeanPostProcessor$AutowiredFieldElement.inject(AutowiredAnnotationBeanPostProcessor.java:640)
	at org.springframework.beans.factory.annotation.InjectionMetadata.inject(InjectionMetadata.java:119)
	at org.springframework.beans.factory.annotation.AutowiredAnnotationBeanPostProcessor.postProcessProperties(AutowiredAnnotationBeanPostProcessor.java:399)
	at org.springframework.beans.factory.support.AbstractAutowireCapableBeanFactory.populateBean(AbstractAutowireCapableBeanFactory.java:1413)
	at org.springframework.beans.factory.support.AbstractAutowireCapableBeanFactory.doCreateBean(AbstractAutowireCapableBeanFactory.java:601)
	at org.springframework.beans.factory.support.AbstractAutowireCapableBeanFactory.createBean(AbstractAutowireCapableBeanFactory.java:524)
	at org.springframework.beans.factory.support.AbstractBeanFactory.lambda$doGetBean$0(AbstractBeanFactory.java:335)
	at org.springframework.beans.factory.support.DefaultSingletonBeanRegistry.getSingleton(DefaultSingletonBeanRegistry.java:234)
	at org.springframework.beans.factory.support.AbstractBeanFactory.doGetBean(AbstractBeanFactory.java:333)
	at org.springframework.beans.factory.support.AbstractBeanFactory.getBean(AbstractBeanFactory.java:208)
	at org.springframework.beans.factory.config.DependencyDescriptor.resolveCandidate(DependencyDescriptor.java:276)
	at org.springframework.beans.factory.support.DefaultListableBeanFactory.doResolveDependency(DefaultListableBeanFactory.java:1380)
	at org.springframework.beans.factory.support.DefaultListableBeanFactory.resolveDependency(DefaultListableBeanFactory.java:1300)
	at org.springframework.beans.factory.support.ConstructorResolver.resolveAutowiredArgument(ConstructorResolver.java:887)
	at org.springframework.beans.factory.support.ConstructorResolver.createArgumentArray(ConstructorResolver.java:791)
	... 113 common frames omitted
Caused by: org.springframework.boot.context.properties.ConfigurationPropertiesBindException: Error creating bean with name 'statementServiceConfigurationProperties': Could not bind properties to 'StatementServiceConfigurationProperties' : prefix=ecocash.chatbot.core.statement.service.config, ignoreInvalidFields=false, ignoreUnknownFields=true; nested exception is org.springframework.boot.context.properties.bind.BindException: Failed to bind properties under 'ecocash.chatbot.core.statement.service.config' to zw.co.cassavasmartech.ecocashchatbotcore.statementservice.StatementServiceConfigurationProperties$$EnhancerBySpringCGLIB$$869221e5
	at org.springframework.boot.context.properties.ConfigurationPropertiesBindingPostProcessor.bind(ConfigurationPropertiesBindingPostProcessor.java:92)
	at org.springframework.boot.context.properties.ConfigurationPropertiesBindingPostProcessor.postProcessBeforeInitialization(ConfigurationPropertiesBindingPostProcessor.java:78)
	at org.springframework.beans.factory.support.AbstractAutowireCapableBeanFactory.applyBeanPostProcessorsBeforeInitialization(AbstractAutowireCapableBeanFactory.java:422)
	at org.springframework.beans.factory.support.AbstractAutowireCapableBeanFactory.initializeBean(AbstractAutowireCapableBeanFactory.java:1778)
	at org.springframework.beans.factory.support.AbstractAutowireCapableBeanFactory.doCreateBean(AbstractAutowireCapableBeanFactory.java:602)
	at org.springframework.beans.factory.support.AbstractAutowireCapableBeanFactory.createBean(AbstractAutowireCapableBeanFactory.java:524)
	at org.springframework.beans.factory.support.AbstractBeanFactory.lambda$doGetBean$0(AbstractBeanFactory.java:335)
	at org.springframework.beans.factory.support.DefaultSingletonBeanRegistry.getSingleton(DefaultSingletonBeanRegistry.java:234)
	at org.springframework.beans.factory.support.AbstractBeanFactory.doGetBean(AbstractBeanFactory.java:333)
	at org.springframework.beans.factory.support.AbstractBeanFactory.getBean(AbstractBeanFactory.java:208)
	at org.springframework.beans.factory.config.DependencyDescriptor.resolveCandidate(DependencyDescriptor.java:276)
	at org.springframework.beans.factory.support.DefaultListableBeanFactory.doResolveDependency(DefaultListableBeanFactory.java:1380)
	at org.springframework.beans.factory.support.DefaultListableBeanFactory.resolveDependency(DefaultListableBeanFactory.java:1300)
	at org.springframework.beans.factory.annotation.AutowiredAnnotationBeanPostProcessor$AutowiredFieldElement.resolveFieldValue(AutowiredAnnotationBeanPostProcessor.java:657)
	... 128 common frames omitted
Caused by: org.springframework.boot.context.properties.bind.BindException: Failed to bind properties under 'ecocash.chatbot.core.statement.service.config' to zw.co.cassavasmartech.ecocashchatbotcore.statementservice.StatementServiceConfigurationProperties$$EnhancerBySpringCGLIB$$869221e5
	at org.springframework.boot.context.properties.bind.Binder.handleBindError(Binder.java:384)
	at org.springframework.boot.context.properties.bind.Binder.bind(Binder.java:344)
	at org.springframework.boot.context.properties.bind.Binder.bind(Binder.java:329)
	at org.springframework.boot.context.properties.bind.Binder.bind(Binder.java:259)
	at org.springframework.boot.context.properties.bind.Binder.bind(Binder.java:246)
	at org.springframework.boot.context.properties.ConfigurationPropertiesBinder.bind(ConfigurationPropertiesBinder.java:96)
	at org.springframework.boot.context.properties.ConfigurationPropertiesBindingPostProcessor.bind(ConfigurationPropertiesBindingPostProcessor.java:89)
	... 141 common frames omitted
Caused by: org.springframework.boot.context.properties.bind.validation.BindValidationException: Binding validation errors on ecocash.chatbot.core.statement.service.config
   - Field error in object 'ecocash.chatbot.core.statement.service.config' on field 'merchantMsisdn': rejected value [null]; codes [NotEmpty.ecocash.chatbot.core.statement.service.config.merchantMsisdn,NotEmpty.merchantMsisdn,NotEmpty.java.lang.String,NotEmpty]; arguments [org.springframework.context.support.DefaultMessageSourceResolvable: codes [ecocash.chatbot.core.statement.service.config.merchantMsisdn,merchantMsisdn]; arguments []; default message [merchantMsisdn]]; default message [must not be empty]
	at org.springframework.boot.context.properties.bind.validation.ValidationBindHandler.validateAndPush(ValidationBindHandler.java:141)
	at org.springframework.boot.context.properties.bind.validation.ValidationBindHandler.validate(ValidationBindHandler.java:114)
	at org.springframework.boot.context.properties.bind.validation.ValidationBindHandler.onFinish(ValidationBindHandler.java:105)
	at org.springframework.boot.context.properties.bind.Binder.handleBindResult(Binder.java:360)
	at org.springframework.boot.context.properties.bind.Binder.bind(Binder.java:341)
	... 146 common frames omitted
.19:02:58.685 INFO  o.s.b.t.c.SpringBootTestContextBootstrapper - Neither @ContextConfiguration nor @ContextHierarchy found for test class [zw.co.cassavasmartech.ecocashchatbotcore.EcocashChatbotCoreApplicationTests], using SpringBootContextLoader 
.19:02:58.689 INFO  o.s.t.c.s.AbstractContextLoader - Could not detect default resource locations for test class [zw.co.cassavasmartech.ecocashchatbotcore.EcocashChatbotCoreApplicationTests]: no resource found for suffixes {-context.xml, Context.groovy}. 
.19:02:58.694 INFO  o.s.t.c.s.AnnotationConfigContextLoaderUtils - Could not detect default configuration classes for test class [zw.co.cassavasmartech.ecocashchatbotcore.EcocashChatbotCoreApplicationTests]: EcocashChatbotCoreApplicationTests does not declare any static, non-private, non-final, nested classes annotated with @Configuration. 
.19:02:58.831 INFO  o.s.b.t.c.SpringBootTestContextBootstrapper - Found @SpringBootConfiguration zw.co.cassavasmartech.ecocashchatbotcore.EcocashChatbotCoreApplication for test class zw.co.cassavasmartech.ecocashchatbotcore.EcocashChatbotCoreApplicationTests 
.19:02:58.958 INFO  o.s.b.t.c.SpringBootTestContextBootstrapper - Loaded default TestExecutionListener class names from location [META-INF/spring.factories]: [org.springframework.boot.test.mock.mockito.MockitoTestExecutionListener, org.springframework.boot.test.mock.mockito.ResetMocksTestExecutionListener, org.springframework.boot.test.autoconfigure.restdocs.RestDocsTestExecutionListener, org.springframework.boot.test.autoconfigure.web.client.MockRestServiceServerResetTestExecutionListener, org.springframework.boot.test.autoconfigure.web.servlet.MockMvcPrintOnlyOnFailureTestExecutionListener, org.springframework.boot.test.autoconfigure.web.servlet.WebDriverTestExecutionListener, org.springframework.boot.test.autoconfigure.webservices.client.MockWebServiceServerTestExecutionListener, org.springframework.test.context.web.ServletTestExecutionListener, org.springframework.test.context.support.DirtiesContextBeforeModesTestExecutionListener, org.springframework.test.context.event.ApplicationEventsTestExecutionListener, org.springframework.test.context.support.DependencyInjectionTestExecutionListener, org.springframework.test.context.support.DirtiesContextTestExecutionListener, org.springframework.test.context.transaction.TransactionalTestExecutionListener, org.springframework.test.context.jdbc.SqlScriptsTestExecutionListener, org.springframework.test.context.event.EventPublishingTestExecutionListener, org.springframework.security.test.context.support.WithSecurityContextTestExecutionListener, org.springframework.security.test.context.support.ReactorContextTestExecutionListener] 
.19:02:58.979 INFO  o.s.b.t.c.SpringBootTestContextBootstrapper - Using TestExecutionListeners: [org.springframework.test.context.web.ServletTestExecutionListener@791d1f8b, org.springframework.test.context.support.DirtiesContextBeforeModesTestExecutionListener@2415fc55, org.springframework.test.context.event.ApplicationEventsTestExecutionListener@14f232c4, org.springframework.boot.test.mock.mockito.MockitoTestExecutionListener@13bc8645, org.springframework.boot.test.autoconfigure.SpringBootDependencyInjectionTestExecutionListener@24c22fe, org.springframework.test.context.support.DirtiesContextTestExecutionListener@93081b6, org.springframework.test.context.transaction.TransactionalTestExecutionListener@cd1e646, org.springframework.test.context.jdbc.SqlScriptsTestExecutionListener@7ba8c737, org.springframework.test.context.event.EventPublishingTestExecutionListener@1890516e, org.springframework.security.test.context.support.WithSecurityContextTestExecutionListener@15a04efb, org.springframework.security.test.context.support.ReactorContextTestExecutionListener@16c069df, org.springframework.boot.test.mock.mockito.ResetMocksTestExecutionListener@2bec854f, org.springframework.boot.test.autoconfigure.restdocs.RestDocsTestExecutionListener@31edaa7d, org.springframework.boot.test.autoconfigure.web.client.MockRestServiceServerResetTestExecutionListener@26adfd2d, org.springframework.boot.test.autoconfigure.web.servlet.MockMvcPrintOnlyOnFailureTestExecutionListener@3336e6b6, org.springframework.boot.test.autoconfigure.web.servlet.WebDriverTestExecutionListener@7c3fdb62, org.springframework.boot.test.autoconfigure.webservices.client.MockWebServiceServerTestExecutionListener@205d38da] 
.19:02:59.420 INFO  z.c.c.e.EcocashChatbotCoreApplicationTests - Starting EcocashChatbotCoreApplicationTests using Java 1.8.0_271 on LAPTOP-1JQH6S1S with PID 7764 (started by Kudzai Macheyo in C:\Users\Kudzai Macheyo\IdeaProjects\ecocash-chatbot-core) 
.19:02:59.420 INFO  z.c.c.e.EcocashChatbotCoreApplicationTests - The following profiles are active: dev 
.19:02:59.431 INFO  o.h.validator.internal.util.Version - HV000001: Hibernate Validator 6.2.0.Final 
.19:03:00.840 INFO  o.s.d.r.c.RepositoryConfigurationDelegate - Multiple Spring Data modules found, entering strict repository configuration mode! 
.19:03:00.843 INFO  o.s.d.r.c.RepositoryConfigurationDelegate - Bootstrapping Spring Data JPA repositories in DEFERRED mode. 
.19:03:01.116 INFO  o.s.d.r.c.RepositoryConfigurationDelegate - Finished Spring Data repository scanning in 256 ms. Found 9 JPA repository interfaces. 
.19:03:01.742 INFO  o.s.c.s.PostProcessorRegistrationDelegate$BeanPostProcessorChecker - Bean 'org.springframework.security.access.expression.method.DefaultMethodSecurityExpressionHandler@45404d5' of type [org.springframework.security.access.expression.method.DefaultMethodSecurityExpressionHandler] is not eligible for getting processed by all BeanPostProcessors (for example: not eligible for auto-proxying) 
.19:03:01.762 INFO  o.s.c.s.PostProcessorRegistrationDelegate$BeanPostProcessorChecker - Bean 'methodSecurityMetadataSource' of type [org.springframework.security.access.method.DelegatingMethodSecurityMetadataSource] is not eligible for getting processed by all BeanPostProcessors (for example: not eligible for auto-proxying) 
.19:03:02.127 INFO  org.hibernate.Version - HHH000412: Hibernate ORM core version 5.4.32.Final 
.19:03:02.340 INFO  o.h.annotations.common.Version - HCANN000001: Hibernate Commons Annotations {5.1.2.Final} 
.19:03:02.666 INFO  com.zaxxer.hikari.HikariDataSource - HikariPool-1 - Starting... 
.19:03:03.256 INFO  com.zaxxer.hikari.HikariDataSource - HikariPool-1 - Start completed. 
.19:03:03.352 INFO  org.hibernate.dialect.Dialect - HHH000400: Using dialect: org.hibernate.dialect.MySQL55Dialect 
.19:03:03.409 INFO  o.h.e.b.internal.EnversServiceImpl - Envers integration enabled? : true 
.19:03:08.482 INFO  o.h.e.t.j.p.i.JtaPlatformInitiator - HHH000490: Using JtaPlatform implementation: [org.hibernate.engine.transaction.jta.platform.internal.NoJtaPlatform] 
.19:03:08.514 INFO  o.s.o.j.LocalContainerEntityManagerFactoryBean - Initialized JPA EntityManagerFactory for persistence unit 'default' 
.19:03:08.687 WARN  o.s.b.a.o.j.JpaBaseConfiguration$JpaWebConfiguration - spring.jpa.open-in-view is enabled by default. Therefore, database queries may be performed during view rendering. Explicitly configure spring.jpa.open-in-view to disable this warning 
.19:03:08.876 INFO  o.s.s.l.DefaultSpringSecurityContextSource -  URL 'ldap://192.168.101.47:389', root DN is '' 
.19:03:10.248 INFO  o.s.s.web.DefaultSecurityFilterChain - Will secure Ant [pattern='/dialogflow/**'] with [org.springframework.security.web.context.request.async.WebAsyncManagerIntegrationFilter@3b11deb6, org.springframework.security.web.context.SecurityContextPersistenceFilter@1a34772e, org.springframework.security.web.header.HeaderWriterFilter@59845a40, org.springframework.security.web.authentication.logout.LogoutFilter@49f9758, org.springframework.security.web.authentication.www.BasicAuthenticationFilter@400df2b3, zw.co.cassavasmartech.ecocashchatbotcore.security.CustomFilter@5d08a65c, org.springframework.security.web.savedrequest.RequestCacheAwareFilter@6870a76f, org.springframework.security.web.servletapi.SecurityContextHolderAwareRequestFilter@3fd21272, org.springframework.security.web.authentication.AnonymousAuthenticationFilter@5c13534a, org.springframework.security.web.session.SessionManagementFilter@1bb78ae, org.springframework.security.web.access.ExceptionTranslationFilter@662061e3, org.springframework.security.web.access.intercept.FilterSecurityInterceptor@24a1858a] 
.19:03:10.253 INFO  o.s.s.web.DefaultSecurityFilterChain - Will secure any request with [org.springframework.security.web.context.request.async.WebAsyncManagerIntegrationFilter@3e0a112f, org.springframework.security.web.context.SecurityContextPersistenceFilter@10f192d8, org.springframework.security.web.header.HeaderWriterFilter@1c65ec63, org.springframework.security.web.authentication.logout.LogoutFilter@3c205259, zw.co.cassavasmartech.ecocashchatbotcore.security.JWTFilter@abe7d36, org.springframework.security.web.savedrequest.RequestCacheAwareFilter@f0d01c9, org.springframework.security.web.servletapi.SecurityContextHolderAwareRequestFilter@3c38e2bf, org.springframework.security.web.authentication.AnonymousAuthenticationFilter@7da1ef46, org.springframework.security.web.session.SessionManagementFilter@25f73119, org.springframework.security.web.access.ExceptionTranslationFilter@1fb00a6d, org.springframework.security.web.access.intercept.FilterSecurityInterceptor@7bbe532b] 
.19:03:11.194 INFO  o.s.d.r.c.DeferredRepositoryInitializationListener - Triggering deferred initialization of Spring Data repositories… 
.19:03:12.017 INFO  o.s.d.r.c.DeferredRepositoryInitializationListener - Spring Data repositories initialized! 
.19:03:12.032 INFO  z.c.c.e.EcocashChatbotCoreApplicationTests - Started EcocashChatbotCoreApplicationTests in 13.0 seconds (JVM running for 14.329) 
.19:03:12.234 INFO  o.s.o.j.LocalContainerEntityManagerFactoryBean - Closing JPA EntityManagerFactory for persistence unit 'default' 
.19:03:12.238 INFO  com.zaxxer.hikari.HikariDataSource - HikariPool-1 - Shutdown initiated... 
.19:03:12.249 INFO  com.zaxxer.hikari.HikariDataSource - HikariPool-1 - Shutdown completed. 
