.09:09:53.683 WARN  com.zaxxer.hikari.pool.HikariPool - HikariPool-1 - Thread starvation or clock leap detected (housekeeper delta=11h22m57s703ms695µs700ns). 
.10:48:47.255 WARN  com.zaxxer.hikari.pool.HikariPool - HikariPool-1 - Thread starvation or clock leap detected (housekeeper delta=20m52s765ms297µs400ns). 
.13:59:25.649 WARN  com.zaxxer.hikari.pool.HikariPool - HikariPool-1 - Thread starvation or clock leap detected (housekeeper delta=2m19s645ms661µs900ns). 
.14:04:53.610 WARN  com.zaxxer.hikari.pool.HikariPool - HikariPool-1 - Thread starvation or clock leap detected (housekeeper delta=4m57s960ms20µs600ns). 
.14:26:11.306 WARN  com.zaxxer.hikari.pool.HikariPool - HikariPool-1 - Thread starvation or clock leap detected (housekeeper delta=20m17s703ms433µs800ns). 
.16:06:45.923 WARN  com.zaxxer.hikari.pool.HikariPool - HikariPool-1 - Thread starvation or clock leap detected (housekeeper delta=1h19m46s46ms404µs600ns). 
.16:42:14.089 WARN  com.zaxxer.hikari.pool.HikariPool - HikariPool-1 - Thread starvation or clock leap detected (housekeeper delta=6m27s873ms987µs). 
.16:44:23.622 INFO  o.h.validator.internal.util.Version - HV000001: Hibernate Validator 6.2.0.Final 
.16:44:23.635 INFO  z.c.c.e.EcocashChatbotCoreApplication - Starting EcocashChatbotCoreApplication using Java 1.8.0_271 on LAPTOP-1JQH6S1S with PID 22324 (C:\Users\Kudzai Macheyo\IdeaProjects\ecocash-chatbot-core\target\classes started by Kudzai Macheyo in C:\Users\Kudzai Macheyo\IdeaProjects\ecocash-chatbot-core) 
.16:44:23.635 INFO  z.c.c.e.EcocashChatbotCoreApplication - The following profiles are active: dev 
.16:44:24.633 INFO  o.s.d.r.c.RepositoryConfigurationDelegate - Multiple Spring Data modules found, entering strict repository configuration mode! 
.16:44:24.634 INFO  o.s.d.r.c.RepositoryConfigurationDelegate - Bootstrapping Spring Data JPA repositories in DEFERRED mode. 
.16:44:24.791 INFO  o.s.d.r.c.RepositoryConfigurationDelegate - Finished Spring Data repository scanning in 149 ms. Found 9 JPA repository interfaces. 
.16:44:25.175 INFO  o.s.c.s.PostProcessorRegistrationDelegate$BeanPostProcessorChecker - Bean 'org.springframework.security.access.expression.method.DefaultMethodSecurityExpressionHandler@3d36dff4' of type [org.springframework.security.access.expression.method.DefaultMethodSecurityExpressionHandler] is not eligible for getting processed by all BeanPostProcessors (for example: not eligible for auto-proxying) 
.16:44:25.181 INFO  o.s.c.s.PostProcessorRegistrationDelegate$BeanPostProcessorChecker - Bean 'methodSecurityMetadataSource' of type [org.springframework.security.access.method.DelegatingMethodSecurityMetadataSource] is not eligible for getting processed by all BeanPostProcessors (for example: not eligible for auto-proxying) 
.16:44:25.748 INFO  o.s.b.w.e.tomcat.TomcatWebServer - Tomcat initialized with port(s): 8080 (http) 
.16:44:25.761 INFO  o.a.coyote.http11.Http11NioProtocol - Initializing ProtocolHandler ["http-nio-8080"] 
.16:44:25.762 INFO  o.a.catalina.core.StandardService - Starting service [Tomcat] 
.16:44:25.762 INFO  o.a.catalina.core.StandardEngine - Starting Servlet engine: [Apache Tomcat/9.0.50] 
.16:44:25.874 INFO  o.a.c.c.C.[.[.[/ecocashbotcore] - Initializing Spring embedded WebApplicationContext 
.16:44:25.874 INFO  o.s.b.w.s.c.ServletWebServerApplicationContext - Root WebApplicationContext: initialization completed in 2179 ms 
.16:44:26.047 INFO  o.h.jpa.internal.util.LogHelper - HHH000204: Processing PersistenceUnitInfo [name: default] 
.16:44:26.119 INFO  org.hibernate.Version - HHH000412: Hibernate ORM core version 5.4.32.Final 
.16:44:26.267 INFO  o.h.annotations.common.Version - HCANN000001: Hibernate Commons Annotations {5.1.2.Final} 
.16:44:26.450 INFO  com.zaxxer.hikari.HikariDataSource - HikariPool-1 - Starting... 
.16:44:26.755 INFO  com.zaxxer.hikari.HikariDataSource - HikariPool-1 - Start completed. 
.16:44:26.825 INFO  org.hibernate.dialect.Dialect - HHH000400: Using dialect: org.hibernate.dialect.MySQL55Dialect 
.16:44:26.969 INFO  o.h.e.b.internal.EnversServiceImpl - Envers integration enabled? : true 
.16:44:31.766 INFO  o.h.e.t.j.p.i.JtaPlatformInitiator - HHH000490: Using JtaPlatform implementation: [org.hibernate.engine.transaction.jta.platform.internal.NoJtaPlatform] 
.16:44:31.783 INFO  o.s.o.j.LocalContainerEntityManagerFactoryBean - Initialized JPA EntityManagerFactory for persistence unit 'default' 
.16:44:31.957 WARN  o.s.b.a.o.j.JpaBaseConfiguration$JpaWebConfiguration - spring.jpa.open-in-view is enabled by default. Therefore, database queries may be performed during view rendering. Explicitly configure spring.jpa.open-in-view to disable this warning 
.16:44:32.339 INFO  o.s.s.l.DefaultSpringSecurityContextSource -  URL 'ldap://192.168.101.47:389', root DN is '' 
.16:44:35.280 INFO  o.s.s.web.DefaultSecurityFilterChain - Will secure Ant [pattern='/dialogflow/**'] with [org.springframework.security.web.context.request.async.WebAsyncManagerIntegrationFilter@2184962c, org.springframework.security.web.context.SecurityContextPersistenceFilter@7ffc4195, org.springframework.security.web.header.HeaderWriterFilter@4d91d2da, org.springframework.security.web.authentication.logout.LogoutFilter@77ad2767, org.springframework.security.web.authentication.www.BasicAuthenticationFilter@56820446, zw.co.cassavasmartech.ecocashchatbotcore.security.CustomFilter@4d9bccfe, org.springframework.security.web.savedrequest.RequestCacheAwareFilter@3e4636c3, org.springframework.security.web.servletapi.SecurityContextHolderAwareRequestFilter@f252762, org.springframework.security.web.authentication.AnonymousAuthenticationFilter@412440c1, org.springframework.security.web.session.SessionManagementFilter@69356aca, org.springframework.security.web.access.ExceptionTranslationFilter@54780c40, org.springframework.security.web.access.intercept.FilterSecurityInterceptor@4946dfde] 
.16:44:35.292 INFO  o.s.s.web.DefaultSecurityFilterChain - Will secure any request with [org.springframework.security.web.context.request.async.WebAsyncManagerIntegrationFilter@26728255, org.springframework.security.web.context.SecurityContextPersistenceFilter@7c523bdd, org.springframework.security.web.header.HeaderWriterFilter@3ab70d34, org.springframework.security.web.authentication.logout.LogoutFilter@1791396b, zw.co.cassavasmartech.ecocashchatbotcore.security.JWTFilter@32c8d67, org.springframework.security.web.savedrequest.RequestCacheAwareFilter@3741071d, org.springframework.security.web.servletapi.SecurityContextHolderAwareRequestFilter@351d726c, org.springframework.security.web.authentication.AnonymousAuthenticationFilter@281963c, org.springframework.security.web.session.SessionManagementFilter@289cf7db, org.springframework.security.web.access.ExceptionTranslationFilter@40416321, org.springframework.security.web.access.intercept.FilterSecurityInterceptor@28100232] 
.16:44:36.337 INFO  o.a.coyote.http11.Http11NioProtocol - Starting ProtocolHandler ["http-nio-8080"] 
.16:44:36.350 WARN  o.s.b.w.s.c.AnnotationConfigServletWebServerApplicationContext - Exception encountered during context initialization - cancelling refresh attempt: org.springframework.context.ApplicationContextException: Failed to start bean 'webServerStartStop'; nested exception is org.springframework.boot.web.server.PortInUseException: Port 8080 is already in use 
.16:44:36.358 INFO  o.s.o.j.LocalContainerEntityManagerFactoryBean - Closing JPA EntityManagerFactory for persistence unit 'default' 
.16:44:36.368 INFO  com.zaxxer.hikari.HikariDataSource - HikariPool-1 - Shutdown initiated... 
.16:44:36.385 INFO  com.zaxxer.hikari.HikariDataSource - HikariPool-1 - Shutdown completed. 
.16:44:36.388 INFO  o.a.coyote.http11.Http11NioProtocol - Pausing ProtocolHandler ["http-nio-8080"] 
.16:44:36.388 INFO  o.a.catalina.core.StandardService - Stopping service [Tomcat] 
.16:44:36.399 INFO  o.a.coyote.http11.Http11NioProtocol - Stopping ProtocolHandler ["http-nio-8080"] 
.16:44:36.399 INFO  o.a.coyote.http11.Http11NioProtocol - Destroying ProtocolHandler ["http-nio-8080"] 
.16:44:36.411 INFO  o.s.b.a.l.ConditionEvaluationReportLoggingListener - 

Error starting ApplicationContext. To display the conditions report re-run your application with 'debug' enabled. 
.16:44:36.456 ERROR o.s.b.d.LoggingFailureAnalysisReporter - 

***************************
APPLICATION FAILED TO START
***************************

Description:

Web server failed to start. Port 8080 was already in use.

Action:

Identify and stop the process that's listening on port 8080 or configure this application to listen on another port.
 
.16:48:03.716 INFO  o.h.validator.internal.util.Version - HV000001: Hibernate Validator 6.2.0.Final 
.16:48:03.722 INFO  z.c.c.e.EcocashChatbotCoreApplication - Starting EcocashChatbotCoreApplication using Java 1.8.0_271 on LAPTOP-1JQH6S1S with PID 31772 (C:\Users\Kudzai Macheyo\IdeaProjects\ecocash-chatbot-core\target\classes started by Kudzai Macheyo in C:\Users\Kudzai Macheyo\IdeaProjects\ecocash-chatbot-core) 
.16:48:03.722 INFO  z.c.c.e.EcocashChatbotCoreApplication - The following profiles are active: dev 
.16:48:04.600 INFO  o.s.d.r.c.RepositoryConfigurationDelegate - Multiple Spring Data modules found, entering strict repository configuration mode! 
.16:48:04.600 INFO  o.s.d.r.c.RepositoryConfigurationDelegate - Bootstrapping Spring Data JPA repositories in DEFERRED mode. 
.16:48:04.739 INFO  o.s.d.r.c.RepositoryConfigurationDelegate - Finished Spring Data repository scanning in 128 ms. Found 9 JPA repository interfaces. 
.16:48:05.098 INFO  o.s.c.s.PostProcessorRegistrationDelegate$BeanPostProcessorChecker - Bean 'org.springframework.security.access.expression.method.DefaultMethodSecurityExpressionHandler@3ac04654' of type [org.springframework.security.access.expression.method.DefaultMethodSecurityExpressionHandler] is not eligible for getting processed by all BeanPostProcessors (for example: not eligible for auto-proxying) 
.16:48:05.107 INFO  o.s.c.s.PostProcessorRegistrationDelegate$BeanPostProcessorChecker - Bean 'methodSecurityMetadataSource' of type [org.springframework.security.access.method.DelegatingMethodSecurityMetadataSource] is not eligible for getting processed by all BeanPostProcessors (for example: not eligible for auto-proxying) 
.16:48:05.661 INFO  o.s.b.w.e.tomcat.TomcatWebServer - Tomcat initialized with port(s): 8080 (http) 
.16:48:05.667 INFO  o.a.coyote.http11.Http11NioProtocol - Initializing ProtocolHandler ["http-nio-8080"] 
.16:48:05.667 INFO  o.a.catalina.core.StandardService - Starting service [Tomcat] 
.16:48:05.667 INFO  o.a.catalina.core.StandardEngine - Starting Servlet engine: [Apache Tomcat/9.0.50] 
.16:48:05.775 INFO  o.a.c.c.C.[.[.[/ecocashbotcore] - Initializing Spring embedded WebApplicationContext 
.16:48:05.775 INFO  o.s.b.w.s.c.ServletWebServerApplicationContext - Root WebApplicationContext: initialization completed in 1999 ms 
.16:48:05.931 INFO  o.h.jpa.internal.util.LogHelper - HHH000204: Processing PersistenceUnitInfo [name: default] 
.16:48:05.980 INFO  org.hibernate.Version - HHH000412: Hibernate ORM core version 5.4.32.Final 
.16:48:06.083 INFO  o.h.annotations.common.Version - HCANN000001: Hibernate Commons Annotations {5.1.2.Final} 
.16:48:06.176 INFO  com.zaxxer.hikari.HikariDataSource - HikariPool-1 - Starting... 
.16:48:06.318 INFO  com.zaxxer.hikari.HikariDataSource - HikariPool-1 - Start completed. 
.16:48:06.370 INFO  org.hibernate.dialect.Dialect - HHH000400: Using dialect: org.hibernate.dialect.MySQL55Dialect 
.16:48:06.429 INFO  o.h.e.b.internal.EnversServiceImpl - Envers integration enabled? : true 
.16:48:08.139 INFO  o.h.e.t.j.p.i.JtaPlatformInitiator - HHH000490: Using JtaPlatform implementation: [org.hibernate.engine.transaction.jta.platform.internal.NoJtaPlatform] 
.16:48:08.145 INFO  o.s.o.j.LocalContainerEntityManagerFactoryBean - Initialized JPA EntityManagerFactory for persistence unit 'default' 
.16:48:08.224 WARN  o.s.b.a.o.j.JpaBaseConfiguration$JpaWebConfiguration - spring.jpa.open-in-view is enabled by default. Therefore, database queries may be performed during view rendering. Explicitly configure spring.jpa.open-in-view to disable this warning 
.16:48:08.352 INFO  o.s.s.l.DefaultSpringSecurityContextSource -  URL 'ldap://192.168.101.47:389', root DN is '' 
.16:48:09.377 INFO  o.s.s.web.DefaultSecurityFilterChain - Will secure Ant [pattern='/dialogflow/**'] with [org.springframework.security.web.context.request.async.WebAsyncManagerIntegrationFilter@b6b746b, org.springframework.security.web.context.SecurityContextPersistenceFilter@7d2baa56, org.springframework.security.web.header.HeaderWriterFilter@7267006e, org.springframework.security.web.authentication.logout.LogoutFilter@152dbf8e, org.springframework.security.web.authentication.www.BasicAuthenticationFilter@5c43cb12, zw.co.cassavasmartech.ecocashchatbotcore.security.CustomFilter@55d8f6bb, org.springframework.security.web.savedrequest.RequestCacheAwareFilter@23b087c3, org.springframework.security.web.servletapi.SecurityContextHolderAwareRequestFilter@59bbf82e, org.springframework.security.web.authentication.AnonymousAuthenticationFilter@56b48163, org.springframework.security.web.session.SessionManagementFilter@5773f83d, org.springframework.security.web.access.ExceptionTranslationFilter@43dddfdd, org.springframework.security.web.access.intercept.FilterSecurityInterceptor@18fa5af6] 
.16:48:09.380 INFO  o.s.s.web.DefaultSecurityFilterChain - Will secure any request with [org.springframework.security.web.context.request.async.WebAsyncManagerIntegrationFilter@2d3768ce, org.springframework.security.web.context.SecurityContextPersistenceFilter@96c840a, org.springframework.security.web.header.HeaderWriterFilter@6e22d6bf, org.springframework.security.web.authentication.logout.LogoutFilter@6b756a62, zw.co.cassavasmartech.ecocashchatbotcore.security.JWTFilter@2a9ea03f, org.springframework.security.web.savedrequest.RequestCacheAwareFilter@5c81ddab, org.springframework.security.web.servletapi.SecurityContextHolderAwareRequestFilter@24ee6faa, org.springframework.security.web.authentication.AnonymousAuthenticationFilter@1231f25c, org.springframework.security.web.session.SessionManagementFilter@32121140, org.springframework.security.web.access.ExceptionTranslationFilter@29bf90fc, org.springframework.security.web.access.intercept.FilterSecurityInterceptor@33214124] 
.16:48:09.757 INFO  o.a.coyote.http11.Http11NioProtocol - Starting ProtocolHandler ["http-nio-8080"] 
.16:48:09.763 WARN  o.s.b.w.s.c.AnnotationConfigServletWebServerApplicationContext - Exception encountered during context initialization - cancelling refresh attempt: org.springframework.context.ApplicationContextException: Failed to start bean 'webServerStartStop'; nested exception is org.springframework.boot.web.server.PortInUseException: Port 8080 is already in use 
.16:48:09.767 INFO  o.s.o.j.LocalContainerEntityManagerFactoryBean - Closing JPA EntityManagerFactory for persistence unit 'default' 
.16:48:09.769 INFO  com.zaxxer.hikari.HikariDataSource - HikariPool-1 - Shutdown initiated... 
.16:48:09.777 INFO  com.zaxxer.hikari.HikariDataSource - HikariPool-1 - Shutdown completed. 
.16:48:09.778 INFO  o.a.coyote.http11.Http11NioProtocol - Pausing ProtocolHandler ["http-nio-8080"] 
.16:48:09.778 INFO  o.a.catalina.core.StandardService - Stopping service [Tomcat] 
.16:48:09.782 INFO  o.a.coyote.http11.Http11NioProtocol - Stopping ProtocolHandler ["http-nio-8080"] 
.16:48:09.782 INFO  o.a.coyote.http11.Http11NioProtocol - Destroying ProtocolHandler ["http-nio-8080"] 
.16:48:09.788 INFO  o.s.b.a.l.ConditionEvaluationReportLoggingListener - 

Error starting ApplicationContext. To display the conditions report re-run your application with 'debug' enabled. 
.16:48:09.798 ERROR o.s.b.d.LoggingFailureAnalysisReporter - 

***************************
APPLICATION FAILED TO START
***************************

Description:

Web server failed to start. Port 8080 was already in use.

Action:

Identify and stop the process that's listening on port 8080 or configure this application to listen on another port.
 
.21:50:39.099 WARN  com.zaxxer.hikari.pool.HikariPool - HikariPool-1 - Thread starvation or clock leap detected (housekeeper delta=4h57m24s917ms2µs600ns). 
