.03:31:43.009 INFO  o.h.validator.internal.util.Version - HV000001: Hibernate Validator 6.2.0.Final 
.03:31:43.021 INFO  z.c.c.e.EcocashChatbotCoreApplication - Starting EcocashChatbotCoreApplication using Java 1.8.0_271 on LAPTOP-1JQH6S1S with PID 612 (C:\Users\Kudzai Macheyo\IdeaProjects\ecocash-chatbot-core\target\classes started by Kudzai Macheyo in C:\Users\Kudzai Macheyo\IdeaProjects\ecocash-chatbot-core) 
.03:31:43.021 INFO  z.c.c.e.EcocashChatbotCoreApplication - The following profiles are active: dev 
.03:31:44.968 INFO  o.s.d.r.c.RepositoryConfigurationDelegate - Bootstrapping Spring Data JPA repositories in DEFERRED mode. 
.03:31:45.329 INFO  o.s.d.r.c.RepositoryConfigurationDelegate - Finished Spring Data repository scanning in 344 ms. Found 5 JPA repository interfaces. 
.03:31:46.695 INFO  o.s.b.w.e.tomcat.TomcatWebServer - Tomcat initialized with port(s): 8080 (http) 
.03:31:46.707 INFO  o.a.coyote.http11.Http11NioProtocol - Initializing ProtocolHandler ["http-nio-8080"] 
.03:31:46.707 INFO  o.a.catalina.core.StandardService - Starting service [Tomcat] 
.03:31:46.707 INFO  o.a.catalina.core.StandardEngine - Starting Servlet engine: [Apache Tomcat/9.0.50] 
.03:31:46.808 INFO  o.a.c.c.C.[.[.[/ecocashbotcore] - Initializing Spring embedded WebApplicationContext 
.03:31:46.808 INFO  o.s.b.w.s.c.ServletWebServerApplicationContext - Root WebApplicationContext: initialization completed in 3681 ms 
.03:31:46.989 INFO  o.h.jpa.internal.util.LogHelper - HHH000204: Processing PersistenceUnitInfo [name: default] 
.03:31:47.056 INFO  org.hibernate.Version - HHH000412: Hibernate ORM core version 5.4.32.Final 
.03:31:47.197 INFO  o.h.annotations.common.Version - HCANN000001: Hibernate Commons Annotations {5.1.2.Final} 
.03:31:47.307 INFO  com.zaxxer.hikari.HikariDataSource - HikariPool-1 - Starting... 
.03:31:48.397 INFO  com.zaxxer.hikari.HikariDataSource - HikariPool-1 - Start completed. 
.03:31:48.483 INFO  org.hibernate.dialect.Dialect - HHH000400: Using dialect: org.hibernate.dialect.MySQL55Dialect 
.03:31:48.624 INFO  o.h.e.b.internal.EnversServiceImpl - Envers integration enabled? : true 
.03:31:50.651 INFO  o.s.b.f.a.AutowiredAnnotationBeanPostProcessor - Autowired annotation is not supported on static fields: private static java.lang.String zw.co.cassavasmartech.ecocashchatbotcore.sms.SmsNotificationReceiverImpl.basicAuth 
.03:31:50.719 WARN  o.s.b.a.o.j.JpaBaseConfiguration$JpaWebConfiguration - spring.jpa.open-in-view is enabled by default. Therefore, database queries may be performed during view rendering. Explicitly configure spring.jpa.open-in-view to disable this warning 
.03:31:51.986 INFO  o.h.e.t.j.p.i.JtaPlatformInitiator - HHH000490: Using JtaPlatform implementation: [org.hibernate.engine.transaction.jta.platform.internal.NoJtaPlatform] 
.03:31:51.997 INFO  o.s.o.j.LocalContainerEntityManagerFactoryBean - Initialized JPA EntityManagerFactory for persistence unit 'default' 
.03:31:52.145 INFO  o.a.coyote.http11.Http11NioProtocol - Starting ProtocolHandler ["http-nio-8080"] 
.03:31:52.164 INFO  o.s.b.w.e.tomcat.TomcatWebServer - Tomcat started on port(s): 8080 (http) with context path '/ecocashbotcore' 
.03:31:52.165 INFO  o.s.a.r.c.CachingConnectionFactory - Attempting to connect to: [192.168.84.99:5672] 
.03:31:52.395 INFO  o.s.a.r.c.CachingConnectionFactory - Created new connection: rabbitConnectionFactory#4649d70a:0/SimpleConnection@1c240cf2 [delegate=amqp://developer@192.168.84.99:5672/ecocash-self-service, localPort= 59047] 
.03:31:54.148 INFO  o.s.d.r.c.DeferredRepositoryInitializationListener - Triggering deferred initialization of Spring Data repositories… 
.03:31:54.429 INFO  o.s.d.r.c.DeferredRepositoryInitializationListener - Spring Data repositories initialized! 
.03:31:54.438 INFO  z.c.c.e.EcocashChatbotCoreApplication - Started EcocashChatbotCoreApplication in 12.469 seconds (JVM running for 13.956) 
.03:32:37.314 INFO  o.a.c.c.C.[.[.[/ecocashbotcore] - Initializing Spring DispatcherServlet 'dispatcherServlet' 
.03:32:37.314 INFO  o.s.web.servlet.DispatcherServlet - Initializing Servlet 'dispatcherServlet' 
.03:32:37.315 INFO  o.s.web.servlet.DispatcherServlet - Completed initialization in 1 ms 
.03:32:37.463 INFO  z.c.c.e.d.DialogFlowServiceImpl - Processing dialogflow transaction request WebhookRequest(responseId=4f606262-c3bd-499a-b3c9-0b6a53b0f76a-b9889856, queryResult=QueryResult(queryText=hello, action=input.welcome, parameters={}, allRequiredParamsPresent=true, outputContexts=[OutputContext(name=projects/ecocash-onuv/agent/sessions/ee71440f-7c82-3d98-b5f7-2def6a7b555f/contexts/__system_counters__, lifespanCount=0, parameters={no-input=0.0, no-match=0.0})], intent=Intent(name=projects/ecocash-onuv/agent/intents/814ad089-d8e8-4b34-af51-753a7d3b27d3, displayName=Welcome), intentDetectionConfidence=1.0, languageCode=en, sentimentAnalysisResult=SentimentAnalysisResult(queryTextSentiment=Sentiment(score=0.2, magnitude=0.2))), originalDetectIntentRequest=OriginalDetectIntentRequest(source=telegram, version=null, payload={data={chat={type=private, id=1610924700}, text=hello, date=1.630459974E9, message_id=4695.0, from={language_code=en, first_name=Kudzai, id=1.6109247E9, last_name=Macheyo}}}), session=projects/ecocash-onuv/agent/sessions/ee71440f-7c82-3d98-b5f7-2def6a7b555f) 
.03:32:37.463 INFO  z.c.c.e.d.DialogFlowServiceImpl - Processing dialogflow intent: Welcome 
.03:32:37.905 ERROR o.a.c.c.C.[.[.[.[dispatcherServlet] - Servlet.service() for servlet [dispatcherServlet] in context with path [/ecocashbotcore] threw exception [Handler dispatch failed; nested exception is java.lang.UnsupportedClassVersionError: emoji4j/EmojiUtils has been compiled by a more recent version of the Java Runtime (class file version 53.0), this version of the Java Runtime only recognizes class file versions up to 52.0] with root cause 
java.lang.UnsupportedClassVersionError: emoji4j/EmojiUtils has been compiled by a more recent version of the Java Runtime (class file version 53.0), this version of the Java Runtime only recognizes class file versions up to 52.0
	at java.lang.ClassLoader.defineClass1(Native Method)
	at java.lang.ClassLoader.defineClass(ClassLoader.java:756)
	at java.security.SecureClassLoader.defineClass(SecureClassLoader.java:142)
	at java.net.URLClassLoader.defineClass(URLClassLoader.java:468)
	at java.net.URLClassLoader.access$100(URLClassLoader.java:74)
	at java.net.URLClassLoader$1.run(URLClassLoader.java:369)
	at java.net.URLClassLoader$1.run(URLClassLoader.java:363)
	at java.security.AccessController.doPrivileged(Native Method)
	at java.net.URLClassLoader.findClass(URLClassLoader.java:362)
	at java.lang.ClassLoader.loadClass(ClassLoader.java:418)
	at sun.misc.Launcher$AppClassLoader.loadClass(Launcher.java:355)
	at java.lang.ClassLoader.loadClass(ClassLoader.java:351)
	at zw.co.cassavasmartech.ecocashchatbotcore.dialogflow.DialogFlowServiceImpl.welcomeIntentHandler(DialogFlowServiceImpl.java:56)
	at zw.co.cassavasmartech.ecocashchatbotcore.dialogflow.DialogFlowServiceImpl.processWebhookCall(DialogFlowServiceImpl.java:29)
	at zw.co.cassavasmartech.ecocashchatbotcore.controller.DialogFlowController.inbound(DialogFlowController.java:22)
	at sun.reflect.NativeMethodAccessorImpl.invoke0(Native Method)
	at sun.reflect.NativeMethodAccessorImpl.invoke(NativeMethodAccessorImpl.java:62)
	at sun.reflect.DelegatingMethodAccessorImpl.invoke(DelegatingMethodAccessorImpl.java:43)
	at java.lang.reflect.Method.invoke(Method.java:498)
	at org.springframework.web.method.support.InvocableHandlerMethod.doInvoke(InvocableHandlerMethod.java:197)
	at org.springframework.web.method.support.InvocableHandlerMethod.invokeForRequest(InvocableHandlerMethod.java:141)
	at org.springframework.web.servlet.mvc.method.annotation.ServletInvocableHandlerMethod.invokeAndHandle(ServletInvocableHandlerMethod.java:106)
	at org.springframework.web.servlet.mvc.method.annotation.RequestMappingHandlerAdapter.invokeHandlerMethod(RequestMappingHandlerAdapter.java:895)
	at org.springframework.web.servlet.mvc.method.annotation.RequestMappingHandlerAdapter.handleInternal(RequestMappingHandlerAdapter.java:808)
	at org.springframework.web.servlet.mvc.method.AbstractHandlerMethodAdapter.handle(AbstractHandlerMethodAdapter.java:87)
	at org.springframework.web.servlet.DispatcherServlet.doDispatch(DispatcherServlet.java:1064)
	at org.springframework.web.servlet.DispatcherServlet.doService(DispatcherServlet.java:963)
	at org.springframework.web.servlet.FrameworkServlet.processRequest(FrameworkServlet.java:1006)
	at org.springframework.web.servlet.FrameworkServlet.doPost(FrameworkServlet.java:909)
	at javax.servlet.http.HttpServlet.service(HttpServlet.java:681)
	at org.springframework.web.servlet.FrameworkServlet.service(FrameworkServlet.java:883)
	at javax.servlet.http.HttpServlet.service(HttpServlet.java:764)
	at org.apache.catalina.core.ApplicationFilterChain.internalDoFilter(ApplicationFilterChain.java:228)
	at org.apache.catalina.core.ApplicationFilterChain.doFilter(ApplicationFilterChain.java:163)
	at org.apache.tomcat.websocket.server.WsFilter.doFilter(WsFilter.java:53)
	at org.apache.catalina.core.ApplicationFilterChain.internalDoFilter(ApplicationFilterChain.java:190)
	at org.apache.catalina.core.ApplicationFilterChain.doFilter(ApplicationFilterChain.java:163)
	at org.springframework.web.filter.RequestContextFilter.doFilterInternal(RequestContextFilter.java:100)
	at org.springframework.web.filter.OncePerRequestFilter.doFilter(OncePerRequestFilter.java:119)
	at org.apache.catalina.core.ApplicationFilterChain.internalDoFilter(ApplicationFilterChain.java:190)
	at org.apache.catalina.core.ApplicationFilterChain.doFilter(ApplicationFilterChain.java:163)
	at org.springframework.web.filter.FormContentFilter.doFilterInternal(FormContentFilter.java:93)
	at org.springframework.web.filter.OncePerRequestFilter.doFilter(OncePerRequestFilter.java:119)
	at org.apache.catalina.core.ApplicationFilterChain.internalDoFilter(ApplicationFilterChain.java:190)
	at org.apache.catalina.core.ApplicationFilterChain.doFilter(ApplicationFilterChain.java:163)
	at org.springframework.web.filter.CharacterEncodingFilter.doFilterInternal(CharacterEncodingFilter.java:201)
	at org.springframework.web.filter.OncePerRequestFilter.doFilter(OncePerRequestFilter.java:119)
	at org.apache.catalina.core.ApplicationFilterChain.internalDoFilter(ApplicationFilterChain.java:190)
	at org.apache.catalina.core.ApplicationFilterChain.doFilter(ApplicationFilterChain.java:163)
	at org.apache.catalina.core.StandardWrapperValve.invoke(StandardWrapperValve.java:202)
	at org.apache.catalina.core.StandardContextValve.invoke(StandardContextValve.java:97)
	at org.apache.catalina.authenticator.AuthenticatorBase.invoke(AuthenticatorBase.java:542)
	at org.apache.catalina.core.StandardHostValve.invoke(StandardHostValve.java:143)
	at org.apache.catalina.valves.ErrorReportValve.invoke(ErrorReportValve.java:92)
	at org.apache.catalina.core.StandardEngineValve.invoke(StandardEngineValve.java:78)
	at org.apache.catalina.connector.CoyoteAdapter.service(CoyoteAdapter.java:357)
	at org.apache.coyote.http11.Http11Processor.service(Http11Processor.java:382)
	at org.apache.coyote.AbstractProcessorLight.process(AbstractProcessorLight.java:65)
	at org.apache.coyote.AbstractProtocol$ConnectionHandler.process(AbstractProtocol.java:893)
	at org.apache.tomcat.util.net.NioEndpoint$SocketProcessor.doRun(NioEndpoint.java:1723)
	at org.apache.tomcat.util.net.SocketProcessorBase.run(SocketProcessorBase.java:49)
	at java.util.concurrent.ThreadPoolExecutor.runWorker(ThreadPoolExecutor.java:1149)
	at java.util.concurrent.ThreadPoolExecutor$Worker.run(ThreadPoolExecutor.java:624)
	at org.apache.tomcat.util.threads.TaskThread$WrappingRunnable.run(TaskThread.java:61)
	at java.lang.Thread.run(Thread.java:748)
.03:36:43.207 INFO  o.s.a.r.l.SimpleMessageListenerContainer - Waiting for workers to finish. 
.03:36:43.766 INFO  o.s.a.r.l.SimpleMessageListenerContainer - Successfully waited for workers to finish. 
.03:36:44.027 INFO  o.s.o.j.LocalContainerEntityManagerFactoryBean - Closing JPA EntityManagerFactory for persistence unit 'default' 
.03:36:44.029 INFO  com.zaxxer.hikari.HikariDataSource - HikariPool-1 - Shutdown initiated... 
.03:36:44.046 INFO  com.zaxxer.hikari.HikariDataSource - HikariPool-1 - Shutdown completed. 
.03:36:48.169 INFO  o.h.validator.internal.util.Version - HV000001: Hibernate Validator 6.2.0.Final 
.03:36:48.181 INFO  z.c.c.e.EcocashChatbotCoreApplication - Starting EcocashChatbotCoreApplication using Java 1.8.0_271 on LAPTOP-1JQH6S1S with PID 20048 (C:\Users\Kudzai Macheyo\IdeaProjects\ecocash-chatbot-core\target\classes started by Kudzai Macheyo in C:\Users\Kudzai Macheyo\IdeaProjects\ecocash-chatbot-core) 
.03:36:48.181 INFO  z.c.c.e.EcocashChatbotCoreApplication - The following profiles are active: dev 
.03:36:49.020 INFO  o.s.d.r.c.RepositoryConfigurationDelegate - Bootstrapping Spring Data JPA repositories in DEFERRED mode. 
.03:36:49.144 INFO  o.s.d.r.c.RepositoryConfigurationDelegate - Finished Spring Data repository scanning in 115 ms. Found 5 JPA repository interfaces. 
.03:36:50.019 INFO  o.s.b.w.e.tomcat.TomcatWebServer - Tomcat initialized with port(s): 8080 (http) 
.03:36:50.032 INFO  o.a.coyote.http11.Http11NioProtocol - Initializing ProtocolHandler ["http-nio-8080"] 
.03:36:50.032 INFO  o.a.catalina.core.StandardService - Starting service [Tomcat] 
.03:36:50.032 INFO  o.a.catalina.core.StandardEngine - Starting Servlet engine: [Apache Tomcat/9.0.50] 
.03:36:50.138 INFO  o.a.c.c.C.[.[.[/ecocashbotcore] - Initializing Spring embedded WebApplicationContext 
.03:36:50.138 INFO  o.s.b.w.s.c.ServletWebServerApplicationContext - Root WebApplicationContext: initialization completed in 1910 ms 
.03:36:50.305 INFO  o.h.jpa.internal.util.LogHelper - HHH000204: Processing PersistenceUnitInfo [name: default] 
.03:36:50.361 INFO  org.hibernate.Version - HHH000412: Hibernate ORM core version 5.4.32.Final 
.03:36:50.508 INFO  o.h.annotations.common.Version - HCANN000001: Hibernate Commons Annotations {5.1.2.Final} 
.03:36:50.629 INFO  com.zaxxer.hikari.HikariDataSource - HikariPool-1 - Starting... 
.03:36:50.815 INFO  com.zaxxer.hikari.HikariDataSource - HikariPool-1 - Start completed. 
.03:36:50.846 INFO  org.hibernate.dialect.Dialect - HHH000400: Using dialect: org.hibernate.dialect.MySQL55Dialect 
.03:36:50.905 INFO  o.h.e.b.internal.EnversServiceImpl - Envers integration enabled? : true 
.03:36:51.638 INFO  o.s.b.f.a.AutowiredAnnotationBeanPostProcessor - Autowired annotation is not supported on static fields: private static java.lang.String zw.co.cassavasmartech.ecocashchatbotcore.sms.SmsNotificationReceiverImpl.basicAuth 
.03:36:51.708 WARN  o.s.b.a.o.j.JpaBaseConfiguration$JpaWebConfiguration - spring.jpa.open-in-view is enabled by default. Therefore, database queries may be performed during view rendering. Explicitly configure spring.jpa.open-in-view to disable this warning 
.03:36:52.038 INFO  o.h.e.t.j.p.i.JtaPlatformInitiator - HHH000490: Using JtaPlatform implementation: [org.hibernate.engine.transaction.jta.platform.internal.NoJtaPlatform] 
.03:36:52.048 INFO  o.s.o.j.LocalContainerEntityManagerFactoryBean - Initialized JPA EntityManagerFactory for persistence unit 'default' 
.03:36:52.116 INFO  o.a.coyote.http11.Http11NioProtocol - Starting ProtocolHandler ["http-nio-8080"] 
.03:36:52.136 INFO  o.s.b.w.e.tomcat.TomcatWebServer - Tomcat started on port(s): 8080 (http) with context path '/ecocashbotcore' 
.03:36:52.137 INFO  o.s.a.r.c.CachingConnectionFactory - Attempting to connect to: [192.168.84.99:5672] 
.03:36:52.338 INFO  o.s.a.r.c.CachingConnectionFactory - Created new connection: rabbitConnectionFactory#4649d70a:0/SimpleConnection@58f2466c [delegate=amqp://developer@192.168.84.99:5672/ecocash-self-service, localPort= 60581] 
.03:36:53.735 INFO  o.s.d.r.c.DeferredRepositoryInitializationListener - Triggering deferred initialization of Spring Data repositories… 
.03:36:54.344 INFO  o.s.d.r.c.DeferredRepositoryInitializationListener - Spring Data repositories initialized! 
.03:36:54.365 INFO  z.c.c.e.EcocashChatbotCoreApplication - Started EcocashChatbotCoreApplication in 6.567 seconds (JVM running for 7.06) 
.03:36:59.483 INFO  o.a.c.c.C.[.[.[/ecocashbotcore] - Initializing Spring DispatcherServlet 'dispatcherServlet' 
.03:36:59.483 INFO  o.s.web.servlet.DispatcherServlet - Initializing Servlet 'dispatcherServlet' 
.03:36:59.483 INFO  o.s.web.servlet.DispatcherServlet - Completed initialization in 0 ms 
.03:36:59.700 INFO  z.c.c.e.d.DialogFlowServiceImpl - Processing dialogflow transaction request WebhookRequest(responseId=51e4210e-d7a9-489d-b816-152eba817d54-b9889856, queryResult=QueryResult(queryText=hi, action=input.welcome, parameters={}, allRequiredParamsPresent=true, outputContexts=[OutputContext(name=projects/ecocash-onuv/agent/sessions/ee71440f-7c82-3d98-b5f7-2def6a7b555f/contexts/__system_counters__, lifespanCount=0, parameters={no-input=0.0, no-match=0.0})], intent=Intent(name=projects/ecocash-onuv/agent/intents/814ad089-d8e8-4b34-af51-753a7d3b27d3, displayName=Welcome), intentDetectionConfidence=1.0, languageCode=en, sentimentAnalysisResult=SentimentAnalysisResult(queryTextSentiment=Sentiment(score=0.3, magnitude=0.3))), originalDetectIntentRequest=OriginalDetectIntentRequest(source=telegram, version=null, payload={data={from={id=1.6109247E9, first_name=Kudzai, last_name=Macheyo, language_code=en}, chat={type=private, id=1610924700}, text=hi, date=1.630460237E9, message_id=4696.0}}), session=projects/ecocash-onuv/agent/sessions/ee71440f-7c82-3d98-b5f7-2def6a7b555f) 
.03:36:59.700 INFO  z.c.c.e.d.DialogFlowServiceImpl - Processing dialogflow intent: Welcome 
.03:38:11.518 WARN  c.r.c.impl.ForgivingExceptionHandler - An unexpected connection driver error occured (Exception message: Connection reset) 
.03:38:11.730 INFO  o.s.a.r.l.SimpleMessageListenerContainer - Restarting Consumer@5a1dddba: tags=[[amq.ctag-Qix-8RDa4XFyNsmRmuLXKg]], channel=Cached Rabbit Channel: AMQChannel(amqp://developer@192.168.84.99:5672/ecocash-self-service,10), conn: Proxy@3caafa67 Shared Rabbit Connection: SimpleConnection@58f2466c [delegate=amqp://developer@192.168.84.99:5672/ecocash-self-service, localPort= 60581], acknowledgeMode=AUTO local queue size=0 
.03:38:11.730 INFO  o.s.a.r.l.SimpleMessageListenerContainer - Restarting Consumer@59018eed: tags=[[amq.ctag-jWqCbXYAHG6UkO97hphv9w]], channel=Cached Rabbit Channel: AMQChannel(amqp://developer@192.168.84.99:5672/ecocash-self-service,1), conn: Proxy@3caafa67 Shared Rabbit Connection: SimpleConnection@58f2466c [delegate=amqp://developer@192.168.84.99:5672/ecocash-self-service, localPort= 60581], acknowledgeMode=AUTO local queue size=0 
.03:38:11.730 INFO  o.s.a.r.l.SimpleMessageListenerContainer - Restarting Consumer@2eda2062: tags=[[amq.ctag-AWCiLjTTffC9wGirZxzYLQ]], channel=Cached Rabbit Channel: AMQChannel(amqp://developer@192.168.84.99:5672/ecocash-self-service,8), conn: Proxy@3caafa67 Shared Rabbit Connection: SimpleConnection@58f2466c [delegate=amqp://developer@192.168.84.99:5672/ecocash-self-service, localPort= 60581], acknowledgeMode=AUTO local queue size=0 
.03:38:11.730 INFO  o.s.a.r.l.SimpleMessageListenerContainer - Restarting Consumer@1625789b: tags=[[amq.ctag-2OYFAV2kDVfaH_yhDwix9w]], channel=Cached Rabbit Channel: AMQChannel(amqp://developer@192.168.84.99:5672/ecocash-self-service,3), conn: Proxy@3caafa67 Shared Rabbit Connection: SimpleConnection@58f2466c [delegate=amqp://developer@192.168.84.99:5672/ecocash-self-service, localPort= 60581], acknowledgeMode=AUTO local queue size=0 
.03:38:11.731 INFO  o.s.a.r.c.CachingConnectionFactory - Attempting to connect to: [192.168.84.99:5672] 
.03:38:11.899 INFO  o.s.a.r.c.CachingConnectionFactory - Created new connection: rabbitConnectionFactory#4649d70a:1/SimpleConnection@7799910e [delegate=amqp://developer@192.168.84.99:5672/ecocash-self-service, localPort= 49313] 
.03:38:12.370 INFO  o.s.a.r.l.SimpleMessageListenerContainer - Restarting Consumer@13866329: tags=[[amq.ctag-SlIVw_rNdiW-Z7lIleYlVg]], channel=Cached Rabbit Channel: AMQChannel(amqp://developer@192.168.84.99:5672/ecocash-self-service,7), conn: Proxy@3caafa67 Shared Rabbit Connection: SimpleConnection@7799910e [delegate=amqp://developer@192.168.84.99:5672/ecocash-self-service, localPort= 49313], acknowledgeMode=AUTO local queue size=0 
.03:38:12.370 INFO  o.s.a.r.l.SimpleMessageListenerContainer - Restarting Consumer@24876a7e: tags=[[amq.ctag-TYcV2P_4cvKogIEinn5stQ]], channel=Cached Rabbit Channel: AMQChannel(amqp://developer@192.168.84.99:5672/ecocash-self-service,4), conn: Proxy@3caafa67 Shared Rabbit Connection: SimpleConnection@7799910e [delegate=amqp://developer@192.168.84.99:5672/ecocash-self-service, localPort= 49313], acknowledgeMode=AUTO local queue size=0 
.03:38:12.370 INFO  o.s.a.r.l.SimpleMessageListenerContainer - Restarting Consumer@76973a6: tags=[[amq.ctag-yEzQaG2KBUQNJky5_VpAxQ]], channel=Cached Rabbit Channel: AMQChannel(amqp://developer@192.168.84.99:5672/ecocash-self-service,6), conn: Proxy@3caafa67 Shared Rabbit Connection: SimpleConnection@7799910e [delegate=amqp://developer@192.168.84.99:5672/ecocash-self-service, localPort= 49313], acknowledgeMode=AUTO local queue size=0 
.03:38:12.370 INFO  o.s.a.r.l.SimpleMessageListenerContainer - Restarting Consumer@71a4f441: tags=[[amq.ctag-QfcoTYNnMKtVeMpgd7yBiA]], channel=Cached Rabbit Channel: AMQChannel(amqp://developer@192.168.84.99:5672/ecocash-self-service,9), conn: Proxy@3caafa67 Shared Rabbit Connection: SimpleConnection@7799910e [delegate=amqp://developer@192.168.84.99:5672/ecocash-self-service, localPort= 49313], acknowledgeMode=AUTO local queue size=0 
.03:38:12.370 INFO  o.s.a.r.l.SimpleMessageListenerContainer - Restarting Consumer@2ee39e73: tags=[[amq.ctag-xv5viy5QtvIvUpVq4jKFQw]], channel=Cached Rabbit Channel: AMQChannel(amqp://developer@192.168.84.99:5672/ecocash-self-service,2), conn: Proxy@3caafa67 Shared Rabbit Connection: SimpleConnection@7799910e [delegate=amqp://developer@192.168.84.99:5672/ecocash-self-service, localPort= 49313], acknowledgeMode=AUTO local queue size=0 
.03:38:12.370 INFO  o.s.a.r.l.SimpleMessageListenerContainer - Restarting Consumer@c4d2c44: tags=[[amq.ctag-eOt88SexIyysJgVx_cC5MQ]], channel=Cached Rabbit Channel: AMQChannel(amqp://developer@192.168.84.99:5672/ecocash-self-service,5), conn: Proxy@3caafa67 Shared Rabbit Connection: SimpleConnection@7799910e [delegate=amqp://developer@192.168.84.99:5672/ecocash-self-service, localPort= 49313], acknowledgeMode=AUTO local queue size=0 
