.06:23:07.365 WARN  com.zaxxer.hikari.pool.HikariPool - HikariPool-1 - Thread starvation or clock leap detected (housekeeper delta=7h38m36s490ms219µs800ns). 
.08:30:35.622 INFO  o.s.o.j.LocalContainerEntityManagerFactoryBean - Closing JPA EntityManagerFactory for persistence unit 'default' 
.08:30:35.664 INFO  com.zaxxer.hikari.HikariDataSource - HikariPool-1 - Shutdown initiated... 
.08:30:35.674 INFO  com.zaxxer.hikari.HikariDataSource - HikariPool-1 - Shutdown completed. 
.08:30:43.493 INFO  o.h.validator.internal.util.Version - HV000001: Hibernate Validator 6.2.0.Final 
.08:30:43.526 INFO  z.c.c.e.EcocashChatbotCoreApplication - Starting EcocashChatbotCoreApplication using Java 1.8.0_271 on LAPTOP-1JQH6S1S with PID 27312 (C:\Users\Kudzai Macheyo\IdeaProjects\ecocash-chatbot-core\target\classes started by Kudzai Macheyo in C:\Users\Kudzai Macheyo\IdeaProjects\ecocash-chatbot-core) 
.08:30:43.527 INFO  z.c.c.e.EcocashChatbotCoreApplication - The following profiles are active: dev 
.08:30:45.124 INFO  o.s.d.r.c.RepositoryConfigurationDelegate - Multiple Spring Data modules found, entering strict repository configuration mode! 
.08:30:45.127 INFO  o.s.d.r.c.RepositoryConfigurationDelegate - Bootstrapping Spring Data JPA repositories in DEFERRED mode. 
.08:30:45.425 INFO  o.s.d.r.c.RepositoryConfigurationDelegate - Finished Spring Data repository scanning in 285 ms. Found 9 JPA repository interfaces. 
.08:30:46.116 INFO  o.s.c.s.PostProcessorRegistrationDelegate$BeanPostProcessorChecker - Bean 'org.springframework.security.access.expression.method.DefaultMethodSecurityExpressionHandler@38eb2fb0' of type [org.springframework.security.access.expression.method.DefaultMethodSecurityExpressionHandler] is not eligible for getting processed by all BeanPostProcessors (for example: not eligible for auto-proxying) 
.08:30:46.138 INFO  o.s.c.s.PostProcessorRegistrationDelegate$BeanPostProcessorChecker - Bean 'methodSecurityMetadataSource' of type [org.springframework.security.access.method.DelegatingMethodSecurityMetadataSource] is not eligible for getting processed by all BeanPostProcessors (for example: not eligible for auto-proxying) 
.08:30:47.409 INFO  o.s.b.w.e.tomcat.TomcatWebServer - Tomcat initialized with port(s): 8080 (http) 
.08:30:47.422 INFO  o.a.coyote.http11.Http11NioProtocol - Initializing ProtocolHandler ["http-nio-8080"] 
.08:30:47.422 INFO  o.a.catalina.core.StandardService - Starting service [Tomcat] 
.08:30:47.422 INFO  o.a.catalina.core.StandardEngine - Starting Servlet engine: [Apache Tomcat/9.0.50] 
.08:30:47.597 INFO  o.a.c.c.C.[.[.[/ecocashbotcore] - Initializing Spring embedded WebApplicationContext 
.08:30:47.597 INFO  o.s.b.w.s.c.ServletWebServerApplicationContext - Root WebApplicationContext: initialization completed in 3995 ms 
.08:30:47.869 INFO  o.h.jpa.internal.util.LogHelper - HHH000204: Processing PersistenceUnitInfo [name: default] 
.08:30:47.952 INFO  org.hibernate.Version - HHH000412: Hibernate ORM core version 5.4.32.Final 
.08:30:48.173 INFO  o.h.annotations.common.Version - HCANN000001: Hibernate Commons Annotations {5.1.2.Final} 
.08:30:48.328 INFO  com.zaxxer.hikari.HikariDataSource - HikariPool-1 - Starting... 
.08:30:48.529 INFO  com.zaxxer.hikari.HikariDataSource - HikariPool-1 - Start completed. 
.08:30:48.561 INFO  org.hibernate.dialect.Dialect - HHH000400: Using dialect: org.hibernate.dialect.MySQL55Dialect 
.08:30:48.637 INFO  o.h.e.b.internal.EnversServiceImpl - Envers integration enabled? : true 
.08:30:51.716 INFO  o.h.e.t.j.p.i.JtaPlatformInitiator - HHH000490: Using JtaPlatform implementation: [org.hibernate.engine.transaction.jta.platform.internal.NoJtaPlatform] 
.08:30:51.723 INFO  o.s.o.j.LocalContainerEntityManagerFactoryBean - Initialized JPA EntityManagerFactory for persistence unit 'default' 
.08:30:51.856 WARN  o.s.b.a.o.j.JpaBaseConfiguration$JpaWebConfiguration - spring.jpa.open-in-view is enabled by default. Therefore, database queries may be performed during view rendering. Explicitly configure spring.jpa.open-in-view to disable this warning 
.08:30:52.122 INFO  o.s.s.l.DefaultSpringSecurityContextSource -  URL 'ldap://192.168.101.47:389', root DN is '' 
.08:30:54.780 INFO  o.s.s.web.DefaultSecurityFilterChain - Will secure Ant [pattern='/dialogflow/**'] with [org.springframework.security.web.context.request.async.WebAsyncManagerIntegrationFilter@18fa5af6, org.springframework.security.web.context.SecurityContextPersistenceFilter@15a0f9, org.springframework.security.web.header.HeaderWriterFilter@680937c9, org.springframework.security.web.authentication.logout.LogoutFilter@43e2b8da, org.springframework.security.web.authentication.www.BasicAuthenticationFilter@26728255, zw.co.cassavasmartech.ecocashchatbotcore.security.CustomFilter@7fdabb3b, org.springframework.security.web.savedrequest.RequestCacheAwareFilter@7cc3a7f7, org.springframework.security.web.servletapi.SecurityContextHolderAwareRequestFilter@7267006e, org.springframework.security.web.authentication.AnonymousAuthenticationFilter@7164e28a, org.springframework.security.web.session.SessionManagementFilter@571c7572, org.springframework.security.web.access.ExceptionTranslationFilter@9ae0794, org.springframework.security.web.access.intercept.FilterSecurityInterceptor@f472245] 
.08:30:54.795 INFO  o.s.s.web.DefaultSecurityFilterChain - Will secure any request with [org.springframework.security.web.context.request.async.WebAsyncManagerIntegrationFilter@6d4f266, org.springframework.security.web.context.SecurityContextPersistenceFilter@106edde4, org.springframework.security.web.header.HeaderWriterFilter@17d0d3d7, org.springframework.security.web.authentication.logout.LogoutFilter@633c0a61, zw.co.cassavasmartech.ecocashchatbotcore.security.JWTFilter@6b756a62, org.springframework.security.web.savedrequest.RequestCacheAwareFilter@4d9cf71d, org.springframework.security.web.servletapi.SecurityContextHolderAwareRequestFilter@5c43cb12, org.springframework.security.web.authentication.AnonymousAuthenticationFilter@394b9e22, org.springframework.security.web.session.SessionManagementFilter@39fc17be, org.springframework.security.web.access.ExceptionTranslationFilter@59d09ff3, org.springframework.security.web.access.intercept.FilterSecurityInterceptor@24ee6faa] 
.08:30:55.730 INFO  o.a.coyote.http11.Http11NioProtocol - Starting ProtocolHandler ["http-nio-8080"] 
.08:30:55.773 INFO  o.s.b.w.e.tomcat.TomcatWebServer - Tomcat started on port(s): 8080 (http) with context path '/ecocashbotcore' 
.08:30:55.777 INFO  o.s.d.r.c.DeferredRepositoryInitializationListener - Triggering deferred initialization of Spring Data repositories… 
.08:30:57.440 INFO  o.s.d.r.c.DeferredRepositoryInitializationListener - Spring Data repositories initialized! 
.08:30:57.460 INFO  z.c.c.e.EcocashChatbotCoreApplication - Started EcocashChatbotCoreApplication in 14.783 seconds (JVM running for 15.845) 
.11:32:25.034 WARN  com.zaxxer.hikari.pool.HikariPool - HikariPool-1 - Thread starvation or clock leap detected (housekeeper delta=1h10m48s106ms963µs700ns). 
.15:04:00.568 WARN  com.zaxxer.hikari.pool.HikariPool - HikariPool-1 - Thread starvation or clock leap detected (housekeeper delta=1h30m34s765ms747µs800ns). 
