.20:01:40.590 INFO  o.a.c.c.C.[.[.[/ecocashbotcore] - Initializing Spring DispatcherServlet 'dispatcherServlet' 
.20:01:40.590 INFO  o.s.web.servlet.DispatcherServlet - Initializing Servlet 'dispatcherServlet' 
.20:01:40.590 INFO  o.s.web.servlet.DispatcherServlet - Completed initialization in 0 ms 
.20:01:40.809 INFO  o.s.s.l.SpringSecurityLdapTemplate - Ignoring PartialResultException 
.20:01:41.380 INFO  z.c.c.e.d.DialogFlowServiceImpl - Processing dialogflow transaction request {
  "responseId": "dd4152a3-1fcf-4389-a09e-0baa3a704fb8-dacfd3fa",
  "queryResult": {
    "queryText": "Statement",
    "parameters": {},
    "allRequiredParamsPresent": true,
    "outputContexts": [
      {
        "name": "projects/the-attendant-hgawnh/agent/sessions/whatsapp:+263783324671/contexts/awaiting_start_date",
        "lifespanCount": 1
      },
      {
        "name": "projects/the-attendant-hgawnh/agent/sessions/whatsapp:+263783324671/contexts/awaiting_verify_msisdn",
        "lifespanCount": 3,
        "parameters": {
          "usecase": "SUBSCRIBER_STATEMENT",
          "phone-number": "0772222726",
          "phone-number.original": "0772222726"
        }
      },
      {
        "name": "projects/the-attendant-hgawnh/agent/sessions/whatsapp:+263783324671/contexts/awaiting_verify_otp",
        "lifespanCount": 0,
        "parameters": {
          "phone-number": "0772222726",
          "phone-number.original": "0772222726"
        }
      },
      {
        "name": "projects/the-attendant-hgawnh/agent/sessions/whatsapp:+263783324671/contexts/__system_counters__",
        "lifespanCount": 0,
        "parameters": {
          "no-input": 0.0,
          "no-match": 0.0
        }
      }
    ],
    "intent": {
      "name": "projects/the-attendant-hgawnh/agent/intents/9f3c19eb-ebeb-4546-ac6d-821959dcfdf8",
      "displayName": "usecase.statement.scenario.1"
    },
    "intentDetectionConfidence": 0.93995875,
    "languageCode": "en"
  },
  "originalDetectIntentRequest": {
    "payload": {
      "Body": "Statement",
      "To": "whatsapp:+14155238886",
      "WaId": "263783324671",
      "AccountSid": "ACeb9bc0506560f0c01a5358d1f3a45dec",
      "MessageSid": "SMd75ea9f646f7b13793e3da008cf06e9c",
      "ProfileName": "justicemacheyo",
      "ApiVersion": "2010-04-01",
      "SmsSid": "SMd75ea9f646f7b13793e3da008cf06e9c",
      "From": "whatsapp:+263783324671",
      "NumSegments": "1",
      "SmsMessageSid": "SMd75ea9f646f7b13793e3da008cf06e9c",
      "NumMedia": "0",
      "SmsStatus": "received"
    }
  },
  "session": "projects/the-attendant-hgawnh/agent/sessions/whatsapp:+263783324671"
}
 
.20:01:41.606 INFO  z.c.c.e.d.DialogFlowServiceImpl - Processing dialogflow intent: usecase.statement.scenario.1 
.20:01:50.570 INFO  o.s.s.l.SpringSecurityLdapTemplate - Ignoring PartialResultException 
.20:01:50.749 INFO  z.c.c.e.d.DialogFlowServiceImpl - Processing dialogflow transaction request {
  "responseId": "9a91f313-b5ea-45f8-bfcc-08ec6c773b04-dacfd3fa",
  "queryResult": {
    "queryText": "0772222726",
    "parameters": {
      "phone-number": "0772222726"
    },
    "allRequiredParamsPresent": true,
    "outputContexts": [
      {
        "name": "projects/the-attendant-hgawnh/agent/sessions/whatsapp:+263783324671/contexts/awaiting_verify_otp",
        "lifespanCount": 1,
        "parameters": {
          "phone-number": "0772222726",
          "phone-number.original": "0772222726"
        }
      },
      {
        "name": "projects/the-attendant-hgawnh/agent/sessions/whatsapp:+263783324671/contexts/awaiting_start_date",
        "lifespanCount": 0,
        "parameters": {
          "phone-number": "0772222726",
          "phone-number.original": "0772222726"
        }
      },
      {
        "name": "projects/the-attendant-hgawnh/agent/sessions/whatsapp:+263783324671/contexts/awaiting_verify_msisdn",
        "lifespanCount": 4,
        "parameters": {
          "usecase": "SUBSCRIBER_STATEMENT",
          "phone-number": "0772222726",
          "phone-number.original": "0772222726"
        }
      },
      {
        "name": "projects/the-attendant-hgawnh/agent/sessions/whatsapp:+263783324671/contexts/__system_counters__",
        "lifespanCount": 0,
        "parameters": {
          "no-input": 0.0,
          "no-match": 0.0,
          "phone-number": "0772222726",
          "phone-number.original": "0772222726"
        }
      }
    ],
    "intent": {
      "name": "projects/the-attendant-hgawnh/agent/intents/6be8a951-bbe9-4de5-86a0-5bfe1a45529d",
      "displayName": "usecase.verify.get.msisdn"
    },
    "intentDetectionConfidence": 0.99999994,
    "languageCode": "en",
    "sentimentAnalysisResult": {
      "queryTextSentiment": {
        "score": 0.3,
        "magnitude": 0.3
      }
    }
  },
  "originalDetectIntentRequest": {
    "payload": {
      "NumMedia": "0",
      "From": "whatsapp:+263783324671",
      "ProfileName": "justicemacheyo",
      "WaId": "263783324671",
      "Body": "0772222726",
      "To": "whatsapp:+14155238886",
      "SmsMessageSid": "SMd5832ea1e1664c950bf7ac0e986df169",
      "SmsSid": "SMd5832ea1e1664c950bf7ac0e986df169",
      "MessageSid": "SMd5832ea1e1664c950bf7ac0e986df169",
      "AccountSid": "ACeb9bc0506560f0c01a5358d1f3a45dec",
      "NumSegments": "1",
      "ApiVersion": "2010-04-01",
      "SmsStatus": "received"
    }
  },
  "session": "projects/the-attendant-hgawnh/agent/sessions/whatsapp:+263783324671"
}
 
.20:01:50.765 INFO  z.c.c.e.d.DialogFlowServiceImpl - Processing dialogflow intent: usecase.verify.get.msisdn 
.20:01:50.822 ERROR z.c.c.e.cpg.CheckSumGeneratorImpl - Exception on generating checksum  
java.io.FileNotFoundException: class path resource [cassavasmartech.jks] cannot be opened because it does not exist
	at org.springframework.core.io.ClassPathResource.getInputStream(ClassPathResource.java:187)
	at zw.co.cassavasmartech.ecocashchatbotcore.cpg.CheckSumGeneratorImpl.generateCheckSum(CheckSumGeneratorImpl.java:42)
	at zw.co.cassavasmartech.ecocashchatbotcore.cpg.RequestBuilder.build(RequestBuilder.java:97)
	at zw.co.cassavasmartech.ecocashchatbotcore.cpg.PaymentGatewayProcessorImpl.getLookUpCustomerRequest(PaymentGatewayProcessorImpl.java:162)
	at zw.co.cassavasmartech.ecocashchatbotcore.cpg.PaymentGatewayProcessorImpl.lookupCustomer(PaymentGatewayProcessorImpl.java:73)
	at zw.co.cassavasmartech.ecocashchatbotcore.service.CustomerServiceImpl.isCustomerValid(CustomerServiceImpl.java:221)
	at zw.co.cassavasmartech.ecocashchatbotcore.service.CustomerServiceImpl.save(CustomerServiceImpl.java:62)
	at zw.co.cassavasmartech.ecocashchatbotcore.dialogflow.DialogFlowServiceImpl.verifyUsecaseGetMsisdnHandler(DialogFlowServiceImpl.java:505)
	at zw.co.cassavasmartech.ecocashchatbotcore.dialogflow.DialogFlowServiceImpl.processWebhookCall(DialogFlowServiceImpl.java:210)
	at zw.co.cassavasmartech.ecocashchatbotcore.controller.DialogFlowController.inbound(DialogFlowController.java:23)
	at sun.reflect.NativeMethodAccessorImpl.invoke0(Native Method)
	at sun.reflect.NativeMethodAccessorImpl.invoke(NativeMethodAccessorImpl.java:62)
	at sun.reflect.DelegatingMethodAccessorImpl.invoke(DelegatingMethodAccessorImpl.java:43)
	at java.lang.reflect.Method.invoke(Method.java:498)
	at org.springframework.web.method.support.InvocableHandlerMethod.doInvoke(InvocableHandlerMethod.java:197)
	at org.springframework.web.method.support.InvocableHandlerMethod.invokeForRequest(InvocableHandlerMethod.java:141)
	at org.springframework.web.servlet.mvc.method.annotation.ServletInvocableHandlerMethod.invokeAndHandle(ServletInvocableHandlerMethod.java:106)
	at org.springframework.web.servlet.mvc.method.annotation.RequestMappingHandlerAdapter.invokeHandlerMethod(RequestMappingHandlerAdapter.java:895)
	at org.springframework.web.servlet.mvc.method.annotation.RequestMappingHandlerAdapter.handleInternal(RequestMappingHandlerAdapter.java:808)
	at org.springframework.web.servlet.mvc.method.AbstractHandlerMethodAdapter.handle(AbstractHandlerMethodAdapter.java:87)
	at org.springframework.web.servlet.DispatcherServlet.doDispatch(DispatcherServlet.java:1064)
	at org.springframework.web.servlet.DispatcherServlet.doService(DispatcherServlet.java:963)
	at org.springframework.web.servlet.FrameworkServlet.processRequest(FrameworkServlet.java:1006)
	at org.springframework.web.servlet.FrameworkServlet.doPost(FrameworkServlet.java:909)
	at javax.servlet.http.HttpServlet.service(HttpServlet.java:681)
	at org.springframework.web.servlet.FrameworkServlet.service(FrameworkServlet.java:883)
	at javax.servlet.http.HttpServlet.service(HttpServlet.java:764)
	at org.apache.catalina.core.ApplicationFilterChain.internalDoFilter(ApplicationFilterChain.java:228)
	at org.apache.catalina.core.ApplicationFilterChain.doFilter(ApplicationFilterChain.java:163)
	at org.apache.tomcat.websocket.server.WsFilter.doFilter(WsFilter.java:53)
	at org.apache.catalina.core.ApplicationFilterChain.internalDoFilter(ApplicationFilterChain.java:190)
	at org.apache.catalina.core.ApplicationFilterChain.doFilter(ApplicationFilterChain.java:163)
	at org.springframework.security.web.FilterChainProxy$VirtualFilterChain.doFilter(FilterChainProxy.java:327)
	at org.springframework.security.web.access.intercept.FilterSecurityInterceptor.invoke(FilterSecurityInterceptor.java:115)
	at org.springframework.security.web.access.intercept.FilterSecurityInterceptor.doFilter(FilterSecurityInterceptor.java:81)
	at org.springframework.security.web.FilterChainProxy$VirtualFilterChain.doFilter(FilterChainProxy.java:336)
	at org.springframework.security.web.access.ExceptionTranslationFilter.doFilter(ExceptionTranslationFilter.java:121)
	at org.springframework.security.web.access.ExceptionTranslationFilter.doFilter(ExceptionTranslationFilter.java:115)
	at org.springframework.security.web.FilterChainProxy$VirtualFilterChain.doFilter(FilterChainProxy.java:336)
	at org.springframework.security.web.session.SessionManagementFilter.doFilter(SessionManagementFilter.java:126)
	at org.springframework.security.web.session.SessionManagementFilter.doFilter(SessionManagementFilter.java:81)
	at org.springframework.security.web.FilterChainProxy$VirtualFilterChain.doFilter(FilterChainProxy.java:336)
	at org.springframework.security.web.authentication.AnonymousAuthenticationFilter.doFilter(AnonymousAuthenticationFilter.java:105)
	at org.springframework.security.web.FilterChainProxy$VirtualFilterChain.doFilter(FilterChainProxy.java:336)
	at org.springframework.security.web.servletapi.SecurityContextHolderAwareRequestFilter.doFilter(SecurityContextHolderAwareRequestFilter.java:149)
	at org.springframework.security.web.FilterChainProxy$VirtualFilterChain.doFilter(FilterChainProxy.java:336)
	at org.springframework.security.web.savedrequest.RequestCacheAwareFilter.doFilter(RequestCacheAwareFilter.java:63)
	at org.springframework.security.web.FilterChainProxy$VirtualFilterChain.doFilter(FilterChainProxy.java:336)
	at zw.co.cassavasmartech.ecocashchatbotcore.security.CustomFilter.doFilter(CustomFilter.java:15)
	at org.springframework.security.web.FilterChainProxy$VirtualFilterChain.doFilter(FilterChainProxy.java:336)
	at org.springframework.security.web.authentication.www.BasicAuthenticationFilter.doFilterInternal(BasicAuthenticationFilter.java:178)
	at org.springframework.web.filter.OncePerRequestFilter.doFilter(OncePerRequestFilter.java:119)
	at org.springframework.security.web.FilterChainProxy$VirtualFilterChain.doFilter(FilterChainProxy.java:336)
	at org.springframework.security.web.authentication.logout.LogoutFilter.doFilter(LogoutFilter.java:103)
	at org.springframework.security.web.authentication.logout.LogoutFilter.doFilter(LogoutFilter.java:89)
	at org.springframework.security.web.FilterChainProxy$VirtualFilterChain.doFilter(FilterChainProxy.java:336)
	at org.springframework.security.web.header.HeaderWriterFilter.doHeadersAfter(HeaderWriterFilter.java:90)
	at org.springframework.security.web.header.HeaderWriterFilter.doFilterInternal(HeaderWriterFilter.java:75)
	at org.springframework.web.filter.OncePerRequestFilter.doFilter(OncePerRequestFilter.java:119)
	at org.springframework.security.web.FilterChainProxy$VirtualFilterChain.doFilter(FilterChainProxy.java:336)
	at org.springframework.security.web.context.SecurityContextPersistenceFilter.doFilter(SecurityContextPersistenceFilter.java:110)
	at org.springframework.security.web.context.SecurityContextPersistenceFilter.doFilter(SecurityContextPersistenceFilter.java:80)
	at org.springframework.security.web.FilterChainProxy$VirtualFilterChain.doFilter(FilterChainProxy.java:336)
	at org.springframework.security.web.context.request.async.WebAsyncManagerIntegrationFilter.doFilterInternal(WebAsyncManagerIntegrationFilter.java:55)
	at org.springframework.web.filter.OncePerRequestFilter.doFilter(OncePerRequestFilter.java:119)
	at org.springframework.security.web.FilterChainProxy$VirtualFilterChain.doFilter(FilterChainProxy.java:336)
	at org.springframework.security.web.FilterChainProxy.doFilterInternal(FilterChainProxy.java:211)
	at org.springframework.security.web.FilterChainProxy.doFilter(FilterChainProxy.java:183)
	at org.springframework.web.filter.DelegatingFilterProxy.invokeDelegate(DelegatingFilterProxy.java:358)
	at org.springframework.web.filter.DelegatingFilterProxy.doFilter(DelegatingFilterProxy.java:271)
	at org.apache.catalina.core.ApplicationFilterChain.internalDoFilter(ApplicationFilterChain.java:190)
	at org.apache.catalina.core.ApplicationFilterChain.doFilter(ApplicationFilterChain.java:163)
	at org.springframework.web.filter.RequestContextFilter.doFilterInternal(RequestContextFilter.java:100)
	at org.springframework.web.filter.OncePerRequestFilter.doFilter(OncePerRequestFilter.java:119)
	at org.apache.catalina.core.ApplicationFilterChain.internalDoFilter(ApplicationFilterChain.java:190)
	at org.apache.catalina.core.ApplicationFilterChain.doFilter(ApplicationFilterChain.java:163)
	at org.springframework.web.filter.FormContentFilter.doFilterInternal(FormContentFilter.java:93)
	at org.springframework.web.filter.OncePerRequestFilter.doFilter(OncePerRequestFilter.java:119)
	at org.apache.catalina.core.ApplicationFilterChain.internalDoFilter(ApplicationFilterChain.java:190)
	at org.apache.catalina.core.ApplicationFilterChain.doFilter(ApplicationFilterChain.java:163)
	at org.springframework.web.filter.CharacterEncodingFilter.doFilterInternal(CharacterEncodingFilter.java:201)
	at org.springframework.web.filter.OncePerRequestFilter.doFilter(OncePerRequestFilter.java:119)
	at org.apache.catalina.core.ApplicationFilterChain.internalDoFilter(ApplicationFilterChain.java:190)
	at org.apache.catalina.core.ApplicationFilterChain.doFilter(ApplicationFilterChain.java:163)
	at org.apache.catalina.core.StandardWrapperValve.invoke(StandardWrapperValve.java:202)
	at org.apache.catalina.core.StandardContextValve.invoke(StandardContextValve.java:97)
	at org.apache.catalina.authenticator.AuthenticatorBase.invoke(AuthenticatorBase.java:542)
	at org.apache.catalina.core.StandardHostValve.invoke(StandardHostValve.java:143)
	at org.apache.catalina.valves.ErrorReportValve.invoke(ErrorReportValve.java:92)
	at org.apache.catalina.core.StandardEngineValve.invoke(StandardEngineValve.java:78)
	at org.apache.catalina.connector.CoyoteAdapter.service(CoyoteAdapter.java:357)
	at org.apache.coyote.http11.Http11Processor.service(Http11Processor.java:382)
	at org.apache.coyote.AbstractProcessorLight.process(AbstractProcessorLight.java:65)
	at org.apache.coyote.AbstractProtocol$ConnectionHandler.process(AbstractProtocol.java:893)
	at org.apache.tomcat.util.net.NioEndpoint$SocketProcessor.doRun(NioEndpoint.java:1723)
	at org.apache.tomcat.util.net.SocketProcessorBase.run(SocketProcessorBase.java:49)
	at java.util.concurrent.ThreadPoolExecutor.runWorker(ThreadPoolExecutor.java:1149)
	at java.util.concurrent.ThreadPoolExecutor$Worker.run(ThreadPoolExecutor.java:624)
	at org.apache.tomcat.util.threads.TaskThread$WrappingRunnable.run(TaskThread.java:61)
	at java.lang.Thread.run(Thread.java:748)
.20:01:50.823 INFO  z.c.c.e.cpg.RequestBuilder - request: TransactionRequest(field1=GIGAIOTBPFT, field2=b9ceb559e12a8c7dc6c1a6044f9ddc8ceabb6bf4c793888936ad7cda3b8e267f, field3=772222726, field4=null, field5=null, field6=checksum, field7=000021, field8=ecocashzw, field9=null, field10=772222726210909200150808, field11=null, field12=null, field13=ZWL, field14=null, field15=null, field16=null, field17=null, field18=null, field19=null, field20=null, field21=null, field22=null, field23=null) 
.20:01:51.791 INFO  z.c.c.e.c.PaymentGatewayInvokerImpl - Cpg transaction response PostTransactionResponse(transactionResponse=TransactionResponse(field1=200, field2=null, field3=null, field4=null, field5=null, field6=Dagl, field7=Y, field8=null, field9=ffg, field10=772222726, field11=01-01-1980, field12=42-29212F55, field13=GEN_MAL, field14=null, field15=null, field16=null, field17=null, field18=null, field19=null, field20=null, field21=null, field22=null, field23=null)) 
.20:01:51.791 INFO  z.c.c.e.service.CustomerServiceImpl - Cpg transaction response TransactionResponse(field1=200, field2=null, field3=null, field4=null, field5=null, field6=Dagl, field7=Y, field8=null, field9=ffg, field10=772222726, field11=01-01-1980, field12=42-29212F55, field13=GEN_MAL, field14=null, field15=null, field16=null, field17=null, field18=null, field19=null, field20=null, field21=null, field22=null, field23=null) 
.20:01:51.850 ERROR z.c.c.e.cpg.CheckSumGeneratorImpl - Exception on generating checksum  
java.io.FileNotFoundException: class path resource [cassavasmartech.jks] cannot be opened because it does not exist
	at org.springframework.core.io.ClassPathResource.getInputStream(ClassPathResource.java:187)
	at zw.co.cassavasmartech.ecocashchatbotcore.cpg.CheckSumGeneratorImpl.generateCheckSum(CheckSumGeneratorImpl.java:42)
	at zw.co.cassavasmartech.ecocashchatbotcore.cpg.RequestBuilder.build(RequestBuilder.java:97)
	at zw.co.cassavasmartech.ecocashchatbotcore.cpg.PaymentGatewayProcessorImpl.getLookUpCustomerRequest(PaymentGatewayProcessorImpl.java:162)
	at zw.co.cassavasmartech.ecocashchatbotcore.cpg.PaymentGatewayProcessorImpl.lookupCustomer(PaymentGatewayProcessorImpl.java:73)
	at zw.co.cassavasmartech.ecocashchatbotcore.service.CustomerServiceImpl.customerLookup(CustomerServiceImpl.java:154)
	at zw.co.cassavasmartech.ecocashchatbotcore.dialogflow.DialogFlowServiceImpl.verifyUsecaseGetMsisdnHandler(DialogFlowServiceImpl.java:507)
	at zw.co.cassavasmartech.ecocashchatbotcore.dialogflow.DialogFlowServiceImpl.processWebhookCall(DialogFlowServiceImpl.java:210)
	at zw.co.cassavasmartech.ecocashchatbotcore.controller.DialogFlowController.inbound(DialogFlowController.java:23)
	at sun.reflect.NativeMethodAccessorImpl.invoke0(Native Method)
	at sun.reflect.NativeMethodAccessorImpl.invoke(NativeMethodAccessorImpl.java:62)
	at sun.reflect.DelegatingMethodAccessorImpl.invoke(DelegatingMethodAccessorImpl.java:43)
	at java.lang.reflect.Method.invoke(Method.java:498)
	at org.springframework.web.method.support.InvocableHandlerMethod.doInvoke(InvocableHandlerMethod.java:197)
	at org.springframework.web.method.support.InvocableHandlerMethod.invokeForRequest(InvocableHandlerMethod.java:141)
	at org.springframework.web.servlet.mvc.method.annotation.ServletInvocableHandlerMethod.invokeAndHandle(ServletInvocableHandlerMethod.java:106)
	at org.springframework.web.servlet.mvc.method.annotation.RequestMappingHandlerAdapter.invokeHandlerMethod(RequestMappingHandlerAdapter.java:895)
	at org.springframework.web.servlet.mvc.method.annotation.RequestMappingHandlerAdapter.handleInternal(RequestMappingHandlerAdapter.java:808)
	at org.springframework.web.servlet.mvc.method.AbstractHandlerMethodAdapter.handle(AbstractHandlerMethodAdapter.java:87)
	at org.springframework.web.servlet.DispatcherServlet.doDispatch(DispatcherServlet.java:1064)
	at org.springframework.web.servlet.DispatcherServlet.doService(DispatcherServlet.java:963)
	at org.springframework.web.servlet.FrameworkServlet.processRequest(FrameworkServlet.java:1006)
	at org.springframework.web.servlet.FrameworkServlet.doPost(FrameworkServlet.java:909)
	at javax.servlet.http.HttpServlet.service(HttpServlet.java:681)
	at org.springframework.web.servlet.FrameworkServlet.service(FrameworkServlet.java:883)
	at javax.servlet.http.HttpServlet.service(HttpServlet.java:764)
	at org.apache.catalina.core.ApplicationFilterChain.internalDoFilter(ApplicationFilterChain.java:228)
	at org.apache.catalina.core.ApplicationFilterChain.doFilter(ApplicationFilterChain.java:163)
	at org.apache.tomcat.websocket.server.WsFilter.doFilter(WsFilter.java:53)
	at org.apache.catalina.core.ApplicationFilterChain.internalDoFilter(ApplicationFilterChain.java:190)
	at org.apache.catalina.core.ApplicationFilterChain.doFilter(ApplicationFilterChain.java:163)
	at org.springframework.security.web.FilterChainProxy$VirtualFilterChain.doFilter(FilterChainProxy.java:327)
	at org.springframework.security.web.access.intercept.FilterSecurityInterceptor.invoke(FilterSecurityInterceptor.java:115)
	at org.springframework.security.web.access.intercept.FilterSecurityInterceptor.doFilter(FilterSecurityInterceptor.java:81)
	at org.springframework.security.web.FilterChainProxy$VirtualFilterChain.doFilter(FilterChainProxy.java:336)
	at org.springframework.security.web.access.ExceptionTranslationFilter.doFilter(ExceptionTranslationFilter.java:121)
	at org.springframework.security.web.access.ExceptionTranslationFilter.doFilter(ExceptionTranslationFilter.java:115)
	at org.springframework.security.web.FilterChainProxy$VirtualFilterChain.doFilter(FilterChainProxy.java:336)
	at org.springframework.security.web.session.SessionManagementFilter.doFilter(SessionManagementFilter.java:126)
	at org.springframework.security.web.session.SessionManagementFilter.doFilter(SessionManagementFilter.java:81)
	at org.springframework.security.web.FilterChainProxy$VirtualFilterChain.doFilter(FilterChainProxy.java:336)
	at org.springframework.security.web.authentication.AnonymousAuthenticationFilter.doFilter(AnonymousAuthenticationFilter.java:105)
	at org.springframework.security.web.FilterChainProxy$VirtualFilterChain.doFilter(FilterChainProxy.java:336)
	at org.springframework.security.web.servletapi.SecurityContextHolderAwareRequestFilter.doFilter(SecurityContextHolderAwareRequestFilter.java:149)
	at org.springframework.security.web.FilterChainProxy$VirtualFilterChain.doFilter(FilterChainProxy.java:336)
	at org.springframework.security.web.savedrequest.RequestCacheAwareFilter.doFilter(RequestCacheAwareFilter.java:63)
	at org.springframework.security.web.FilterChainProxy$VirtualFilterChain.doFilter(FilterChainProxy.java:336)
	at zw.co.cassavasmartech.ecocashchatbotcore.security.CustomFilter.doFilter(CustomFilter.java:15)
	at org.springframework.security.web.FilterChainProxy$VirtualFilterChain.doFilter(FilterChainProxy.java:336)
	at org.springframework.security.web.authentication.www.BasicAuthenticationFilter.doFilterInternal(BasicAuthenticationFilter.java:178)
	at org.springframework.web.filter.OncePerRequestFilter.doFilter(OncePerRequestFilter.java:119)
	at org.springframework.security.web.FilterChainProxy$VirtualFilterChain.doFilter(FilterChainProxy.java:336)
	at org.springframework.security.web.authentication.logout.LogoutFilter.doFilter(LogoutFilter.java:103)
	at org.springframework.security.web.authentication.logout.LogoutFilter.doFilter(LogoutFilter.java:89)
	at org.springframework.security.web.FilterChainProxy$VirtualFilterChain.doFilter(FilterChainProxy.java:336)
	at org.springframework.security.web.header.HeaderWriterFilter.doHeadersAfter(HeaderWriterFilter.java:90)
	at org.springframework.security.web.header.HeaderWriterFilter.doFilterInternal(HeaderWriterFilter.java:75)
	at org.springframework.web.filter.OncePerRequestFilter.doFilter(OncePerRequestFilter.java:119)
	at org.springframework.security.web.FilterChainProxy$VirtualFilterChain.doFilter(FilterChainProxy.java:336)
	at org.springframework.security.web.context.SecurityContextPersistenceFilter.doFilter(SecurityContextPersistenceFilter.java:110)
	at org.springframework.security.web.context.SecurityContextPersistenceFilter.doFilter(SecurityContextPersistenceFilter.java:80)
	at org.springframework.security.web.FilterChainProxy$VirtualFilterChain.doFilter(FilterChainProxy.java:336)
	at org.springframework.security.web.context.request.async.WebAsyncManagerIntegrationFilter.doFilterInternal(WebAsyncManagerIntegrationFilter.java:55)
	at org.springframework.web.filter.OncePerRequestFilter.doFilter(OncePerRequestFilter.java:119)
	at org.springframework.security.web.FilterChainProxy$VirtualFilterChain.doFilter(FilterChainProxy.java:336)
	at org.springframework.security.web.FilterChainProxy.doFilterInternal(FilterChainProxy.java:211)
	at org.springframework.security.web.FilterChainProxy.doFilter(FilterChainProxy.java:183)
	at org.springframework.web.filter.DelegatingFilterProxy.invokeDelegate(DelegatingFilterProxy.java:358)
	at org.springframework.web.filter.DelegatingFilterProxy.doFilter(DelegatingFilterProxy.java:271)
	at org.apache.catalina.core.ApplicationFilterChain.internalDoFilter(ApplicationFilterChain.java:190)
	at org.apache.catalina.core.ApplicationFilterChain.doFilter(ApplicationFilterChain.java:163)
	at org.springframework.web.filter.RequestContextFilter.doFilterInternal(RequestContextFilter.java:100)
	at org.springframework.web.filter.OncePerRequestFilter.doFilter(OncePerRequestFilter.java:119)
	at org.apache.catalina.core.ApplicationFilterChain.internalDoFilter(ApplicationFilterChain.java:190)
	at org.apache.catalina.core.ApplicationFilterChain.doFilter(ApplicationFilterChain.java:163)
	at org.springframework.web.filter.FormContentFilter.doFilterInternal(FormContentFilter.java:93)
	at org.springframework.web.filter.OncePerRequestFilter.doFilter(OncePerRequestFilter.java:119)
	at org.apache.catalina.core.ApplicationFilterChain.internalDoFilter(ApplicationFilterChain.java:190)
	at org.apache.catalina.core.ApplicationFilterChain.doFilter(ApplicationFilterChain.java:163)
	at org.springframework.web.filter.CharacterEncodingFilter.doFilterInternal(CharacterEncodingFilter.java:201)
	at org.springframework.web.filter.OncePerRequestFilter.doFilter(OncePerRequestFilter.java:119)
	at org.apache.catalina.core.ApplicationFilterChain.internalDoFilter(ApplicationFilterChain.java:190)
	at org.apache.catalina.core.ApplicationFilterChain.doFilter(ApplicationFilterChain.java:163)
	at org.apache.catalina.core.StandardWrapperValve.invoke(StandardWrapperValve.java:202)
	at org.apache.catalina.core.StandardContextValve.invoke(StandardContextValve.java:97)
	at org.apache.catalina.authenticator.AuthenticatorBase.invoke(AuthenticatorBase.java:542)
	at org.apache.catalina.core.StandardHostValve.invoke(StandardHostValve.java:143)
	at org.apache.catalina.valves.ErrorReportValve.invoke(ErrorReportValve.java:92)
	at org.apache.catalina.core.StandardEngineValve.invoke(StandardEngineValve.java:78)
	at org.apache.catalina.connector.CoyoteAdapter.service(CoyoteAdapter.java:357)
	at org.apache.coyote.http11.Http11Processor.service(Http11Processor.java:382)
	at org.apache.coyote.AbstractProcessorLight.process(AbstractProcessorLight.java:65)
	at org.apache.coyote.AbstractProtocol$ConnectionHandler.process(AbstractProtocol.java:893)
	at org.apache.tomcat.util.net.NioEndpoint$SocketProcessor.doRun(NioEndpoint.java:1723)
	at org.apache.tomcat.util.net.SocketProcessorBase.run(SocketProcessorBase.java:49)
	at java.util.concurrent.ThreadPoolExecutor.runWorker(ThreadPoolExecutor.java:1149)
	at java.util.concurrent.ThreadPoolExecutor$Worker.run(ThreadPoolExecutor.java:624)
	at org.apache.tomcat.util.threads.TaskThread$WrappingRunnable.run(TaskThread.java:61)
	at java.lang.Thread.run(Thread.java:748)
.20:01:51.850 INFO  z.c.c.e.cpg.RequestBuilder - request: TransactionRequest(field1=GIGAIOTBPFT, field2=b9ceb559e12a8c7dc6c1a6044f9ddc8ceabb6bf4c793888936ad7cda3b8e267f, field3=772222726, field4=null, field5=null, field6=checksum, field7=000021, field8=ecocashzw, field9=null, field10=772222726210909200151850, field11=null, field12=null, field13=ZWL, field14=null, field15=null, field16=null, field17=null, field18=null, field19=null, field20=null, field21=null, field22=null, field23=null) 
.20:01:52.126 INFO  z.c.c.e.c.PaymentGatewayInvokerImpl - Cpg transaction response PostTransactionResponse(transactionResponse=TransactionResponse(field1=200, field2=null, field3=null, field4=null, field5=null, field6=Dagl, field7=Y, field8=null, field9=ffg, field10=772222726, field11=01-01-1980, field12=42-29212F55, field13=GEN_MAL, field14=null, field15=null, field16=null, field17=null, field18=null, field19=null, field20=null, field21=null, field22=null, field23=null)) 
.20:01:52.137 INFO  z.c.c.e.service.ProfileServiceImpl - new profile created whatsapp:+263783324671 
.20:01:55.959 ERROR o.a.c.c.C.[.[.[.[dispatcherServlet] - Servlet.service() for servlet [dispatcherServlet] in context with path [/ecocashbotcore] threw exception [Request processing failed; nested exception is zw.co.cassavasmartech.ecocashchatbotcore.exception.BusinessException] with root cause 
zw.co.cassavasmartech.ecocashchatbotcore.exception.BusinessException: null
	at zw.co.cassavasmartech.ecocashchatbotcore.invoker.CoreInvokerImpl.invoke(CoreInvokerImpl.java:52)
	at zw.co.cassavasmartech.ecocashchatbotcore.service.ProfileServiceImpl.sendSms(ProfileServiceImpl.java:107)
	at zw.co.cassavasmartech.ecocashchatbotcore.service.ProfileServiceImpl.generateOtp(ProfileServiceImpl.java:88)
	at zw.co.cassavasmartech.ecocashchatbotcore.dialogflow.DialogFlowServiceImpl.verifyUsecaseGetMsisdnHandler(DialogFlowServiceImpl.java:516)
	at zw.co.cassavasmartech.ecocashchatbotcore.dialogflow.DialogFlowServiceImpl.processWebhookCall(DialogFlowServiceImpl.java:210)
	at zw.co.cassavasmartech.ecocashchatbotcore.controller.DialogFlowController.inbound(DialogFlowController.java:23)
	at sun.reflect.NativeMethodAccessorImpl.invoke0(Native Method)
	at sun.reflect.NativeMethodAccessorImpl.invoke(NativeMethodAccessorImpl.java:62)
	at sun.reflect.DelegatingMethodAccessorImpl.invoke(DelegatingMethodAccessorImpl.java:43)
	at java.lang.reflect.Method.invoke(Method.java:498)
	at org.springframework.web.method.support.InvocableHandlerMethod.doInvoke(InvocableHandlerMethod.java:197)
	at org.springframework.web.method.support.InvocableHandlerMethod.invokeForRequest(InvocableHandlerMethod.java:141)
	at org.springframework.web.servlet.mvc.method.annotation.ServletInvocableHandlerMethod.invokeAndHandle(ServletInvocableHandlerMethod.java:106)
	at org.springframework.web.servlet.mvc.method.annotation.RequestMappingHandlerAdapter.invokeHandlerMethod(RequestMappingHandlerAdapter.java:895)
	at org.springframework.web.servlet.mvc.method.annotation.RequestMappingHandlerAdapter.handleInternal(RequestMappingHandlerAdapter.java:808)
	at org.springframework.web.servlet.mvc.method.AbstractHandlerMethodAdapter.handle(AbstractHandlerMethodAdapter.java:87)
	at org.springframework.web.servlet.DispatcherServlet.doDispatch(DispatcherServlet.java:1064)
	at org.springframework.web.servlet.DispatcherServlet.doService(DispatcherServlet.java:963)
	at org.springframework.web.servlet.FrameworkServlet.processRequest(FrameworkServlet.java:1006)
	at org.springframework.web.servlet.FrameworkServlet.doPost(FrameworkServlet.java:909)
	at javax.servlet.http.HttpServlet.service(HttpServlet.java:681)
	at org.springframework.web.servlet.FrameworkServlet.service(FrameworkServlet.java:883)
	at javax.servlet.http.HttpServlet.service(HttpServlet.java:764)
	at org.apache.catalina.core.ApplicationFilterChain.internalDoFilter(ApplicationFilterChain.java:228)
	at org.apache.catalina.core.ApplicationFilterChain.doFilter(ApplicationFilterChain.java:163)
	at org.apache.tomcat.websocket.server.WsFilter.doFilter(WsFilter.java:53)
	at org.apache.catalina.core.ApplicationFilterChain.internalDoFilter(ApplicationFilterChain.java:190)
	at org.apache.catalina.core.ApplicationFilterChain.doFilter(ApplicationFilterChain.java:163)
	at org.springframework.security.web.FilterChainProxy$VirtualFilterChain.doFilter(FilterChainProxy.java:327)
	at org.springframework.security.web.access.intercept.FilterSecurityInterceptor.invoke(FilterSecurityInterceptor.java:115)
	at org.springframework.security.web.access.intercept.FilterSecurityInterceptor.doFilter(FilterSecurityInterceptor.java:81)
	at org.springframework.security.web.FilterChainProxy$VirtualFilterChain.doFilter(FilterChainProxy.java:336)
	at org.springframework.security.web.access.ExceptionTranslationFilter.doFilter(ExceptionTranslationFilter.java:121)
	at org.springframework.security.web.access.ExceptionTranslationFilter.doFilter(ExceptionTranslationFilter.java:115)
	at org.springframework.security.web.FilterChainProxy$VirtualFilterChain.doFilter(FilterChainProxy.java:336)
	at org.springframework.security.web.session.SessionManagementFilter.doFilter(SessionManagementFilter.java:126)
	at org.springframework.security.web.session.SessionManagementFilter.doFilter(SessionManagementFilter.java:81)
	at org.springframework.security.web.FilterChainProxy$VirtualFilterChain.doFilter(FilterChainProxy.java:336)
	at org.springframework.security.web.authentication.AnonymousAuthenticationFilter.doFilter(AnonymousAuthenticationFilter.java:105)
	at org.springframework.security.web.FilterChainProxy$VirtualFilterChain.doFilter(FilterChainProxy.java:336)
	at org.springframework.security.web.servletapi.SecurityContextHolderAwareRequestFilter.doFilter(SecurityContextHolderAwareRequestFilter.java:149)
	at org.springframework.security.web.FilterChainProxy$VirtualFilterChain.doFilter(FilterChainProxy.java:336)
	at org.springframework.security.web.savedrequest.RequestCacheAwareFilter.doFilter(RequestCacheAwareFilter.java:63)
	at org.springframework.security.web.FilterChainProxy$VirtualFilterChain.doFilter(FilterChainProxy.java:336)
	at zw.co.cassavasmartech.ecocashchatbotcore.security.CustomFilter.doFilter(CustomFilter.java:15)
	at org.springframework.security.web.FilterChainProxy$VirtualFilterChain.doFilter(FilterChainProxy.java:336)
	at org.springframework.security.web.authentication.www.BasicAuthenticationFilter.doFilterInternal(BasicAuthenticationFilter.java:178)
	at org.springframework.web.filter.OncePerRequestFilter.doFilter(OncePerRequestFilter.java:119)
	at org.springframework.security.web.FilterChainProxy$VirtualFilterChain.doFilter(FilterChainProxy.java:336)
	at org.springframework.security.web.authentication.logout.LogoutFilter.doFilter(LogoutFilter.java:103)
	at org.springframework.security.web.authentication.logout.LogoutFilter.doFilter(LogoutFilter.java:89)
	at org.springframework.security.web.FilterChainProxy$VirtualFilterChain.doFilter(FilterChainProxy.java:336)
	at org.springframework.security.web.header.HeaderWriterFilter.doHeadersAfter(HeaderWriterFilter.java:90)
	at org.springframework.security.web.header.HeaderWriterFilter.doFilterInternal(HeaderWriterFilter.java:75)
	at org.springframework.web.filter.OncePerRequestFilter.doFilter(OncePerRequestFilter.java:119)
	at org.springframework.security.web.FilterChainProxy$VirtualFilterChain.doFilter(FilterChainProxy.java:336)
	at org.springframework.security.web.context.SecurityContextPersistenceFilter.doFilter(SecurityContextPersistenceFilter.java:110)
	at org.springframework.security.web.context.SecurityContextPersistenceFilter.doFilter(SecurityContextPersistenceFilter.java:80)
	at org.springframework.security.web.FilterChainProxy$VirtualFilterChain.doFilter(FilterChainProxy.java:336)
	at org.springframework.security.web.context.request.async.WebAsyncManagerIntegrationFilter.doFilterInternal(WebAsyncManagerIntegrationFilter.java:55)
	at org.springframework.web.filter.OncePerRequestFilter.doFilter(OncePerRequestFilter.java:119)
	at org.springframework.security.web.FilterChainProxy$VirtualFilterChain.doFilter(FilterChainProxy.java:336)
	at org.springframework.security.web.FilterChainProxy.doFilterInternal(FilterChainProxy.java:211)
	at org.springframework.security.web.FilterChainProxy.doFilter(FilterChainProxy.java:183)
	at org.springframework.web.filter.DelegatingFilterProxy.invokeDelegate(DelegatingFilterProxy.java:358)
	at org.springframework.web.filter.DelegatingFilterProxy.doFilter(DelegatingFilterProxy.java:271)
	at org.apache.catalina.core.ApplicationFilterChain.internalDoFilter(ApplicationFilterChain.java:190)
	at org.apache.catalina.core.ApplicationFilterChain.doFilter(ApplicationFilterChain.java:163)
	at org.springframework.web.filter.RequestContextFilter.doFilterInternal(RequestContextFilter.java:100)
	at org.springframework.web.filter.OncePerRequestFilter.doFilter(OncePerRequestFilter.java:119)
	at org.apache.catalina.core.ApplicationFilterChain.internalDoFilter(ApplicationFilterChain.java:190)
	at org.apache.catalina.core.ApplicationFilterChain.doFilter(ApplicationFilterChain.java:163)
	at org.springframework.web.filter.FormContentFilter.doFilterInternal(FormContentFilter.java:93)
	at org.springframework.web.filter.OncePerRequestFilter.doFilter(OncePerRequestFilter.java:119)
	at org.apache.catalina.core.ApplicationFilterChain.internalDoFilter(ApplicationFilterChain.java:190)
	at org.apache.catalina.core.ApplicationFilterChain.doFilter(ApplicationFilterChain.java:163)
	at org.springframework.web.filter.CharacterEncodingFilter.doFilterInternal(CharacterEncodingFilter.java:201)
	at org.springframework.web.filter.OncePerRequestFilter.doFilter(OncePerRequestFilter.java:119)
	at org.apache.catalina.core.ApplicationFilterChain.internalDoFilter(ApplicationFilterChain.java:190)
	at org.apache.catalina.core.ApplicationFilterChain.doFilter(ApplicationFilterChain.java:163)
	at org.apache.catalina.core.StandardWrapperValve.invoke(StandardWrapperValve.java:202)
	at org.apache.catalina.core.StandardContextValve.invoke(StandardContextValve.java:97)
	at org.apache.catalina.authenticator.AuthenticatorBase.invoke(AuthenticatorBase.java:542)
	at org.apache.catalina.core.StandardHostValve.invoke(StandardHostValve.java:143)
	at org.apache.catalina.valves.ErrorReportValve.invoke(ErrorReportValve.java:92)
	at org.apache.catalina.core.StandardEngineValve.invoke(StandardEngineValve.java:78)
	at org.apache.catalina.connector.CoyoteAdapter.service(CoyoteAdapter.java:357)
	at org.apache.coyote.http11.Http11Processor.service(Http11Processor.java:382)
	at org.apache.coyote.AbstractProcessorLight.process(AbstractProcessorLight.java:65)
	at org.apache.coyote.AbstractProtocol$ConnectionHandler.process(AbstractProtocol.java:893)
	at org.apache.tomcat.util.net.NioEndpoint$SocketProcessor.doRun(NioEndpoint.java:1723)
	at org.apache.tomcat.util.net.SocketProcessorBase.run(SocketProcessorBase.java:49)
	at java.util.concurrent.ThreadPoolExecutor.runWorker(ThreadPoolExecutor.java:1149)
	at java.util.concurrent.ThreadPoolExecutor$Worker.run(ThreadPoolExecutor.java:624)
	at org.apache.tomcat.util.threads.TaskThread$WrappingRunnable.run(TaskThread.java:61)
	at java.lang.Thread.run(Thread.java:748)
