.20:21:39.508 INFO  o.s.o.j.LocalContainerEntityManagerFactoryBean - Closing JPA EntityManagerFactory for persistence unit 'default' 
.20:21:39.509 INFO  com.zaxxer.hikari.HikariDataSource - HikariPool-1 - Shutdown initiated... 
.20:21:39.519 INFO  com.zaxxer.hikari.HikariDataSource - HikariPool-1 - Shutdown completed. 
.20:21:51.047 INFO  o.h.validator.internal.util.Version - HV000001: Hibernate Validator 6.2.0.Final 
.20:21:51.069 INFO  z.c.c.e.EcocashChatbotCoreApplication - Starting EcocashChatbotCoreApplication using Java 1.8.0_271 on LAPTOP-1JQH6S1S with PID 21820 (C:\Users\Kudzai Macheyo\IdeaProjects\ecocash-chatbot-core\target\classes started by Kudzai Macheyo in C:\Users\Kudzai Macheyo\IdeaProjects\ecocash-chatbot-core) 
.20:21:51.070 INFO  z.c.c.e.EcocashChatbotCoreApplication - The following profiles are active: dev 
.20:21:53.118 INFO  o.s.d.r.c.RepositoryConfigurationDelegate - Multiple Spring Data modules found, entering strict repository configuration mode! 
.20:21:53.119 INFO  o.s.d.r.c.RepositoryConfigurationDelegate - Bootstrapping Spring Data JPA repositories in DEFERRED mode. 
.20:21:53.501 INFO  o.s.d.r.c.RepositoryConfigurationDelegate - Finished Spring Data repository scanning in 361 ms. Found 8 JPA repository interfaces. 
.20:21:54.410 INFO  o.s.c.s.PostProcessorRegistrationDelegate$BeanPostProcessorChecker - Bean 'org.springframework.security.access.expression.method.DefaultMethodSecurityExpressionHandler@3104351d' of type [org.springframework.security.access.expression.method.DefaultMethodSecurityExpressionHandler] is not eligible for getting processed by all BeanPostProcessors (for example: not eligible for auto-proxying) 
.20:21:54.420 INFO  o.s.c.s.PostProcessorRegistrationDelegate$BeanPostProcessorChecker - Bean 'methodSecurityMetadataSource' of type [org.springframework.security.access.method.DelegatingMethodSecurityMetadataSource] is not eligible for getting processed by all BeanPostProcessors (for example: not eligible for auto-proxying) 
.20:21:55.687 INFO  o.s.b.w.e.tomcat.TomcatWebServer - Tomcat initialized with port(s): 8080 (http) 
.20:21:55.710 INFO  o.a.coyote.http11.Http11NioProtocol - Initializing ProtocolHandler ["http-nio-8080"] 
.20:21:55.711 INFO  o.a.catalina.core.StandardService - Starting service [Tomcat] 
.20:21:55.711 INFO  o.a.catalina.core.StandardEngine - Starting Servlet engine: [Apache Tomcat/9.0.50] 
.20:21:55.986 INFO  o.a.c.c.C.[.[.[/ecocashbotcore] - Initializing Spring embedded WebApplicationContext 
.20:21:55.986 INFO  o.s.b.w.s.c.ServletWebServerApplicationContext - Root WebApplicationContext: initialization completed in 4833 ms 
.20:21:56.410 INFO  o.h.jpa.internal.util.LogHelper - HHH000204: Processing PersistenceUnitInfo [name: default] 
.20:21:56.560 INFO  org.hibernate.Version - HHH000412: Hibernate ORM core version 5.4.32.Final 
.20:21:56.571 WARN  o.s.b.a.o.j.JpaBaseConfiguration$JpaWebConfiguration - spring.jpa.open-in-view is enabled by default. Therefore, database queries may be performed during view rendering. Explicitly configure spring.jpa.open-in-view to disable this warning 
.20:21:56.901 INFO  o.s.s.l.DefaultSpringSecurityContextSource -  URL 'ldap://192.168.101.47:389', root DN is '' 
.20:21:56.916 INFO  o.h.annotations.common.Version - HCANN000001: Hibernate Commons Annotations {5.1.2.Final} 
.20:21:57.155 INFO  com.zaxxer.hikari.HikariDataSource - HikariPool-1 - Starting... 
.20:21:57.552 INFO  com.zaxxer.hikari.HikariDataSource - HikariPool-1 - Start completed. 
.20:21:57.637 INFO  org.hibernate.dialect.Dialect - HHH000400: Using dialect: org.hibernate.dialect.MySQL55Dialect 
.20:21:57.805 INFO  o.h.e.b.internal.EnversServiceImpl - Envers integration enabled? : true 
.20:21:59.688 INFO  o.s.s.web.DefaultSecurityFilterChain - Will secure Ant [pattern='/dialogflow/**'] with [org.springframework.security.web.context.request.async.WebAsyncManagerIntegrationFilter@7364eed1, org.springframework.security.web.context.SecurityContextPersistenceFilter@4aa2877c, org.springframework.security.web.header.HeaderWriterFilter@6393bf8b, org.springframework.security.web.authentication.logout.LogoutFilter@8aeab9e, org.springframework.security.web.authentication.www.BasicAuthenticationFilter@39dec536, zw.co.cassavasmartech.ecocashchatbotcore.security.CustomFilter@684e8c9d, org.springframework.security.web.savedrequest.RequestCacheAwareFilter@2a8a3ada, org.springframework.security.web.servletapi.SecurityContextHolderAwareRequestFilter@65629ac6, org.springframework.security.web.authentication.AnonymousAuthenticationFilter@6ecc02bb, org.springframework.security.web.session.SessionManagementFilter@6ddee60f, org.springframework.security.web.access.ExceptionTranslationFilter@40709f9, org.springframework.security.web.access.intercept.FilterSecurityInterceptor@7f6329cb] 
.20:21:59.689 INFO  o.s.s.web.DefaultSecurityFilterChain - Will secure any request with [org.springframework.security.web.context.request.async.WebAsyncManagerIntegrationFilter@545b5ed0, org.springframework.security.web.context.SecurityContextPersistenceFilter@6fa2448b, org.springframework.security.web.header.HeaderWriterFilter@67bb4dcd, org.springframework.security.web.authentication.logout.LogoutFilter@3b009e7b, zw.co.cassavasmartech.ecocashchatbotcore.security.JWTFilter@5a7df831, org.springframework.security.web.savedrequest.RequestCacheAwareFilter@61bb1e4d, org.springframework.security.web.servletapi.SecurityContextHolderAwareRequestFilter@5c53f292, org.springframework.security.web.authentication.AnonymousAuthenticationFilter@667dcaad, org.springframework.security.web.session.SessionManagementFilter@738d37fc, org.springframework.security.web.access.ExceptionTranslationFilter@c1050f2, org.springframework.security.web.access.intercept.FilterSecurityInterceptor@4fc165f6] 
.20:22:00.442 INFO  o.a.coyote.http11.Http11NioProtocol - Starting ProtocolHandler ["http-nio-8080"] 
.20:22:00.486 INFO  o.s.b.w.e.tomcat.TomcatWebServer - Tomcat started on port(s): 8080 (http) with context path '/ecocashbotcore' 
.20:22:00.493 INFO  o.s.d.r.c.DeferredRepositoryInitializationListener - Triggering deferred initialization of Spring Data repositories… 
.20:22:02.085 INFO  o.h.e.t.j.p.i.JtaPlatformInitiator - HHH000490: Using JtaPlatform implementation: [org.hibernate.engine.transaction.jta.platform.internal.NoJtaPlatform] 
.20:22:02.106 INFO  o.s.o.j.LocalContainerEntityManagerFactoryBean - Initialized JPA EntityManagerFactory for persistence unit 'default' 
.20:22:03.447 INFO  o.s.d.r.c.DeferredRepositoryInitializationListener - Spring Data repositories initialized! 
.20:22:03.458 INFO  z.c.c.e.EcocashChatbotCoreApplication - Started EcocashChatbotCoreApplication in 13.41 seconds (JVM running for 14.771) 
.20:24:47.442 INFO  o.a.c.c.C.[.[.[/ecocashbotcore] - Initializing Spring DispatcherServlet 'dispatcherServlet' 
.20:24:47.442 INFO  o.s.web.servlet.DispatcherServlet - Initializing Servlet 'dispatcherServlet' 
.20:24:47.445 INFO  o.s.web.servlet.DispatcherServlet - Completed initialization in 3 ms 
.20:24:47.930 INFO  o.s.s.l.SpringSecurityLdapTemplate - Ignoring PartialResultException 
.20:24:48.510 INFO  z.c.c.e.d.DialogFlowServiceImpl - Processing dialogflow transaction request {
  "responseId": "0264dafa-372e-43f9-9c36-6db844eb8504-b4cb2fcf",
  "queryResult": {
    "queryText": "hi",
    "action": "input.welcome",
    "parameters": {},
    "allRequiredParamsPresent": true,
    "outputContexts": [
      {
        "name": "projects/ecocash-onuv/agent/sessions/f9c46fe0-84a7-3857-bd5c-126e9f679d03/contexts/__system_counters__",
        "lifespanCount": 0,
        "parameters": {
          "no-input": 0.0,
          "no-match": 0.0
        }
      }
    ],
    "intent": {
      "name": "projects/ecocash-onuv/agent/intents/814ad089-d8e8-4b34-af51-753a7d3b27d3",
      "displayName": "Default Welcome Intent"
    },
    "intentDetectionConfidence": 1.0,
    "languageCode": "en",
    "sentimentAnalysisResult": {
      "queryTextSentiment": {
        "score": 0.3,
        "magnitude": 0.3
      }
    }
  },
  "originalDetectIntentRequest": {
    "source": "telegram",
    "payload": {
      "data": {
        "date": 1.630952712E9,
        "from": {
          "id": 1.932718235E9,
          "last_name": "Macheyo",
          "language_code": "en",
          "first_name": "Shingai"
        },
        "chat": {
          "type": "private",
          "id": "1932718235"
        },
        "message_id": 5693.0,
        "text": "hi"
      }
    }
  },
  "session": "projects/ecocash-onuv/agent/sessions/f9c46fe0-84a7-3857-bd5c-126e9f679d03"
}
 
.20:24:48.534 INFO  z.c.c.e.d.DialogFlowServiceImpl - Processing dialogflow intent: Default Welcome Intent 
.20:24:48.814 INFO  z.c.c.e.d.DialogFlowServiceImpl - Sending response to dialogFlow: {
  "fulfillmentText": "Welcome back Dagl😃👋 hope you are having a beautiful evening so far. What can I do for you today?",
  "source": "ecocashchatbotcore"
}
 
.20:25:07.300 INFO  o.s.s.l.SpringSecurityLdapTemplate - Ignoring PartialResultException 
.20:25:07.473 INFO  z.c.c.e.d.DialogFlowServiceImpl - Processing dialogflow transaction request {
  "responseId": "a5ca2aac-51b9-4aaa-894e-ba5df7cf9fa3-b4cb2fcf",
  "queryResult": {
    "queryText": "i want to pay a bill",
    "parameters": {},
    "allRequiredParamsPresent": true,
    "outputContexts": [
      {
        "name": "projects/ecocash-onuv/agent/sessions/f9c46fe0-84a7-3857-bd5c-126e9f679d03/contexts/awaiting_biller_code",
        "lifespanCount": 1
      },
      {
        "name": "projects/ecocash-onuv/agent/sessions/f9c46fe0-84a7-3857-bd5c-126e9f679d03/contexts/__system_counters__",
        "lifespanCount": 0,
        "parameters": {
          "no-input": 0.0,
          "no-match": 0.0
        }
      }
    ],
    "intent": {
      "name": "projects/ecocash-onuv/agent/intents/70af6cec-60ae-43fd-961a-b87d02023de0",
      "displayName": "usecase.pay.biller.scenario1"
    },
    "intentDetectionConfidence": 1.0,
    "languageCode": "en",
    "sentimentAnalysisResult": {
      "queryTextSentiment": {
        "score": -0.1,
        "magnitude": 0.1
      }
    }
  },
  "originalDetectIntentRequest": {
    "source": "telegram",
    "payload": {
      "data": {
        "chat": {
          "type": "private",
          "id": "1932718235"
        },
        "from": {
          "first_name": "Shingai",
          "last_name": "Macheyo",
          "id": 1.932718235E9,
          "language_code": "en"
        },
        "date": 1.630952733E9,
        "message_id": 5695.0,
        "text": "i want to pay a bill"
      }
    }
  },
  "session": "projects/ecocash-onuv/agent/sessions/f9c46fe0-84a7-3857-bd5c-126e9f679d03"
}
 
.20:25:07.534 ERROR o.a.c.c.C.[.[.[.[dispatcherServlet] - Servlet.service() for servlet [dispatcherServlet] in context with path [/ecocashbotcore] threw exception [Request processing failed; nested exception is java.lang.NullPointerException] with root cause 
java.lang.NullPointerException: null
	at zw.co.cassavasmartech.ecocashchatbotcore.dialogflow.DialogFlowServiceImpl.createTicket(DialogFlowServiceImpl.java:954)
	at zw.co.cassavasmartech.ecocashchatbotcore.dialogflow.DialogFlowServiceImpl.payBillerUsecaseScenario1Handler(DialogFlowServiceImpl.java:807)
	at zw.co.cassavasmartech.ecocashchatbotcore.dialogflow.DialogFlowServiceImpl.processWebhookCall(DialogFlowServiceImpl.java:78)
	at zw.co.cassavasmartech.ecocashchatbotcore.controller.DialogFlowController.inbound(DialogFlowController.java:23)
	at sun.reflect.NativeMethodAccessorImpl.invoke0(Native Method)
	at sun.reflect.NativeMethodAccessorImpl.invoke(NativeMethodAccessorImpl.java:62)
	at sun.reflect.DelegatingMethodAccessorImpl.invoke(DelegatingMethodAccessorImpl.java:43)
	at java.lang.reflect.Method.invoke(Method.java:498)
	at org.springframework.web.method.support.InvocableHandlerMethod.doInvoke(InvocableHandlerMethod.java:197)
	at org.springframework.web.method.support.InvocableHandlerMethod.invokeForRequest(InvocableHandlerMethod.java:141)
	at org.springframework.web.servlet.mvc.method.annotation.ServletInvocableHandlerMethod.invokeAndHandle(ServletInvocableHandlerMethod.java:106)
	at org.springframework.web.servlet.mvc.method.annotation.RequestMappingHandlerAdapter.invokeHandlerMethod(RequestMappingHandlerAdapter.java:895)
	at org.springframework.web.servlet.mvc.method.annotation.RequestMappingHandlerAdapter.handleInternal(RequestMappingHandlerAdapter.java:808)
	at org.springframework.web.servlet.mvc.method.AbstractHandlerMethodAdapter.handle(AbstractHandlerMethodAdapter.java:87)
	at org.springframework.web.servlet.DispatcherServlet.doDispatch(DispatcherServlet.java:1064)
	at org.springframework.web.servlet.DispatcherServlet.doService(DispatcherServlet.java:963)
	at org.springframework.web.servlet.FrameworkServlet.processRequest(FrameworkServlet.java:1006)
	at org.springframework.web.servlet.FrameworkServlet.doPost(FrameworkServlet.java:909)
	at javax.servlet.http.HttpServlet.service(HttpServlet.java:681)
	at org.springframework.web.servlet.FrameworkServlet.service(FrameworkServlet.java:883)
	at javax.servlet.http.HttpServlet.service(HttpServlet.java:764)
	at org.apache.catalina.core.ApplicationFilterChain.internalDoFilter(ApplicationFilterChain.java:228)
	at org.apache.catalina.core.ApplicationFilterChain.doFilter(ApplicationFilterChain.java:163)
	at org.apache.tomcat.websocket.server.WsFilter.doFilter(WsFilter.java:53)
	at org.apache.catalina.core.ApplicationFilterChain.internalDoFilter(ApplicationFilterChain.java:190)
	at org.apache.catalina.core.ApplicationFilterChain.doFilter(ApplicationFilterChain.java:163)
	at org.springframework.security.web.FilterChainProxy$VirtualFilterChain.doFilter(FilterChainProxy.java:327)
	at org.springframework.security.web.access.intercept.FilterSecurityInterceptor.invoke(FilterSecurityInterceptor.java:115)
	at org.springframework.security.web.access.intercept.FilterSecurityInterceptor.doFilter(FilterSecurityInterceptor.java:81)
	at org.springframework.security.web.FilterChainProxy$VirtualFilterChain.doFilter(FilterChainProxy.java:336)
	at org.springframework.security.web.access.ExceptionTranslationFilter.doFilter(ExceptionTranslationFilter.java:121)
	at org.springframework.security.web.access.ExceptionTranslationFilter.doFilter(ExceptionTranslationFilter.java:115)
	at org.springframework.security.web.FilterChainProxy$VirtualFilterChain.doFilter(FilterChainProxy.java:336)
	at org.springframework.security.web.session.SessionManagementFilter.doFilter(SessionManagementFilter.java:126)
	at org.springframework.security.web.session.SessionManagementFilter.doFilter(SessionManagementFilter.java:81)
	at org.springframework.security.web.FilterChainProxy$VirtualFilterChain.doFilter(FilterChainProxy.java:336)
	at org.springframework.security.web.authentication.AnonymousAuthenticationFilter.doFilter(AnonymousAuthenticationFilter.java:105)
	at org.springframework.security.web.FilterChainProxy$VirtualFilterChain.doFilter(FilterChainProxy.java:336)
	at org.springframework.security.web.servletapi.SecurityContextHolderAwareRequestFilter.doFilter(SecurityContextHolderAwareRequestFilter.java:149)
	at org.springframework.security.web.FilterChainProxy$VirtualFilterChain.doFilter(FilterChainProxy.java:336)
	at org.springframework.security.web.savedrequest.RequestCacheAwareFilter.doFilter(RequestCacheAwareFilter.java:63)
	at org.springframework.security.web.FilterChainProxy$VirtualFilterChain.doFilter(FilterChainProxy.java:336)
	at zw.co.cassavasmartech.ecocashchatbotcore.security.CustomFilter.doFilter(CustomFilter.java:15)
	at org.springframework.security.web.FilterChainProxy$VirtualFilterChain.doFilter(FilterChainProxy.java:336)
	at org.springframework.security.web.authentication.www.BasicAuthenticationFilter.doFilterInternal(BasicAuthenticationFilter.java:178)
	at org.springframework.web.filter.OncePerRequestFilter.doFilter(OncePerRequestFilter.java:119)
	at org.springframework.security.web.FilterChainProxy$VirtualFilterChain.doFilter(FilterChainProxy.java:336)
	at org.springframework.security.web.authentication.logout.LogoutFilter.doFilter(LogoutFilter.java:103)
	at org.springframework.security.web.authentication.logout.LogoutFilter.doFilter(LogoutFilter.java:89)
	at org.springframework.security.web.FilterChainProxy$VirtualFilterChain.doFilter(FilterChainProxy.java:336)
	at org.springframework.security.web.header.HeaderWriterFilter.doHeadersAfter(HeaderWriterFilter.java:90)
	at org.springframework.security.web.header.HeaderWriterFilter.doFilterInternal(HeaderWriterFilter.java:75)
	at org.springframework.web.filter.OncePerRequestFilter.doFilter(OncePerRequestFilter.java:119)
	at org.springframework.security.web.FilterChainProxy$VirtualFilterChain.doFilter(FilterChainProxy.java:336)
	at org.springframework.security.web.context.SecurityContextPersistenceFilter.doFilter(SecurityContextPersistenceFilter.java:110)
	at org.springframework.security.web.context.SecurityContextPersistenceFilter.doFilter(SecurityContextPersistenceFilter.java:80)
	at org.springframework.security.web.FilterChainProxy$VirtualFilterChain.doFilter(FilterChainProxy.java:336)
	at org.springframework.security.web.context.request.async.WebAsyncManagerIntegrationFilter.doFilterInternal(WebAsyncManagerIntegrationFilter.java:55)
	at org.springframework.web.filter.OncePerRequestFilter.doFilter(OncePerRequestFilter.java:119)
	at org.springframework.security.web.FilterChainProxy$VirtualFilterChain.doFilter(FilterChainProxy.java:336)
	at org.springframework.security.web.FilterChainProxy.doFilterInternal(FilterChainProxy.java:211)
	at org.springframework.security.web.FilterChainProxy.doFilter(FilterChainProxy.java:183)
	at org.springframework.web.filter.DelegatingFilterProxy.invokeDelegate(DelegatingFilterProxy.java:358)
	at org.springframework.web.filter.DelegatingFilterProxy.doFilter(DelegatingFilterProxy.java:271)
	at org.apache.catalina.core.ApplicationFilterChain.internalDoFilter(ApplicationFilterChain.java:190)
	at org.apache.catalina.core.ApplicationFilterChain.doFilter(ApplicationFilterChain.java:163)
	at org.springframework.web.filter.RequestContextFilter.doFilterInternal(RequestContextFilter.java:100)
	at org.springframework.web.filter.OncePerRequestFilter.doFilter(OncePerRequestFilter.java:119)
	at org.apache.catalina.core.ApplicationFilterChain.internalDoFilter(ApplicationFilterChain.java:190)
	at org.apache.catalina.core.ApplicationFilterChain.doFilter(ApplicationFilterChain.java:163)
	at org.springframework.web.filter.FormContentFilter.doFilterInternal(FormContentFilter.java:93)
	at org.springframework.web.filter.OncePerRequestFilter.doFilter(OncePerRequestFilter.java:119)
	at org.apache.catalina.core.ApplicationFilterChain.internalDoFilter(ApplicationFilterChain.java:190)
	at org.apache.catalina.core.ApplicationFilterChain.doFilter(ApplicationFilterChain.java:163)
	at org.springframework.web.filter.CharacterEncodingFilter.doFilterInternal(CharacterEncodingFilter.java:201)
	at org.springframework.web.filter.OncePerRequestFilter.doFilter(OncePerRequestFilter.java:119)
	at org.apache.catalina.core.ApplicationFilterChain.internalDoFilter(ApplicationFilterChain.java:190)
	at org.apache.catalina.core.ApplicationFilterChain.doFilter(ApplicationFilterChain.java:163)
	at org.apache.catalina.core.StandardWrapperValve.invoke(StandardWrapperValve.java:202)
	at org.apache.catalina.core.StandardContextValve.invoke(StandardContextValve.java:97)
	at org.apache.catalina.authenticator.AuthenticatorBase.invoke(AuthenticatorBase.java:542)
	at org.apache.catalina.core.StandardHostValve.invoke(StandardHostValve.java:143)
	at org.apache.catalina.valves.ErrorReportValve.invoke(ErrorReportValve.java:92)
	at org.apache.catalina.core.StandardEngineValve.invoke(StandardEngineValve.java:78)
	at org.apache.catalina.connector.CoyoteAdapter.service(CoyoteAdapter.java:357)
	at org.apache.coyote.http11.Http11Processor.service(Http11Processor.java:382)
	at org.apache.coyote.AbstractProcessorLight.process(AbstractProcessorLight.java:65)
	at org.apache.coyote.AbstractProtocol$ConnectionHandler.process(AbstractProtocol.java:893)
	at org.apache.tomcat.util.net.NioEndpoint$SocketProcessor.doRun(NioEndpoint.java:1723)
	at org.apache.tomcat.util.net.SocketProcessorBase.run(SocketProcessorBase.java:49)
	at java.util.concurrent.ThreadPoolExecutor.runWorker(ThreadPoolExecutor.java:1149)
	at java.util.concurrent.ThreadPoolExecutor$Worker.run(ThreadPoolExecutor.java:624)
	at org.apache.tomcat.util.threads.TaskThread$WrappingRunnable.run(TaskThread.java:61)
	at java.lang.Thread.run(Thread.java:748)
.20:31:40.076 INFO  o.s.o.j.LocalContainerEntityManagerFactoryBean - Closing JPA EntityManagerFactory for persistence unit 'default' 
.20:31:40.079 INFO  com.zaxxer.hikari.HikariDataSource - HikariPool-1 - Shutdown initiated... 
.20:31:40.089 INFO  com.zaxxer.hikari.HikariDataSource - HikariPool-1 - Shutdown completed. 
.20:31:44.959 INFO  z.c.c.e.EcocashChatbotCoreApplication - Starting EcocashChatbotCoreApplication using Java 1.8.0_271 on LAPTOP-1JQH6S1S with PID 13444 (C:\Users\Kudzai Macheyo\IdeaProjects\ecocash-chatbot-core\target\classes started by Kudzai Macheyo in C:\Users\Kudzai Macheyo\IdeaProjects\ecocash-chatbot-core) 
.20:31:44.960 INFO  o.h.validator.internal.util.Version - HV000001: Hibernate Validator 6.2.0.Final 
.20:31:44.962 INFO  z.c.c.e.EcocashChatbotCoreApplication - The following profiles are active: dev 
.20:31:47.110 INFO  o.s.d.r.c.RepositoryConfigurationDelegate - Multiple Spring Data modules found, entering strict repository configuration mode! 
.20:31:47.114 INFO  o.s.d.r.c.RepositoryConfigurationDelegate - Bootstrapping Spring Data JPA repositories in DEFERRED mode. 
.20:31:47.418 INFO  o.s.d.r.c.RepositoryConfigurationDelegate - Finished Spring Data repository scanning in 282 ms. Found 8 JPA repository interfaces. 
.20:31:48.204 INFO  o.s.c.s.PostProcessorRegistrationDelegate$BeanPostProcessorChecker - Bean 'org.springframework.security.access.expression.method.DefaultMethodSecurityExpressionHandler@4ae263bf' of type [org.springframework.security.access.expression.method.DefaultMethodSecurityExpressionHandler] is not eligible for getting processed by all BeanPostProcessors (for example: not eligible for auto-proxying) 
.20:31:48.220 INFO  o.s.c.s.PostProcessorRegistrationDelegate$BeanPostProcessorChecker - Bean 'methodSecurityMetadataSource' of type [org.springframework.security.access.method.DelegatingMethodSecurityMetadataSource] is not eligible for getting processed by all BeanPostProcessors (for example: not eligible for auto-proxying) 
.20:31:49.208 INFO  o.s.b.w.e.tomcat.TomcatWebServer - Tomcat initialized with port(s): 8080 (http) 
.20:31:49.225 INFO  o.a.coyote.http11.Http11NioProtocol - Initializing ProtocolHandler ["http-nio-8080"] 
.20:31:49.225 INFO  o.a.catalina.core.StandardService - Starting service [Tomcat] 
.20:31:49.225 INFO  o.a.catalina.core.StandardEngine - Starting Servlet engine: [Apache Tomcat/9.0.50] 
.20:31:49.490 INFO  o.a.c.c.C.[.[.[/ecocashbotcore] - Initializing Spring embedded WebApplicationContext 
.20:31:49.490 INFO  o.s.b.w.s.c.ServletWebServerApplicationContext - Root WebApplicationContext: initialization completed in 4401 ms 
.20:31:49.949 INFO  o.h.jpa.internal.util.LogHelper - HHH000204: Processing PersistenceUnitInfo [name: default] 
.20:31:50.088 INFO  org.hibernate.Version - HHH000412: Hibernate ORM core version 5.4.32.Final 
.20:31:50.117 WARN  o.s.b.a.o.j.JpaBaseConfiguration$JpaWebConfiguration - spring.jpa.open-in-view is enabled by default. Therefore, database queries may be performed during view rendering. Explicitly configure spring.jpa.open-in-view to disable this warning 
.20:31:50.322 INFO  o.s.s.l.DefaultSpringSecurityContextSource -  URL 'ldap://192.168.101.47:389', root DN is '' 
.20:31:50.342 INFO  o.h.annotations.common.Version - HCANN000001: Hibernate Commons Annotations {5.1.2.Final} 
.20:31:50.531 INFO  com.zaxxer.hikari.HikariDataSource - HikariPool-1 - Starting... 
.20:31:50.855 INFO  com.zaxxer.hikari.HikariDataSource - HikariPool-1 - Start completed. 
.20:31:50.941 INFO  org.hibernate.dialect.Dialect - HHH000400: Using dialect: org.hibernate.dialect.MySQL55Dialect 
.20:31:51.116 INFO  o.h.e.b.internal.EnversServiceImpl - Envers integration enabled? : true 
.20:31:52.624 INFO  o.s.s.web.DefaultSecurityFilterChain - Will secure Ant [pattern='/dialogflow/**'] with [org.springframework.security.web.context.request.async.WebAsyncManagerIntegrationFilter@67fa5045, org.springframework.security.web.context.SecurityContextPersistenceFilter@16a5c7e4, org.springframework.security.web.header.HeaderWriterFilter@1946384, org.springframework.security.web.authentication.logout.LogoutFilter@5cff6b74, org.springframework.security.web.authentication.www.BasicAuthenticationFilter@270a620, zw.co.cassavasmartech.ecocashchatbotcore.security.CustomFilter@6f347d7, org.springframework.security.web.savedrequest.RequestCacheAwareFilter@8aeab9e, org.springframework.security.web.servletapi.SecurityContextHolderAwareRequestFilter@5f366587, org.springframework.security.web.authentication.AnonymousAuthenticationFilter@5974b233, org.springframework.security.web.session.SessionManagementFilter@654e6a90, org.springframework.security.web.access.ExceptionTranslationFilter@721d8ab5, org.springframework.security.web.access.intercept.FilterSecurityInterceptor@7fedb795] 
.20:31:52.628 INFO  o.s.s.web.DefaultSecurityFilterChain - Will secure any request with [org.springframework.security.web.context.request.async.WebAsyncManagerIntegrationFilter@715a70e9, org.springframework.security.web.context.SecurityContextPersistenceFilter@cfd1075, org.springframework.security.web.header.HeaderWriterFilter@19fd43da, org.springframework.security.web.authentication.logout.LogoutFilter@6cae2e4d, zw.co.cassavasmartech.ecocashchatbotcore.security.JWTFilter@3bc69ce9, org.springframework.security.web.savedrequest.RequestCacheAwareFilter@45117dd, org.springframework.security.web.servletapi.SecurityContextHolderAwareRequestFilter@7741771e, org.springframework.security.web.authentication.AnonymousAuthenticationFilter@abad89c, org.springframework.security.web.session.SessionManagementFilter@115dcaea, org.springframework.security.web.access.ExceptionTranslationFilter@2c748a15, org.springframework.security.web.access.intercept.FilterSecurityInterceptor@6eb089e6] 
.20:31:53.346 INFO  o.a.coyote.http11.Http11NioProtocol - Starting ProtocolHandler ["http-nio-8080"] 
.20:31:53.380 INFO  o.s.b.w.e.tomcat.TomcatWebServer - Tomcat started on port(s): 8080 (http) with context path '/ecocashbotcore' 
.20:31:53.386 INFO  o.s.d.r.c.DeferredRepositoryInitializationListener - Triggering deferred initialization of Spring Data repositories… 
.20:31:54.813 INFO  o.h.e.t.j.p.i.JtaPlatformInitiator - HHH000490: Using JtaPlatform implementation: [org.hibernate.engine.transaction.jta.platform.internal.NoJtaPlatform] 
.20:31:54.827 INFO  o.s.o.j.LocalContainerEntityManagerFactoryBean - Initialized JPA EntityManagerFactory for persistence unit 'default' 
.20:31:56.062 INFO  o.s.d.r.c.DeferredRepositoryInitializationListener - Spring Data repositories initialized! 
.20:31:56.078 INFO  z.c.c.e.EcocashChatbotCoreApplication - Started EcocashChatbotCoreApplication in 11.991 seconds (JVM running for 12.466) 
.20:33:13.904 INFO  o.a.c.c.C.[.[.[/ecocashbotcore] - Initializing Spring DispatcherServlet 'dispatcherServlet' 
.20:33:13.904 INFO  o.s.web.servlet.DispatcherServlet - Initializing Servlet 'dispatcherServlet' 
.20:33:13.906 INFO  o.s.web.servlet.DispatcherServlet - Completed initialization in 1 ms 
.20:33:14.063 INFO  o.s.s.l.SpringSecurityLdapTemplate - Ignoring PartialResultException 
.20:33:14.269 INFO  z.c.c.e.d.DialogFlowServiceImpl - Processing dialogflow transaction request {
  "responseId": "9dc8b041-b322-4bd2-88ad-76940e1328a5-b4cb2fcf",
  "queryResult": {
    "queryText": "i want to pay a bill",
    "parameters": {
      "name": "i want to pay a bill"
    },
    "allRequiredParamsPresent": true,
    "outputContexts": [
      {
        "name": "projects/ecocash-onuv/agent/sessions/f9c46fe0-84a7-3857-bd5c-126e9f679d03/contexts/awaiting_biller_account",
        "lifespanCount": 1,
        "parameters": {
          "name": "i want to pay a bill",
          "name.original": "i want to pay a bill"
        }
      },
      {
        "name": "projects/ecocash-onuv/agent/sessions/f9c46fe0-84a7-3857-bd5c-126e9f679d03/contexts/awaiting_biller_code",
        "lifespanCount": 0,
        "parameters": {
          "name": "i want to pay a bill",
          "name.original": "i want to pay a bill"
        }
      },
      {
        "name": "projects/ecocash-onuv/agent/sessions/f9c46fe0-84a7-3857-bd5c-126e9f679d03/contexts/__system_counters__",
        "lifespanCount": 0,
        "parameters": {
          "no-input": 0.0,
          "no-match": 0.0,
          "name": "i want to pay a bill",
          "name.original": "i want to pay a bill"
        }
      }
    ],
    "intent": {
      "name": "projects/ecocash-onuv/agent/intents/2b5340fc-460e-49b1-9d4b-b8d09b26eba1",
      "displayName": "usecase.pay.biller.get.biller.name"
    },
    "intentDetectionConfidence": 0.3,
    "languageCode": "en",
    "sentimentAnalysisResult": {
      "queryTextSentiment": {
        "score": -0.1,
        "magnitude": 0.1
      }
    }
  },
  "originalDetectIntentRequest": {
    "source": "telegram",
    "payload": {
      "data": {
        "text": "i want to pay a bill",
        "from": {
          "first_name": "Shingai",
          "last_name": "Macheyo",
          "id": 1.932718235E9,
          "language_code": "en"
        },
        "message_id": 5696.0,
        "chat": {
          "type": "private",
          "id": "1932718235"
        },
        "date": 1.630953219E9
      }
    }
  },
  "session": "projects/ecocash-onuv/agent/sessions/f9c46fe0-84a7-3857-bd5c-126e9f679d03"
}
 
.20:33:29.641 INFO  o.s.s.l.SpringSecurityLdapTemplate - Ignoring PartialResultException 
.20:33:29.807 INFO  z.c.c.e.d.DialogFlowServiceImpl - Processing dialogflow transaction request {
  "responseId": "209df0e3-ee24-42df-a1c8-b6459b6989d2-b4cb2fcf",
  "queryResult": {
    "queryText": "i want to pay a bill",
    "parameters": {},
    "allRequiredParamsPresent": true,
    "outputContexts": [
      {
        "name": "projects/ecocash-onuv/agent/sessions/f9c46fe0-84a7-3857-bd5c-126e9f679d03/contexts/awaiting_biller_code",
        "lifespanCount": 1
      },
      {
        "name": "projects/ecocash-onuv/agent/sessions/f9c46fe0-84a7-3857-bd5c-126e9f679d03/contexts/awaiting_biller_account",
        "lifespanCount": 0,
        "parameters": {
          "name": "i want to pay a bill",
          "name.original": "i want to pay a bill"
        }
      },
      {
        "name": "projects/ecocash-onuv/agent/sessions/f9c46fe0-84a7-3857-bd5c-126e9f679d03/contexts/__system_counters__",
        "lifespanCount": 0,
        "parameters": {
          "no-input": 0.0,
          "no-match": 0.0
        }
      }
    ],
    "intent": {
      "name": "projects/ecocash-onuv/agent/intents/70af6cec-60ae-43fd-961a-b87d02023de0",
      "displayName": "usecase.pay.biller.scenario1"
    },
    "intentDetectionConfidence": 1.0,
    "languageCode": "en",
    "sentimentAnalysisResult": {
      "queryTextSentiment": {
        "score": -0.1,
        "magnitude": 0.1
      }
    }
  },
  "originalDetectIntentRequest": {
    "source": "telegram",
    "payload": {
      "data": {
        "chat": {
          "id": "1932718235",
          "type": "private"
        },
        "text": "i want to pay a bill",
        "from": {
          "language_code": "en",
          "id": 1.932718235E9,
          "last_name": "Macheyo",
          "first_name": "Shingai"
        },
        "date": 1.630953235E9,
        "message_id": 5697.0
      }
    }
  },
  "session": "projects/ecocash-onuv/agent/sessions/f9c46fe0-84a7-3857-bd5c-126e9f679d03"
}
 
.20:33:29.988 ERROR o.a.c.c.C.[.[.[.[dispatcherServlet] - Servlet.service() for servlet [dispatcherServlet] in context with path [/ecocashbotcore] threw exception [Request processing failed; nested exception is java.lang.NullPointerException] with root cause 
java.lang.NullPointerException: null
	at zw.co.cassavasmartech.ecocashchatbotcore.dialogflow.DialogFlowServiceImpl.createTicket(DialogFlowServiceImpl.java:954)
	at zw.co.cassavasmartech.ecocashchatbotcore.dialogflow.DialogFlowServiceImpl.payBillerUsecaseScenario1Handler(DialogFlowServiceImpl.java:807)
	at zw.co.cassavasmartech.ecocashchatbotcore.dialogflow.DialogFlowServiceImpl.processWebhookCall(DialogFlowServiceImpl.java:78)
	at zw.co.cassavasmartech.ecocashchatbotcore.controller.DialogFlowController.inbound(DialogFlowController.java:23)
	at sun.reflect.NativeMethodAccessorImpl.invoke0(Native Method)
	at sun.reflect.NativeMethodAccessorImpl.invoke(NativeMethodAccessorImpl.java:62)
	at sun.reflect.DelegatingMethodAccessorImpl.invoke(DelegatingMethodAccessorImpl.java:43)
	at java.lang.reflect.Method.invoke(Method.java:498)
	at org.springframework.web.method.support.InvocableHandlerMethod.doInvoke(InvocableHandlerMethod.java:197)
	at org.springframework.web.method.support.InvocableHandlerMethod.invokeForRequest(InvocableHandlerMethod.java:141)
	at org.springframework.web.servlet.mvc.method.annotation.ServletInvocableHandlerMethod.invokeAndHandle(ServletInvocableHandlerMethod.java:106)
	at org.springframework.web.servlet.mvc.method.annotation.RequestMappingHandlerAdapter.invokeHandlerMethod(RequestMappingHandlerAdapter.java:895)
	at org.springframework.web.servlet.mvc.method.annotation.RequestMappingHandlerAdapter.handleInternal(RequestMappingHandlerAdapter.java:808)
	at org.springframework.web.servlet.mvc.method.AbstractHandlerMethodAdapter.handle(AbstractHandlerMethodAdapter.java:87)
	at org.springframework.web.servlet.DispatcherServlet.doDispatch(DispatcherServlet.java:1064)
	at org.springframework.web.servlet.DispatcherServlet.doService(DispatcherServlet.java:963)
	at org.springframework.web.servlet.FrameworkServlet.processRequest(FrameworkServlet.java:1006)
	at org.springframework.web.servlet.FrameworkServlet.doPost(FrameworkServlet.java:909)
	at javax.servlet.http.HttpServlet.service(HttpServlet.java:681)
	at org.springframework.web.servlet.FrameworkServlet.service(FrameworkServlet.java:883)
	at javax.servlet.http.HttpServlet.service(HttpServlet.java:764)
	at org.apache.catalina.core.ApplicationFilterChain.internalDoFilter(ApplicationFilterChain.java:228)
	at org.apache.catalina.core.ApplicationFilterChain.doFilter(ApplicationFilterChain.java:163)
	at org.apache.tomcat.websocket.server.WsFilter.doFilter(WsFilter.java:53)
	at org.apache.catalina.core.ApplicationFilterChain.internalDoFilter(ApplicationFilterChain.java:190)
	at org.apache.catalina.core.ApplicationFilterChain.doFilter(ApplicationFilterChain.java:163)
	at org.springframework.security.web.FilterChainProxy$VirtualFilterChain.doFilter(FilterChainProxy.java:327)
	at org.springframework.security.web.access.intercept.FilterSecurityInterceptor.invoke(FilterSecurityInterceptor.java:115)
	at org.springframework.security.web.access.intercept.FilterSecurityInterceptor.doFilter(FilterSecurityInterceptor.java:81)
	at org.springframework.security.web.FilterChainProxy$VirtualFilterChain.doFilter(FilterChainProxy.java:336)
	at org.springframework.security.web.access.ExceptionTranslationFilter.doFilter(ExceptionTranslationFilter.java:121)
	at org.springframework.security.web.access.ExceptionTranslationFilter.doFilter(ExceptionTranslationFilter.java:115)
	at org.springframework.security.web.FilterChainProxy$VirtualFilterChain.doFilter(FilterChainProxy.java:336)
	at org.springframework.security.web.session.SessionManagementFilter.doFilter(SessionManagementFilter.java:126)
	at org.springframework.security.web.session.SessionManagementFilter.doFilter(SessionManagementFilter.java:81)
	at org.springframework.security.web.FilterChainProxy$VirtualFilterChain.doFilter(FilterChainProxy.java:336)
	at org.springframework.security.web.authentication.AnonymousAuthenticationFilter.doFilter(AnonymousAuthenticationFilter.java:105)
	at org.springframework.security.web.FilterChainProxy$VirtualFilterChain.doFilter(FilterChainProxy.java:336)
	at org.springframework.security.web.servletapi.SecurityContextHolderAwareRequestFilter.doFilter(SecurityContextHolderAwareRequestFilter.java:149)
	at org.springframework.security.web.FilterChainProxy$VirtualFilterChain.doFilter(FilterChainProxy.java:336)
	at org.springframework.security.web.savedrequest.RequestCacheAwareFilter.doFilter(RequestCacheAwareFilter.java:63)
	at org.springframework.security.web.FilterChainProxy$VirtualFilterChain.doFilter(FilterChainProxy.java:336)
	at zw.co.cassavasmartech.ecocashchatbotcore.security.CustomFilter.doFilter(CustomFilter.java:15)
	at org.springframework.security.web.FilterChainProxy$VirtualFilterChain.doFilter(FilterChainProxy.java:336)
	at org.springframework.security.web.authentication.www.BasicAuthenticationFilter.doFilterInternal(BasicAuthenticationFilter.java:178)
	at org.springframework.web.filter.OncePerRequestFilter.doFilter(OncePerRequestFilter.java:119)
	at org.springframework.security.web.FilterChainProxy$VirtualFilterChain.doFilter(FilterChainProxy.java:336)
	at org.springframework.security.web.authentication.logout.LogoutFilter.doFilter(LogoutFilter.java:103)
	at org.springframework.security.web.authentication.logout.LogoutFilter.doFilter(LogoutFilter.java:89)
	at org.springframework.security.web.FilterChainProxy$VirtualFilterChain.doFilter(FilterChainProxy.java:336)
	at org.springframework.security.web.header.HeaderWriterFilter.doHeadersAfter(HeaderWriterFilter.java:90)
	at org.springframework.security.web.header.HeaderWriterFilter.doFilterInternal(HeaderWriterFilter.java:75)
	at org.springframework.web.filter.OncePerRequestFilter.doFilter(OncePerRequestFilter.java:119)
	at org.springframework.security.web.FilterChainProxy$VirtualFilterChain.doFilter(FilterChainProxy.java:336)
	at org.springframework.security.web.context.SecurityContextPersistenceFilter.doFilter(SecurityContextPersistenceFilter.java:110)
	at org.springframework.security.web.context.SecurityContextPersistenceFilter.doFilter(SecurityContextPersistenceFilter.java:80)
	at org.springframework.security.web.FilterChainProxy$VirtualFilterChain.doFilter(FilterChainProxy.java:336)
	at org.springframework.security.web.context.request.async.WebAsyncManagerIntegrationFilter.doFilterInternal(WebAsyncManagerIntegrationFilter.java:55)
	at org.springframework.web.filter.OncePerRequestFilter.doFilter(OncePerRequestFilter.java:119)
	at org.springframework.security.web.FilterChainProxy$VirtualFilterChain.doFilter(FilterChainProxy.java:336)
	at org.springframework.security.web.FilterChainProxy.doFilterInternal(FilterChainProxy.java:211)
	at org.springframework.security.web.FilterChainProxy.doFilter(FilterChainProxy.java:183)
	at org.springframework.web.filter.DelegatingFilterProxy.invokeDelegate(DelegatingFilterProxy.java:358)
	at org.springframework.web.filter.DelegatingFilterProxy.doFilter(DelegatingFilterProxy.java:271)
	at org.apache.catalina.core.ApplicationFilterChain.internalDoFilter(ApplicationFilterChain.java:190)
	at org.apache.catalina.core.ApplicationFilterChain.doFilter(ApplicationFilterChain.java:163)
	at org.springframework.web.filter.RequestContextFilter.doFilterInternal(RequestContextFilter.java:100)
	at org.springframework.web.filter.OncePerRequestFilter.doFilter(OncePerRequestFilter.java:119)
	at org.apache.catalina.core.ApplicationFilterChain.internalDoFilter(ApplicationFilterChain.java:190)
	at org.apache.catalina.core.ApplicationFilterChain.doFilter(ApplicationFilterChain.java:163)
	at org.springframework.web.filter.FormContentFilter.doFilterInternal(FormContentFilter.java:93)
	at org.springframework.web.filter.OncePerRequestFilter.doFilter(OncePerRequestFilter.java:119)
	at org.apache.catalina.core.ApplicationFilterChain.internalDoFilter(ApplicationFilterChain.java:190)
	at org.apache.catalina.core.ApplicationFilterChain.doFilter(ApplicationFilterChain.java:163)
	at org.springframework.web.filter.CharacterEncodingFilter.doFilterInternal(CharacterEncodingFilter.java:201)
	at org.springframework.web.filter.OncePerRequestFilter.doFilter(OncePerRequestFilter.java:119)
	at org.apache.catalina.core.ApplicationFilterChain.internalDoFilter(ApplicationFilterChain.java:190)
	at org.apache.catalina.core.ApplicationFilterChain.doFilter(ApplicationFilterChain.java:163)
	at org.apache.catalina.core.StandardWrapperValve.invoke(StandardWrapperValve.java:202)
	at org.apache.catalina.core.StandardContextValve.invoke(StandardContextValve.java:97)
	at org.apache.catalina.authenticator.AuthenticatorBase.invoke(AuthenticatorBase.java:542)
	at org.apache.catalina.core.StandardHostValve.invoke(StandardHostValve.java:143)
	at org.apache.catalina.valves.ErrorReportValve.invoke(ErrorReportValve.java:92)
	at org.apache.catalina.core.StandardEngineValve.invoke(StandardEngineValve.java:78)
	at org.apache.catalina.connector.CoyoteAdapter.service(CoyoteAdapter.java:357)
	at org.apache.coyote.http11.Http11Processor.service(Http11Processor.java:382)
	at org.apache.coyote.AbstractProcessorLight.process(AbstractProcessorLight.java:65)
	at org.apache.coyote.AbstractProtocol$ConnectionHandler.process(AbstractProtocol.java:893)
	at org.apache.tomcat.util.net.NioEndpoint$SocketProcessor.doRun(NioEndpoint.java:1723)
	at org.apache.tomcat.util.net.SocketProcessorBase.run(SocketProcessorBase.java:49)
	at java.util.concurrent.ThreadPoolExecutor.runWorker(ThreadPoolExecutor.java:1149)
	at java.util.concurrent.ThreadPoolExecutor$Worker.run(ThreadPoolExecutor.java:624)
	at org.apache.tomcat.util.threads.TaskThread$WrappingRunnable.run(TaskThread.java:61)
	at java.lang.Thread.run(Thread.java:748)
.20:34:10.204 INFO  o.s.s.l.SpringSecurityLdapTemplate - Ignoring PartialResultException 
.20:34:10.380 INFO  z.c.c.e.d.DialogFlowServiceImpl - Processing dialogflow transaction request {
  "responseId": "1132ac5a-982b-4624-a41b-50ad96870646-b4cb2fcf",
  "queryResult": {
    "queryText": "i want to pay a bill",
    "parameters": {
      "name": "i want to pay a bill"
    },
    "allRequiredParamsPresent": true,
    "outputContexts": [
      {
        "name": "projects/ecocash-onuv/agent/sessions/f9c46fe0-84a7-3857-bd5c-126e9f679d03/contexts/awaiting_biller_account",
        "lifespanCount": 1,
        "parameters": {
          "name": "i want to pay a bill",
          "name.original": "i want to pay a bill"
        }
      },
      {
        "name": "projects/ecocash-onuv/agent/sessions/f9c46fe0-84a7-3857-bd5c-126e9f679d03/contexts/awaiting_biller_code",
        "lifespanCount": 0,
        "parameters": {
          "name": "i want to pay a bill",
          "name.original": "i want to pay a bill"
        }
      },
      {
        "name": "projects/ecocash-onuv/agent/sessions/f9c46fe0-84a7-3857-bd5c-126e9f679d03/contexts/__system_counters__",
        "lifespanCount": 0,
        "parameters": {
          "no-input": 0.0,
          "no-match": 0.0,
          "name": "i want to pay a bill",
          "name.original": "i want to pay a bill"
        }
      }
    ],
    "intent": {
      "name": "projects/ecocash-onuv/agent/intents/2b5340fc-460e-49b1-9d4b-b8d09b26eba1",
      "displayName": "usecase.pay.biller.get.biller.name"
    },
    "intentDetectionConfidence": 0.3,
    "languageCode": "en",
    "sentimentAnalysisResult": {
      "queryTextSentiment": {
        "score": -0.1,
        "magnitude": 0.1
      }
    }
  },
  "originalDetectIntentRequest": {
    "source": "telegram",
    "payload": {
      "data": {
        "date": 1.630953275E9,
        "text": "i want to pay a bill",
        "from": {
          "first_name": "Shingai",
          "id": 1.932718235E9,
          "language_code": "en",
          "last_name": "Macheyo"
        },
        "message_id": 5698.0,
        "chat": {
          "type": "private",
          "id": "1932718235"
        }
      }
    }
  },
  "session": "projects/ecocash-onuv/agent/sessions/f9c46fe0-84a7-3857-bd5c-126e9f679d03"
}
 
.20:48:27.192 INFO  o.s.s.l.SpringSecurityLdapTemplate - Ignoring PartialResultException 
.20:48:27.358 INFO  z.c.c.e.d.DialogFlowServiceImpl - Processing dialogflow transaction request {
  "responseId": "12d1cdde-34e5-4cc6-afc0-63de32af1f02-b4cb2fcf",
  "queryResult": {
    "queryText": "hi",
    "parameters": {
      "name": "hi"
    },
    "allRequiredParamsPresent": true,
    "outputContexts": [
      {
        "name": "projects/ecocash-onuv/agent/sessions/f9c46fe0-84a7-3857-bd5c-126e9f679d03/contexts/awaiting_biller_account",
        "lifespanCount": 1,
        "parameters": {
          "name": "hi",
          "name.original": "hi"
        }
      },
      {
        "name": "projects/ecocash-onuv/agent/sessions/f9c46fe0-84a7-3857-bd5c-126e9f679d03/contexts/awaiting_biller_code",
        "lifespanCount": 0,
        "parameters": {
          "name": "hi",
          "name.original": "hi"
        }
      },
      {
        "name": "projects/ecocash-onuv/agent/sessions/f9c46fe0-84a7-3857-bd5c-126e9f679d03/contexts/__system_counters__",
        "lifespanCount": 0,
        "parameters": {
          "no-input": 0.0,
          "no-match": 0.0,
          "name": "hi",
          "name.original": "hi"
        }
      }
    ],
    "intent": {
      "name": "projects/ecocash-onuv/agent/intents/2b5340fc-460e-49b1-9d4b-b8d09b26eba1",
      "displayName": "usecase.pay.biller.get.biller.name"
    },
    "intentDetectionConfidence": 0.3,
    "languageCode": "en",
    "sentimentAnalysisResult": {
      "queryTextSentiment": {
        "score": 0.3,
        "magnitude": 0.3
      }
    }
  },
  "originalDetectIntentRequest": {
    "source": "telegram",
    "payload": {
      "data": {
        "message_id": 5700.0,
        "chat": {
          "id": "1932718235",
          "type": "private"
        },
        "date": 1.630954126E9,
        "text": "hi",
        "from": {
          "language_code": "en",
          "id": 1.932718235E9,
          "first_name": "Shingai",
          "last_name": "Macheyo"
        }
      }
    }
  },
  "session": "projects/ecocash-onuv/agent/sessions/f9c46fe0-84a7-3857-bd5c-126e9f679d03"
}
 
.20:48:33.121 INFO  o.s.s.l.SpringSecurityLdapTemplate - Ignoring PartialResultException 
.20:48:33.282 INFO  z.c.c.e.d.DialogFlowServiceImpl - Processing dialogflow transaction request {
  "responseId": "5cf853a1-4ef6-4281-b68d-a9d546be5ba3-b4cb2fcf",
  "queryResult": {
    "queryText": "hello",
    "action": "input.welcome",
    "parameters": {},
    "allRequiredParamsPresent": true,
    "outputContexts": [
      {
        "name": "projects/ecocash-onuv/agent/sessions/f9c46fe0-84a7-3857-bd5c-126e9f679d03/contexts/awaiting_biller_account",
        "lifespanCount": 0,
        "parameters": {
          "name": "hi",
          "name.original": "hi"
        }
      },
      {
        "name": "projects/ecocash-onuv/agent/sessions/f9c46fe0-84a7-3857-bd5c-126e9f679d03/contexts/__system_counters__",
        "lifespanCount": 0,
        "parameters": {
          "no-input": 0.0,
          "no-match": 0.0
        }
      }
    ],
    "intent": {
      "name": "projects/ecocash-onuv/agent/intents/814ad089-d8e8-4b34-af51-753a7d3b27d3",
      "displayName": "Default Welcome Intent"
    },
    "intentDetectionConfidence": 1.0,
    "languageCode": "en",
    "sentimentAnalysisResult": {
      "queryTextSentiment": {
        "score": 0.2,
        "magnitude": 0.2
      }
    }
  },
  "originalDetectIntentRequest": {
    "source": "telegram",
    "payload": {
      "data": {
        "from": {
          "first_name": "Shingai",
          "id": 1.932718235E9,
          "last_name": "Macheyo",
          "language_code": "en"
        },
        "text": "hello",
        "date": 1.630954136E9,
        "chat": {
          "type": "private",
          "id": "1932718235"
        },
        "message_id": 5701.0
      }
    }
  },
  "session": "projects/ecocash-onuv/agent/sessions/f9c46fe0-84a7-3857-bd5c-126e9f679d03"
}
 
.20:48:33.290 INFO  z.c.c.e.d.DialogFlowServiceImpl - Processing dialogflow intent: Default Welcome Intent 
.20:48:33.304 INFO  z.c.c.e.d.DialogFlowServiceImpl - Sending response to dialogFlow: {
  "fulfillmentText": "Welcome back Dagl😃👋 hope you are having a beautiful evening so far. What can I do for you today?",
  "source": "ecocashchatbotcore"
}
 
.20:48:45.724 INFO  o.s.s.l.SpringSecurityLdapTemplate - Ignoring PartialResultException 
.20:48:45.892 INFO  z.c.c.e.d.DialogFlowServiceImpl - Processing dialogflow transaction request {
  "responseId": "978e2475-12ae-4d82-a9f6-92433040d466-b4cb2fcf",
  "queryResult": {
    "queryText": "i want to pay a biller",
    "parameters": {},
    "allRequiredParamsPresent": true,
    "outputContexts": [
      {
        "name": "projects/ecocash-onuv/agent/sessions/f9c46fe0-84a7-3857-bd5c-126e9f679d03/contexts/awaiting_biller_code",
        "lifespanCount": 1
      },
      {
        "name": "projects/ecocash-onuv/agent/sessions/f9c46fe0-84a7-3857-bd5c-126e9f679d03/contexts/__system_counters__",
        "lifespanCount": 0,
        "parameters": {
          "no-input": 0.0,
          "no-match": 0.0
        }
      }
    ],
    "intent": {
      "name": "projects/ecocash-onuv/agent/intents/70af6cec-60ae-43fd-961a-b87d02023de0",
      "displayName": "usecase.pay.biller.scenario1"
    },
    "intentDetectionConfidence": 1.0,
    "languageCode": "en",
    "sentimentAnalysisResult": {
      "queryTextSentiment": {
        "score": 0.1,
        "magnitude": 0.1
      }
    }
  },
  "originalDetectIntentRequest": {
    "source": "telegram",
    "payload": {
      "data": {
        "text": "i want to pay a biller",
        "chat": {
          "type": "private",
          "id": "1932718235"
        },
        "from": {
          "language_code": "en",
          "first_name": "Shingai",
          "id": 1.932718235E9,
          "last_name": "Macheyo"
        },
        "date": 1.630954149E9,
        "message_id": 5703.0
      }
    }
  },
  "session": "projects/ecocash-onuv/agent/sessions/f9c46fe0-84a7-3857-bd5c-126e9f679d03"
}
 
.20:48:45.918 ERROR o.a.c.c.C.[.[.[.[dispatcherServlet] - Servlet.service() for servlet [dispatcherServlet] in context with path [/ecocashbotcore] threw exception [Request processing failed; nested exception is java.lang.NullPointerException] with root cause 
java.lang.NullPointerException: null
	at zw.co.cassavasmartech.ecocashchatbotcore.dialogflow.DialogFlowServiceImpl.createTicket(DialogFlowServiceImpl.java:954)
	at zw.co.cassavasmartech.ecocashchatbotcore.dialogflow.DialogFlowServiceImpl.payBillerUsecaseScenario1Handler(DialogFlowServiceImpl.java:807)
	at zw.co.cassavasmartech.ecocashchatbotcore.dialogflow.DialogFlowServiceImpl.processWebhookCall(DialogFlowServiceImpl.java:78)
	at zw.co.cassavasmartech.ecocashchatbotcore.controller.DialogFlowController.inbound(DialogFlowController.java:23)
	at sun.reflect.NativeMethodAccessorImpl.invoke0(Native Method)
	at sun.reflect.NativeMethodAccessorImpl.invoke(NativeMethodAccessorImpl.java:62)
	at sun.reflect.DelegatingMethodAccessorImpl.invoke(DelegatingMethodAccessorImpl.java:43)
	at java.lang.reflect.Method.invoke(Method.java:498)
	at org.springframework.web.method.support.InvocableHandlerMethod.doInvoke(InvocableHandlerMethod.java:197)
	at org.springframework.web.method.support.InvocableHandlerMethod.invokeForRequest(InvocableHandlerMethod.java:141)
	at org.springframework.web.servlet.mvc.method.annotation.ServletInvocableHandlerMethod.invokeAndHandle(ServletInvocableHandlerMethod.java:106)
	at org.springframework.web.servlet.mvc.method.annotation.RequestMappingHandlerAdapter.invokeHandlerMethod(RequestMappingHandlerAdapter.java:895)
	at org.springframework.web.servlet.mvc.method.annotation.RequestMappingHandlerAdapter.handleInternal(RequestMappingHandlerAdapter.java:808)
	at org.springframework.web.servlet.mvc.method.AbstractHandlerMethodAdapter.handle(AbstractHandlerMethodAdapter.java:87)
	at org.springframework.web.servlet.DispatcherServlet.doDispatch(DispatcherServlet.java:1064)
	at org.springframework.web.servlet.DispatcherServlet.doService(DispatcherServlet.java:963)
	at org.springframework.web.servlet.FrameworkServlet.processRequest(FrameworkServlet.java:1006)
	at org.springframework.web.servlet.FrameworkServlet.doPost(FrameworkServlet.java:909)
	at javax.servlet.http.HttpServlet.service(HttpServlet.java:681)
	at org.springframework.web.servlet.FrameworkServlet.service(FrameworkServlet.java:883)
	at javax.servlet.http.HttpServlet.service(HttpServlet.java:764)
	at org.apache.catalina.core.ApplicationFilterChain.internalDoFilter(ApplicationFilterChain.java:228)
	at org.apache.catalina.core.ApplicationFilterChain.doFilter(ApplicationFilterChain.java:163)
	at org.apache.tomcat.websocket.server.WsFilter.doFilter(WsFilter.java:53)
	at org.apache.catalina.core.ApplicationFilterChain.internalDoFilter(ApplicationFilterChain.java:190)
	at org.apache.catalina.core.ApplicationFilterChain.doFilter(ApplicationFilterChain.java:163)
	at org.springframework.security.web.FilterChainProxy$VirtualFilterChain.doFilter(FilterChainProxy.java:327)
	at org.springframework.security.web.access.intercept.FilterSecurityInterceptor.invoke(FilterSecurityInterceptor.java:115)
	at org.springframework.security.web.access.intercept.FilterSecurityInterceptor.doFilter(FilterSecurityInterceptor.java:81)
	at org.springframework.security.web.FilterChainProxy$VirtualFilterChain.doFilter(FilterChainProxy.java:336)
	at org.springframework.security.web.access.ExceptionTranslationFilter.doFilter(ExceptionTranslationFilter.java:121)
	at org.springframework.security.web.access.ExceptionTranslationFilter.doFilter(ExceptionTranslationFilter.java:115)
	at org.springframework.security.web.FilterChainProxy$VirtualFilterChain.doFilter(FilterChainProxy.java:336)
	at org.springframework.security.web.session.SessionManagementFilter.doFilter(SessionManagementFilter.java:126)
	at org.springframework.security.web.session.SessionManagementFilter.doFilter(SessionManagementFilter.java:81)
	at org.springframework.security.web.FilterChainProxy$VirtualFilterChain.doFilter(FilterChainProxy.java:336)
	at org.springframework.security.web.authentication.AnonymousAuthenticationFilter.doFilter(AnonymousAuthenticationFilter.java:105)
	at org.springframework.security.web.FilterChainProxy$VirtualFilterChain.doFilter(FilterChainProxy.java:336)
	at org.springframework.security.web.servletapi.SecurityContextHolderAwareRequestFilter.doFilter(SecurityContextHolderAwareRequestFilter.java:149)
	at org.springframework.security.web.FilterChainProxy$VirtualFilterChain.doFilter(FilterChainProxy.java:336)
	at org.springframework.security.web.savedrequest.RequestCacheAwareFilter.doFilter(RequestCacheAwareFilter.java:63)
	at org.springframework.security.web.FilterChainProxy$VirtualFilterChain.doFilter(FilterChainProxy.java:336)
	at zw.co.cassavasmartech.ecocashchatbotcore.security.CustomFilter.doFilter(CustomFilter.java:15)
	at org.springframework.security.web.FilterChainProxy$VirtualFilterChain.doFilter(FilterChainProxy.java:336)
	at org.springframework.security.web.authentication.www.BasicAuthenticationFilter.doFilterInternal(BasicAuthenticationFilter.java:178)
	at org.springframework.web.filter.OncePerRequestFilter.doFilter(OncePerRequestFilter.java:119)
	at org.springframework.security.web.FilterChainProxy$VirtualFilterChain.doFilter(FilterChainProxy.java:336)
	at org.springframework.security.web.authentication.logout.LogoutFilter.doFilter(LogoutFilter.java:103)
	at org.springframework.security.web.authentication.logout.LogoutFilter.doFilter(LogoutFilter.java:89)
	at org.springframework.security.web.FilterChainProxy$VirtualFilterChain.doFilter(FilterChainProxy.java:336)
	at org.springframework.security.web.header.HeaderWriterFilter.doHeadersAfter(HeaderWriterFilter.java:90)
	at org.springframework.security.web.header.HeaderWriterFilter.doFilterInternal(HeaderWriterFilter.java:75)
	at org.springframework.web.filter.OncePerRequestFilter.doFilter(OncePerRequestFilter.java:119)
	at org.springframework.security.web.FilterChainProxy$VirtualFilterChain.doFilter(FilterChainProxy.java:336)
	at org.springframework.security.web.context.SecurityContextPersistenceFilter.doFilter(SecurityContextPersistenceFilter.java:110)
	at org.springframework.security.web.context.SecurityContextPersistenceFilter.doFilter(SecurityContextPersistenceFilter.java:80)
	at org.springframework.security.web.FilterChainProxy$VirtualFilterChain.doFilter(FilterChainProxy.java:336)
	at org.springframework.security.web.context.request.async.WebAsyncManagerIntegrationFilter.doFilterInternal(WebAsyncManagerIntegrationFilter.java:55)
	at org.springframework.web.filter.OncePerRequestFilter.doFilter(OncePerRequestFilter.java:119)
	at org.springframework.security.web.FilterChainProxy$VirtualFilterChain.doFilter(FilterChainProxy.java:336)
	at org.springframework.security.web.FilterChainProxy.doFilterInternal(FilterChainProxy.java:211)
	at org.springframework.security.web.FilterChainProxy.doFilter(FilterChainProxy.java:183)
	at org.springframework.web.filter.DelegatingFilterProxy.invokeDelegate(DelegatingFilterProxy.java:358)
	at org.springframework.web.filter.DelegatingFilterProxy.doFilter(DelegatingFilterProxy.java:271)
	at org.apache.catalina.core.ApplicationFilterChain.internalDoFilter(ApplicationFilterChain.java:190)
	at org.apache.catalina.core.ApplicationFilterChain.doFilter(ApplicationFilterChain.java:163)
	at org.springframework.web.filter.RequestContextFilter.doFilterInternal(RequestContextFilter.java:100)
	at org.springframework.web.filter.OncePerRequestFilter.doFilter(OncePerRequestFilter.java:119)
	at org.apache.catalina.core.ApplicationFilterChain.internalDoFilter(ApplicationFilterChain.java:190)
	at org.apache.catalina.core.ApplicationFilterChain.doFilter(ApplicationFilterChain.java:163)
	at org.springframework.web.filter.FormContentFilter.doFilterInternal(FormContentFilter.java:93)
	at org.springframework.web.filter.OncePerRequestFilter.doFilter(OncePerRequestFilter.java:119)
	at org.apache.catalina.core.ApplicationFilterChain.internalDoFilter(ApplicationFilterChain.java:190)
	at org.apache.catalina.core.ApplicationFilterChain.doFilter(ApplicationFilterChain.java:163)
	at org.springframework.web.filter.CharacterEncodingFilter.doFilterInternal(CharacterEncodingFilter.java:201)
	at org.springframework.web.filter.OncePerRequestFilter.doFilter(OncePerRequestFilter.java:119)
	at org.apache.catalina.core.ApplicationFilterChain.internalDoFilter(ApplicationFilterChain.java:190)
	at org.apache.catalina.core.ApplicationFilterChain.doFilter(ApplicationFilterChain.java:163)
	at org.apache.catalina.core.StandardWrapperValve.invoke(StandardWrapperValve.java:202)
	at org.apache.catalina.core.StandardContextValve.invoke(StandardContextValve.java:97)
	at org.apache.catalina.authenticator.AuthenticatorBase.invoke(AuthenticatorBase.java:542)
	at org.apache.catalina.core.StandardHostValve.invoke(StandardHostValve.java:143)
	at org.apache.catalina.valves.ErrorReportValve.invoke(ErrorReportValve.java:92)
	at org.apache.catalina.core.StandardEngineValve.invoke(StandardEngineValve.java:78)
	at org.apache.catalina.connector.CoyoteAdapter.service(CoyoteAdapter.java:357)
	at org.apache.coyote.http11.Http11Processor.service(Http11Processor.java:382)
	at org.apache.coyote.AbstractProcessorLight.process(AbstractProcessorLight.java:65)
	at org.apache.coyote.AbstractProtocol$ConnectionHandler.process(AbstractProtocol.java:893)
	at org.apache.tomcat.util.net.NioEndpoint$SocketProcessor.doRun(NioEndpoint.java:1723)
	at org.apache.tomcat.util.net.SocketProcessorBase.run(SocketProcessorBase.java:49)
	at java.util.concurrent.ThreadPoolExecutor.runWorker(ThreadPoolExecutor.java:1149)
	at java.util.concurrent.ThreadPoolExecutor$Worker.run(ThreadPoolExecutor.java:624)
	at org.apache.tomcat.util.threads.TaskThread$WrappingRunnable.run(TaskThread.java:61)
	at java.lang.Thread.run(Thread.java:748)
.20:56:17.734 INFO  o.s.o.j.LocalContainerEntityManagerFactoryBean - Closing JPA EntityManagerFactory for persistence unit 'default' 
.20:56:17.736 INFO  com.zaxxer.hikari.HikariDataSource - HikariPool-1 - Shutdown initiated... 
.20:56:17.755 INFO  com.zaxxer.hikari.HikariDataSource - HikariPool-1 - Shutdown completed. 
.20:56:28.845 INFO  o.h.validator.internal.util.Version - HV000001: Hibernate Validator 6.2.0.Final 
.20:56:28.874 INFO  z.c.c.e.EcocashChatbotCoreApplication - Starting EcocashChatbotCoreApplication using Java 1.8.0_271 on LAPTOP-1JQH6S1S with PID 9724 (C:\Users\Kudzai Macheyo\IdeaProjects\ecocash-chatbot-core\target\classes started by Kudzai Macheyo in C:\Users\Kudzai Macheyo\IdeaProjects\ecocash-chatbot-core) 
.20:56:28.875 INFO  z.c.c.e.EcocashChatbotCoreApplication - The following profiles are active: dev 
.20:56:30.975 INFO  o.s.d.r.c.RepositoryConfigurationDelegate - Multiple Spring Data modules found, entering strict repository configuration mode! 
.20:56:30.975 INFO  o.s.d.r.c.RepositoryConfigurationDelegate - Bootstrapping Spring Data JPA repositories in DEFERRED mode. 
.20:56:31.331 INFO  o.s.d.r.c.RepositoryConfigurationDelegate - Finished Spring Data repository scanning in 343 ms. Found 8 JPA repository interfaces. 
.20:56:32.227 INFO  o.s.c.s.PostProcessorRegistrationDelegate$BeanPostProcessorChecker - Bean 'org.springframework.security.access.expression.method.DefaultMethodSecurityExpressionHandler@656d10a4' of type [org.springframework.security.access.expression.method.DefaultMethodSecurityExpressionHandler] is not eligible for getting processed by all BeanPostProcessors (for example: not eligible for auto-proxying) 
.20:56:32.244 INFO  o.s.c.s.PostProcessorRegistrationDelegate$BeanPostProcessorChecker - Bean 'methodSecurityMetadataSource' of type [org.springframework.security.access.method.DelegatingMethodSecurityMetadataSource] is not eligible for getting processed by all BeanPostProcessors (for example: not eligible for auto-proxying) 
.20:56:33.497 INFO  o.s.b.w.e.tomcat.TomcatWebServer - Tomcat initialized with port(s): 8080 (http) 
.20:56:33.522 INFO  o.a.coyote.http11.Http11NioProtocol - Initializing ProtocolHandler ["http-nio-8080"] 
.20:56:33.523 INFO  o.a.catalina.core.StandardService - Starting service [Tomcat] 
.20:56:33.523 INFO  o.a.catalina.core.StandardEngine - Starting Servlet engine: [Apache Tomcat/9.0.50] 
.20:56:33.789 INFO  o.a.c.c.C.[.[.[/ecocashbotcore] - Initializing Spring embedded WebApplicationContext 
.20:56:33.790 INFO  o.s.b.w.s.c.ServletWebServerApplicationContext - Root WebApplicationContext: initialization completed in 4803 ms 
.20:56:34.230 INFO  o.h.jpa.internal.util.LogHelper - HHH000204: Processing PersistenceUnitInfo [name: default] 
.20:56:34.370 INFO  org.hibernate.Version - HHH000412: Hibernate ORM core version 5.4.32.Final 
.20:56:34.390 WARN  o.s.b.a.o.j.JpaBaseConfiguration$JpaWebConfiguration - spring.jpa.open-in-view is enabled by default. Therefore, database queries may be performed during view rendering. Explicitly configure spring.jpa.open-in-view to disable this warning 
.20:56:34.723 INFO  o.s.s.l.DefaultSpringSecurityContextSource -  URL 'ldap://192.168.101.47:389', root DN is '' 
.20:56:34.744 INFO  o.h.annotations.common.Version - HCANN000001: Hibernate Commons Annotations {5.1.2.Final} 
.20:56:35.030 INFO  com.zaxxer.hikari.HikariDataSource - HikariPool-1 - Starting... 
.20:56:35.414 INFO  com.zaxxer.hikari.HikariDataSource - HikariPool-1 - Start completed. 
.20:56:35.483 INFO  org.hibernate.dialect.Dialect - HHH000400: Using dialect: org.hibernate.dialect.MySQL55Dialect 
.20:56:35.631 INFO  o.h.e.b.internal.EnversServiceImpl - Envers integration enabled? : true 
.20:56:37.400 INFO  o.s.s.web.DefaultSecurityFilterChain - Will secure Ant [pattern='/dialogflow/**'] with [org.springframework.security.web.context.request.async.WebAsyncManagerIntegrationFilter@41b64020, org.springframework.security.web.context.SecurityContextPersistenceFilter@25a94b55, org.springframework.security.web.header.HeaderWriterFilter@4d7a64ca, org.springframework.security.web.authentication.logout.LogoutFilter@61615b4a, org.springframework.security.web.authentication.www.BasicAuthenticationFilter@15fb4566, zw.co.cassavasmartech.ecocashchatbotcore.security.CustomFilter@1a538ed8, org.springframework.security.web.savedrequest.RequestCacheAwareFilter@19c1820d, org.springframework.security.web.servletapi.SecurityContextHolderAwareRequestFilter@4aa31ffc, org.springframework.security.web.authentication.AnonymousAuthenticationFilter@78910096, org.springframework.security.web.session.SessionManagementFilter@3e39baf0, org.springframework.security.web.access.ExceptionTranslationFilter@472d0f4, org.springframework.security.web.access.intercept.FilterSecurityInterceptor@7186b202] 
.20:56:37.408 INFO  o.s.s.web.DefaultSecurityFilterChain - Will secure any request with [org.springframework.security.web.context.request.async.WebAsyncManagerIntegrationFilter@6f347d7, org.springframework.security.web.context.SecurityContextPersistenceFilter@10850d17, org.springframework.security.web.header.HeaderWriterFilter@773014d3, org.springframework.security.web.authentication.logout.LogoutFilter@c1050f2, zw.co.cassavasmartech.ecocashchatbotcore.security.JWTFilter@5974b233, org.springframework.security.web.savedrequest.RequestCacheAwareFilter@51e754e1, org.springframework.security.web.servletapi.SecurityContextHolderAwareRequestFilter@26865482, org.springframework.security.web.authentication.AnonymousAuthenticationFilter@5c134052, org.springframework.security.web.session.SessionManagementFilter@7fedb795, org.springframework.security.web.access.ExceptionTranslationFilter@79e7188e, org.springframework.security.web.access.intercept.FilterSecurityInterceptor@67fa5045] 
.20:56:38.235 INFO  o.a.coyote.http11.Http11NioProtocol - Starting ProtocolHandler ["http-nio-8080"] 
.20:56:38.277 INFO  o.s.b.w.e.tomcat.TomcatWebServer - Tomcat started on port(s): 8080 (http) with context path '/ecocashbotcore' 
.20:56:38.284 INFO  o.s.d.r.c.DeferredRepositoryInitializationListener - Triggering deferred initialization of Spring Data repositories… 
.20:56:39.754 INFO  o.h.e.t.j.p.i.JtaPlatformInitiator - HHH000490: Using JtaPlatform implementation: [org.hibernate.engine.transaction.jta.platform.internal.NoJtaPlatform] 
.20:56:39.774 INFO  o.s.o.j.LocalContainerEntityManagerFactoryBean - Initialized JPA EntityManagerFactory for persistence unit 'default' 
.20:56:41.023 INFO  o.s.d.r.c.DeferredRepositoryInitializationListener - Spring Data repositories initialized! 
.20:56:41.046 INFO  z.c.c.e.EcocashChatbotCoreApplication - Started EcocashChatbotCoreApplication in 13.138 seconds (JVM running for 14.64) 
