.12:03:15.134 INFO  o.s.b.t.c.SpringBootTestContextBootstrapper - Neither @ContextConfiguration nor @ContextHierarchy found for test class [zw.co.cassavasmartech.ecocashchatbotcore.EcocashChatbotCoreApplicationTests], using SpringBootContextLoader 
.12:03:15.142 INFO  o.s.t.c.s.AbstractContextLoader - Could not detect default resource locations for test class [zw.co.cassavasmartech.ecocashchatbotcore.EcocashChatbotCoreApplicationTests]: no resource found for suffixes {-context.xml, Context.groovy}. 
.12:03:15.142 INFO  o.s.t.c.s.AnnotationConfigContextLoaderUtils - Could not detect default configuration classes for test class [zw.co.cassavasmartech.ecocashchatbotcore.EcocashChatbotCoreApplicationTests]: EcocashChatbotCoreApplicationTests does not declare any static, non-private, non-final, nested classes annotated with @Configuration. 
.12:03:15.234 INFO  o.s.b.t.c.SpringBootTestContextBootstrapper - Found @SpringBootConfiguration zw.co.cassavasmartech.ecocashchatbotcore.EcocashChatbotCoreApplication for test class zw.co.cassavasmartech.ecocashchatbotcore.EcocashChatbotCoreApplicationTests 
.12:03:15.807 INFO  o.s.b.t.c.SpringBootTestContextBootstrapper - Loaded default TestExecutionListener class names from location [META-INF/spring.factories]: [org.springframework.boot.test.mock.mockito.MockitoTestExecutionListener, org.springframework.boot.test.mock.mockito.ResetMocksTestExecutionListener, org.springframework.boot.test.autoconfigure.restdocs.RestDocsTestExecutionListener, org.springframework.boot.test.autoconfigure.web.client.MockRestServiceServerResetTestExecutionListener, org.springframework.boot.test.autoconfigure.web.servlet.MockMvcPrintOnlyOnFailureTestExecutionListener, org.springframework.boot.test.autoconfigure.web.servlet.WebDriverTestExecutionListener, org.springframework.boot.test.autoconfigure.webservices.client.MockWebServiceServerTestExecutionListener, org.springframework.test.context.web.ServletTestExecutionListener, org.springframework.test.context.support.DirtiesContextBeforeModesTestExecutionListener, org.springframework.test.context.event.ApplicationEventsTestExecutionListener, org.springframework.test.context.support.DependencyInjectionTestExecutionListener, org.springframework.test.context.support.DirtiesContextTestExecutionListener, org.springframework.test.context.transaction.TransactionalTestExecutionListener, org.springframework.test.context.jdbc.SqlScriptsTestExecutionListener, org.springframework.test.context.event.EventPublishingTestExecutionListener, org.springframework.security.test.context.support.WithSecurityContextTestExecutionListener, org.springframework.security.test.context.support.ReactorContextTestExecutionListener] 
.12:03:15.920 INFO  o.s.b.t.c.SpringBootTestContextBootstrapper - Using TestExecutionListeners: [org.springframework.test.context.web.ServletTestExecutionListener@75c56eb9, org.springframework.test.context.support.DirtiesContextBeforeModesTestExecutionListener@4bc222e, org.springframework.test.context.event.ApplicationEventsTestExecutionListener@2dc9b0f5, org.springframework.boot.test.mock.mockito.MockitoTestExecutionListener@6531a794, org.springframework.boot.test.autoconfigure.SpringBootDependencyInjectionTestExecutionListener@3b5fad2d, org.springframework.test.context.support.DirtiesContextTestExecutionListener@5e17553a, org.springframework.test.context.transaction.TransactionalTestExecutionListener@3eb91815, org.springframework.test.context.jdbc.SqlScriptsTestExecutionListener@56dc1551, org.springframework.test.context.event.EventPublishingTestExecutionListener@102cec62, org.springframework.security.test.context.support.WithSecurityContextTestExecutionListener@74f6c5d8, org.springframework.security.test.context.support.ReactorContextTestExecutionListener@27912e3, org.springframework.boot.test.mock.mockito.ResetMocksTestExecutionListener@34b9f960, org.springframework.boot.test.autoconfigure.restdocs.RestDocsTestExecutionListener@43015c69, org.springframework.boot.test.autoconfigure.web.client.MockRestServiceServerResetTestExecutionListener@19b89d4, org.springframework.boot.test.autoconfigure.web.servlet.MockMvcPrintOnlyOnFailureTestExecutionListener@4bbf6d0e, org.springframework.boot.test.autoconfigure.web.servlet.WebDriverTestExecutionListener@30b6ffe0, org.springframework.boot.test.autoconfigure.webservices.client.MockWebServiceServerTestExecutionListener@791d1f8b] 
.12:03:16.431 INFO  z.c.c.e.EcocashChatbotCoreApplicationTests - Starting EcocashChatbotCoreApplicationTests using Java 1.8.0_271 on LAPTOP-1JQH6S1S with PID 1388 (started by Kudzai Macheyo in C:\Users\Kudzai Macheyo\IdeaProjects\ecocash-chatbot-core) 
.12:03:16.431 INFO  z.c.c.e.EcocashChatbotCoreApplicationTests - The following profiles are active: dev 
.12:03:16.463 INFO  o.h.validator.internal.util.Version - HV000001: Hibernate Validator 6.2.0.Final 
.12:03:18.172 INFO  o.s.d.r.c.RepositoryConfigurationDelegate - Bootstrapping Spring Data JPA repositories in DEFERRED mode. 
.12:03:18.284 INFO  o.s.d.r.c.RepositoryConfigurationDelegate - Finished Spring Data repository scanning in 104 ms. Found 5 JPA repository interfaces. 
.12:03:19.588 INFO  o.h.jpa.internal.util.LogHelper - HHH000204: Processing PersistenceUnitInfo [name: default] 
.12:03:19.860 INFO  org.hibernate.Version - HHH000412: Hibernate ORM core version 5.4.32.Final 
.12:03:20.230 INFO  o.h.annotations.common.Version - HCANN000001: Hibernate Commons Annotations {5.1.2.Final} 
.12:03:21.314 INFO  com.zaxxer.hikari.HikariDataSource - HikariPool-1 - Starting... 
.12:03:22.238 INFO  com.zaxxer.hikari.HikariDataSource - HikariPool-1 - Start completed. 
.12:03:22.283 INFO  org.hibernate.dialect.Dialect - HHH000400: Using dialect: org.hibernate.dialect.MySQL55Dialect 
.12:03:22.371 INFO  o.h.e.b.internal.EnversServiceImpl - Envers integration enabled? : true 
.12:03:23.614 INFO  o.s.b.f.a.AutowiredAnnotationBeanPostProcessor - Autowired annotation is not supported on static fields: private static java.lang.String zw.co.cassavasmartech.ecocashchatbotcore.sms.SmsNotificationReceiverImpl.basicAuth 
.12:03:25.329 WARN  o.s.b.a.o.j.JpaBaseConfiguration$JpaWebConfiguration - spring.jpa.open-in-view is enabled by default. Therefore, database queries may be performed during view rendering. Explicitly configure spring.jpa.open-in-view to disable this warning 
.12:03:27.304 INFO  o.h.e.t.j.p.i.JtaPlatformInitiator - HHH000490: Using JtaPlatform implementation: [org.hibernate.engine.transaction.jta.platform.internal.NoJtaPlatform] 
.12:03:27.359 INFO  o.s.o.j.LocalContainerEntityManagerFactoryBean - Initialized JPA EntityManagerFactory for persistence unit 'default' 
.12:03:28.953 INFO  o.s.a.r.c.CachingConnectionFactory - Attempting to connect to: [192.168.84.99:5672] 
.12:03:29.271 INFO  o.s.a.r.c.CachingConnectionFactory - Created new connection: rabbitConnectionFactory#1e0a864d:0/SimpleConnection@2dd63e3 [delegate=amqp://developer@192.168.84.99:5672/ecocash-self-service, localPort= 65529] 
.12:03:32.160 INFO  o.s.d.r.c.DeferredRepositoryInitializationListener - Triggering deferred initialization of Spring Data repositories… 
.12:03:33.074 INFO  o.s.d.r.c.DeferredRepositoryInitializationListener - Spring Data repositories initialized! 
.12:03:33.117 INFO  z.c.c.e.EcocashChatbotCoreApplicationTests - Started EcocashChatbotCoreApplicationTests in 17.011 seconds (JVM running for 19.469) 
.12:03:33.851 INFO  o.s.a.r.l.SimpleMessageListenerContainer - Waiting for workers to finish. 
.12:03:34.526 INFO  o.s.a.r.l.SimpleMessageListenerContainer - Successfully waited for workers to finish. 
.12:03:34.582 INFO  o.s.o.j.LocalContainerEntityManagerFactoryBean - Closing JPA EntityManagerFactory for persistence unit 'default' 
.12:03:34.582 INFO  com.zaxxer.hikari.HikariDataSource - HikariPool-1 - Shutdown initiated... 
.12:03:34.598 INFO  com.zaxxer.hikari.HikariDataSource - HikariPool-1 - Shutdown completed. 
