.03:44:01.787 WARN  com.zaxxer.hikari.pool.HikariPool - HikariPool-1 - Thread starvation or clock leap detected (housekeeper delta=4h10m27s801ms857Âµs500ns). 
.07:28:05.914 WARN  com.zaxxer.hikari.pool.HikariPool - HikariPool-1 - Thread starvation or clock leap detected (housekeeper delta=2h32m3s361ms806Âµs800ns). 
.09:23:33.693 INFO  o.s.b.t.c.SpringBootTestContextBootstrapper - Neither @ContextConfiguration nor @ContextHierarchy found for test class [zw.co.cassavasmartech.ecocashchatbotcore.EcocashChatbotCoreApplicationTests], using SpringBootContextLoader 
.09:23:33.726 INFO  o.s.t.c.s.AbstractContextLoader - Could not detect default resource locations for test class [zw.co.cassavasmartech.ecocashchatbotcore.EcocashChatbotCoreApplicationTests]: no resource found for suffixes {-context.xml, Context.groovy}. 
.09:23:33.727 INFO  o.s.t.c.s.AnnotationConfigContextLoaderUtils - Could not detect default configuration classes for test class [zw.co.cassavasmartech.ecocashchatbotcore.EcocashChatbotCoreApplicationTests]: EcocashChatbotCoreApplicationTests does not declare any static, non-private, non-final, nested classes annotated with @Configuration. 
.09:23:34.052 INFO  o.s.b.t.c.SpringBootTestContextBootstrapper - Found @SpringBootConfiguration zw.co.cassavasmartech.ecocashchatbotcore.EcocashChatbotCoreApplication for test class zw.co.cassavasmartech.ecocashchatbotcore.EcocashChatbotCoreApplicationTests 
.09:23:34.340 INFO  o.s.b.t.c.SpringBootTestContextBootstrapper - Loaded default TestExecutionListener class names from location [META-INF/spring.factories]: [org.springframework.boot.test.mock.mockito.MockitoTestExecutionListener, org.springframework.boot.test.mock.mockito.ResetMocksTestExecutionListener, org.springframework.boot.test.autoconfigure.restdocs.RestDocsTestExecutionListener, org.springframework.boot.test.autoconfigure.web.client.MockRestServiceServerResetTestExecutionListener, org.springframework.boot.test.autoconfigure.web.servlet.MockMvcPrintOnlyOnFailureTestExecutionListener, org.springframework.boot.test.autoconfigure.web.servlet.WebDriverTestExecutionListener, org.springframework.boot.test.autoconfigure.webservices.client.MockWebServiceServerTestExecutionListener, org.springframework.test.context.web.ServletTestExecutionListener, org.springframework.test.context.support.DirtiesContextBeforeModesTestExecutionListener, org.springframework.test.context.event.ApplicationEventsTestExecutionListener, org.springframework.test.context.support.DependencyInjectionTestExecutionListener, org.springframework.test.context.support.DirtiesContextTestExecutionListener, org.springframework.test.context.transaction.TransactionalTestExecutionListener, org.springframework.test.context.jdbc.SqlScriptsTestExecutionListener, org.springframework.test.context.event.EventPublishingTestExecutionListener, org.springframework.security.test.context.support.WithSecurityContextTestExecutionListener, org.springframework.security.test.context.support.ReactorContextTestExecutionListener] 
.09:23:34.403 INFO  o.s.b.t.c.SpringBootTestContextBootstrapper - Using TestExecutionListeners: [org.springframework.test.context.web.ServletTestExecutionListener@27912e3, org.springframework.test.context.support.DirtiesContextBeforeModesTestExecutionListener@34b9f960, org.springframework.test.context.event.ApplicationEventsTestExecutionListener@43015c69, org.springframework.boot.test.mock.mockito.MockitoTestExecutionListener@19b89d4, org.springframework.boot.test.autoconfigure.SpringBootDependencyInjectionTestExecutionListener@4bbf6d0e, org.springframework.test.context.support.DirtiesContextTestExecutionListener@30b6ffe0, org.springframework.test.context.transaction.TransactionalTestExecutionListener@791d1f8b, org.springframework.test.context.jdbc.SqlScriptsTestExecutionListener@2415fc55, org.springframework.test.context.event.EventPublishingTestExecutionListener@14f232c4, org.springframework.security.test.context.support.WithSecurityContextTestExecutionListener@13bc8645, org.springframework.security.test.context.support.ReactorContextTestExecutionListener@24c22fe, org.springframework.boot.test.mock.mockito.ResetMocksTestExecutionListener@93081b6, org.springframework.boot.test.autoconfigure.restdocs.RestDocsTestExecutionListener@cd1e646, org.springframework.boot.test.autoconfigure.web.client.MockRestServiceServerResetTestExecutionListener@7ba8c737, org.springframework.boot.test.autoconfigure.web.servlet.MockMvcPrintOnlyOnFailureTestExecutionListener@1890516e, org.springframework.boot.test.autoconfigure.web.servlet.WebDriverTestExecutionListener@15a04efb, org.springframework.boot.test.autoconfigure.webservices.client.MockWebServiceServerTestExecutionListener@16c069df] 
.09:23:35.223 INFO  z.c.c.e.EcocashChatbotCoreApplicationTests - Starting EcocashChatbotCoreApplicationTests using Java 1.8.0_271 on LAPTOP-1JQH6S1S with PID 10208 (started by Kudzai Macheyo in C:\Users\Kudzai Macheyo\IdeaProjects\ecocash-chatbot-core) 
.09:23:35.282 INFO  z.c.c.e.EcocashChatbotCoreApplicationTests - The following profiles are active: dev 
.09:23:35.305 INFO  o.h.validator.internal.util.Version - HV000001: Hibernate Validator 6.2.0.Final 
.09:23:38.239 INFO  o.s.d.r.c.RepositoryConfigurationDelegate - Multiple Spring Data modules found, entering strict repository configuration mode! 
.09:23:38.246 INFO  o.s.d.r.c.RepositoryConfigurationDelegate - Bootstrapping Spring Data JPA repositories in DEFERRED mode. 
.09:23:38.739 INFO  o.s.d.r.c.RepositoryConfigurationDelegate - Finished Spring Data repository scanning in 469 ms. Found 9 JPA repository interfaces. 
.09:23:39.992 INFO  o.s.c.s.PostProcessorRegistrationDelegate$BeanPostProcessorChecker - Bean 'org.springframework.security.access.expression.method.DefaultMethodSecurityExpressionHandler@987455b' of type [org.springframework.security.access.expression.method.DefaultMethodSecurityExpressionHandler] is not eligible for getting processed by all BeanPostProcessors (for example: not eligible for auto-proxying) 
.09:23:40.050 INFO  o.s.c.s.PostProcessorRegistrationDelegate$BeanPostProcessorChecker - Bean 'methodSecurityMetadataSource' of type [org.springframework.security.access.method.DelegatingMethodSecurityMetadataSource] is not eligible for getting processed by all BeanPostProcessors (for example: not eligible for auto-proxying) 
.09:23:40.666 INFO  o.h.jpa.internal.util.LogHelper - HHH000204: Processing PersistenceUnitInfo [name: default] 
.09:23:40.856 INFO  org.hibernate.Version - HHH000412: Hibernate ORM core version 5.4.32.Final 
.09:23:41.303 INFO  o.h.annotations.common.Version - HCANN000001: Hibernate Commons Annotations {5.1.2.Final} 
.09:23:42.376 INFO  com.zaxxer.hikari.HikariDataSource - HikariPool-1 - Starting... 
.09:23:43.344 INFO  com.zaxxer.hikari.HikariDataSource - HikariPool-1 - Start completed. 
.09:23:43.486 INFO  org.hibernate.dialect.Dialect - HHH000400: Using dialect: org.hibernate.dialect.MySQL55Dialect 
.09:23:43.690 INFO  o.h.e.b.internal.EnversServiceImpl - Envers integration enabled? : true 
.09:23:55.428 INFO  o.h.e.t.j.p.i.JtaPlatformInitiator - HHH000490: Using JtaPlatform implementation: [org.hibernate.engine.transaction.jta.platform.internal.NoJtaPlatform] 
.09:23:55.460 INFO  o.s.o.j.LocalContainerEntityManagerFactoryBean - Initialized JPA EntityManagerFactory for persistence unit 'default' 
.09:23:55.768 WARN  o.s.b.a.o.j.JpaBaseConfiguration$JpaWebConfiguration - spring.jpa.open-in-view is enabled by default. Therefore, database queries may be performed during view rendering. Explicitly configure spring.jpa.open-in-view to disable this warning 
.09:23:56.220 INFO  o.s.s.l.DefaultSpringSecurityContextSource -  URL 'ldap://192.168.101.47:389', root DN is '' 
.09:23:59.382 INFO  o.s.s.web.DefaultSecurityFilterChain - Will secure Ant [pattern='/dialogflow/**'] with [org.springframework.security.web.context.request.async.WebAsyncManagerIntegrationFilter@4d6027be, org.springframework.security.web.context.SecurityContextPersistenceFilter@341df373, org.springframework.security.web.header.HeaderWriterFilter@2059c3ff, org.springframework.security.web.authentication.logout.LogoutFilter@68cb8e52, org.springframework.security.web.authentication.www.BasicAuthenticationFilter@15651402, zw.co.cassavasmartech.ecocashchatbotcore.security.CustomFilter@475eb4fd, org.springframework.security.web.savedrequest.RequestCacheAwareFilter@453e1bba, org.springframework.security.web.servletapi.SecurityContextHolderAwareRequestFilter@9734cae, org.springframework.security.web.authentication.AnonymousAuthenticationFilter@951e911, org.springframework.security.web.session.SessionManagementFilter@52ba21e4, org.springframework.security.web.access.ExceptionTranslationFilter@52463255, org.springframework.security.web.access.intercept.FilterSecurityInterceptor@24749ad3] 
.09:23:59.390 INFO  o.s.s.web.DefaultSecurityFilterChain - Will secure any request with [org.springframework.security.web.context.request.async.WebAsyncManagerIntegrationFilter@166d576b, org.springframework.security.web.context.SecurityContextPersistenceFilter@20a18cc9, org.springframework.security.web.header.HeaderWriterFilter@cae4952, org.springframework.security.web.authentication.logout.LogoutFilter@17ebbf1e, zw.co.cassavasmartech.ecocashchatbotcore.security.JWTFilter@53153d5e, org.springframework.security.web.savedrequest.RequestCacheAwareFilter@61555218, org.springframework.security.web.servletapi.SecurityContextHolderAwareRequestFilter@1fcf73b9, org.springframework.security.web.authentication.AnonymousAuthenticationFilter@5b407336, org.springframework.security.web.session.SessionManagementFilter@79aba813, org.springframework.security.web.access.ExceptionTranslationFilter@4c8afba, org.springframework.security.web.access.intercept.FilterSecurityInterceptor@3d5e0bf0] 
.09:24:01.380 INFO  o.s.d.r.c.DeferredRepositoryInitializationListener - Triggering deferred initialization of Spring Data repositories… 
.09:24:03.806 INFO  o.s.d.r.c.DeferredRepositoryInitializationListener - Spring Data repositories initialized! 
.09:24:03.817 INFO  z.c.c.e.EcocashChatbotCoreApplicationTests - Started EcocashChatbotCoreApplicationTests in 29.29 seconds (JVM running for 31.907) 
.09:24:04.268 INFO  o.s.o.j.LocalContainerEntityManagerFactoryBean - Closing JPA EntityManagerFactory for persistence unit 'default' 
.09:24:04.275 INFO  com.zaxxer.hikari.HikariDataSource - HikariPool-1 - Shutdown initiated... 
.09:24:04.299 INFO  com.zaxxer.hikari.HikariDataSource - HikariPool-1 - Shutdown completed. 
.11:31:28.231 WARN  com.zaxxer.hikari.pool.HikariPool - HikariPool-1 - Thread starvation or clock leap detected (housekeeper delta=1h26m31s994ms387Âµs700ns). 
.12:48:58.726 WARN  com.zaxxer.hikari.pool.HikariPool - HikariPool-1 - Thread starvation or clock leap detected (housekeeper delta=28m30s305ms987Âµs800ns). 
.16:19:09.703 WARN  com.zaxxer.hikari.pool.HikariPool - HikariPool-1 - Thread starvation or clock leap detected (housekeeper delta=1h17m40s351ms101Âµs300ns). 
