.01:32:47.489 INFO  o.h.validator.internal.util.Version - HV000001: Hibernate Validator 6.2.0.Final 
.01:32:47.504 INFO  z.c.c.e.EcocashChatbotCoreApplication - Starting EcocashChatbotCoreApplication using Java 1.8.0_271 on LAPTOP-1JQH6S1S with PID 25432 (C:\Users\Kudzai Macheyo\IdeaProjects\ecocash-chatbot-core\target\classes started by Kudzai Macheyo in C:\Users\Kudzai Macheyo\IdeaProjects\ecocash-chatbot-core) 
.01:32:47.505 INFO  z.c.c.e.EcocashChatbotCoreApplication - The following profiles are active: dev 
.01:32:49.272 INFO  o.s.d.r.c.RepositoryConfigurationDelegate - Multiple Spring Data modules found, entering strict repository configuration mode! 
.01:32:49.274 INFO  o.s.d.r.c.RepositoryConfigurationDelegate - Bootstrapping Spring Data JPA repositories in DEFERRED mode. 
.01:32:49.615 INFO  o.s.d.r.c.RepositoryConfigurationDelegate - Finished Spring Data repository scanning in 324 ms. Found 8 JPA repository interfaces. 
.01:32:50.281 INFO  o.s.c.s.PostProcessorRegistrationDelegate$BeanPostProcessorChecker - Bean 'org.springframework.security.access.expression.method.DefaultMethodSecurityExpressionHandler@2098d37d' of type [org.springframework.security.access.expression.method.DefaultMethodSecurityExpressionHandler] is not eligible for getting processed by all BeanPostProcessors (for example: not eligible for auto-proxying) 
.01:32:50.290 INFO  o.s.c.s.PostProcessorRegistrationDelegate$BeanPostProcessorChecker - Bean 'methodSecurityMetadataSource' of type [org.springframework.security.access.method.DelegatingMethodSecurityMetadataSource] is not eligible for getting processed by all BeanPostProcessors (for example: not eligible for auto-proxying) 
.01:32:51.389 INFO  o.s.b.w.e.tomcat.TomcatWebServer - Tomcat initialized with port(s): 8080 (http) 
.01:32:51.415 INFO  o.a.coyote.http11.Http11NioProtocol - Initializing ProtocolHandler ["http-nio-8080"] 
.01:32:51.416 INFO  o.a.catalina.core.StandardService - Starting service [Tomcat] 
.01:32:51.417 INFO  o.a.catalina.core.StandardEngine - Starting Servlet engine: [Apache Tomcat/9.0.50] 
.01:32:51.662 INFO  o.a.c.c.C.[.[.[/ecocashbotcore] - Initializing Spring embedded WebApplicationContext 
.01:32:51.662 INFO  o.s.b.w.s.c.ServletWebServerApplicationContext - Root WebApplicationContext: initialization completed in 4057 ms 
.01:32:52.150 INFO  o.h.jpa.internal.util.LogHelper - HHH000204: Processing PersistenceUnitInfo [name: default] 
.01:32:52.242 INFO  org.hibernate.Version - HHH000412: Hibernate ORM core version 5.4.32.Final 
.01:32:52.525 INFO  o.h.annotations.common.Version - HCANN000001: Hibernate Commons Annotations {5.1.2.Final} 
.01:32:52.785 INFO  com.zaxxer.hikari.HikariDataSource - HikariPool-1 - Starting... 
.01:32:53.128 INFO  com.zaxxer.hikari.HikariDataSource - HikariPool-1 - Start completed. 
.01:32:53.217 INFO  org.hibernate.dialect.Dialect - HHH000400: Using dialect: org.hibernate.dialect.MySQL55Dialect 
.01:32:53.390 INFO  o.h.e.b.internal.EnversServiceImpl - Envers integration enabled? : true 
.01:32:57.559 INFO  o.h.e.t.j.p.i.JtaPlatformInitiator - HHH000490: Using JtaPlatform implementation: [org.hibernate.engine.transaction.jta.platform.internal.NoJtaPlatform] 
.01:32:57.583 INFO  o.s.o.j.LocalContainerEntityManagerFactoryBean - Initialized JPA EntityManagerFactory for persistence unit 'default' 
.01:32:57.751 WARN  o.s.b.a.o.j.JpaBaseConfiguration$JpaWebConfiguration - spring.jpa.open-in-view is enabled by default. Therefore, database queries may be performed during view rendering. Explicitly configure spring.jpa.open-in-view to disable this warning 
.01:32:58.001 INFO  o.s.s.l.DefaultSpringSecurityContextSource -  URL 'ldap://192.168.101.47:389', root DN is '' 
.01:33:00.144 INFO  o.s.s.web.DefaultSecurityFilterChain - Will secure Ant [pattern='/dialogflow/**'] with [org.springframework.security.web.context.request.async.WebAsyncManagerIntegrationFilter@1add90e0, org.springframework.security.web.context.SecurityContextPersistenceFilter@638d624a, org.springframework.security.web.header.HeaderWriterFilter@3c108c05, org.springframework.security.web.authentication.logout.LogoutFilter@624be1d4, org.springframework.security.web.authentication.www.BasicAuthenticationFilter@5e5a2b74, zw.co.cassavasmartech.ecocashchatbotcore.security.CustomFilter@7bf94e91, org.springframework.security.web.savedrequest.RequestCacheAwareFilter@72015156, org.springframework.security.web.servletapi.SecurityContextHolderAwareRequestFilter@14983265, org.springframework.security.web.authentication.AnonymousAuthenticationFilter@3fdbb7ee, org.springframework.security.web.session.SessionManagementFilter@48788853, org.springframework.security.web.access.ExceptionTranslationFilter@3adbd038, org.springframework.security.web.access.intercept.FilterSecurityInterceptor@458b4487] 
.01:33:00.147 INFO  o.s.s.web.DefaultSecurityFilterChain - Will secure any request with [org.springframework.security.web.context.request.async.WebAsyncManagerIntegrationFilter@af57949, org.springframework.security.web.context.SecurityContextPersistenceFilter@73818435, org.springframework.security.web.header.HeaderWriterFilter@72e1e587, org.springframework.security.web.authentication.logout.LogoutFilter@4866a755, zw.co.cassavasmartech.ecocashchatbotcore.security.JWTFilter@f833223, org.springframework.security.web.savedrequest.RequestCacheAwareFilter@2fce8243, org.springframework.security.web.servletapi.SecurityContextHolderAwareRequestFilter@52fe87e0, org.springframework.security.web.authentication.AnonymousAuthenticationFilter@5186b78a, org.springframework.security.web.session.SessionManagementFilter@5036a286, org.springframework.security.web.access.ExceptionTranslationFilter@70b630d, org.springframework.security.web.access.intercept.FilterSecurityInterceptor@542754be] 
.01:33:01.085 INFO  o.a.coyote.http11.Http11NioProtocol - Starting ProtocolHandler ["http-nio-8080"] 
.01:33:01.107 INFO  o.s.b.w.e.tomcat.TomcatWebServer - Tomcat started on port(s): 8080 (http) with context path '/ecocashbotcore' 
.01:33:01.108 INFO  o.s.d.r.c.DeferredRepositoryInitializationListener - Triggering deferred initialization of Spring Data repositories… 
.01:33:02.159 INFO  o.s.d.r.c.DeferredRepositoryInitializationListener - Spring Data repositories initialized! 
.01:33:02.178 INFO  z.c.c.e.EcocashChatbotCoreApplication - Started EcocashChatbotCoreApplication in 15.466 seconds (JVM running for 16.793) 
.01:33:07.243 INFO  o.a.c.c.C.[.[.[/ecocashbotcore] - Initializing Spring DispatcherServlet 'dispatcherServlet' 
.01:33:07.243 INFO  o.s.web.servlet.DispatcherServlet - Initializing Servlet 'dispatcherServlet' 
.01:33:07.246 INFO  o.s.web.servlet.DispatcherServlet - Completed initialization in 2 ms 
.01:33:07.443 INFO  o.s.s.l.SpringSecurityLdapTemplate - Ignoring PartialResultException 
.01:33:08.025 INFO  z.c.c.e.d.DialogFlowServiceImpl - Processing dialogflow transaction request {
  "responseId": "a60aa40a-aa23-4be3-9d81-3b3a9985f0a4-dacfd3fa",
  "queryResult": {
    "queryText": "statement",
    "parameters": {},
    "allRequiredParamsPresent": true,
    "outputContexts": [
      {
        "name": "projects/the-attendant-hgawnh/agent/sessions/whatsapp:+263783324671/contexts/awaiting_start_date",
        "lifespanCount": 1
      },
      {
        "name": "projects/the-attendant-hgawnh/agent/sessions/whatsapp:+263783324671/contexts/awaiting_verify_msisdn",
        "lifespanCount": 2,
        "parameters": {
          "usecase": "SUBSCRIBER_STATEMENT",
          "phone-number": "0772222726",
          "phone-number.original": "0772222726",
          "person": "",
          "person.original": "",
          "nationalId": "",
          "nationalId.original": "",
          "number": 636413.0,
          "number.original": "636413"
        }
      },
      {
        "name": "projects/the-attendant-hgawnh/agent/sessions/whatsapp:+263783324671/contexts/__system_counters__",
        "lifespanCount": 0,
        "parameters": {
          "no-input": 0.0,
          "no-match": 0.0
        }
      }
    ],
    "intent": {
      "name": "projects/the-attendant-hgawnh/agent/intents/9f3c19eb-ebeb-4546-ac6d-821959dcfdf8",
      "displayName": "usecase.statement.scenario.1"
    },
    "intentDetectionConfidence": 0.93995875,
    "languageCode": "en"
  },
  "originalDetectIntentRequest": {
    "payload": {
      "AccountSid": "ACeb9bc0506560f0c01a5358d1f3a45dec",
      "WaId": "263783324671",
      "From": "whatsapp:+263783324671",
      "SmsMessageSid": "SM83e84024564b8a673b4684586972e60b",
      "SmsSid": "SM83e84024564b8a673b4684586972e60b",
      "SmsStatus": "received",
      "NumMedia": "0",
      "NumSegments": "1",
      "Body": "statement",
      "ProfileName": "justicemacheyo",
      "To": "whatsapp:+14155238886",
      "MessageSid": "SM83e84024564b8a673b4684586972e60b",
      "ApiVersion": "2010-04-01"
    }
  },
  "session": "projects/the-attendant-hgawnh/agent/sessions/whatsapp:+263783324671"
}
 
.01:33:08.293 INFO  z.c.c.e.d.DialogFlowServiceImpl - Processing dialogflow intent: usecase.statement.scenario.1 
.01:33:16.135 INFO  o.s.s.l.SpringSecurityLdapTemplate - Ignoring PartialResultException 
.01:33:16.283 INFO  z.c.c.e.d.DialogFlowServiceImpl - Processing dialogflow transaction request {
  "responseId": "70fcb797-5258-4efa-8c16-a2bd32b30fbd-dacfd3fa",
  "queryResult": {
    "queryText": "0772222726",
    "parameters": {
      "phone-number": "0772222726"
    },
    "allRequiredParamsPresent": true,
    "outputContexts": [
      {
        "name": "projects/the-attendant-hgawnh/agent/sessions/whatsapp:+263783324671/contexts/awaiting_verify_otp",
        "lifespanCount": 1,
        "parameters": {
          "phone-number": "0772222726",
          "phone-number.original": "0772222726"
        }
      },
      {
        "name": "projects/the-attendant-hgawnh/agent/sessions/whatsapp:+263783324671/contexts/awaiting_start_date",
        "lifespanCount": 0,
        "parameters": {
          "phone-number": "0772222726",
          "phone-number.original": "0772222726"
        }
      },
      {
        "name": "projects/the-attendant-hgawnh/agent/sessions/whatsapp:+263783324671/contexts/awaiting_verify_msisdn",
        "lifespanCount": 4,
        "parameters": {
          "usecase": "SUBSCRIBER_STATEMENT",
          "phone-number": "0772222726",
          "phone-number.original": "0772222726",
          "person": "",
          "person.original": "",
          "nationalId": "",
          "nationalId.original": "",
          "number": 636413.0,
          "number.original": "636413"
        }
      },
      {
        "name": "projects/the-attendant-hgawnh/agent/sessions/whatsapp:+263783324671/contexts/__system_counters__",
        "lifespanCount": 0,
        "parameters": {
          "no-input": 0.0,
          "no-match": 0.0,
          "phone-number": "0772222726",
          "phone-number.original": "0772222726"
        }
      }
    ],
    "intent": {
      "name": "projects/the-attendant-hgawnh/agent/intents/6be8a951-bbe9-4de5-86a0-5bfe1a45529d",
      "displayName": "usecase.verify.get.msisdn"
    },
    "intentDetectionConfidence": 0.99999994,
    "languageCode": "en",
    "sentimentAnalysisResult": {
      "queryTextSentiment": {
        "score": 0.3,
        "magnitude": 0.3
      }
    }
  },
  "originalDetectIntentRequest": {
    "payload": {
      "SmsSid": "SM2cba968e1a6460d2fb6736a11fcd8222",
      "Body": "0772222726",
      "NumMedia": "0",
      "From": "whatsapp:+263783324671",
      "AccountSid": "ACeb9bc0506560f0c01a5358d1f3a45dec",
      "NumSegments": "1",
      "MessageSid": "SM2cba968e1a6460d2fb6736a11fcd8222",
      "ApiVersion": "2010-04-01",
      "To": "whatsapp:+14155238886",
      "SmsMessageSid": "SM2cba968e1a6460d2fb6736a11fcd8222",
      "ProfileName": "justicemacheyo",
      "WaId": "263783324671",
      "SmsStatus": "received"
    }
  },
  "session": "projects/the-attendant-hgawnh/agent/sessions/whatsapp:+263783324671"
}
 
.01:33:16.291 INFO  z.c.c.e.d.DialogFlowServiceImpl - Processing dialogflow intent: usecase.verify.get.msisdn 
.01:33:16.344 ERROR z.c.c.e.cpg.CheckSumGeneratorImpl - Exception on generating checksum  
java.io.FileNotFoundException: class path resource [cassavasmartech.jks] cannot be opened because it does not exist
	at org.springframework.core.io.ClassPathResource.getInputStream(ClassPathResource.java:187)
	at zw.co.cassavasmartech.ecocashchatbotcore.cpg.CheckSumGeneratorImpl.generateCheckSum(CheckSumGeneratorImpl.java:42)
	at zw.co.cassavasmartech.ecocashchatbotcore.cpg.RequestBuilder.build(RequestBuilder.java:97)
	at zw.co.cassavasmartech.ecocashchatbotcore.cpg.PaymentGatewayProcessorImpl.getLookUpCustomerRequest(PaymentGatewayProcessorImpl.java:162)
	at zw.co.cassavasmartech.ecocashchatbotcore.cpg.PaymentGatewayProcessorImpl.lookupCustomer(PaymentGatewayProcessorImpl.java:73)
	at zw.co.cassavasmartech.ecocashchatbotcore.service.CustomerServiceImpl.isCustomerValid(CustomerServiceImpl.java:221)
	at zw.co.cassavasmartech.ecocashchatbotcore.service.CustomerServiceImpl.save(CustomerServiceImpl.java:62)
	at zw.co.cassavasmartech.ecocashchatbotcore.dialogflow.DialogFlowServiceImpl.verifyUsecaseGetMsisdnHandler(DialogFlowServiceImpl.java:505)
	at zw.co.cassavasmartech.ecocashchatbotcore.dialogflow.DialogFlowServiceImpl.processWebhookCall(DialogFlowServiceImpl.java:210)
	at zw.co.cassavasmartech.ecocashchatbotcore.controller.DialogFlowController.inbound(DialogFlowController.java:23)
	at sun.reflect.NativeMethodAccessorImpl.invoke0(Native Method)
	at sun.reflect.NativeMethodAccessorImpl.invoke(NativeMethodAccessorImpl.java:62)
	at sun.reflect.DelegatingMethodAccessorImpl.invoke(DelegatingMethodAccessorImpl.java:43)
	at java.lang.reflect.Method.invoke(Method.java:498)
	at org.springframework.web.method.support.InvocableHandlerMethod.doInvoke(InvocableHandlerMethod.java:197)
	at org.springframework.web.method.support.InvocableHandlerMethod.invokeForRequest(InvocableHandlerMethod.java:141)
	at org.springframework.web.servlet.mvc.method.annotation.ServletInvocableHandlerMethod.invokeAndHandle(ServletInvocableHandlerMethod.java:106)
	at org.springframework.web.servlet.mvc.method.annotation.RequestMappingHandlerAdapter.invokeHandlerMethod(RequestMappingHandlerAdapter.java:895)
	at org.springframework.web.servlet.mvc.method.annotation.RequestMappingHandlerAdapter.handleInternal(RequestMappingHandlerAdapter.java:808)
	at org.springframework.web.servlet.mvc.method.AbstractHandlerMethodAdapter.handle(AbstractHandlerMethodAdapter.java:87)
	at org.springframework.web.servlet.DispatcherServlet.doDispatch(DispatcherServlet.java:1064)
	at org.springframework.web.servlet.DispatcherServlet.doService(DispatcherServlet.java:963)
	at org.springframework.web.servlet.FrameworkServlet.processRequest(FrameworkServlet.java:1006)
	at org.springframework.web.servlet.FrameworkServlet.doPost(FrameworkServlet.java:909)
	at javax.servlet.http.HttpServlet.service(HttpServlet.java:681)
	at org.springframework.web.servlet.FrameworkServlet.service(FrameworkServlet.java:883)
	at javax.servlet.http.HttpServlet.service(HttpServlet.java:764)
	at org.apache.catalina.core.ApplicationFilterChain.internalDoFilter(ApplicationFilterChain.java:228)
	at org.apache.catalina.core.ApplicationFilterChain.doFilter(ApplicationFilterChain.java:163)
	at org.apache.tomcat.websocket.server.WsFilter.doFilter(WsFilter.java:53)
	at org.apache.catalina.core.ApplicationFilterChain.internalDoFilter(ApplicationFilterChain.java:190)
	at org.apache.catalina.core.ApplicationFilterChain.doFilter(ApplicationFilterChain.java:163)
	at org.springframework.security.web.FilterChainProxy$VirtualFilterChain.doFilter(FilterChainProxy.java:327)
	at org.springframework.security.web.access.intercept.FilterSecurityInterceptor.invoke(FilterSecurityInterceptor.java:115)
	at org.springframework.security.web.access.intercept.FilterSecurityInterceptor.doFilter(FilterSecurityInterceptor.java:81)
	at org.springframework.security.web.FilterChainProxy$VirtualFilterChain.doFilter(FilterChainProxy.java:336)
	at org.springframework.security.web.access.ExceptionTranslationFilter.doFilter(ExceptionTranslationFilter.java:121)
	at org.springframework.security.web.access.ExceptionTranslationFilter.doFilter(ExceptionTranslationFilter.java:115)
	at org.springframework.security.web.FilterChainProxy$VirtualFilterChain.doFilter(FilterChainProxy.java:336)
	at org.springframework.security.web.session.SessionManagementFilter.doFilter(SessionManagementFilter.java:126)
	at org.springframework.security.web.session.SessionManagementFilter.doFilter(SessionManagementFilter.java:81)
	at org.springframework.security.web.FilterChainProxy$VirtualFilterChain.doFilter(FilterChainProxy.java:336)
	at org.springframework.security.web.authentication.AnonymousAuthenticationFilter.doFilter(AnonymousAuthenticationFilter.java:105)
	at org.springframework.security.web.FilterChainProxy$VirtualFilterChain.doFilter(FilterChainProxy.java:336)
	at org.springframework.security.web.servletapi.SecurityContextHolderAwareRequestFilter.doFilter(SecurityContextHolderAwareRequestFilter.java:149)
	at org.springframework.security.web.FilterChainProxy$VirtualFilterChain.doFilter(FilterChainProxy.java:336)
	at org.springframework.security.web.savedrequest.RequestCacheAwareFilter.doFilter(RequestCacheAwareFilter.java:63)
	at org.springframework.security.web.FilterChainProxy$VirtualFilterChain.doFilter(FilterChainProxy.java:336)
	at zw.co.cassavasmartech.ecocashchatbotcore.security.CustomFilter.doFilter(CustomFilter.java:15)
	at org.springframework.security.web.FilterChainProxy$VirtualFilterChain.doFilter(FilterChainProxy.java:336)
	at org.springframework.security.web.authentication.www.BasicAuthenticationFilter.doFilterInternal(BasicAuthenticationFilter.java:178)
	at org.springframework.web.filter.OncePerRequestFilter.doFilter(OncePerRequestFilter.java:119)
	at org.springframework.security.web.FilterChainProxy$VirtualFilterChain.doFilter(FilterChainProxy.java:336)
	at org.springframework.security.web.authentication.logout.LogoutFilter.doFilter(LogoutFilter.java:103)
	at org.springframework.security.web.authentication.logout.LogoutFilter.doFilter(LogoutFilter.java:89)
	at org.springframework.security.web.FilterChainProxy$VirtualFilterChain.doFilter(FilterChainProxy.java:336)
	at org.springframework.security.web.header.HeaderWriterFilter.doHeadersAfter(HeaderWriterFilter.java:90)
	at org.springframework.security.web.header.HeaderWriterFilter.doFilterInternal(HeaderWriterFilter.java:75)
	at org.springframework.web.filter.OncePerRequestFilter.doFilter(OncePerRequestFilter.java:119)
	at org.springframework.security.web.FilterChainProxy$VirtualFilterChain.doFilter(FilterChainProxy.java:336)
	at org.springframework.security.web.context.SecurityContextPersistenceFilter.doFilter(SecurityContextPersistenceFilter.java:110)
	at org.springframework.security.web.context.SecurityContextPersistenceFilter.doFilter(SecurityContextPersistenceFilter.java:80)
	at org.springframework.security.web.FilterChainProxy$VirtualFilterChain.doFilter(FilterChainProxy.java:336)
	at org.springframework.security.web.context.request.async.WebAsyncManagerIntegrationFilter.doFilterInternal(WebAsyncManagerIntegrationFilter.java:55)
	at org.springframework.web.filter.OncePerRequestFilter.doFilter(OncePerRequestFilter.java:119)
	at org.springframework.security.web.FilterChainProxy$VirtualFilterChain.doFilter(FilterChainProxy.java:336)
	at org.springframework.security.web.FilterChainProxy.doFilterInternal(FilterChainProxy.java:211)
	at org.springframework.security.web.FilterChainProxy.doFilter(FilterChainProxy.java:183)
	at org.springframework.web.filter.DelegatingFilterProxy.invokeDelegate(DelegatingFilterProxy.java:358)
	at org.springframework.web.filter.DelegatingFilterProxy.doFilter(DelegatingFilterProxy.java:271)
	at org.apache.catalina.core.ApplicationFilterChain.internalDoFilter(ApplicationFilterChain.java:190)
	at org.apache.catalina.core.ApplicationFilterChain.doFilter(ApplicationFilterChain.java:163)
	at org.springframework.web.filter.RequestContextFilter.doFilterInternal(RequestContextFilter.java:100)
	at org.springframework.web.filter.OncePerRequestFilter.doFilter(OncePerRequestFilter.java:119)
	at org.apache.catalina.core.ApplicationFilterChain.internalDoFilter(ApplicationFilterChain.java:190)
	at org.apache.catalina.core.ApplicationFilterChain.doFilter(ApplicationFilterChain.java:163)
	at org.springframework.web.filter.FormContentFilter.doFilterInternal(FormContentFilter.java:93)
	at org.springframework.web.filter.OncePerRequestFilter.doFilter(OncePerRequestFilter.java:119)
	at org.apache.catalina.core.ApplicationFilterChain.internalDoFilter(ApplicationFilterChain.java:190)
	at org.apache.catalina.core.ApplicationFilterChain.doFilter(ApplicationFilterChain.java:163)
	at org.springframework.web.filter.CharacterEncodingFilter.doFilterInternal(CharacterEncodingFilter.java:201)
	at org.springframework.web.filter.OncePerRequestFilter.doFilter(OncePerRequestFilter.java:119)
	at org.apache.catalina.core.ApplicationFilterChain.internalDoFilter(ApplicationFilterChain.java:190)
	at org.apache.catalina.core.ApplicationFilterChain.doFilter(ApplicationFilterChain.java:163)
	at org.apache.catalina.core.StandardWrapperValve.invoke(StandardWrapperValve.java:202)
	at org.apache.catalina.core.StandardContextValve.invoke(StandardContextValve.java:97)
	at org.apache.catalina.authenticator.AuthenticatorBase.invoke(AuthenticatorBase.java:542)
	at org.apache.catalina.core.StandardHostValve.invoke(StandardHostValve.java:143)
	at org.apache.catalina.valves.ErrorReportValve.invoke(ErrorReportValve.java:92)
	at org.apache.catalina.core.StandardEngineValve.invoke(StandardEngineValve.java:78)
	at org.apache.catalina.connector.CoyoteAdapter.service(CoyoteAdapter.java:357)
	at org.apache.coyote.http11.Http11Processor.service(Http11Processor.java:382)
	at org.apache.coyote.AbstractProcessorLight.process(AbstractProcessorLight.java:65)
	at org.apache.coyote.AbstractProtocol$ConnectionHandler.process(AbstractProtocol.java:893)
	at org.apache.tomcat.util.net.NioEndpoint$SocketProcessor.doRun(NioEndpoint.java:1723)
	at org.apache.tomcat.util.net.SocketProcessorBase.run(SocketProcessorBase.java:49)
	at java.util.concurrent.ThreadPoolExecutor.runWorker(ThreadPoolExecutor.java:1149)
	at java.util.concurrent.ThreadPoolExecutor$Worker.run(ThreadPoolExecutor.java:624)
	at org.apache.tomcat.util.threads.TaskThread$WrappingRunnable.run(TaskThread.java:61)
	at java.lang.Thread.run(Thread.java:748)
.01:33:16.345 INFO  z.c.c.e.cpg.RequestBuilder - request: TransactionRequest(field1=GIGAIOTBPFT, field2=b9ceb559e12a8c7dc6c1a6044f9ddc8ceabb6bf4c793888936ad7cda3b8e267f, field3=772222726, field4=null, field5=null, field6=checksum, field7=000021, field8=ecocashzw, field9=null, field10=772222726210910013316339, field11=null, field12=null, field13=ZWL, field14=null, field15=null, field16=null, field17=null, field18=null, field19=null, field20=null, field21=null, field22=null, field23=null) 
.01:33:16.701 INFO  z.c.c.e.c.PaymentGatewayInvokerImpl - Cpg transaction response PostTransactionResponse(transactionResponse=TransactionResponse(field1=200, field2=null, field3=null, field4=null, field5=null, field6=Dagl, field7=Y, field8=null, field9=ffg, field10=772222726, field11=01-01-1980, field12=42-29212F55, field13=GEN_MAL, field14=null, field15=null, field16=null, field17=null, field18=null, field19=null, field20=null, field21=null, field22=null, field23=null)) 
.01:33:16.703 INFO  z.c.c.e.service.CustomerServiceImpl - Cpg transaction response TransactionResponse(field1=200, field2=null, field3=null, field4=null, field5=null, field6=Dagl, field7=Y, field8=null, field9=ffg, field10=772222726, field11=01-01-1980, field12=42-29212F55, field13=GEN_MAL, field14=null, field15=null, field16=null, field17=null, field18=null, field19=null, field20=null, field21=null, field22=null, field23=null) 
.01:33:16.746 ERROR z.c.c.e.cpg.CheckSumGeneratorImpl - Exception on generating checksum  
java.io.FileNotFoundException: class path resource [cassavasmartech.jks] cannot be opened because it does not exist
	at org.springframework.core.io.ClassPathResource.getInputStream(ClassPathResource.java:187)
	at zw.co.cassavasmartech.ecocashchatbotcore.cpg.CheckSumGeneratorImpl.generateCheckSum(CheckSumGeneratorImpl.java:42)
	at zw.co.cassavasmartech.ecocashchatbotcore.cpg.RequestBuilder.build(RequestBuilder.java:97)
	at zw.co.cassavasmartech.ecocashchatbotcore.cpg.PaymentGatewayProcessorImpl.getLookUpCustomerRequest(PaymentGatewayProcessorImpl.java:162)
	at zw.co.cassavasmartech.ecocashchatbotcore.cpg.PaymentGatewayProcessorImpl.lookupCustomer(PaymentGatewayProcessorImpl.java:73)
	at zw.co.cassavasmartech.ecocashchatbotcore.service.CustomerServiceImpl.customerLookup(CustomerServiceImpl.java:154)
	at zw.co.cassavasmartech.ecocashchatbotcore.dialogflow.DialogFlowServiceImpl.verifyUsecaseGetMsisdnHandler(DialogFlowServiceImpl.java:507)
	at zw.co.cassavasmartech.ecocashchatbotcore.dialogflow.DialogFlowServiceImpl.processWebhookCall(DialogFlowServiceImpl.java:210)
	at zw.co.cassavasmartech.ecocashchatbotcore.controller.DialogFlowController.inbound(DialogFlowController.java:23)
	at sun.reflect.NativeMethodAccessorImpl.invoke0(Native Method)
	at sun.reflect.NativeMethodAccessorImpl.invoke(NativeMethodAccessorImpl.java:62)
	at sun.reflect.DelegatingMethodAccessorImpl.invoke(DelegatingMethodAccessorImpl.java:43)
	at java.lang.reflect.Method.invoke(Method.java:498)
	at org.springframework.web.method.support.InvocableHandlerMethod.doInvoke(InvocableHandlerMethod.java:197)
	at org.springframework.web.method.support.InvocableHandlerMethod.invokeForRequest(InvocableHandlerMethod.java:141)
	at org.springframework.web.servlet.mvc.method.annotation.ServletInvocableHandlerMethod.invokeAndHandle(ServletInvocableHandlerMethod.java:106)
	at org.springframework.web.servlet.mvc.method.annotation.RequestMappingHandlerAdapter.invokeHandlerMethod(RequestMappingHandlerAdapter.java:895)
	at org.springframework.web.servlet.mvc.method.annotation.RequestMappingHandlerAdapter.handleInternal(RequestMappingHandlerAdapter.java:808)
	at org.springframework.web.servlet.mvc.method.AbstractHandlerMethodAdapter.handle(AbstractHandlerMethodAdapter.java:87)
	at org.springframework.web.servlet.DispatcherServlet.doDispatch(DispatcherServlet.java:1064)
	at org.springframework.web.servlet.DispatcherServlet.doService(DispatcherServlet.java:963)
	at org.springframework.web.servlet.FrameworkServlet.processRequest(FrameworkServlet.java:1006)
	at org.springframework.web.servlet.FrameworkServlet.doPost(FrameworkServlet.java:909)
	at javax.servlet.http.HttpServlet.service(HttpServlet.java:681)
	at org.springframework.web.servlet.FrameworkServlet.service(FrameworkServlet.java:883)
	at javax.servlet.http.HttpServlet.service(HttpServlet.java:764)
	at org.apache.catalina.core.ApplicationFilterChain.internalDoFilter(ApplicationFilterChain.java:228)
	at org.apache.catalina.core.ApplicationFilterChain.doFilter(ApplicationFilterChain.java:163)
	at org.apache.tomcat.websocket.server.WsFilter.doFilter(WsFilter.java:53)
	at org.apache.catalina.core.ApplicationFilterChain.internalDoFilter(ApplicationFilterChain.java:190)
	at org.apache.catalina.core.ApplicationFilterChain.doFilter(ApplicationFilterChain.java:163)
	at org.springframework.security.web.FilterChainProxy$VirtualFilterChain.doFilter(FilterChainProxy.java:327)
	at org.springframework.security.web.access.intercept.FilterSecurityInterceptor.invoke(FilterSecurityInterceptor.java:115)
	at org.springframework.security.web.access.intercept.FilterSecurityInterceptor.doFilter(FilterSecurityInterceptor.java:81)
	at org.springframework.security.web.FilterChainProxy$VirtualFilterChain.doFilter(FilterChainProxy.java:336)
	at org.springframework.security.web.access.ExceptionTranslationFilter.doFilter(ExceptionTranslationFilter.java:121)
	at org.springframework.security.web.access.ExceptionTranslationFilter.doFilter(ExceptionTranslationFilter.java:115)
	at org.springframework.security.web.FilterChainProxy$VirtualFilterChain.doFilter(FilterChainProxy.java:336)
	at org.springframework.security.web.session.SessionManagementFilter.doFilter(SessionManagementFilter.java:126)
	at org.springframework.security.web.session.SessionManagementFilter.doFilter(SessionManagementFilter.java:81)
	at org.springframework.security.web.FilterChainProxy$VirtualFilterChain.doFilter(FilterChainProxy.java:336)
	at org.springframework.security.web.authentication.AnonymousAuthenticationFilter.doFilter(AnonymousAuthenticationFilter.java:105)
	at org.springframework.security.web.FilterChainProxy$VirtualFilterChain.doFilter(FilterChainProxy.java:336)
	at org.springframework.security.web.servletapi.SecurityContextHolderAwareRequestFilter.doFilter(SecurityContextHolderAwareRequestFilter.java:149)
	at org.springframework.security.web.FilterChainProxy$VirtualFilterChain.doFilter(FilterChainProxy.java:336)
	at org.springframework.security.web.savedrequest.RequestCacheAwareFilter.doFilter(RequestCacheAwareFilter.java:63)
	at org.springframework.security.web.FilterChainProxy$VirtualFilterChain.doFilter(FilterChainProxy.java:336)
	at zw.co.cassavasmartech.ecocashchatbotcore.security.CustomFilter.doFilter(CustomFilter.java:15)
	at org.springframework.security.web.FilterChainProxy$VirtualFilterChain.doFilter(FilterChainProxy.java:336)
	at org.springframework.security.web.authentication.www.BasicAuthenticationFilter.doFilterInternal(BasicAuthenticationFilter.java:178)
	at org.springframework.web.filter.OncePerRequestFilter.doFilter(OncePerRequestFilter.java:119)
	at org.springframework.security.web.FilterChainProxy$VirtualFilterChain.doFilter(FilterChainProxy.java:336)
	at org.springframework.security.web.authentication.logout.LogoutFilter.doFilter(LogoutFilter.java:103)
	at org.springframework.security.web.authentication.logout.LogoutFilter.doFilter(LogoutFilter.java:89)
	at org.springframework.security.web.FilterChainProxy$VirtualFilterChain.doFilter(FilterChainProxy.java:336)
	at org.springframework.security.web.header.HeaderWriterFilter.doHeadersAfter(HeaderWriterFilter.java:90)
	at org.springframework.security.web.header.HeaderWriterFilter.doFilterInternal(HeaderWriterFilter.java:75)
	at org.springframework.web.filter.OncePerRequestFilter.doFilter(OncePerRequestFilter.java:119)
	at org.springframework.security.web.FilterChainProxy$VirtualFilterChain.doFilter(FilterChainProxy.java:336)
	at org.springframework.security.web.context.SecurityContextPersistenceFilter.doFilter(SecurityContextPersistenceFilter.java:110)
	at org.springframework.security.web.context.SecurityContextPersistenceFilter.doFilter(SecurityContextPersistenceFilter.java:80)
	at org.springframework.security.web.FilterChainProxy$VirtualFilterChain.doFilter(FilterChainProxy.java:336)
	at org.springframework.security.web.context.request.async.WebAsyncManagerIntegrationFilter.doFilterInternal(WebAsyncManagerIntegrationFilter.java:55)
	at org.springframework.web.filter.OncePerRequestFilter.doFilter(OncePerRequestFilter.java:119)
	at org.springframework.security.web.FilterChainProxy$VirtualFilterChain.doFilter(FilterChainProxy.java:336)
	at org.springframework.security.web.FilterChainProxy.doFilterInternal(FilterChainProxy.java:211)
	at org.springframework.security.web.FilterChainProxy.doFilter(FilterChainProxy.java:183)
	at org.springframework.web.filter.DelegatingFilterProxy.invokeDelegate(DelegatingFilterProxy.java:358)
	at org.springframework.web.filter.DelegatingFilterProxy.doFilter(DelegatingFilterProxy.java:271)
	at org.apache.catalina.core.ApplicationFilterChain.internalDoFilter(ApplicationFilterChain.java:190)
	at org.apache.catalina.core.ApplicationFilterChain.doFilter(ApplicationFilterChain.java:163)
	at org.springframework.web.filter.RequestContextFilter.doFilterInternal(RequestContextFilter.java:100)
	at org.springframework.web.filter.OncePerRequestFilter.doFilter(OncePerRequestFilter.java:119)
	at org.apache.catalina.core.ApplicationFilterChain.internalDoFilter(ApplicationFilterChain.java:190)
	at org.apache.catalina.core.ApplicationFilterChain.doFilter(ApplicationFilterChain.java:163)
	at org.springframework.web.filter.FormContentFilter.doFilterInternal(FormContentFilter.java:93)
	at org.springframework.web.filter.OncePerRequestFilter.doFilter(OncePerRequestFilter.java:119)
	at org.apache.catalina.core.ApplicationFilterChain.internalDoFilter(ApplicationFilterChain.java:190)
	at org.apache.catalina.core.ApplicationFilterChain.doFilter(ApplicationFilterChain.java:163)
	at org.springframework.web.filter.CharacterEncodingFilter.doFilterInternal(CharacterEncodingFilter.java:201)
	at org.springframework.web.filter.OncePerRequestFilter.doFilter(OncePerRequestFilter.java:119)
	at org.apache.catalina.core.ApplicationFilterChain.internalDoFilter(ApplicationFilterChain.java:190)
	at org.apache.catalina.core.ApplicationFilterChain.doFilter(ApplicationFilterChain.java:163)
	at org.apache.catalina.core.StandardWrapperValve.invoke(StandardWrapperValve.java:202)
	at org.apache.catalina.core.StandardContextValve.invoke(StandardContextValve.java:97)
	at org.apache.catalina.authenticator.AuthenticatorBase.invoke(AuthenticatorBase.java:542)
	at org.apache.catalina.core.StandardHostValve.invoke(StandardHostValve.java:143)
	at org.apache.catalina.valves.ErrorReportValve.invoke(ErrorReportValve.java:92)
	at org.apache.catalina.core.StandardEngineValve.invoke(StandardEngineValve.java:78)
	at org.apache.catalina.connector.CoyoteAdapter.service(CoyoteAdapter.java:357)
	at org.apache.coyote.http11.Http11Processor.service(Http11Processor.java:382)
	at org.apache.coyote.AbstractProcessorLight.process(AbstractProcessorLight.java:65)
	at org.apache.coyote.AbstractProtocol$ConnectionHandler.process(AbstractProtocol.java:893)
	at org.apache.tomcat.util.net.NioEndpoint$SocketProcessor.doRun(NioEndpoint.java:1723)
	at org.apache.tomcat.util.net.SocketProcessorBase.run(SocketProcessorBase.java:49)
	at java.util.concurrent.ThreadPoolExecutor.runWorker(ThreadPoolExecutor.java:1149)
	at java.util.concurrent.ThreadPoolExecutor$Worker.run(ThreadPoolExecutor.java:624)
	at org.apache.tomcat.util.threads.TaskThread$WrappingRunnable.run(TaskThread.java:61)
	at java.lang.Thread.run(Thread.java:748)
.01:33:16.747 INFO  z.c.c.e.cpg.RequestBuilder - request: TransactionRequest(field1=GIGAIOTBPFT, field2=b9ceb559e12a8c7dc6c1a6044f9ddc8ceabb6bf4c793888936ad7cda3b8e267f, field3=772222726, field4=null, field5=null, field6=checksum, field7=000021, field8=ecocashzw, field9=null, field10=772222726210910013316746, field11=null, field12=null, field13=ZWL, field14=null, field15=null, field16=null, field17=null, field18=null, field19=null, field20=null, field21=null, field22=null, field23=null) 
.01:33:17.089 INFO  z.c.c.e.c.PaymentGatewayInvokerImpl - Cpg transaction response PostTransactionResponse(transactionResponse=TransactionResponse(field1=200, field2=null, field3=null, field4=null, field5=null, field6=Dagl, field7=Y, field8=null, field9=ffg, field10=772222726, field11=01-01-1980, field12=42-29212F55, field13=GEN_MAL, field14=null, field15=null, field16=null, field17=null, field18=null, field19=null, field20=null, field21=null, field22=null, field23=null)) 
.01:33:17.109 INFO  z.c.c.e.service.ProfileServiceImpl - new profile created whatsapp:+263783324671 
.01:33:17.252 INFO  z.c.c.e.d.DialogFlowServiceImpl - Sending response to dialogFlow: {
  "fulfillmentText": "Great! got it👍\nI have sent a verification code via sms to your Ecocash number, enter that code here to verify your identity. \nThe code is only valid for 2 minutes❗",
  "source": "ecocashchatbotcore"
}
 
.01:33:17.869 ERROR o.s.a.i.SimpleAsyncUncaughtExceptionHandler - Unexpected exception occurred invoking async method: public void zw.co.cassavasmartech.ecocashchatbotcore.sms.SmsServiceImpl.sendSms(java.lang.String,java.lang.String) 
org.springframework.http.converter.HttpMessageConversionException: Type definition error: [simple type, class zw.co.cassavasmartech.ecocashchatbotcore.sms.Sms]; nested exception is com.fasterxml.jackson.databind.exc.InvalidDefinitionException: Cannot construct instance of `zw.co.cassavasmartech.ecocashchatbotcore.sms.Sms` (no Creators, like default constructor, exist): cannot deserialize from Object value (no delegate- or property-based Creator)
 at [Source: (PushbackInputStream); line: 1, column: 2]
	at org.springframework.http.converter.json.AbstractJackson2HttpMessageConverter.readJavaType(AbstractJackson2HttpMessageConverter.java:386)
	at org.springframework.http.converter.json.AbstractJackson2HttpMessageConverter.read(AbstractJackson2HttpMessageConverter.java:342)
	at org.springframework.web.client.HttpMessageConverterExtractor.extractData(HttpMessageConverterExtractor.java:105)
	at org.springframework.web.client.RestTemplate$ResponseEntityResponseExtractor.extractData(RestTemplate.java:1037)
	at org.springframework.web.client.RestTemplate$ResponseEntityResponseExtractor.extractData(RestTemplate.java:1020)
	at org.springframework.web.client.RestTemplate.doExecute(RestTemplate.java:778)
	at org.springframework.web.client.RestTemplate.exchange(RestTemplate.java:660)
	at zw.co.cassavasmartech.ecocashchatbotcore.sms.SmsServiceImpl.sendSms(SmsServiceImpl.java:49)
	at sun.reflect.NativeMethodAccessorImpl.invoke0(Native Method)
	at sun.reflect.NativeMethodAccessorImpl.invoke(NativeMethodAccessorImpl.java:62)
	at sun.reflect.DelegatingMethodAccessorImpl.invoke(DelegatingMethodAccessorImpl.java:43)
	at java.lang.reflect.Method.invoke(Method.java:498)
	at org.springframework.aop.support.AopUtils.invokeJoinpointUsingReflection(AopUtils.java:344)
	at org.springframework.aop.framework.ReflectiveMethodInvocation.invokeJoinpoint(ReflectiveMethodInvocation.java:198)
	at org.springframework.aop.framework.ReflectiveMethodInvocation.proceed(ReflectiveMethodInvocation.java:163)
	at org.springframework.aop.interceptor.AsyncExecutionInterceptor.lambda$invoke$0(AsyncExecutionInterceptor.java:115)
	at zw.co.cassavasmartech.ecocashchatbotcore.config.MyThreadPoolTaskExecutor$MyCallable.call(MyThreadPoolTaskExecutor.java:40)
	at java.util.concurrent.FutureTask.run(FutureTask.java:266)
	at java.util.concurrent.ThreadPoolExecutor.runWorker(ThreadPoolExecutor.java:1149)
	at java.util.concurrent.ThreadPoolExecutor$Worker.run(ThreadPoolExecutor.java:624)
	at java.lang.Thread.run(Thread.java:748)
Caused by: com.fasterxml.jackson.databind.exc.InvalidDefinitionException: Cannot construct instance of `zw.co.cassavasmartech.ecocashchatbotcore.sms.Sms` (no Creators, like default constructor, exist): cannot deserialize from Object value (no delegate- or property-based Creator)
 at [Source: (PushbackInputStream); line: 1, column: 2]
	at com.fasterxml.jackson.databind.exc.InvalidDefinitionException.from(InvalidDefinitionException.java:67)
	at com.fasterxml.jackson.databind.DeserializationContext.reportBadDefinition(DeserializationContext.java:1764)
	at com.fasterxml.jackson.databind.DatabindContext.reportBadDefinition(DatabindContext.java:400)
	at com.fasterxml.jackson.databind.DeserializationContext.handleMissingInstantiator(DeserializationContext.java:1209)
	at com.fasterxml.jackson.databind.deser.BeanDeserializerBase.deserializeFromObjectUsingNonDefault(BeanDeserializerBase.java:1415)
	at com.fasterxml.jackson.databind.deser.BeanDeserializer.deserializeFromObject(BeanDeserializer.java:362)
	at com.fasterxml.jackson.databind.deser.BeanDeserializer.deserialize(BeanDeserializer.java:195)
	at com.fasterxml.jackson.databind.deser.DefaultDeserializationContext.readRootValue(DefaultDeserializationContext.java:322)
	at com.fasterxml.jackson.databind.ObjectMapper._readMapAndClose(ObjectMapper.java:4593)
	at com.fasterxml.jackson.databind.ObjectMapper.readValue(ObjectMapper.java:3601)
	at org.springframework.http.converter.json.AbstractJackson2HttpMessageConverter.readJavaType(AbstractJackson2HttpMessageConverter.java:378)
	... 20 common frames omitted
.01:33:32.676 INFO  o.s.s.l.SpringSecurityLdapTemplate - Ignoring PartialResultException 
.01:33:32.853 INFO  z.c.c.e.d.DialogFlowServiceImpl - Processing dialogflow transaction request {
  "responseId": "60038585-8e9d-43aa-a5ff-b8cd42fadd1c-dacfd3fa",
  "queryResult": {
    "queryText": "538433",
    "parameters": {
      "number": 538433.0
    },
    "allRequiredParamsPresent": true,
    "outputContexts": [
      {
        "name": "projects/the-attendant-hgawnh/agent/sessions/whatsapp:+263783324671/contexts/awaiting_verify_msisdn",
        "lifespanCount": 3,
        "parameters": {
          "usecase": "SUBSCRIBER_STATEMENT",
          "phone-number": "0772222726",
          "phone-number.original": "0772222726",
          "person": "",
          "person.original": "",
          "nationalId": "",
          "nationalId.original": "",
          "number": 538433.0,
          "number.original": "538433"
        }
      },
      {
        "name": "projects/the-attendant-hgawnh/agent/sessions/whatsapp:+263783324671/contexts/awaiting_verify_otp",
        "lifespanCount": 0,
        "parameters": {
          "phone-number": "0772222726",
          "phone-number.original": "0772222726",
          "number": 538433.0,
          "number.original": "538433"
        }
      },
      {
        "name": "projects/the-attendant-hgawnh/agent/sessions/whatsapp:+263783324671/contexts/__system_counters__",
        "lifespanCount": 0,
        "parameters": {
          "no-input": 0.0,
          "no-match": 0.0,
          "number": 538433.0,
          "number.original": "538433"
        }
      }
    ],
    "intent": {
      "name": "projects/the-attendant-hgawnh/agent/intents/7e93d25a-7303-46d8-aa7f-6d13dd4a5231",
      "displayName": "usecase.verify.get.otp"
    },
    "intentDetectionConfidence": 1.0,
    "languageCode": "en",
    "sentimentAnalysisResult": {
      "queryTextSentiment": {
        "score": 0.3,
        "magnitude": 0.3
      }
    }
  },
  "originalDetectIntentRequest": {
    "payload": {
      "SmsMessageSid": "SMefa9da001bff80060aabf209e36d5a58",
      "ApiVersion": "2010-04-01",
      "SmsStatus": "received",
      "SmsSid": "SMefa9da001bff80060aabf209e36d5a58",
      "NumSegments": "1",
      "MessageSid": "SMefa9da001bff80060aabf209e36d5a58",
      "ProfileName": "justicemacheyo",
      "AccountSid": "ACeb9bc0506560f0c01a5358d1f3a45dec",
      "NumMedia": "0",
      "WaId": "263783324671",
      "To": "whatsapp:+14155238886",
      "From": "whatsapp:+263783324671",
      "Body": "538433"
    }
  },
  "session": "projects/the-attendant-hgawnh/agent/sessions/whatsapp:+263783324671"
}
 
.01:33:32.857 INFO  z.c.c.e.d.DialogFlowServiceImpl - Processing dialogflow intent: usecase.verify.get.otp 
.01:33:32.898 INFO  z.c.c.e.d.DialogFlowServiceImpl - Sending response to dialogFlow: {
  "fulfillmentText": "Unfortunately I have failed to verify you. The verification code you entered is either expired or invalid...",
  "source": "ecocashchatbotcore"
}
 
